255 255 5 255 1 12 255 255 255 17 24 21 26 255 4 255 10 14 19 8 0 255 16 13 20 25 22 255 255 255 255 18 11 255 7 3 255 9 23 27 255 6 255 255 2 255 15 255 255
255 255 15 3 255 1 255 6 255 11 24 26 8 12 2 255 27 9 23 13 0 7 255 25 21 22 17 255 4 255 10 255 20 16 255 255 255 14 19 18 255 255 255 255 5 255 255 255 255
255 255 0 255 4 255 255 255 255 19 18 14 255 255 12 26 8 22 10 255 5 255 24 21 20 17 255 255 15 27 25 23 255 255 255 6 11 255 16 13 9 2 255 7 1 255 255 3 255
255 4 255 255 15 7 255 255 255 18 21 27 25 255 5 10 14 19 255 11 6 255 255 20 17 23 255 255 255 255 22 24 26 255 255 3 9 16 13 8 255 0 255 2 255 1 12 255 255
255 1 255 255 5 255 255 0 8 255 20 23 18 255 12 26 255 22 10 14 4 255 255 13 16 27 255 15 255 24 17 21 25 19 255 3 255 9 255 255 11 6 255 255 2 255 255 7 255
255 3 255 255 255 5 255 2 9 255 255 255 10 4 255 16 20 18 25 14 255 255 13 22 17 21 19 255 1 8 23 255 27 11 7 255 255 26 255 24 255 255 255 0 12 255 15 6 255
255 255 0 12 255 255 255 1 255 8 24 255 255 255 255 19 22 26 255 255 255 255 14 18 21 25 255 7 255 16 20 13 9 255 3 4 10 23 17 27 11 15 255 5 255 255 2 6 255
255 255 5 255 255 255 255 255 255 22 20 255 23 255 4 255 10 18 14 255 255 12 255 26 16 19 27 15 3 255 9 13 11 255 7 0 8 24 17 21 25 255 255 1 2 255 6 255 255
255 255 5 255 7 255 255 15 27 23 25 11 255 6 4 14 10 19 255 255 255 255 18 20 21 16 255 255 3 255 9 17 13 255 255 255 255 22 24 26 8 12 255 255 2 0 255 1 255
255 255 12 255 255 255 255 1 255 8 255 255 255 255 0 24 26 22 23 20 255 7 21 11 25 27 18 15 2 17 9 13 255 16 255 6 19 255 14 255 10 4 255 255 3 255 255 5 255
255 3 255 0 255 12 255 2 9 255 255 24 26 255 255 13 25 17 21 8 1 255 16 23 20 19 22 255 255 255 27 18 14 10 5 6 255 11 255 255 255 255 255 255 15 7 255 4 255
255 255 255 255 15 6 255 255 255 255 25 27 255 255 255 13 16 17 11 255 7 255 19 20 21 23 255 255 2 9 22 24 26 255 255 5 14 18 10 8 255 1 255 3 0 4 12 255 255
255 2 255 255 255 5 255 3 9 13 14 18 10 4 255 255 17 21 255 25 255 255 255 16 19 20 23 7 12 8 26 24 22 27 255 0 255 255 255 255 11 6 255 1 255 255 255 15 255
255 5 255 12 255 7 255 255 255 255 22 255 255 255 4 10 24 26 27 11 15 255 18 17 20 23 255 6 255 14 21 19 25 8 0 255 255 13 16 9 255 2 255 255 255 255 3 1 255
255 1 255 255 255 7 255 12 26 24 22 255 11 6 0 8 18 20 255 23 255 255 255 21 17 25 27 15 5 10 14 16 255 255 255 255 255 19 13 9 255 2 255 4 255 255 3 255 255
255 5 255 255 7 255 255 4 10 22 20 11 23 6 255 14 255 18 255 27 15 12 255 26 16 13 255 255 255 19 24 21 17 25 255 1 8 255 255 9 255 3 255 0 255 255 2 255 255
255 6 255 255 12 0 255 7 11 25 21 24 8 1 255 255 255 17 26 22 255 15 255 27 19 23 20 255 255 255 255 13 9 16 2 5 255 10 14 255 18 255 255 255 4 255 3 255 255
255 2 6 255 4 255 255 3 9 24 255 10 255 5 7 13 11 25 255 27 15 12 17 26 21 14 19 255 255 16 22 20 18 23 255 0 255 8 255 255 255 255 255 255 1 255 255 255 255
255 5 255 255 0 255 255 4 10 255 14 19 255 255 255 255 255 18 8 26 12 15 27 255 25 21 24 1 2 23 9 20 255 22 255 7 11 13 16 17 255 255 255 6 3 255 255 255 255
255 6 15 255 255 2 255 7 255 11 255 255 9 3 255 255 27 255 255 255 255 1 24 25 21 17 13 255 255 22 23 20 18 16 255 12 26 8 19 14 10 5 255 255 0 255 255 4 255
255 255 255 255 15 255 255 7 255 255 255 11 255 6 255 19 25 21 27 24 255 255 255 255 17 23 26 12 4 14 10 18 20 22 255 3 9 255 13 16 8 0 255 2 5 255 255 1 255
255 255 0 255 2 255 255 12 26 16 24 13 255 255 1 255 8 19 9 255 3 255 22 20 21 17 255 255 6 11 18 14 10 255 4 15 27 23 25 255 255 255 255 7 255 255 5 255 255
255 255 2 255 255 5 255 3 255 9 255 255 255 255 255 255 13 19 14 10 4 255 25 17 21 18 24 0 15 27 16 23 20 22 255 7 11 255 255 8 26 12 255 6 255 255 1 255 255
255 12 1 255 4 255 255 0 8 23 255 10 255 5 15 26 27 25 14 255 255 255 22 20 16 18 13 255 7 24 11 21 19 17 255 255 255 255 255 255 9 2 255 255 6 255 255 3 255
255 255 15 255 255 3 255 255 255 27 23 255 9 2 255 18 25 20 255 16 255 255 19 21 22 17 13 255 6 14 11 255 255 255 255 4 10 24 26 255 8 0 255 5 7 12 255 1 255
255 2 255 255 255 7 255 3 9 25 255 27 11 15 255 13 17 16 255 255 255 255 24 21 20 23 255 6 12 26 8 22 255 255 255 0 255 19 18 14 10 4 255 255 1 255 255 5 255
255 255 1 255 255 2 255 0 255 8 16 17 13 255 12 255 26 22 24 9 3 255 255 255 20 21 255 255 6 255 11 18 19 14 255 255 255 27 23 25 10 4 255 255 15 255 7 5 255
255 3 255 255 12 1 255 2 9 13 16 8 255 0 255 23 17 20 26 22 255 6 25 21 255 24 255 255 255 27 255 18 255 255 255 7 11 19 14 255 10 5 255 15 255 255 255 4 255
255 2 5 255 255 255 255 3 9 255 255 255 255 255 4 16 10 255 255 255 255 255 13 14 17 19 21 255 255 20 18 23 27 25 6 0 22 8 26 11 24 7 255 255 1 12 15 255 255
255 1 255 0 255 2 255 255 255 255 255 13 9 3 12 8 26 22 16 20 255 255 255 24 21 17 18 255 7 255 11 25 27 23 15 255 255 255 19 10 14 5 255 255 6 255 4 255 255
255 0 255 255 4 255 255 255 255 22 20 14 18 255 1 8 255 23 10 255 5 12 255 26 16 19 255 255 7 255 11 27 25 255 255 3 9 24 13 21 17 255 255 2 6 15 255 255 255
255 12 0 255 4 255 255 1 26 8 22 255 255 255 255 19 14 18 10 255 5 255 24 16 20 255 23 255 2 21 9 25 255 27 6 255 17 13 255 255 11 7 255 255 3 255 255 15 255
255 2 255 255 4 1 255 3 9 18 14 10 255 5 255 16 20 19 22 8 0 255 13 23 17 255 255 255 6 255 11 21 26 24 12 255 255 27 25 255 255 255 255 255 15 7 255 255 255
255 7 255 6 255 2 255 15 11 27 25 23 9 3 255 19 14 21 18 17 255 255 255 255 16 20 13 255 4 255 10 24 22 26 255 255 255 255 255 8 255 1 255 255 5 255 0 12 255
255 5 255 255 0 255 255 12 255 26 24 8 255 1 4 10 255 21 17 255 255 15 27 22 25 13 255 255 255 14 18 19 9 255 2 7 11 20 23 16 255 255 255 6 255 255 3 255 255
255 12 255 1 2 255 255 0 8 255 16 13 17 255 255 26 255 24 9 21 3 255 22 18 20 23 255 255 4 10 14 19 27 25 255 7 255 11 255 255 255 255 255 5 6 255 15 255 255
255 7 255 255 5 255 255 255 255 255 255 10 255 4 6 11 19 18 14 255 255 255 23 17 20 22 255 255 255 25 21 24 26 8 12 255 27 13 16 9 255 2 255 15 255 0 3 1 255
255 255 1 255 12 255 255 255 255 22 24 26 255 255 255 18 20 16 8 13 0 255 14 19 21 255 17 255 255 255 23 255 11 255 6 4 10 27 25 255 9 2 255 5 15 255 7 3 255
255 2 255 255 255 4 255 255 24 21 14 19 10 5 3 9 17 13 255 255 255 12 26 25 18 8 255 0 7 255 11 16 255 255 1 255 22 27 20 23 255 255 255 6 15 255 255 255 255
255 1 12 255 255 6 255 0 8 22 255 255 11 7 255 255 26 24 255 255 255 255 18 20 23 16 27 15 255 14 19 21 17 25 255 5 10 255 255 13 9 3 255 4 255 255 255 2 255
255 0 255 255 4 3 255 1 19 14 18 10 9 5 12 8 26 20 22 16 2 255 21 24 17 255 13 255 15 27 11 23 255 255 255 7 25 255 255 255 255 255 255 255 6 255 255 255 255
255 255 255 255 5 12 255 255 255 255 22 10 26 4 255 255 18 20 14 8 0 255 255 25 17 21 24 255 7 255 23 16 19 255 255 15 11 27 13 9 255 2 255 6 255 255 3 1 255
255 4 255 255 255 2 255 5 10 14 18 19 9 3 12 26 24 17 21 13 7 255 22 255 20 25 16 255 1 255 8 255 11 255 6 255 255 255 23 27 255 255 255 255 0 255 15 255 255
255 7 255 15 4 255 255 255 23 255 27 10 255 5 6 11 255 25 19 255 255 255 20 16 18 14 255 255 255 22 17 26 21 24 255 0 8 13 255 9 255 3 255 1 255 12 2 255 255
255 255 255 255 3 6 255 255 255 16 13 9 255 2 255 255 255 25 27 11 15 255 22 20 17 23 255 7 255 255 18 21 14 19 255 12 26 8 24 10 255 5 255 0 1 255 4 255 255
255 3 255 255 0 255 255 2 9 13 255 8 26 12 255 14 16 18 20 22 1 255 19 17 21 255 24 255 4 10 255 255 23 255 255 255 255 255 25 27 11 15 255 5 255 255 6 7 255
255 255 255 7 255 15 255 255 255 255 23 25 27 255 255 14 19 18 21 11 6 255 255 255 20 24 255 255 5 10 13 16 17 8 0 2 255 9 22 26 255 12 255 4 3 255 255 1 255
255 255 255 255 2 15 255 4 255 255 255 255 255 255 255 16 13 25 9 27 3 5 20 10 18 14 23 255 255 255 17 21 19 11 6 255 22 26 24 8 255 0 255 255 12 255 1 7 255
255 255 7 255 255 2 255 6 255 11 255 255 255 255 255 255 255 16 13 9 3 15 22 27 20 23 18 255 0 8 255 10 17 14 4 255 26 25 24 21 19 255 255 12 1 5 255 255 255
255 255 3 255 2 1 255 255 255 13 16 9 255 255 255 255 17 20 22 8 0 255 14 19 18 26 255 12 5 10 21 23 24 11 6 255 255 25 27 255 255 255 255 4 255 15 255 7 255
255 12 255 7 2 6 255 255 255 25 23 27 11 15 255 26 21 24 9 255 3 255 22 19 20 14 18 255 0 8 17 16 13 255 255 255 255 255 255 10 255 5 255 1 255 255 4 255 255
255 12 1 255 6 7 255 0 8 255 23 11 27 15 255 26 255 24 21 25 255 255 22 255 20 19 16 255 255 255 255 9 17 13 255 255 255 255 18 14 10 4 255 3 255 2 255 5 255
255 255 3 255 5 255 255 2 255 9 13 10 16 4 255 255 255 17 14 255 255 12 255 26 22 18 20 255 255 255 24 21 19 11 6 1 8 255 25 27 23 15 255 0 255 255 255 7 255
255 255 0 255 3 255 255 255 255 13 17 9 255 2 12 26 8 255 255 255 255 255 24 16 21 19 25 255 1 22 20 23 18 27 255 5 255 10 255 14 11 7 255 255 4 6 255 15 255
255 255 1 255 255 6 255 255 255 25 23 27 11 15 0 22 8 20 18 255 7 255 24 21 16 19 255 255 12 26 255 255 14 255 255 2 9 17 13 10 255 4 255 3 255 255 5 255 255
255 3 255 255 15 7 255 2 9 255 255 23 255 255 255 255 255 25 27 11 6 255 13 16 17 20 255 1 5 255 10 24 22 26 255 255 19 14 21 18 8 0 255 255 4 255 255 12 255
255 255 0 255 255 255 255 1 255 8 24 26 255 12 255 18 23 20 22 16 255 15 255 27 21 25 17 255 4 14 10 19 255 13 255 7 11 255 255 255 9 2 255 6 5 255 255 3 255
255 7 255 15 12 255 255 6 11 23 27 26 25 255 255 13 255 17 24 21 255 255 16 20 18 22 255 255 2 9 255 14 8 19 0 5 255 10 255 255 255 255 255 3 4 255 1 255 255
255 0 7 255 3 4 255 255 255 18 14 13 10 5 6 255 11 19 9 255 2 255 22 20 21 16 17 255 1 8 27 25 255 255 255 255 26 23 24 255 255 255 255 12 15 255 255 255 255
255 255 4 255 1 0 255 255 23 255 20 16 22 255 5 14 10 18 8 26 12 15 27 255 25 13 255 255 6 19 11 21 17 24 255 255 255 255 255 9 255 3 255 255 7 255 2 255 255
255 255 255 7 255 6 255 255 255 25 255 27 11 15 255 255 255 20 23 18 255 0 255 21 16 19 14 255 255 26 24 22 255 10 5 1 8 17 13 9 255 2 255 12 255 255 3 4 255
255 3 255 255 7 255 255 2 9 255 255 255 255 255 6 13 255 25 11 27 15 255 16 18 20 22 23 255 255 17 24 21 26 255 255 4 10 14 19 8 255 0 255 5 255 1 12 255 255
255 6 255 255 255 5 255 7 11 255 255 255 10 4 255 25 21 19 255 14 255 15 27 17 23 13 255 255 255 255 24 20 16 18 255 12 8 26 22 9 255 3 255 1 255 0 2 255 255
255 255 5 255 3 255 255 4 17 10 13 9 16 2 255 21 24 25 26 22 12 255 19 14 23 18 20 255 255 255 255 27 255 8 1 7 255 11 255 255 255 255 255 255 6 15 255 0 255
255 2 255 255 255 255 255 3 9 13 17 16 255 255 12 255 26 24 22 255 255 255 255 18 21 20 255 255 1 255 8 25 23 27 255 4 10 14 19 255 11 6 255 5 0 7 255 15 255
255 5 255 255 6 2 255 255 255 17 16 13 9 3 4 10 19 14 11 255 7 255 255 21 20 25 27 15 255 255 24 18 255 23 255 12 255 26 22 8 255 0 255 255 255 255 1 255 255
255 12 255 255 255 3 255 1 8 255 21 17 19 255 255 26 16 24 13 9 2 0 22 20 25 18 14 255 7 11 255 255 255 10 4 255 255 23 27 255 255 255 255 6 255 15 255 5 255
255 255 7 15 255 255 255 6 255 11 27 23 255 255 255 255 24 21 19 14 255 0 255 255 25 20 18 255 12 8 26 17 22 10 255 2 255 9 13 16 255 255 255 1 3 4 255 5 255
255 6 0 7 2 255 255 15 11 27 25 9 255 3 1 24 8 21 17 255 255 12 26 23 19 13 255 255 255 255 255 14 255 10 5 255 22 20 18 16 255 255 255 255 255 255 255 4 255
255 6 5 15 255 255 255 4 255 10 27 25 255 255 7 11 14 23 19 255 0 255 255 18 20 21 255 255 255 255 13 16 17 8 1 2 255 9 22 24 26 255 255 255 3 255 255 12 255
255 2 255 255 1 4 255 3 9 255 18 8 14 0 255 16 23 20 22 10 5 255 13 24 21 26 19 12 255 17 27 25 255 255 255 255 255 255 255 11 255 7 255 255 15 255 6 255 255
255 15 7 255 0 3 255 6 11 255 255 8 255 1 255 27 23 25 255 9 2 255 19 24 21 26 17 12 255 18 20 16 22 13 255 5 14 10 255 255 255 255 255 255 4 255 255 255 255
255 255 2 15 7 255 255 255 25 255 27 255 23 255 3 17 9 13 11 16 6 255 21 255 22 255 20 255 255 24 255 26 255 8 1 255 19 255 14 10 18 5 255 255 255 12 4 0 255
255 4 0 255 12 3 255 255 255 24 22 26 9 2 5 10 23 20 8 16 1 255 19 21 17 255 13 255 15 14 27 18 11 255 6 255 255 25 255 255 255 255 255 255 255 255 7 255 255
255 4 255 255 12 2 255 255 23 19 20 22 16 255 5 10 14 18 26 9 3 255 25 21 17 24 13 255 15 27 11 255 8 255 0 255 255 255 255 255 255 255 255 255 7 6 1 255 255
255 255 255 255 15 255 255 255 24 16 21 27 25 255 6 255 13 17 11 255 7 12 26 20 22 23 255 255 2 255 9 255 10 255 5 1 8 18 19 14 255 255 255 0 3 255 4 255 255
255 255 7 15 255 3 255 6 255 11 27 16 255 255 255 255 255 25 13 9 2 255 14 18 23 20 22 255 255 19 255 21 17 255 255 5 10 255 24 8 26 0 255 4 255 255 1 12 255
255 255 4 255 3 255 255 255 20 16 13 9 23 2 5 22 10 255 255 255 255 0 18 14 17 255 27 15 12 26 8 255 255 11 6 255 24 19 21 255 25 255 255 255 1 255 255 7 255
255 6 15 1 12 5 255 255 255 27 23 8 255 0 7 255 11 22 26 10 4 255 255 25 20 16 18 255 255 255 21 19 24 14 255 255 255 17 255 13 9 3 255 255 255 255 255 2 255
255 255 4 255 15 255 255 255 255 255 25 27 23 255 5 255 10 255 14 18 255 1 255 24 21 19 20 255 2 255 9 13 11 16 6 12 8 26 17 22 255 255 255 0 3 255 7 255 255
255 0 255 1 255 255 255 12 8 26 22 255 255 255 255 18 24 20 255 23 255 255 255 21 25 17 27 15 255 14 19 16 13 11 6 4 10 255 255 9 255 2 255 5 255 255 3 7 255
255 12 255 255 255 5 255 255 255 255 18 19 14 255 255 26 24 255 21 10 4 255 22 255 20 17 255 255 0 8 255 23 25 27 6 2 255 9 16 13 11 7 255 1 3 255 255 15 255
255 255 255 255 255 5 255 255 255 255 19 255 14 255 15 25 27 21 17 10 4 255 22 23 20 16 18 255 12 26 8 24 13 255 255 6 11 255 255 9 255 2 255 7 1 0 3 255 255
255 255 0 255 255 5 255 1 255 8 255 18 14 255 12 26 23 22 20 10 4 15 24 27 21 25 19 255 6 11 13 17 16 255 255 2 255 9 255 255 255 255 255 7 3 255 255 255 255
255 255 255 255 0 1 255 255 255 255 24 8 26 12 255 16 23 20 255 22 7 15 25 27 21 11 19 6 2 13 9 18 10 14 5 255 17 255 255 255 255 255 255 255 3 255 4 255 255
255 255 5 255 2 255 255 255 20 22 16 13 17 255 4 18 10 14 9 255 3 12 23 26 19 24 21 255 255 255 255 27 255 25 255 0 8 255 255 11 255 7 255 1 255 15 6 255 255
255 6 7 255 4 255 255 255 255 14 19 10 255 5 15 27 11 17 255 255 255 255 25 18 21 24 255 255 255 23 20 13 16 255 1 255 255 22 9 26 8 12 255 255 255 3 2 0 255
255 255 2 0 255 12 255 3 255 9 22 255 26 255 255 255 255 23 255 8 1 255 18 16 20 13 24 255 255 255 255 27 11 25 7 5 14 10 19 17 21 255 255 255 4 15 6 255 255
255 1 7 0 255 255 255 12 8 26 24 22 255 255 6 255 11 255 255 27 15 255 17 19 21 255 25 255 2 13 9 16 20 23 255 5 10 14 255 18 255 255 255 4 3 255 255 255 255
255 255 7 15 255 255 255 6 25 11 27 23 255 255 255 255 16 255 20 22 255 255 21 17 24 18 26 12 2 9 13 255 255 255 255 5 19 10 14 8 255 0 255 3 4 255 1 255 255
255 7 15 255 1 2 255 255 255 255 13 16 9 3 6 11 27 24 8 26 12 255 255 23 17 20 22 255 255 255 25 21 255 255 255 5 10 14 19 18 255 255 255 4 255 255 0 255 255
255 255 4 255 255 6 255 5 255 10 14 23 11 7 255 255 22 18 20 255 255 12 255 26 19 27 255 15 255 255 255 17 16 13 255 1 8 24 21 25 9 2 255 0 255 255 255 3 255
255 255 5 255 15 7 255 4 255 10 25 27 255 255 255 255 255 255 255 11 6 255 19 14 21 23 17 255 0 8 26 24 22 9 2 255 255 18 16 20 13 255 255 1 12 255 255 3 255
255 255 5 255 255 3 255 4 255 10 255 255 9 2 255 24 19 21 255 17 255 12 26 14 255 255 13 255 1 8 255 25 27 11 15 255 22 18 20 23 16 6 255 0 255 255 255 7 255
255 15 6 255 255 5 255 7 11 17 21 19 24 255 255 27 255 25 14 10 4 255 255 13 255 255 26 12 255 23 16 20 18 22 255 3 255 9 255 255 8 1 255 255 2 255 255 0 255
255 7 6 255 255 3 255 255 19 25 21 17 255 255 15 11 27 23 13 9 2 255 14 255 24 255 26 12 255 18 255 20 16 22 255 5 10 255 255 8 255 0 255 4 255 255 1 255 255
255 255 255 15 255 7 255 255 255 23 27 255 11 6 255 255 22 25 255 255 255 255 16 20 255 18 14 255 3 9 26 21 24 19 255 0 13 8 17 255 10 5 255 2 12 255 1 4 255
255 255 12 0 255 2 255 1 17 8 13 16 9 3 255 24 26 18 255 255 255 255 21 22 20 255 255 255 7 19 11 14 255 10 5 255 25 27 23 255 255 255 255 255 15 255 6 4 255
255 255 255 255 7 2 255 6 255 255 255 11 9 3 255 255 255 16 25 13 255 255 18 255 20 27 23 15 1 14 8 19 21 17 255 5 10 26 22 24 255 255 255 4 12 255 0 255 255
255 3 255 255 1 0 255 2 9 22 24 26 8 12 255 13 16 17 255 255 255 255 19 20 21 25 255 255 4 10 23 255 27 11 15 255 14 18 255 255 255 255 255 5 255 255 6 7 255
