255 255 7 6 255 5 255 255 255 16 15 21 14 255 255 255 255 18 255 9 0 24 27 22 26 17 11 2 255 255 19 10 13 20 255 255 255 255 25 23 12 8 255 255 255 1 4 3 255
255 1 255 255 3 255 255 255 255 255 255 17 23 8 255 10 255 18 12 9 0 24 22 27 26 11 25 2 4 19 13 255 20 255 255 255 16 15 21 14 255 255 255 7 6 255 5 255 255
255 255 255 255 255 24 255 255 255 21 255 16 22 7 6 23 15 25 26 27 255 5 255 14 20 13 19 4 255 17 11 12 9 18 0 255 255 255 255 255 10 255 255 8 2 3 255 1 255
255 7 255 6 255 8 255 255 16 255 21 25 23 255 255 255 255 15 255 17 255 24 22 27 18 26 9 0 255 255 255 14 255 11 2 4 19 13 10 20 12 255 255 255 255 1 5 3 255
255 3 0 255 8 255 255 4 13 9 19 18 10 1 2 12 11 23 17 25 255 5 20 14 255 15 255 6 255 255 255 27 21 26 255 255 255 255 22 16 255 255 255 255 255 24 7 255 255
255 255 255 8 6 2 255 255 25 255 23 15 14 5 255 26 255 17 21 11 255 4 255 13 255 20 12 3 24 27 22 255 16 9 7 255 255 19 255 10 18 1 255 255 255 255 255 0 255
255 0 5 1 255 255 255 255 18 255 10 255 255 255 255 9 14 255 15 21 6 255 23 25 255 26 16 7 2 11 20 12 255 255 255 4 17 13 19 27 22 24 255 8 255 3 255 255 255
255 255 255 7 8 24 255 255 255 25 26 23 27 255 255 21 255 16 17 22 255 255 255 255 255 18 10 1 5 15 14 12 11 19 2 255 255 255 20 9 13 4 255 6 255 3 0 255 255
255 7 6 255 0 255 255 255 16 15 21 14 255 5 1 10 25 18 9 255 255 24 22 26 255 11 255 2 255 19 23 13 17 255 255 255 255 27 20 12 255 3 255 255 255 4 8 255 255
255 1 0 24 255 255 255 255 18 9 255 23 255 255 255 10 26 27 25 255 255 2 19 11 22 17 255 8 5 13 14 255 15 255 255 255 20 12 16 21 255 255 255 4 3 7 6 255 255
255 255 1 24 7 255 255 4 13 255 27 255 26 255 255 19 10 22 16 21 255 255 20 18 23 9 25 0 255 12 11 17 14 15 255 255 255 255 255 255 255 255 255 3 2 8 5 6 255
255 4 255 7 24 255 255 255 21 255 16 27 255 255 255 13 19 22 10 18 1 6 15 255 25 26 255 255 255 20 12 14 11 9 2 255 255 255 23 17 255 255 255 255 3 5 8 0 255
255 8 255 5 3 0 255 4 255 13 255 20 255 255 2 17 11 14 12 9 255 255 23 19 255 10 18 1 255 255 22 15 16 21 7 255 25 27 26 255 255 255 255 255 24 6 255 255 255
255 255 7 0 255 5 255 255 255 16 21 15 14 6 24 27 22 9 255 11 2 1 10 19 18 255 255 255 255 26 25 23 255 17 8 4 255 13 20 255 12 255 255 255 255 255 255 3 255
255 8 5 2 255 0 255 6 255 15 255 21 255 255 255 17 14 11 255 9 255 255 23 25 255 16 255 7 255 20 26 12 27 18 255 255 13 255 19 22 10 255 255 4 255 3 24 1 255
255 255 255 255 255 255 255 255 255 255 255 16 255 7 8 17 255 23 21 25 255 3 12 20 255 22 27 24 5 11 14 9 15 26 6 255 255 13 18 19 10 1 255 2 4 0 255 255 255
255 255 255 1 7 255 255 24 27 22 19 16 13 4 255 26 18 10 255 255 255 255 25 255 255 21 20 255 255 17 9 11 14 12 3 255 23 255 255 15 255 6 255 8 0 2 5 255 255
255 5 255 1 255 6 255 3 12 20 255 255 255 255 4 14 13 10 19 15 255 2 11 25 255 26 21 255 255 9 255 18 22 16 7 8 17 23 255 27 255 255 255 0 255 255 24 255 255
255 255 0 1 24 255 255 255 255 18 10 27 26 255 4 13 9 19 22 25 255 255 255 255 21 16 23 7 255 20 12 255 11 17 2 255 255 255 15 14 255 255 255 255 3 6 5 8 255
255 255 5 255 7 255 255 255 255 255 255 255 255 255 255 255 14 255 16 22 24 6 25 15 26 21 27 255 8 17 11 18 9 19 255 3 23 12 10 20 13 4 255 255 2 1 0 255 255
255 5 0 2 255 8 255 255 255 255 255 255 255 255 255 14 9 11 255 17 255 24 27 22 26 19 12 3 255 15 18 25 10 23 1 255 21 16 255 13 20 255 255 6 7 255 4 255 255
255 255 255 6 255 255 255 255 255 255 255 255 255 255 7 16 21 15 255 14 5 3 12 20 18 9 11 2 24 22 27 26 25 23 255 4 19 13 10 255 17 0 255 255 255 1 255 8 255
255 255 5 255 255 255 255 255 255 14 255 15 21 6 3 255 12 255 20 16 7 2 23 11 25 13 26 4 255 255 10 255 19 22 255 8 17 18 255 9 27 255 255 255 1 255 0 24 255
255 255 24 6 255 255 255 255 255 27 26 25 23 255 255 255 22 15 255 17 8 7 255 16 21 18 9 0 255 255 19 14 10 11 1 4 255 13 20 255 12 3 255 255 255 5 255 2 255
255 6 255 24 7 255 255 255 255 255 27 25 26 255 5 15 14 22 16 21 255 1 18 10 19 23 255 255 2 9 11 255 17 255 8 3 255 12 13 20 255 255 255 0 255 4 255 255 255
255 255 255 255 4 24 255 255 255 20 255 13 27 255 3 255 12 255 19 22 255 2 255 11 25 10 26 1 5 255 14 21 15 16 6 8 17 9 23 18 255 255 255 255 0 255 255 7 255
255 8 255 255 255 24 255 255 255 255 255 26 27 255 255 17 23 255 25 255 255 0 9 20 18 13 255 4 2 11 12 10 19 22 255 6 14 15 255 21 16 255 255 5 3 1 255 7 255
255 255 255 1 255 255 255 3 12 255 255 255 255 255 4 20 13 10 19 255 255 0 9 255 18 22 27 24 8 17 23 25 255 26 255 2 11 14 15 16 21 7 255 255 5 6 255 255 255
255 255 255 6 255 1 255 7 16 21 15 255 255 255 24 22 27 19 13 10 4 255 255 26 14 20 18 5 8 17 23 11 12 9 0 255 255 25 255 255 255 255 255 255 255 2 3 255 255
255 255 7 6 255 255 255 24 27 22 255 19 13 4 255 21 16 15 14 20 5 255 26 18 255 10 255 1 0 255 9 17 11 12 255 255 25 255 23 255 255 255 255 255 255 8 2 3 255
255 255 8 4 1 255 255 255 255 17 255 23 255 255 255 255 18 13 10 255 255 3 255 12 20 25 26 255 6 15 9 21 19 255 255 2 14 11 16 22 27 24 255 5 0 7 255 255 255
255 5 2 0 255 1 255 255 255 255 255 20 10 255 255 14 11 9 12 18 3 8 23 17 25 13 19 4 6 15 255 21 255 16 7 255 255 255 26 27 22 24 255 255 255 255 255 255 255
255 6 255 4 255 255 255 255 255 255 13 19 255 255 7 15 16 21 22 27 24 255 255 255 20 10 26 1 255 14 11 17 12 23 3 0 255 9 255 18 25 255 255 5 2 8 255 255 255
255 3 2 6 8 7 255 255 12 11 23 17 255 255 5 255 14 15 21 16 255 0 20 9 25 255 255 255 4 13 10 19 255 22 255 255 255 18 26 255 27 255 255 255 1 255 255 24 255
255 6 255 8 3 2 255 5 14 255 17 12 11 255 255 15 21 255 20 18 255 255 26 25 23 255 9 0 7 22 16 19 13 10 4 255 27 255 255 255 255 255 255 24 255 255 255 1 255
255 255 7 24 8 255 255 255 255 255 27 17 26 255 255 21 16 22 23 25 255 0 255 9 19 11 255 2 6 15 14 255 255 255 255 1 10 18 13 12 20 255 255 255 5 4 3 255 255
255 0 1 8 255 4 255 255 9 18 255 255 255 255 2 11 10 17 19 13 255 3 12 255 23 255 20 255 5 14 16 26 22 27 24 6 15 21 25 255 255 255 255 255 7 255 255 255 255
255 4 24 3 255 8 255 255 255 27 26 25 23 255 255 13 22 19 10 17 1 7 20 16 12 255 11 2 255 255 255 255 18 9 0 255 255 21 15 255 14 5 255 255 255 6 255 255 255
255 2 5 8 6 255 255 255 255 255 23 255 25 255 255 11 14 17 15 255 255 0 9 18 255 21 26 255 255 12 10 255 16 255 7 255 20 19 13 22 27 24 255 3 1 4 255 255 255
255 255 3 5 8 255 255 255 255 12 255 255 255 255 2 255 11 14 17 15 6 255 255 20 25 23 255 255 0 18 9 26 27 21 255 255 10 13 19 22 16 7 255 1 4 255 24 255 255
255 6 2 7 255 255 255 5 15 14 21 255 255 255 8 17 11 16 9 18 0 3 23 12 25 26 255 255 255 255 255 19 22 10 1 255 255 20 13 27 255 255 255 255 255 4 24 255 255
255 4 6 255 255 255 255 7 16 15 21 255 255 255 255 13 255 20 12 255 3 24 22 27 255 26 25 255 255 19 255 255 17 23 255 5 10 14 18 11 9 2 255 1 255 255 8 0 255
255 255 255 6 2 255 255 24 27 22 26 25 255 255 3 20 12 15 11 14 5 4 13 19 255 23 255 255 1 255 10 21 17 255 8 255 255 18 16 9 255 0 255 255 255 7 255 255 255
255 0 255 2 255 255 255 5 9 14 11 17 255 8 6 255 15 21 16 255 7 1 18 10 255 23 25 255 255 255 19 12 22 27 24 255 255 13 20 255 26 255 255 255 4 3 255 255 255
255 0 255 1 255 255 255 3 18 12 10 255 25 255 2 9 11 255 17 23 8 255 255 20 19 13 26 4 5 255 14 15 16 21 7 255 255 255 255 22 27 24 255 255 255 6 255 255 255
255 255 255 24 6 255 255 255 255 26 27 255 255 255 7 16 21 22 15 255 255 2 11 25 12 14 20 5 0 9 18 19 10 13 255 255 17 23 255 255 255 255 255 8 255 3 1 4 255
255 255 255 4 255 255 255 0 255 9 255 255 255 255 2 255 11 13 12 20 3 1 10 18 19 22 27 24 8 14 17 25 23 26 255 6 15 21 255 16 255 255 255 5 255 255 7 255 255
255 255 255 1 4 3 255 255 25 255 18 9 12 0 255 26 19 10 13 20 255 8 23 17 255 11 255 2 24 27 22 16 255 255 255 255 255 255 21 14 15 6 255 255 255 7 5 255 255
255 8 5 2 255 4 255 255 17 14 11 12 20 3 6 23 15 255 21 13 255 24 26 27 255 22 19 255 255 25 255 255 16 255 7 255 255 255 9 18 10 255 255 255 255 0 255 1 255
255 255 255 255 2 0 255 255 26 23 25 17 255 8 5 255 14 255 11 9 255 24 27 255 20 12 18 3 255 21 15 255 255 255 255 7 16 22 13 19 10 255 255 255 6 4 255 1 255
255 3 2 5 6 8 255 7 255 16 255 21 255 255 255 12 11 14 15 17 255 24 27 22 20 19 13 4 0 26 9 25 255 23 255 255 255 18 255 10 255 255 255 255 255 255 1 255 255
255 255 255 1 4 24 255 255 255 255 10 19 22 255 0 255 9 18 13 27 255 3 255 12 255 20 16 7 8 17 11 23 25 26 255 5 255 14 15 255 21 255 255 255 2 6 255 255 255
255 255 255 3 8 0 255 255 25 23 255 17 255 255 255 26 255 12 11 9 2 24 27 22 255 255 255 255 255 13 19 20 10 18 1 255 255 16 21 14 15 6 255 4 7 255 5 255 255
255 255 255 8 255 2 255 255 26 255 255 20 12 3 24 27 22 17 16 11 7 255 25 19 23 13 255 4 255 255 255 15 21 14 5 255 255 10 255 18 9 255 255 255 1 6 255 0 255
255 255 1 255 255 255 255 7 16 22 25 26 27 24 255 255 10 18 9 255 0 255 21 19 23 17 255 8 5 15 14 12 11 255 2 4 255 13 20 255 255 255 255 6 255 3 255 255 255
255 255 6 4 24 255 255 255 255 26 25 27 10 1 255 20 15 13 22 19 255 255 255 21 23 16 18 7 5 12 14 11 255 9 0 255 255 255 17 255 255 8 255 3 255 2 255 255 255
255 4 255 255 255 255 255 255 13 18 19 10 255 1 255 255 255 255 27 22 24 0 20 9 255 26 25 255 5 255 14 21 15 16 7 3 12 11 255 17 23 8 255 255 2 255 6 255 255
255 255 4 0 255 8 255 255 255 13 20 12 255 3 1 18 10 9 11 17 2 255 26 19 25 15 23 6 24 27 22 255 14 255 255 7 255 16 255 21 255 255 255 255 255 255 5 255 255
255 255 255 1 255 255 255 255 255 18 10 19 22 24 0 255 9 255 13 255 4 8 255 17 255 27 16 7 255 12 11 14 20 15 255 255 255 23 25 26 21 255 255 3 2 5 255 6 255
255 255 255 4 8 255 255 255 255 255 13 20 255 255 255 25 23 26 17 15 6 1 10 18 19 12 21 3 255 255 9 27 11 14 2 255 255 255 22 255 16 7 255 255 0 24 255 5 255
255 1 6 255 4 255 255 255 21 15 255 20 255 255 5 10 14 19 13 255 255 7 16 255 22 12 255 3 255 18 9 27 11 255 255 255 25 23 26 17 255 8 255 255 0 24 2 255 255
255 255 4 1 255 255 255 255 18 255 10 255 255 255 0 9 13 19 255 255 255 8 17 23 25 21 255 255 2 11 20 12 16 22 7 5 255 14 26 15 27 6 255 255 255 3 255 24 255
255 6 8 5 2 1 255 255 255 17 14 11 255 255 255 15 21 20 12 10 3 255 255 23 255 9 18 0 255 255 16 13 22 19 255 255 255 25 26 27 255 255 255 255 7 4 24 255 255
255 255 255 255 255 255 255 1 255 10 255 19 255 255 255 25 255 26 22 27 24 255 23 18 20 13 255 4 0 17 9 11 16 14 7 3 255 255 12 21 15 6 255 8 255 2 255 5 255
255 255 5 255 4 7 255 6 255 15 21 20 16 255 1 10 14 19 13 22 24 2 255 11 255 12 26 3 0 18 9 255 255 27 255 255 255 17 23 255 25 255 255 255 8 255 255 255 255
255 255 0 6 2 3 255 5 21 14 15 11 12 255 7 16 9 255 255 20 255 255 26 25 255 255 255 255 255 22 18 19 10 13 4 255 27 23 255 17 255 8 255 24 255 255 1 255 255
255 0 4 5 255 6 255 2 9 11 14 12 15 3 255 255 13 255 20 21 255 255 18 23 25 26 255 255 1 10 19 255 22 16 255 255 255 17 255 27 255 255 255 255 8 255 24 7 255
255 255 7 255 1 5 255 255 255 16 21 10 15 6 24 27 22 255 19 14 255 255 26 255 255 18 9 0 255 25 23 17 13 11 2 255 255 255 255 20 12 3 255 255 255 8 4 255 255
255 255 255 255 3 2 255 4 18 13 255 20 9 0 255 26 255 25 12 11 255 1 10 19 255 255 14 5 24 27 22 23 16 17 7 255 255 255 255 21 15 6 255 255 255 255 255 8 255
255 255 7 3 6 2 255 4 20 13 12 14 11 5 255 255 16 21 15 17 8 255 255 19 255 10 255 1 24 27 22 26 25 23 255 255 255 255 255 18 9 255 255 255 255 255 255 0 255
255 255 8 2 255 5 255 255 255 255 255 255 15 6 0 9 17 11 26 14 255 255 255 23 255 25 21 255 255 18 20 12 27 255 255 255 10 13 19 22 16 255 255 1 4 3 24 7 255
255 1 255 0 255 255 255 255 10 23 255 17 255 8 255 18 25 9 11 255 2 24 22 27 255 12 255 3 7 16 26 21 14 15 255 255 19 13 255 20 255 255 255 255 4 255 5 6 255
255 255 3 2 24 255 255 7 23 16 27 22 18 255 8 17 12 11 20 9 0 255 25 21 26 19 10 1 6 255 15 14 13 255 4 255 255 255 255 255 255 255 255 255 255 5 255 255 255
255 7 24 255 255 255 255 255 255 27 26 13 20 4 255 16 22 25 19 12 3 6 21 15 14 255 11 2 255 255 255 23 10 17 8 255 255 255 255 18 9 255 255 255 255 5 1 0 255
255 255 5 255 6 255 255 3 12 255 20 255 13 4 2 11 14 255 15 19 255 0 9 255 18 21 10 1 255 17 23 255 16 22 7 255 255 25 255 26 27 255 255 8 255 255 255 24 255
255 255 5 255 255 7 255 255 255 14 255 15 255 6 255 255 255 255 21 16 255 2 13 11 19 27 22 24 8 23 17 25 26 255 255 4 20 12 10 9 18 0 255 255 3 1 255 255 255
255 255 255 3 6 2 255 255 255 21 255 15 14 5 7 20 16 12 9 11 0 255 255 255 255 18 23 255 255 13 22 19 10 17 1 255 255 27 26 255 25 255 255 4 24 255 255 8 255
255 255 255 3 255 6 255 4 20 13 12 17 255 8 255 26 25 255 23 15 255 2 255 19 11 255 14 5 24 27 22 9 16 21 7 1 255 10 18 255 255 255 255 255 255 0 255 255 255
255 255 5 4 2 255 255 255 255 255 20 12 255 3 255 255 14 13 11 17 8 255 255 26 25 15 23 6 255 10 18 19 9 255 0 255 255 27 22 21 16 7 255 1 255 24 255 255 255
255 255 5 4 6 255 255 255 255 255 255 255 255 255 255 20 14 13 15 19 255 8 255 17 23 21 10 1 3 12 11 25 16 22 7 0 255 9 26 18 27 255 255 255 2 255 255 24 255
255 255 3 1 4 255 255 255 255 12 20 13 255 255 0 18 9 10 19 26 255 2 255 11 23 17 25 8 255 255 255 16 22 27 24 255 255 14 21 15 255 255 255 255 5 7 6 255 255
255 1 8 4 255 255 255 255 255 23 25 255 255 255 255 10 17 13 255 19 255 0 18 9 26 27 22 24 2 255 11 20 12 16 255 5 255 14 15 255 21 255 255 255 255 6 3 7 255
255 1 255 255 255 7 255 4 10 13 19 27 22 24 255 255 20 255 255 16 255 3 18 12 25 26 21 255 2 9 11 17 14 15 5 255 255 255 23 255 255 255 255 0 255 8 255 6 255
255 255 255 24 255 255 255 255 255 26 27 255 255 255 7 16 25 22 13 19 4 255 21 23 20 255 10 1 2 14 11 12 9 18 255 6 15 17 255 255 255 255 255 5 8 3 0 255 255
255 0 255 255 255 255 255 255 255 255 255 255 25 255 2 9 11 255 17 23 8 5 18 14 22 27 26 24 3 10 12 19 20 13 4 255 255 15 16 21 255 255 255 1 6 7 255 255 255
255 255 255 5 255 255 255 8 255 17 25 23 255 255 6 21 15 14 255 13 4 2 255 11 26 12 20 3 255 16 255 22 255 19 255 255 255 9 27 18 10 255 255 7 0 24 255 1 255
255 255 1 0 255 5 255 255 255 255 23 17 255 8 255 18 10 9 11 14 2 3 26 12 25 20 15 6 255 255 19 255 13 255 4 24 27 22 255 16 21 7 255 255 255 255 255 255 255
255 1 255 0 8 255 255 255 18 255 9 11 255 2 255 10 25 23 17 255 255 255 255 26 15 14 255 5 255 19 22 21 16 255 7 4 13 27 20 12 255 255 255 255 24 6 3 255 255
255 255 7 24 6 255 255 255 26 21 27 15 255 255 255 255 16 22 14 255 5 4 25 13 19 255 10 1 3 23 12 17 11 9 255 255 255 20 255 255 18 255 255 255 255 8 2 0 255
255 255 2 5 8 0 255 6 255 15 14 255 255 255 3 255 12 11 17 9 255 7 16 21 255 23 18 255 255 22 20 19 13 10 4 255 27 26 255 25 255 255 255 24 255 255 255 1 255
255 6 255 255 255 255 255 24 15 27 21 22 16 7 255 23 25 255 13 20 4 5 14 26 255 19 255 255 0 17 9 11 18 12 3 255 255 255 255 10 255 255 255 8 255 2 1 255 255
255 8 255 2 3 255 255 7 25 16 26 22 27 24 6 17 15 11 12 20 255 255 23 21 255 19 13 4 255 255 14 9 10 18 255 255 255 255 255 255 255 255 255 255 5 0 1 255 255
255 0 255 7 255 5 255 255 18 255 21 15 14 6 255 9 255 16 255 11 2 4 13 255 20 25 12 3 255 19 255 22 23 17 8 1 10 255 27 26 255 255 255 255 255 24 255 255 255
255 255 255 255 4 3 255 1 255 10 18 255 9 0 255 255 19 20 13 12 255 255 26 255 25 255 11 2 24 27 22 23 255 17 8 255 21 16 15 255 14 255 255 255 7 6 255 5 255
255 255 2 4 3 255 255 255 255 255 13 20 16 7 5 14 11 15 12 21 255 8 23 17 19 10 22 1 255 255 9 255 18 255 255 255 25 255 26 27 255 24 255 255 0 6 255 255 255
255 255 2 3 1 255 255 255 23 18 25 10 19 255 8 17 11 12 20 13 4 0 255 9 26 27 22 24 5 255 14 255 255 255 255 255 255 15 21 255 16 255 255 255 6 255 255 7 255
255 255 255 255 8 24 255 255 255 25 26 23 27 255 1 10 18 19 17 22 255 5 255 14 255 11 255 2 255 255 9 13 20 255 255 6 255 15 21 12 16 7 255 255 0 4 3 255 255
255 255 3 255 1 255 255 255 25 255 255 10 255 255 255 26 12 20 19 13 4 8 23 17 255 18 21 255 24 27 255 255 22 16 7 255 255 11 14 9 15 6 255 255 2 5 0 255 255
255 255 8 3 2 6 255 255 20 17 12 11 255 255 255 255 23 255 14 15 5 255 255 18 255 9 21 0 255 255 25 26 27 255 255 4 13 10 19 22 16 255 255 255 1 255 24 7 255
255 3 255 4 255 255 255 2 12 11 20 14 255 5 8 23 17 13 15 255 6 0 255 9 19 18 10 1 255 25 26 27 21 255 255 255 255 255 22 16 255 255 255 255 255 24 7 255 255
