255 255 9 5 10 62 15 14 255 61 44 53 37 255 255 32 23 12 8 29 31 20 21 255 22 33 11 0 26 38 25 255 48 47 57 65 7 39 16 30 45 54 56 49 64 13 17 24 36 255 40 55 42 63 255 43 35 46 51 19 41 28 255 1 52 34 50 255 27 255 18 2 255 60 255 58 59 6 3 4 255
255 255 15 58 5 63 8 2 255 59 255 33 49 255 55 40 54 62 11 34 22 50 20 46 27 18 4 14 51 23 45 32 30 47 56 64 12 24 255 38 48 31 19 28 6 255 35 43 26 29 39 17 41 13 7 16 255 25 57 37 42 21 10 60 255 52 36 44 53 255 255 1 255 0 255 255 65 61 3 9 255
255 59 0 63 62 9 5 3 255 58 51 50 45 46 30 20 255 8 7 35 16 55 54 21 40 255 10 13 24 34 38 255 31 27 19 6 255 255 37 25 49 47 56 41 64 1 17 44 26 29 39 18 28 2 255 255 53 255 22 32 33 23 14 60 255 52 36 43 48 57 42 65 255 255 61 255 15 11 4 12 255
255 1 5 13 4 2 3 11 255 8 43 20 17 255 255 19 255 6 60 52 36 26 255 18 27 22 15 255 29 30 39 46 28 57 42 65 255 37 25 38 255 49 55 33 63 255 44 45 31 50 255 48 32 58 0 53 16 24 34 54 40 23 14 59 255 51 21 35 41 56 47 64 255 61 7 10 9 62 255 12 255
255 3 255 64 63 15 14 65 255 6 19 255 56 47 22 32 255 11 2 28 40 41 55 42 48 57 8 62 27 54 255 49 33 23 255 12 4 18 36 44 29 39 20 30 5 60 255 52 255 43 45 51 46 59 255 37 25 53 38 26 31 21 9 0 255 16 34 24 17 35 50 58 255 255 7 61 13 1 255 10 255
255 3 4 65 14 12 11 10 255 6 19 28 42 41 255 56 255 64 2 27 18 57 23 255 22 255 15 62 40 54 48 32 255 47 21 9 1 26 17 39 33 38 255 31 255 63 55 49 37 34 25 24 36 255 8 20 29 30 46 45 16 43 0 255 255 44 53 50 51 35 52 60 255 5 13 61 58 59 7 255 255
255 60 7 255 61 255 1 5 255 15 52 37 43 53 29 44 20 8 0 36 16 25 26 39 17 255 13 11 32 22 47 46 30 50 255 58 14 23 24 45 38 31 34 21 9 64 48 33 56 49 41 55 255 63 12 255 35 51 54 18 40 27 10 65 57 255 42 255 28 255 19 3 255 255 255 59 62 2 4 6 255
255 4 8 2 6 3 255 255 255 60 52 255 18 19 28 42 57 65 5 43 20 29 255 41 56 47 64 1 36 17 44 27 255 255 48 15 13 255 26 39 30 46 45 32 255 255 25 38 31 40 255 255 22 11 0 16 24 34 35 50 51 23 12 10 37 21 53 54 49 55 33 63 255 7 9 61 62 58 59 14 255
255 14 15 65 3 6 63 2 255 12 23 33 57 49 42 55 255 255 64 56 255 41 19 28 27 18 4 11 32 22 48 54 36 40 52 62 0 47 16 255 37 25 53 43 61 255 35 24 255 255 38 44 31 60 7 51 45 46 30 39 20 29 5 255 255 34 50 17 26 255 21 10 255 59 255 58 1 13 8 9 255
255 58 8 9 10 61 0 255 255 59 255 51 45 35 255 255 255 255 255 50 34 21 24 53 16 255 7 5 46 20 30 29 44 43 52 60 15 33 22 31 38 37 25 36 255 63 49 55 39 26 255 17 42 1 14 23 32 255 47 48 56 57 64 62 54 40 27 18 19 41 28 2 255 12 11 3 4 6 13 65 255
255 9 60 5 65 8 11 14 255 61 255 53 29 44 20 255 255 255 10 21 52 43 57 48 32 23 12 255 31 37 39 255 30 22 33 15 1 255 25 36 42 255 47 54 62 13 17 38 26 41 45 46 49 255 0 27 16 19 28 40 56 55 64 2 18 24 35 34 51 50 255 255 255 4 7 3 6 59 58 63 255
255 59 0 58 61 62 4 63 255 255 46 34 50 53 54 27 40 255 7 51 16 25 37 49 18 55 2 8 35 24 38 44 255 19 255 3 60 45 52 36 43 48 42 57 65 5 30 20 39 29 26 28 41 6 14 255 23 33 22 32 255 47 11 10 21 255 31 255 17 255 56 64 255 9 12 255 15 1 255 13 255
255 8 9 61 60 12 14 255 255 10 44 21 53 37 255 255 255 255 255 29 31 43 52 23 36 33 2 64 39 56 47 48 32 255 22 15 5 20 38 41 25 28 18 49 4 65 30 26 46 57 42 27 40 11 13 255 17 34 24 19 16 55 7 59 45 51 50 35 255 255 54 62 255 255 1 58 6 3 0 63 255
255 255 15 2 11 4 3 14 255 63 55 40 18 27 28 19 255 6 62 49 54 33 22 32 48 23 12 60 255 52 43 255 42 57 41 65 61 53 36 255 255 47 255 56 64 5 44 20 29 30 46 45 50 58 8 37 25 16 38 24 35 34 255 1 255 17 39 26 31 51 21 9 255 255 13 7 0 255 59 10 255
255 60 0 58 7 255 59 10 255 61 53 44 37 16 24 35 255 255 255 52 43 50 45 34 51 21 9 8 36 29 25 39 38 26 31 13 5 255 20 46 30 255 17 255 1 63 255 55 40 41 27 28 18 2 15 32 22 47 56 48 57 255 65 12 23 33 54 49 19 42 255 255 255 14 11 62 64 3 6 4 255
255 255 7 58 65 2 3 63 255 255 255 34 50 42 18 28 55 4 0 255 16 255 57 27 19 40 6 1 35 24 46 255 255 41 54 62 13 17 38 26 48 255 56 255 64 59 51 25 45 36 30 47 49 15 10 21 31 39 43 29 23 33 255 61 53 37 44 52 20 32 22 11 255 9 255 5 60 8 14 12 255
255 63 15 62 61 255 9 5 255 12 49 33 54 53 31 21 255 10 11 55 22 40 44 29 36 20 8 65 57 23 45 37 39 25 30 255 59 48 32 51 255 43 52 255 60 14 42 47 35 24 38 16 46 0 3 19 56 27 34 50 255 255 7 2 28 41 18 255 26 17 255 13 255 6 64 4 255 58 1 255 255
255 14 6 11 3 63 4 62 255 15 32 48 22 19 55 27 40 7 12 23 42 33 28 49 18 54 2 64 47 56 255 41 24 16 34 0 65 255 57 255 36 38 25 50 58 255 255 255 255 44 35 53 46 61 1 17 52 31 39 26 37 30 255 255 255 43 21 29 51 20 45 8 255 13 60 10 9 59 5 255 255
255 3 62 6 2 255 10 255 255 4 42 54 28 18 31 21 44 9 65 57 40 19 27 37 255 53 61 63 48 55 41 38 39 26 29 0 15 32 22 255 24 25 16 43 7 255 47 49 46 35 30 255 20 5 14 23 33 50 34 36 17 52 1 64 56 255 255 51 45 255 255 8 255 12 11 58 59 255 13 60 255
255 64 13 0 65 61 14 15 255 255 56 42 47 57 32 48 22 11 1 255 17 44 26 53 23 33 12 7 41 28 16 25 37 36 255 255 4 255 18 29 39 43 52 255 60 255 35 27 24 38 34 40 55 63 2 45 30 20 31 255 21 255 10 3 51 19 255 46 50 54 49 62 255 59 6 8 5 58 9 255 255
255 62 15 255 255 58 14 255 255 63 55 32 49 48 42 57 255 65 11 54 22 33 34 50 23 255 12 2 40 47 255 35 45 51 43 59 4 27 18 28 37 46 53 44 61 64 255 56 41 24 30 20 29 5 7 19 16 255 25 36 17 52 1 3 255 255 21 38 31 26 39 8 255 6 0 10 255 9 13 60 255
255 2 8 11 63 15 14 255 255 65 42 57 48 32 22 23 33 12 4 18 27 255 40 55 54 49 62 3 28 19 255 47 41 56 255 64 5 255 20 44 29 16 43 255 0 6 46 30 37 39 25 26 17 1 255 50 51 34 35 24 52 36 60 255 255 45 53 31 38 21 255 10 255 58 59 61 255 7 9 13 255
255 13 9 3 8 6 2 64 255 10 255 21 19 27 28 18 41 4 60 255 52 36 43 42 57 56 65 1 17 31 39 29 44 40 54 62 255 26 38 25 20 37 48 47 5 58 50 46 255 30 53 55 49 63 255 34 24 16 45 255 32 22 15 255 255 35 255 51 255 23 33 14 255 0 255 7 59 61 12 11 255
255 255 2 10 4 9 255 3 255 63 40 55 28 18 27 255 19 6 62 54 49 21 255 255 255 255 255 64 56 42 41 44 255 53 37 61 65 48 57 31 39 38 26 25 0 255 47 33 35 29 24 43 16 7 11 32 22 45 30 20 17 36 1 14 23 255 51 46 34 50 52 58 255 12 15 59 8 5 13 60 255
255 60 0 255 62 64 3 2 255 7 35 16 24 255 56 255 41 255 255 52 25 36 37 47 255 18 4 59 51 38 45 40 27 19 28 6 61 43 53 34 54 32 23 48 12 9 21 31 46 55 255 255 42 63 10 29 44 50 49 22 33 57 14 5 20 39 30 26 255 17 255 1 255 8 255 58 11 15 13 65 255
255 8 0 255 7 2 4 3 255 61 255 53 37 43 36 52 255 60 5 20 29 25 16 18 255 27 255 58 50 44 34 24 28 255 19 6 255 30 45 39 48 42 57 40 65 59 46 51 38 35 41 255 54 62 1 17 255 26 32 47 23 55 14 10 255 21 31 22 56 33 49 255 255 13 9 15 11 64 12 63 255
255 59 0 10 61 255 6 4 255 7 51 16 25 37 36 52 255 60 9 45 21 31 53 255 19 27 3 255 35 24 38 44 41 28 18 2 8 30 20 39 29 255 43 40 255 1 17 34 26 47 56 42 55 63 5 46 50 255 48 255 57 54 65 15 255 255 22 32 33 23 49 12 255 13 58 11 255 64 14 62 255
255 10 1 3 6 2 0 4 255 13 255 17 28 42 18 16 255 7 9 21 31 19 255 27 24 40 255 60 52 26 36 38 25 35 54 62 65 29 39 255 57 255 34 55 63 255 43 45 41 48 37 51 49 59 5 20 30 44 46 53 50 255 58 15 255 22 56 32 47 23 33 12 255 8 11 64 255 61 14 255 255
255 12 4 62 63 255 0 10 255 14 23 27 54 40 255 16 255 7 2 33 18 49 55 255 35 21 9 3 32 19 48 57 25 24 38 65 15 22 28 36 42 37 51 31 59 6 47 255 255 34 44 45 26 255 64 56 41 52 46 53 30 39 1 255 255 255 43 50 29 20 17 5 255 11 255 60 58 61 8 13 255
255 6 4 65 59 255 255 8 255 2 28 18 42 51 30 45 20 5 3 19 27 57 48 46 50 255 58 63 41 55 44 35 29 255 43 15 62 54 40 49 32 33 22 255 11 64 56 47 36 24 39 34 52 60 1 37 255 53 17 26 23 255 14 0 255 16 25 38 31 255 21 10 255 255 7 61 13 255 12 9 255
255 65 3 63 4 0 7 9 255 2 42 28 55 18 35 51 255 59 6 57 19 40 27 16 255 21 10 255 48 255 49 255 24 45 255 13 62 255 41 54 26 38 17 31 1 15 32 22 36 39 25 30 34 255 11 47 56 52 43 37 46 50 58 12 23 33 44 29 53 20 255 5 255 14 64 60 255 61 8 255 255
255 59 58 61 5 8 10 1 255 255 45 46 30 39 20 255 17 13 255 51 50 53 31 37 21 255 9 255 255 255 44 26 29 52 43 60 65 35 34 24 38 25 36 16 7 2 57 18 27 255 255 54 40 62 4 42 28 19 41 47 56 255 0 14 48 23 32 33 22 49 55 63 255 6 12 3 255 15 64 11 255
255 15 63 65 255 64 3 2 255 11 22 255 57 42 41 19 28 6 14 32 55 47 40 56 27 18 4 12 33 49 48 54 255 255 255 62 58 23 50 255 46 37 53 44 61 0 16 24 38 36 25 52 43 60 10 21 34 31 30 39 20 29 8 7 255 35 51 45 26 255 17 1 255 9 255 59 255 255 5 13 255
255 62 15 63 255 64 65 2 255 14 49 33 55 47 56 57 42 255 11 54 22 40 32 27 48 18 4 12 255 23 255 255 41 19 28 6 60 52 255 36 46 34 50 255 58 1 17 26 25 38 24 255 35 3 13 43 39 29 30 20 45 51 255 10 21 31 16 44 37 53 255 255 255 9 0 7 5 8 61 59 255
255 14 13 15 11 6 65 64 255 12 23 255 32 48 47 57 56 9 1 33 17 22 255 19 42 28 3 63 55 26 38 39 31 21 41 10 62 49 54 40 255 27 255 18 4 255 255 44 24 29 35 43 34 2 7 16 37 25 20 36 52 255 255 61 255 53 45 30 51 46 50 255 255 0 5 255 8 59 60 58 255
255 0 1 255 3 64 65 255 255 7 16 24 35 34 255 50 255 58 13 17 26 255 255 56 57 47 12 59 25 38 51 255 41 48 32 15 6 36 31 255 19 28 42 23 14 255 37 39 45 30 255 46 22 11 9 52 21 43 27 18 40 33 255 61 53 29 44 20 54 55 49 63 255 60 10 2 5 62 8 4 255
255 13 4 255 63 6 5 3 255 2 255 18 27 28 19 42 57 65 61 17 53 44 55 29 20 255 8 1 26 37 40 54 39 30 45 62 0 255 16 24 49 35 46 51 59 255 255 25 38 41 34 50 48 58 7 255 36 52 255 43 33 22 15 10 21 255 31 56 47 23 32 12 255 9 255 60 64 255 14 11 255
255 64 4 2 60 3 6 9 255 255 41 255 28 52 19 255 21 10 63 56 55 18 40 27 255 255 255 65 48 57 42 36 31 43 53 61 255 47 49 255 54 39 29 44 62 255 32 255 26 25 38 50 37 58 15 22 33 45 46 30 20 51 8 14 255 23 17 16 24 34 35 0 255 11 12 1 7 13 5 59 255
255 10 1 61 60 15 14 62 255 13 255 17 255 52 22 33 49 11 9 21 44 53 37 255 23 54 12 5 39 29 26 43 32 47 55 63 255 31 34 38 25 48 56 40 64 8 30 20 255 36 255 41 255 255 255 46 50 24 16 57 18 27 2 59 45 51 35 255 42 28 19 3 255 255 58 0 7 65 4 6 255
255 5 1 255 59 62 10 4 255 13 255 17 45 51 255 21 255 9 8 20 46 30 35 54 55 40 63 255 29 26 39 38 31 57 42 65 58 43 50 34 24 255 49 18 2 255 44 25 36 255 41 48 28 255 7 52 16 255 33 56 22 27 11 61 53 37 255 23 47 32 19 6 255 60 0 12 14 64 15 3 255
255 12 1 64 13 0 5 7 255 255 255 255 56 43 25 52 36 60 14 23 32 47 17 16 20 255 8 61 53 44 41 29 37 30 45 255 11 33 22 255 26 38 39 31 255 63 49 55 28 255 35 46 51 59 15 54 40 19 27 24 34 21 10 65 57 48 42 18 255 50 255 58 255 62 255 6 2 3 4 9 255
255 8 255 59 62 63 12 15 255 60 43 52 255 54 49 33 22 11 5 20 45 51 40 55 23 255 14 255 29 36 44 255 48 57 32 65 255 39 30 35 46 27 42 255 1 61 31 38 53 26 255 17 47 13 0 255 16 24 34 18 28 19 3 10 21 25 37 50 255 41 56 64 255 9 7 255 58 4 2 6 255
255 9 4 10 1 13 6 255 255 2 255 18 21 27 28 19 41 3 59 51 35 255 26 17 255 56 64 255 45 24 31 38 42 57 47 65 7 30 16 39 25 255 48 32 15 5 20 34 29 37 44 53 22 61 58 46 50 43 36 52 255 23 12 255 255 255 55 40 49 54 33 11 255 8 0 63 255 60 62 14 255
255 59 1 10 9 255 7 58 255 13 51 17 35 21 24 16 34 0 8 45 255 30 43 46 52 50 60 65 42 57 26 31 38 25 37 255 5 41 20 39 29 44 36 53 61 2 28 18 48 255 255 255 255 255 4 56 27 54 40 49 55 255 63 3 47 19 32 23 33 255 22 15 255 64 6 62 14 12 255 11 255
255 0 59 58 255 8 13 255 255 255 45 51 30 39 20 29 43 5 10 34 35 50 26 255 17 255 1 9 255 21 46 31 36 44 52 60 7 16 24 25 38 37 53 255 61 65 32 57 48 22 255 255 255 15 64 47 56 41 28 19 18 27 4 14 23 42 55 33 49 54 40 62 255 12 255 63 11 6 2 3 255
255 8 255 58 61 65 15 12 255 60 34 52 50 43 48 32 23 14 5 20 36 29 53 57 22 33 11 0 24 16 46 44 255 47 255 255 7 45 25 30 37 42 56 49 64 255 35 38 26 255 255 41 55 63 59 51 31 39 255 19 28 54 62 9 255 21 17 255 27 18 40 4 255 13 10 1 255 3 2 6 255
255 14 11 64 5 59 10 13 255 12 23 32 47 255 51 21 255 9 8 33 22 56 20 45 30 17 1 65 57 48 255 39 35 31 26 255 15 42 28 41 29 44 46 53 61 4 255 18 255 43 24 255 38 255 3 49 19 54 255 34 50 37 58 2 55 27 40 52 36 16 25 0 255 63 6 62 60 255 7 255 255
255 65 64 14 12 255 11 6 255 255 42 56 41 47 28 255 19 3 255 57 48 23 32 33 22 27 15 1 17 255 26 255 49 255 18 4 61 255 53 38 24 54 34 40 2 13 255 44 31 43 39 29 55 63 0 16 37 25 35 46 50 51 58 9 255 21 36 52 30 20 45 8 255 7 10 255 60 62 5 59 255
255 10 255 255 60 58 65 13 255 9 21 37 31 255 50 57 255 255 61 255 53 39 52 26 42 17 1 0 255 25 38 36 34 48 255 2 59 255 44 29 43 41 28 18 4 7 35 16 24 32 47 55 40 63 14 51 255 20 23 56 19 27 6 11 45 22 30 33 46 49 54 255 255 8 15 5 12 64 3 62 255
255 13 7 0 61 255 3 64 255 1 17 44 16 53 37 255 255 15 255 255 29 255 43 41 52 56 60 8 26 39 38 255 25 36 22 11 5 255 20 31 42 28 19 47 6 63 45 30 24 55 48 57 32 65 10 21 50 34 40 18 27 23 12 59 51 46 35 54 49 255 33 255 255 9 58 2 62 4 255 14 255
255 2 6 62 65 63 255 15 255 4 18 28 42 57 255 48 255 255 3 27 19 40 47 55 32 22 11 255 255 41 255 56 255 255 255 64 9 36 21 54 31 49 23 33 12 10 25 46 30 38 39 26 37 14 7 52 16 45 24 51 35 53 61 58 43 50 20 34 29 17 44 1 255 60 0 8 5 59 13 255 255
255 5 15 8 7 60 10 255 255 61 44 53 43 36 52 21 255 9 11 33 22 20 16 30 45 46 0 14 49 37 29 25 39 31 255 1 12 23 32 48 24 34 35 50 58 63 55 47 255 38 26 17 255 13 64 40 56 57 19 27 51 255 255 62 54 41 42 28 18 255 255 2 255 255 6 65 3 4 59 255 255
255 15 12 64 62 63 2 3 255 14 47 23 56 41 55 28 19 6 11 22 33 49 54 40 18 27 4 58 32 50 34 46 48 42 57 65 8 44 20 29 30 43 39 255 255 5 255 35 24 255 38 31 26 255 59 53 51 37 45 52 21 255 10 0 255 16 25 255 36 255 17 13 255 61 7 255 255 60 9 1 255
255 12 11 64 60 255 10 0 255 14 23 32 47 36 25 37 16 7 15 33 22 56 52 31 21 38 9 63 55 48 255 44 255 53 24 61 62 49 54 41 43 39 29 26 255 65 40 57 42 255 45 51 35 59 2 27 18 28 255 30 20 17 1 3 19 255 255 255 46 50 34 58 255 6 4 255 255 5 8 13 255
255 255 255 60 1 13 7 9 255 62 54 255 52 17 36 16 255 0 58 40 255 50 34 255 24 35 255 63 55 255 43 26 37 25 21 10 3 27 19 46 30 45 38 51 59 5 49 20 29 39 33 31 22 15 4 18 28 44 42 53 57 23 12 8 255 41 56 255 47 48 32 11 255 2 6 64 255 61 65 14 255
255 2 5 255 8 15 14 255 255 64 56 41 47 20 32 23 255 12 4 18 28 42 49 22 33 255 11 65 255 44 57 29 48 45 51 59 63 27 55 40 54 255 43 255 255 61 255 53 37 39 35 30 46 255 6 255 19 25 36 16 52 50 60 1 17 26 38 31 24 21 34 9 255 13 3 7 62 0 10 58 255
255 0 60 8 59 5 10 58 255 7 16 35 24 51 34 255 50 255 3 36 52 20 45 30 21 46 9 255 25 43 29 38 39 31 255 12 6 37 19 28 41 42 56 47 64 61 53 255 44 26 255 23 32 14 4 255 27 18 40 57 55 48 63 1 255 17 255 54 33 49 22 11 255 255 13 2 62 65 255 15 255
255 58 10 62 255 1 13 8 255 59 50 51 34 26 43 17 52 60 0 46 45 30 39 29 44 20 5 7 16 35 24 38 25 255 36 255 9 255 21 54 31 37 53 255 61 2 18 28 255 41 255 56 47 64 3 27 19 40 49 55 33 23 14 4 255 42 57 255 48 22 32 11 255 255 6 65 255 63 15 12 255
255 1 8 255 59 58 2 3 255 9 255 255 34 45 50 18 27 4 13 17 26 38 51 28 42 19 6 10 21 39 31 30 46 57 40 65 5 255 20 24 35 41 48 54 62 255 44 29 255 255 33 23 49 14 0 37 16 25 255 56 32 47 12 61 53 43 36 52 255 22 55 11 255 255 7 255 60 64 15 63 255
255 9 7 10 60 255 11 62 255 14 255 23 21 33 49 22 54 15 0 25 16 36 52 37 47 53 61 12 38 24 31 255 55 32 40 63 58 255 50 255 43 255 56 44 64 255 26 34 39 29 255 48 27 255 1 17 46 30 20 28 41 18 4 59 51 35 45 255 42 57 19 3 255 13 255 5 8 6 65 2 255
255 255 61 255 60 0 7 15 255 59 34 51 24 35 16 255 255 13 58 50 53 37 52 25 36 22 11 9 45 21 31 26 38 17 255 1 255 46 44 47 43 32 23 33 14 10 30 29 39 41 40 255 54 62 65 255 57 48 56 55 255 49 12 8 20 42 18 28 27 19 255 3 255 5 4 2 64 63 6 255 255
255 10 13 61 255 64 15 255 255 9 21 255 31 255 255 22 255 11 1 37 17 53 44 56 47 42 255 8 30 20 39 29 48 32 57 65 59 45 51 26 35 41 23 28 12 5 25 46 38 43 40 33 255 14 0 16 34 24 255 27 19 18 2 255 36 50 52 54 55 49 255 3 255 7 58 60 62 63 6 4 255
255 14 255 62 63 65 3 4 255 12 23 255 54 40 57 27 18 2 11 33 41 49 55 42 19 28 6 15 22 25 32 36 48 52 255 60 64 255 56 47 34 255 50 46 58 255 37 38 26 31 39 21 30 10 255 255 24 17 35 51 255 45 9 7 53 16 44 255 29 43 20 5 255 61 0 1 13 59 255 8 255
255 59 0 58 255 64 14 63 255 255 255 255 255 41 56 23 55 12 255 51 35 50 28 47 19 40 3 7 45 16 255 42 32 33 49 6 65 46 24 34 57 48 27 54 62 255 30 38 39 25 31 22 37 15 5 20 26 29 36 44 18 53 2 13 255 17 43 52 21 255 255 11 255 8 1 9 60 10 4 61 255
255 60 255 64 2 4 14 6 255 61 53 37 41 18 28 27 19 3 255 52 36 56 255 47 23 32 12 59 44 25 51 35 42 40 57 65 0 43 16 45 24 255 54 48 62 7 29 26 39 38 31 49 21 9 8 20 255 30 34 255 33 22 11 13 255 17 46 50 255 55 255 10 255 5 1 255 58 255 63 15 255
255 12 10 60 59 6 255 4 255 9 255 21 255 51 19 35 27 3 14 23 255 52 45 36 255 18 2 15 22 255 33 31 28 42 55 63 11 32 48 43 39 29 57 40 65 58 41 50 34 38 25 24 49 255 255 47 46 44 30 20 255 54 62 1 56 17 53 26 37 16 255 0 255 64 13 61 5 8 7 255 255
255 13 59 65 255 5 8 4 255 1 17 51 45 26 255 43 255 255 255 46 35 30 39 20 29 18 2 0 48 24 57 38 255 52 255 60 58 50 34 255 31 255 44 27 255 7 255 16 42 25 28 36 19 3 11 32 22 47 53 21 55 40 10 14 23 33 56 37 41 49 54 6 255 12 15 64 61 9 63 62 255
255 12 255 9 63 10 59 0 255 15 255 255 255 45 35 51 37 255 14 23 33 21 55 24 49 16 7 11 255 22 31 255 38 53 25 61 4 27 32 48 40 34 54 36 62 2 18 47 39 30 26 46 50 58 6 19 56 57 255 17 255 52 60 5 28 41 42 20 29 44 43 255 255 3 64 65 8 13 255 1 255
255 64 12 6 3 63 2 255 255 14 41 23 19 27 28 18 42 4 255 56 33 49 40 55 54 255 62 11 47 22 32 255 48 255 57 65 59 45 51 35 255 24 16 34 0 15 255 255 31 37 38 25 255 7 10 30 44 21 53 46 36 50 58 5 20 29 39 43 26 52 17 13 255 8 255 9 61 255 60 1 255
255 13 255 8 5 255 60 9 255 255 255 44 20 29 43 52 255 0 1 17 45 30 39 26 31 21 10 61 255 53 37 25 38 36 16 7 59 255 51 46 35 24 50 34 58 12 23 33 255 49 255 55 255 63 15 32 22 47 40 19 27 56 255 65 48 57 42 54 28 18 41 2 255 14 11 6 62 3 4 64 255
255 1 5 7 8 0 60 4 255 13 17 37 255 25 16 36 255 255 61 44 53 29 20 43 52 18 2 255 255 255 26 38 24 35 27 62 255 255 31 39 30 45 51 54 59 64 255 56 34 41 28 19 40 3 9 255 21 50 22 46 33 49 6 255 57 47 48 32 42 23 55 12 255 65 10 58 15 11 14 63 255
255 2 3 61 60 255 9 5 255 62 40 54 44 52 29 43 20 8 6 27 19 53 37 255 21 255 10 63 55 49 255 36 39 31 30 255 4 18 28 42 25 255 51 45 59 64 56 41 47 38 26 17 46 1 0 255 16 57 24 34 35 50 58 12 23 33 32 22 48 255 255 13 255 14 7 65 15 11 255 255 255
255 58 8 62 5 255 0 59 255 255 46 255 30 20 45 255 51 255 60 50 52 34 36 24 16 35 7 255 255 43 39 29 26 37 17 1 11 22 255 54 31 38 25 255 13 15 33 255 49 44 55 53 255 61 9 32 48 47 21 40 27 18 4 12 23 57 56 42 41 19 28 6 255 14 65 64 10 63 3 2 255
255 6 65 4 15 11 14 10 255 3 19 42 28 22 41 23 255 12 2 27 57 18 48 31 32 21 9 62 54 35 49 33 39 56 29 64 59 40 51 255 45 30 47 20 5 63 55 24 34 38 26 52 43 60 0 255 16 50 25 46 36 255 8 255 255 255 255 37 17 53 44 61 255 255 7 58 13 1 255 255 255
255 5 9 255 62 63 2 3 255 10 255 21 255 54 40 27 19 6 8 20 255 255 49 55 18 28 4 255 39 31 30 34 46 50 42 58 61 29 53 44 37 45 51 41 59 255 26 38 25 24 255 35 57 65 60 43 52 36 33 56 23 255 14 1 17 255 16 22 47 32 48 11 255 13 0 7 15 64 12 255 255
255 15 0 60 7 61 8 255 255 65 48 57 52 43 53 29 44 255 11 22 42 36 16 25 20 255 5 14 32 47 255 255 37 30 46 255 64 33 56 255 24 38 31 34 255 12 23 41 255 35 26 39 50 58 3 49 28 54 19 255 21 255 9 4 55 18 40 27 51 45 17 1 255 63 2 62 6 59 10 13 255
255 255 59 5 8 61 12 11 255 60 52 51 37 45 53 23 33 14 7 43 35 29 20 44 32 22 15 255 36 25 39 30 46 48 255 255 0 16 24 255 34 41 47 56 64 58 26 38 31 50 42 57 255 65 3 255 19 21 27 28 18 255 4 1 17 255 255 40 55 54 49 62 255 13 6 10 9 63 2 255 255
255 15 12 11 255 255 6 255 255 14 33 23 22 32 48 57 42 65 60 255 52 255 36 255 19 28 3 62 49 54 43 47 255 56 41 64 63 55 40 38 25 255 27 18 2 58 26 50 29 34 44 37 53 61 0 255 16 31 24 21 35 51 4 1 17 46 39 20 30 255 45 5 255 13 7 255 8 10 9 59 255
255 15 14 63 65 62 2 3 255 12 32 23 48 57 40 18 27 4 11 22 33 55 49 54 255 19 6 59 47 51 45 42 28 52 255 60 64 56 255 41 29 44 43 53 61 255 46 35 30 39 31 36 37 255 5 255 20 255 26 21 17 255 13 7 50 34 24 16 38 25 255 255 255 58 8 9 0 10 1 255 255
255 9 8 13 1 60 0 255 255 10 21 31 26 38 25 16 37 7 5 255 20 17 29 52 43 44 255 58 50 39 34 24 36 35 53 61 255 46 30 255 45 255 51 255 59 62 255 255 255 54 40 49 55 63 12 48 23 32 33 22 47 56 64 6 57 42 19 28 27 18 41 2 255 65 14 3 255 11 4 15 255
255 10 13 60 7 0 8 255 255 9 21 39 43 29 16 20 255 5 1 255 17 52 30 24 46 50 58 62 31 26 38 36 25 37 34 255 63 54 55 40 45 35 51 255 59 65 57 255 48 44 32 53 255 61 4 18 49 27 33 22 23 255 14 6 42 28 19 41 47 56 255 64 255 2 255 3 255 15 12 11 255
255 1 255 255 60 10 8 9 255 255 255 255 36 52 255 20 255 5 13 17 255 26 39 21 29 44 255 59 51 45 25 30 37 43 53 61 58 255 50 38 46 31 255 54 62 65 35 34 24 57 40 55 49 63 4 27 18 16 48 47 32 23 14 3 19 28 41 42 56 22 33 15 255 6 2 7 0 64 11 12 255
255 9 58 255 255 255 8 65 255 59 51 50 45 46 30 20 255 5 10 21 34 31 36 42 52 57 60 0 35 16 24 29 39 43 48 255 7 255 37 38 25 41 255 56 64 61 255 53 255 44 26 23 32 12 2 18 27 40 19 28 255 47 14 63 255 55 54 49 17 33 22 11 255 4 3 62 6 13 1 15 255
255 59 5 0 8 7 10 1 255 255 35 34 24 20 16 21 31 9 58 51 50 46 30 45 39 17 13 61 255 53 37 44 25 29 38 255 6 19 27 255 255 36 52 26 60 62 255 40 48 54 32 43 47 255 4 28 18 41 255 23 255 56 64 63 42 55 57 49 33 22 255 15 255 3 2 65 255 12 11 14 255
255 14 255 12 3 4 11 2 255 63 55 49 23 33 32 22 47 15 62 40 54 27 19 18 28 41 6 65 255 255 255 57 48 42 56 64 8 255 255 43 20 29 255 44 5 59 51 34 45 30 39 31 53 61 255 255 50 52 46 26 21 17 1 7 35 24 36 16 25 38 37 10 255 255 58 60 0 255 9 13 255
255 15 6 65 59 2 4 62 255 3 41 19 28 27 18 40 54 255 11 22 33 57 51 45 49 50 58 64 56 255 42 35 255 55 255 63 255 32 255 48 24 30 34 46 255 1 47 17 26 38 39 31 53 61 12 23 255 255 16 20 21 255 9 60 52 36 43 25 29 37 44 255 255 14 13 0 7 5 10 8 255
255 255 4 255 63 59 7 61 255 255 255 255 45 255 51 16 255 0 2 27 18 40 55 53 37 54 62 58 46 50 30 34 35 24 255 255 5 20 28 29 36 44 25 49 12 8 255 41 39 31 26 38 23 14 3 19 42 43 52 22 21 33 9 65 57 56 48 47 32 255 17 1 255 6 64 15 60 11 10 13 255
255 9 58 255 7 0 1 65 255 10 21 34 255 24 16 255 42 6 60 52 50 36 26 25 17 57 13 8 43 46 31 38 255 19 28 3 61 29 44 39 53 37 27 18 4 5 20 30 255 35 47 56 41 64 255 255 45 22 55 32 40 48 2 59 255 51 33 49 23 54 255 12 255 11 255 15 63 14 62 255 255
255 65 3 62 255 60 255 59 255 2 255 27 54 40 34 50 45 58 6 57 19 255 36 52 255 51 0 4 48 18 49 55 43 46 30 63 14 42 28 255 25 24 16 35 7 12 23 41 33 37 29 39 20 5 13 32 17 22 26 38 31 255 255 64 47 56 255 53 44 21 255 9 255 15 1 11 61 255 10 8 255
255 2 11 255 65 63 12 62 255 15 18 22 27 57 40 33 54 255 4 47 32 255 48 55 23 49 14 64 56 28 41 42 255 255 21 9 58 50 34 37 53 43 44 255 61 6 46 19 38 26 30 39 31 10 0 16 24 25 36 52 29 20 8 255 255 35 255 51 45 17 255 1 255 7 3 255 59 60 13 5 255
255 15 0 58 8 5 59 13 255 11 22 34 50 35 26 51 17 1 7 49 16 36 25 20 52 37 60 14 33 24 46 38 30 45 53 61 63 55 255 255 31 39 43 29 255 12 23 255 32 42 48 57 44 65 3 54 19 255 28 41 21 255 9 255 40 27 47 18 56 255 255 255 255 62 6 4 2 64 10 255 255
255 1 5 60 6 3 64 2 255 13 17 29 52 43 19 255 27 255 8 255 20 255 41 28 56 18 4 0 26 39 36 30 255 47 40 255 255 38 31 25 45 255 23 255 14 7 16 44 37 46 48 32 55 63 10 24 21 35 51 42 33 49 12 61 34 53 50 255 57 22 54 15 255 255 9 58 59 65 11 62 255
255 59 58 10 61 9 5 255 255 255 51 46 45 30 255 20 255 8 0 35 50 37 53 21 44 52 60 7 16 34 25 39 36 29 43 2 1 24 17 38 26 31 18 255 4 64 255 56 48 41 28 57 42 65 13 255 47 32 22 27 55 40 63 14 255 255 23 33 19 49 54 62 255 255 255 12 15 6 11 3 255
255 6 64 2 58 4 255 15 255 255 28 41 18 255 42 255 57 65 3 19 56 27 50 34 40 22 11 60 43 52 36 46 255 55 48 63 8 37 47 25 35 24 54 32 62 5 29 20 39 30 255 49 33 255 61 53 255 16 51 38 255 23 14 9 44 21 31 45 26 17 255 13 255 255 10 7 59 0 1 12 255
255 255 14 58 7 0 5 10 255 59 51 45 35 30 16 20 255 8 12 32 23 50 46 31 39 21 9 15 22 33 34 255 24 29 43 255 11 47 255 48 44 38 26 52 60 64 56 49 41 37 25 255 36 255 255 255 55 57 53 42 17 255 13 3 54 40 19 27 28 18 255 2 255 62 63 65 61 6 4 1 255
255 1 9 59 5 8 62 63 255 13 46 17 30 39 20 54 40 255 10 255 21 51 31 29 49 55 6 58 50 34 45 26 43 52 27 60 255 255 24 35 38 44 255 19 3 65 255 57 42 22 28 33 18 2 7 255 16 37 25 53 36 255 4 255 255 48 47 32 41 23 56 12 255 255 0 11 15 61 14 64 255
255 13 255 255 58 8 15 5 255 1 17 26 39 50 30 46 54 62 61 44 53 29 255 20 22 49 11 10 21 38 31 34 45 33 55 63 60 52 37 43 255 51 32 48 59 9 36 25 255 24 35 23 40 14 0 255 16 255 255 42 47 57 255 4 18 255 27 19 28 56 41 12 255 2 7 6 3 255 64 65 255
255 3 4 65 63 59 60 9 255 2 18 40 255 55 51 255 255 255 6 19 27 57 43 45 52 21 10 62 28 54 42 49 35 36 31 255 15 41 22 48 29 30 20 39 5 64 56 33 34 44 24 25 38 8 11 47 32 50 255 46 16 26 0 12 255 23 255 53 255 37 17 1 255 255 14 58 61 255 7 13 255
255 255 63 1 62 58 15 64 255 255 255 55 255 49 255 33 255 14 13 255 40 17 54 50 22 56 11 0 255 255 26 35 46 23 41 12 7 25 16 38 24 34 32 47 255 60 36 52 39 45 30 51 28 59 10 37 21 31 27 18 48 19 3 255 53 43 29 44 20 57 42 65 255 61 9 4 5 8 2 6 255
255 4 6 255 62 63 65 11 255 3 27 19 40 54 55 49 33 14 2 18 28 255 42 48 57 22 15 64 56 41 47 24 32 34 23 12 59 255 51 45 35 30 50 46 58 255 36 25 255 38 39 31 255 9 255 52 53 43 44 29 20 255 8 0 255 37 255 16 26 21 17 1 255 60 61 255 7 5 10 13 255
