255 15 19 20 17 47 7 255 255 5 26 255 36 34 45 27 255 13 11 255 31 255 255 255 33 255 14 10 30 255 255 255 255 23 255 2 3 255 24 39 255 255 44 37 52 46 42 51 53 50 255 43 48 38 18 255 35 49 40 255 32 21 0 6 29 22 255 28 255 255 25 16 255 9 1 41 8 255 12 4 255
255 10 19 41 0 9 16 15 255 11 42 31 30 255 255 255 26 5 3 39 24 49 21 29 25 255 4 38 50 48 53 37 255 255 255 255 46 51 255 255 255 255 255 34 17 2 40 23 255 255 255 255 255 255 18 35 255 33 44 255 27 45 13 6 28 22 255 43 32 255 36 20 255 8 1 14 52 12 7 47 255
255 1 16 6 8 7 13 15 255 4 255 25 255 255 255 255 26 5 0 255 21 22 28 27 42 30 10 255 255 44 255 40 255 31 255 19 52 43 37 255 51 255 39 255 11 14 255 33 255 50 255 24 255 3 12 32 48 255 53 34 49 36 20 2 255 23 35 255 45 29 255 9 255 255 38 18 46 17 41 47 255
255 16 52 0 2 38 15 10 255 4 25 44 21 255 37 26 30 5 12 32 43 255 23 48 29 255 9 14 255 33 255 255 255 35 42 18 255 255 255 255 255 53 49 39 41 13 255 27 255 255 50 255 51 46 47 36 45 255 255 28 22 24 3 7 255 34 255 255 40 255 31 19 255 20 17 255 1 8 6 11 255
255 15 19 3 38 2 6 255 255 5 26 255 255 23 255 22 255 1 11 255 31 24 48 37 21 255 0 46 255 51 255 50 40 28 255 8 18 35 49 39 53 255 25 255 16 10 30 42 255 255 255 255 255 4 41 29 255 44 33 34 45 27 13 12 255 32 43 255 255 36 255 20 255 9 255 52 14 17 47 7 255
255 4 41 46 18 10 15 255 255 9 255 29 255 35 30 26 255 5 16 25 49 51 255 42 255 36 20 38 37 48 255 255 255 255 45 47 0 21 53 50 39 40 24 255 3 2 255 23 255 255 255 255 34 17 14 33 44 22 255 28 31 255 19 12 32 43 255 255 255 255 27 13 255 255 52 1 6 8 11 7 255
255 5 7 10 0 46 18 2 255 15 26 255 30 42 51 35 255 255 13 255 27 255 21 37 48 23 38 255 255 255 255 255 50 53 255 9 17 255 34 255 255 255 49 29 41 3 255 24 255 39 40 28 255 8 47 36 45 255 25 255 32 43 12 11 255 31 255 255 33 22 44 1 255 20 19 4 16 14 6 52 255
255 13 10 17 15 0 11 16 255 9 255 30 255 26 255 255 255 5 7 27 255 34 255 21 31 25 19 41 29 42 255 49 37 255 255 4 47 36 45 255 39 255 24 255 3 20 255 50 40 53 48 255 255 38 18 255 35 255 255 255 43 32 12 1 22 51 28 255 33 44 23 2 255 6 46 8 255 14 52 255 255
255 20 255 2 7 38 9 16 255 17 255 34 255 27 23 29 255 13 47 36 45 255 255 48 255 25 4 3 255 24 255 39 53 49 255 41 19 255 31 255 255 37 255 21 0 11 255 255 40 255 50 33 255 14 1 22 255 28 255 255 44 43 52 15 255 26 42 30 51 35 32 18 255 6 5 8 10 46 255 12 255
255 255 13 10 17 255 6 20 255 7 255 27 255 34 255 45 36 47 15 255 255 255 255 255 22 255 1 12 255 32 255 40 255 28 255 8 5 255 26 30 39 255 49 255 41 14 33 43 255 50 255 53 29 9 46 35 51 42 24 31 23 255 2 52 44 255 25 255 21 48 37 0 255 18 16 4 3 19 38 11 255
255 10 15 38 255 41 0 16 255 2 255 23 255 255 49 255 29 9 5 30 26 48 37 53 21 25 4 47 45 36 255 255 39 255 24 3 20 42 255 51 255 50 40 31 11 17 34 255 255 255 255 28 255 8 255 255 35 255 255 255 22 255 1 7 27 255 255 32 33 43 44 52 255 13 18 46 12 14 6 19 255
255 255 13 38 0 2 16 46 255 7 255 27 23 255 255 255 35 18 17 255 34 48 21 37 25 255 4 3 24 255 255 255 40 28 255 8 19 31 45 53 255 50 22 51 1 11 39 255 255 255 255 33 42 14 20 49 36 32 255 43 255 26 15 9 29 255 255 255 255 44 30 10 255 41 47 12 255 52 6 5 255
255 19 47 3 20 41 10 15 255 11 31 36 24 255 255 42 29 9 14 33 45 39 255 49 30 26 5 52 44 43 255 255 255 51 255 46 17 255 34 255 255 53 50 255 255 12 255 32 255 255 255 40 35 18 13 255 27 37 23 48 22 255 6 16 25 255 21 255 255 28 255 8 255 4 7 0 2 38 1 255 255
255 19 16 3 0 41 46 2 255 11 31 255 24 255 39 35 255 18 4 255 25 51 21 49 29 23 9 10 30 255 42 255 255 255 33 14 5 26 255 50 37 53 48 255 38 12 255 32 255 255 255 43 44 52 255 255 255 40 255 28 22 255 6 13 255 27 255 34 255 45 36 47 255 15 7 255 17 8 1 20 255
255 20 16 0 17 8 13 1 255 47 36 45 255 34 255 27 255 7 4 37 25 21 40 28 255 22 6 2 255 255 255 255 255 31 255 19 38 48 23 53 50 255 255 255 11 255 255 255 49 255 39 24 255 3 52 44 43 42 51 30 255 26 15 255 33 32 255 29 255 35 255 18 255 14 12 41 9 10 46 5 255
255 11 15 19 10 12 8 1 255 5 255 26 255 30 255 42 255 255 3 255 24 31 40 32 28 22 6 13 27 255 255 255 255 255 35 18 7 255 39 255 50 255 51 255 46 17 34 255 255 255 255 21 37 0 41 29 49 255 53 43 25 48 4 47 45 36 33 255 44 255 23 2 255 9 20 14 255 52 16 38 255
255 12 52 3 19 11 41 15 255 255 32 43 39 49 255 29 255 9 14 33 44 24 255 31 255 26 5 38 23 48 255 53 255 255 255 255 46 255 51 255 50 42 40 30 10 2 255 37 255 255 255 255 255 20 18 35 255 255 255 255 28 22 6 16 25 21 27 255 34 36 45 47 255 4 0 7 13 17 8 1 255
255 19 3 41 9 0 16 15 255 11 31 24 39 29 255 255 26 5 18 35 255 49 255 21 25 255 4 46 51 255 42 255 255 255 30 10 255 50 40 53 48 37 255 23 38 8 255 28 255 255 255 255 255 2 7 27 255 34 33 44 45 36 47 1 255 22 255 255 43 32 255 255 255 13 6 17 14 52 12 20 255
255 41 11 255 3 14 16 52 255 19 255 31 39 24 33 25 44 4 9 29 255 49 255 255 21 43 0 47 45 255 255 255 255 255 32 12 20 36 255 53 48 255 37 255 255 17 34 255 50 40 255 28 255 8 2 255 23 51 255 42 22 255 1 13 27 255 255 35 30 255 26 5 255 7 38 46 18 10 6 15 255
255 19 41 3 255 255 8 6 255 11 31 255 24 255 255 255 26 5 9 255 29 49 255 40 28 22 1 14 255 33 39 255 255 255 30 15 52 255 44 53 43 50 32 51 12 20 255 255 255 255 255 255 42 10 7 34 27 48 255 255 255 35 18 47 45 36 37 23 21 25 255 16 255 17 13 38 2 0 4 46 255
255 6 16 0 4 38 2 13 255 1 22 50 37 53 48 49 29 41 46 42 51 21 25 255 23 27 7 8 28 40 255 255 255 39 255 9 10 30 255 255 255 255 255 34 17 18 35 255 255 255 255 24 255 3 15 26 255 44 33 255 31 45 11 12 32 255 43 255 255 255 36 20 255 5 255 52 14 255 19 47 255
255 18 1 8 255 10 255 13 255 6 255 22 28 40 255 255 255 9 46 35 51 42 50 30 255 27 7 38 37 48 255 53 255 49 29 41 0 21 255 255 255 255 39 34 17 2 23 255 255 255 255 255 36 20 16 25 32 43 255 26 24 45 3 14 255 33 44 255 255 31 255 19 255 4 12 52 5 15 11 47 255
255 14 6 41 12 3 19 5 255 1 33 22 255 255 24 31 255 11 52 44 43 49 32 39 255 26 15 8 255 28 40 255 42 37 30 10 9 29 255 53 255 255 48 255 38 17 255 34 50 255 51 21 255 0 47 36 45 255 255 255 255 23 255 13 255 27 35 255 255 25 255 16 255 20 7 18 255 46 4 2 255
255 17 15 0 10 4 46 16 255 5 255 26 255 30 255 35 255 18 7 34 27 21 51 25 255 33 14 13 255 255 255 42 255 43 44 52 47 45 36 37 50 40 28 255 8 255 255 255 255 255 255 32 255 12 19 31 255 48 53 255 22 255 6 3 24 39 23 49 255 29 255 9 255 11 20 38 41 2 1 255 255
255 2 47 13 0 7 4 255 255 17 34 45 27 21 255 25 255 16 20 23 36 255 255 255 255 255 5 38 255 48 255 37 255 255 26 15 18 35 53 50 255 40 255 28 8 46 255 255 51 255 42 255 30 10 41 29 49 39 255 255 32 22 6 19 255 31 24 255 33 43 44 52 255 9 11 3 255 14 12 1 255
255 15 1 10 8 52 46 12 255 5 26 42 30 51 44 255 33 14 6 255 22 255 28 43 35 32 18 255 255 255 255 50 255 255 27 7 255 255 255 255 40 255 255 255 13 0 255 21 255 53 255 255 34 17 16 255 25 255 23 255 29 45 9 19 31 37 24 48 39 49 36 20 255 11 4 3 38 2 41 47 255
255 13 20 46 18 14 52 15 255 7 27 255 51 35 42 43 30 10 47 45 36 255 255 33 44 26 5 17 34 255 50 255 255 32 255 12 9 39 255 255 255 255 255 255 255 41 49 29 53 255 255 255 255 255 3 24 255 31 255 37 255 21 0 6 28 22 40 255 48 23 25 16 255 8 1 19 11 38 2 4 255
255 12 52 18 14 46 10 15 255 255 32 43 255 42 51 30 26 5 255 255 44 255 33 35 39 29 9 2 23 255 255 53 50 49 40 41 7 255 255 255 255 255 24 255 3 38 255 48 255 37 255 255 28 8 16 27 25 255 21 36 31 255 11 17 34 255 45 255 255 255 22 1 255 13 4 47 0 20 19 6 255
255 20 5 19 3 11 1 9 255 15 255 26 255 24 31 32 255 12 47 36 255 255 39 255 49 29 41 10 255 30 255 255 255 43 44 52 8 45 28 40 50 53 22 255 6 255 255 42 255 255 255 255 33 14 7 34 27 48 51 37 25 21 16 2 23 255 255 255 255 35 255 18 255 17 13 38 46 255 4 0 255
255 6 12 8 52 17 47 7 255 1 22 255 28 255 34 45 27 13 4 255 32 40 43 255 36 255 20 16 255 25 255 255 255 255 255 255 0 255 21 50 44 51 255 255 46 3 24 37 255 255 42 255 30 10 19 31 48 53 33 255 35 26 15 2 39 23 49 255 29 255 255 255 255 11 38 41 14 9 18 5 255
255 14 12 46 18 10 6 15 255 52 44 43 42 255 30 255 26 5 255 33 32 51 35 255 22 255 1 38 255 48 50 53 40 28 255 8 2 23 255 255 49 255 255 255 41 20 255 37 255 255 255 255 29 9 17 34 45 21 39 25 255 255 16 13 27 36 255 24 255 31 255 19 255 7 47 0 3 4 11 255 255
255 1 2 255 12 52 255 15 255 9 29 255 255 32 43 255 26 5 6 22 23 255 255 44 33 255 14 41 255 49 255 255 255 255 30 10 8 28 53 40 50 255 51 42 46 3 24 39 255 255 255 35 255 18 38 255 48 37 255 45 34 36 17 16 25 31 21 255 255 27 255 7 255 4 19 0 11 47 13 20 255
255 2 19 46 18 8 6 255 255 11 23 31 51 35 255 29 255 9 3 255 24 50 40 28 22 255 1 38 48 39 53 49 255 255 255 41 0 37 21 255 255 255 25 255 16 10 255 30 42 255 255 255 255 4 47 36 45 34 27 255 255 32 7 15 255 26 255 255 33 44 43 52 255 20 5 17 13 14 255 12 255
255 2 19 0 3 16 41 4 255 11 255 31 21 24 25 29 255 9 38 23 255 255 39 255 49 35 18 20 36 48 37 53 50 51 255 46 47 45 255 255 255 40 42 28 8 255 255 255 255 255 255 30 255 10 17 34 43 255 32 255 255 22 6 13 27 44 33 255 255 26 255 15 255 7 52 14 12 255 5 1 255
255 18 15 255 3 255 19 1 255 5 35 26 255 255 255 255 22 6 10 42 30 255 24 255 31 255 11 46 51 53 50 255 40 255 28 8 41 255 49 255 39 255 43 44 52 38 23 48 37 255 255 32 255 12 16 25 29 21 255 36 27 33 13 2 255 255 255 255 45 34 255 17 255 4 9 0 20 47 7 14 255
255 19 41 3 9 8 6 12 255 11 31 255 24 255 28 22 255 1 2 23 49 39 29 255 33 32 14 38 48 53 255 50 40 255 255 255 15 37 255 255 255 255 44 43 52 5 26 255 255 255 255 255 255 255 0 21 45 25 34 255 255 27 7 20 30 36 42 51 255 35 255 18 255 10 47 16 17 4 46 13 255
255 1 15 52 10 12 7 47 255 6 22 255 43 255 32 255 36 20 5 255 26 255 30 255 34 45 17 8 28 40 255 255 255 27 255 13 14 33 42 44 255 255 255 255 255 41 49 50 53 255 255 29 255 9 46 35 51 48 37 255 21 255 0 11 39 31 24 23 255 25 255 4 255 18 19 3 38 2 16 255 255
255 19 5 10 46 255 18 47 255 15 255 26 30 42 255 35 36 20 255 255 255 255 51 255 33 45 14 8 28 40 255 50 255 44 43 52 11 31 255 24 39 255 255 34 17 0 255 21 255 53 255 255 32 12 16 255 25 255 49 23 255 27 13 6 22 37 255 48 255 29 255 9 255 1 4 3 38 2 41 7 255
255 20 19 3 17 7 9 255 255 11 255 31 24 255 39 29 49 41 47 36 45 255 34 255 27 255 13 18 255 35 255 50 255 255 53 255 46 255 51 255 255 255 23 255 2 8 255 28 255 40 255 255 48 38 15 26 42 30 44 33 25 21 16 1 255 22 255 43 255 32 37 12 255 5 6 10 52 14 4 0 255
255 52 12 38 8 1 13 6 255 2 43 32 23 255 255 27 255 7 14 44 33 255 28 22 34 255 17 18 255 255 255 255 48 37 255 255 46 51 35 50 40 53 45 255 47 10 42 30 255 255 255 21 255 0 5 255 26 39 255 49 255 36 20 19 31 255 24 255 29 25 255 4 255 11 15 3 255 41 16 9 255
255 47 13 17 3 15 19 10 255 20 36 255 255 24 255 31 255 11 7 45 27 34 255 26 255 30 5 255 255 255 255 39 255 49 29 41 0 255 21 255 37 255 48 42 38 12 32 255 40 255 50 53 51 9 16 43 25 28 22 255 255 23 2 14 44 33 255 255 255 35 255 46 255 52 4 8 6 1 18 255 255
255 19 3 16 41 7 9 13 255 4 25 255 255 255 255 29 32 12 11 31 24 39 49 27 33 255 14 0 21 37 255 255 255 44 43 52 38 23 48 255 53 255 255 35 18 255 255 255 255 50 255 51 255 46 8 255 28 45 40 34 42 30 10 1 255 22 255 36 255 255 26 15 255 2 6 47 20 17 255 5 255
255 14 5 16 38 0 13 19 255 2 33 23 255 255 255 255 31 11 15 255 26 25 255 21 27 255 7 52 44 43 255 255 255 39 24 3 10 42 30 255 48 37 34 255 17 12 51 32 50 53 255 49 255 255 1 255 22 40 28 255 45 29 41 46 35 255 255 255 255 36 255 20 255 18 6 4 8 255 47 9 255
255 16 0 8 6 12 38 255 255 1 255 22 28 40 255 23 255 2 4 25 21 37 48 32 44 43 52 255 255 255 255 50 255 51 255 46 41 255 49 255 53 255 33 255 14 9 29 255 255 255 255 42 35 18 20 36 39 255 26 255 30 255 10 19 31 24 45 255 34 255 27 7 255 11 3 47 15 17 5 13 255
255 19 7 3 255 10 41 15 255 11 31 255 24 39 30 49 26 5 13 255 27 255 255 255 29 255 9 17 255 34 255 255 42 51 255 46 47 36 45 255 255 40 50 28 8 12 255 32 255 255 255 53 35 18 16 255 25 255 21 37 48 22 1 52 44 43 33 255 255 23 255 2 255 20 4 14 0 255 38 6 255
255 2 9 255 52 10 4 15 255 14 255 33 255 44 30 25 26 5 12 255 32 255 43 255 21 255 0 38 23 255 255 48 42 37 255 16 41 255 29 40 50 51 255 255 13 3 24 49 39 53 255 27 255 7 1 255 22 28 255 255 255 36 20 19 31 255 255 255 35 34 45 17 255 11 6 8 255 46 18 47 255
255 19 2 7 13 17 0 20 255 255 255 255 255 255 255 255 32 12 11 31 23 255 27 34 45 36 47 3 24 255 255 255 33 44 43 52 38 39 48 255 37 255 21 35 18 41 49 53 255 50 255 51 42 46 6 22 28 255 40 255 25 255 16 9 29 255 255 255 255 26 30 5 255 1 8 255 4 14 15 10 255
255 18 255 10 15 5 13 4 255 46 35 51 42 255 255 255 25 16 52 44 43 30 26 255 27 255 7 12 255 32 255 255 255 255 21 0 14 33 255 255 255 255 34 37 17 255 255 50 255 40 53 23 48 38 11 31 255 24 255 39 45 36 47 6 255 22 255 28 49 29 255 9 255 19 1 3 8 41 2 20 255
255 12 14 38 8 6 1 19 255 0 21 255 37 255 48 39 24 3 2 32 33 23 28 255 22 31 11 4 25 255 255 255 53 49 255 41 52 43 44 255 40 50 29 255 9 16 255 255 255 255 255 30 255 10 13 45 27 34 255 51 42 35 18 20 36 255 255 255 255 26 255 15 255 47 7 17 255 255 5 46 255
255 52 5 10 8 1 18 6 255 15 44 26 30 28 22 255 255 20 12 43 32 42 51 255 35 255 46 14 33 255 255 40 255 36 45 47 255 37 255 255 50 255 255 34 17 0 21 255 255 255 39 24 255 3 38 48 23 53 255 49 255 27 7 16 25 255 29 255 255 31 255 11 255 4 2 9 255 41 19 13 255
255 19 38 3 41 0 5 16 255 2 255 23 255 48 21 37 25 4 11 31 255 24 49 39 26 255 15 13 27 255 255 53 255 30 255 10 7 255 255 255 29 255 42 255 9 17 34 255 40 50 255 51 255 46 1 22 255 28 255 44 255 33 14 47 45 36 255 32 43 35 255 18 255 6 20 8 12 52 255 255 255
255 9 6 12 8 52 14 5 255 255 29 255 32 255 43 23 255 2 1 255 22 40 28 44 33 26 15 41 255 49 50 53 255 48 37 38 255 255 255 51 255 42 255 30 10 3 24 39 255 255 255 255 21 0 19 31 45 255 34 255 27 255 7 20 255 36 255 255 35 255 25 16 255 11 47 46 17 18 13 4 255
255 12 14 52 41 47 7 17 255 9 32 255 43 29 255 255 36 20 18 255 33 44 49 45 27 34 13 46 35 50 51 53 255 48 255 38 3 255 24 255 39 255 37 255 255 8 28 40 42 255 255 23 255 2 19 255 31 255 25 255 21 255 0 6 22 255 255 255 30 255 26 15 255 1 11 255 16 10 4 5 255
255 10 15 47 17 13 7 19 255 2 42 23 255 255 255 255 24 3 5 30 26 45 34 27 255 31 11 38 51 48 50 53 255 49 39 41 20 36 255 255 37 255 21 255 0 8 255 28 40 255 255 255 29 9 46 35 255 255 33 44 25 255 16 1 255 22 255 255 43 32 255 12 255 18 6 255 14 52 4 255 255
255 20 6 3 19 11 10 15 255 47 36 45 255 255 255 255 255 255 1 255 22 24 31 255 30 26 5 17 255 34 255 255 255 42 35 18 8 255 28 39 40 50 51 255 46 52 44 43 255 32 255 255 255 12 14 33 255 49 23 53 25 255 16 7 29 27 255 37 48 21 255 0 255 9 13 41 2 38 4 255 255
255 47 16 1 6 8 5 255 255 4 36 25 255 255 255 26 255 15 0 45 21 255 22 28 30 255 10 20 255 37 255 255 255 42 255 18 17 34 255 255 39 40 24 255 3 38 255 48 255 53 50 51 35 46 13 27 255 255 49 44 31 33 19 2 255 23 32 255 43 29 255 9 255 7 255 12 41 52 11 14 255
255 12 9 52 14 46 18 1 255 2 23 255 44 33 255 255 22 6 41 32 29 43 255 255 35 255 13 38 48 49 53 50 51 40 28 8 3 37 24 255 255 255 255 27 7 0 21 39 255 255 42 255 34 17 19 255 31 255 255 255 36 45 47 16 25 255 255 255 30 255 26 15 255 4 11 255 255 10 20 5 255
255 6 41 47 17 3 13 19 255 1 22 255 255 49 24 39 31 11 9 255 29 45 34 255 27 255 7 8 28 255 40 53 50 48 23 38 20 36 255 255 255 255 255 255 2 52 43 44 255 255 42 37 30 10 255 32 255 255 255 51 255 255 255 14 255 33 255 25 35 21 26 15 255 12 16 18 4 46 0 5 255
255 13 20 8 5 15 12 1 255 7 27 255 255 255 255 255 255 2 47 45 36 28 26 255 32 22 6 17 34 255 40 48 255 255 23 38 255 255 49 50 53 255 43 44 52 3 24 39 255 37 255 21 255 0 9 255 29 51 30 42 25 33 4 19 31 255 35 255 255 255 255 255 255 11 41 46 10 18 16 14 255
255 3 11 16 4 10 13 5 255 19 24 31 42 255 30 255 26 15 0 255 21 255 25 255 27 255 7 46 39 255 51 255 255 255 255 255 18 35 37 255 255 255 34 255 17 41 49 53 50 255 40 255 32 12 38 23 48 255 36 255 45 43 47 9 29 255 22 255 28 33 44 255 255 2 1 6 20 8 14 52 255
255 2 12 38 8 0 1 16 255 255 23 255 255 255 21 255 25 4 14 33 32 48 28 37 22 255 6 52 44 43 255 40 255 255 255 7 18 35 255 53 50 255 255 27 13 46 255 255 255 51 42 255 34 17 255 255 39 49 255 255 255 36 20 19 31 24 29 255 30 26 45 15 255 11 3 41 9 10 5 47 255
255 9 46 255 3 10 11 15 255 18 255 35 42 51 30 255 26 5 41 29 49 39 24 255 31 255 19 38 48 53 37 50 255 21 255 0 2 23 255 255 40 255 28 255 8 7 255 255 255 255 255 25 255 4 20 36 27 255 33 44 22 255 1 17 45 34 255 255 43 255 32 16 255 47 13 255 14 52 6 12 255
255 255 13 8 1 6 38 9 255 0 255 21 255 37 48 23 255 2 7 255 27 28 22 53 49 29 41 16 255 25 255 255 255 43 44 52 17 255 34 40 255 50 32 255 12 4 255 255 255 39 255 255 33 14 47 36 45 255 255 51 35 26 5 11 255 31 255 24 42 255 30 10 255 20 19 255 3 46 18 15 255
255 4 41 15 10 255 1 47 255 9 255 29 255 255 255 255 36 20 5 255 49 26 30 42 255 45 255 3 24 39 255 255 255 22 255 6 16 25 53 255 50 51 255 34 17 19 31 255 255 40 255 28 255 8 11 21 48 37 43 255 32 27 13 2 255 23 33 44 255 35 255 18 255 0 38 14 52 46 12 7 255
255 18 15 1 8 6 12 19 255 5 255 26 255 255 255 255 33 14 46 35 255 40 28 22 32 31 11 10 255 30 255 255 255 43 44 52 20 255 51 50 255 255 255 24 3 47 36 42 255 45 255 34 255 17 38 23 48 53 37 49 255 39 255 16 255 25 255 21 29 27 255 13 255 2 4 9 0 41 7 255 255
255 9 2 46 18 10 17 20 255 255 29 255 255 255 255 34 27 13 38 48 23 51 35 255 45 36 47 41 53 49 50 255 255 255 255 7 4 37 255 42 255 30 255 26 15 16 25 39 40 255 255 255 255 5 0 21 255 28 255 22 43 44 52 11 31 24 255 255 255 32 33 12 255 19 3 8 1 6 255 14 255
255 2 255 255 46 10 41 15 255 18 255 35 255 51 30 42 26 5 38 23 48 255 53 49 29 255 9 17 255 255 255 50 39 24 255 3 0 21 37 255 255 255 31 255 19 47 45 34 255 255 255 40 255 11 16 25 255 255 32 33 43 44 52 7 36 27 255 255 255 28 22 6 255 4 13 20 12 14 8 1 255
255 2 15 0 4 16 52 1 255 10 23 30 21 255 25 44 22 6 5 255 26 255 255 255 43 32 12 38 48 42 37 255 255 33 255 14 18 35 255 255 255 255 34 255 17 46 53 51 50 255 40 255 28 8 255 49 255 39 27 24 45 31 19 9 29 255 255 255 255 36 255 20 255 41 13 255 7 3 47 11 255
255 18 13 47 17 20 8 4 255 7 35 27 45 34 255 255 25 16 255 255 255 36 255 40 28 21 0 46 255 255 255 51 50 255 255 6 14 255 33 255 255 255 22 37 1 12 32 255 255 42 53 255 48 38 52 43 44 255 255 29 23 255 2 19 24 31 39 30 49 26 255 15 255 3 11 9 10 41 5 255 255
255 16 9 41 255 20 19 3 255 2 23 29 255 255 36 255 45 47 4 25 255 49 255 39 31 24 11 38 255 48 53 255 255 255 34 17 0 21 37 255 255 255 255 27 7 52 40 43 50 255 255 255 255 13 1 22 44 51 33 42 255 30 10 8 28 32 35 255 255 255 26 15 255 6 12 46 14 18 255 5 255
255 16 19 0 3 255 41 38 255 4 25 255 21 37 53 49 48 255 11 255 31 255 24 255 39 23 2 46 35 255 51 255 50 44 43 52 18 255 255 255 255 255 255 32 12 20 255 255 42 255 40 33 28 8 47 45 36 255 255 255 29 22 1 13 34 27 30 26 255 255 255 14 255 17 7 10 5 15 9 6 255
255 12 15 14 255 3 38 19 255 52 43 44 33 255 255 23 255 2 5 32 26 255 37 24 48 31 11 17 255 34 255 255 255 27 255 13 10 255 30 255 42 39 53 49 7 47 36 45 255 255 255 255 255 255 0 255 21 255 51 40 50 29 9 4 255 25 255 35 28 22 255 1 255 20 16 18 46 8 6 41 255
255 255 9 3 11 10 15 18 255 41 255 29 255 255 30 26 35 5 19 255 53 24 31 42 50 51 46 2 255 49 39 255 255 40 28 8 38 23 48 255 255 255 255 255 4 0 255 37 255 21 255 25 255 16 14 255 45 33 34 44 27 255 13 20 255 36 32 255 43 255 22 6 255 255 47 12 17 52 7 1 255
255 255 16 255 0 8 1 2 255 4 255 25 255 21 28 22 255 6 12 32 255 255 37 40 48 23 38 14 255 33 255 255 255 255 35 18 52 43 44 255 53 50 51 255 46 17 255 34 255 255 255 45 36 47 9 255 29 26 49 30 42 255 20 13 255 27 255 39 255 24 31 19 255 15 7 5 41 10 3 11 255
255 1 19 41 3 9 38 255 255 11 255 31 39 24 29 23 255 2 6 22 255 49 255 53 48 33 14 5 255 255 255 255 255 37 255 255 8 28 255 40 255 50 43 44 52 15 26 255 255 255 255 21 255 0 10 30 34 42 27 51 32 255 12 47 36 45 255 255 255 25 35 4 255 20 17 13 7 46 16 18 255
255 7 6 17 8 47 255 38 255 13 27 255 34 255 45 255 23 2 1 255 22 255 28 255 255 36 20 4 255 25 255 255 255 21 255 0 46 51 255 50 40 53 37 48 255 16 42 255 255 255 255 255 33 14 18 30 35 26 39 49 32 29 41 19 255 31 255 24 255 43 44 52 255 10 11 15 3 5 12 9 255
255 17 13 12 38 52 3 19 255 2 255 255 32 23 43 24 31 11 7 34 27 255 255 44 255 33 14 47 45 255 255 255 255 39 29 9 20 36 255 255 48 255 37 21 0 255 255 255 50 53 40 49 255 41 46 51 35 42 255 255 255 25 16 15 255 255 30 26 28 22 255 6 255 255 18 10 5 8 1 4 255
255 13 14 17 52 47 6 255 255 7 27 33 34 44 45 36 255 20 255 255 255 255 43 255 32 255 12 2 37 23 255 255 255 255 35 18 38 48 255 53 50 255 22 255 1 0 21 255 255 42 255 51 255 46 16 25 255 49 40 39 28 24 3 15 255 26 29 30 255 255 31 19 255 4 5 41 10 9 8 11 255
255 255 38 12 255 0 16 9 255 2 255 23 255 37 21 25 255 4 52 44 43 32 48 53 49 29 41 14 33 255 255 40 50 39 51 46 19 255 31 255 255 255 24 255 3 8 255 255 255 28 255 35 42 18 6 45 255 34 22 27 255 26 5 20 36 255 255 255 255 255 30 10 255 47 11 17 1 13 7 15 255
255 19 7 18 46 52 15 12 255 11 31 255 255 35 44 33 255 14 13 255 27 255 51 43 26 32 5 3 24 39 255 42 255 30 255 10 17 255 34 255 50 255 255 255 255 41 29 49 255 53 255 255 255 255 47 36 45 255 40 22 28 255 8 9 255 23 255 48 37 21 25 4 255 20 2 1 38 6 0 16 255
255 12 9 38 18 46 1 15 255 41 49 29 53 50 51 42 30 10 2 32 23 48 35 37 255 26 5 255 39 255 255 255 255 22 255 6 52 43 44 255 255 255 255 21 0 3 24 255 255 40 255 28 255 8 14 255 33 36 255 255 255 25 16 19 31 255 45 255 34 27 255 13 255 11 255 47 20 17 7 4 255
255 47 13 255 12 52 46 14 255 20 36 255 255 32 43 255 255 6 17 45 34 255 255 44 35 33 18 7 255 27 255 255 255 255 22 1 10 30 255 255 42 37 51 21 0 255 255 255 255 255 40 50 28 8 15 26 49 255 39 48 53 25 16 9 255 29 23 24 255 31 255 19 255 5 41 2 3 38 11 4 255
255 16 47 255 52 14 12 6 255 20 255 36 255 44 33 255 22 1 4 25 45 255 43 255 32 28 8 0 21 37 255 255 255 255 255 15 17 255 34 255 255 40 26 255 5 38 255 48 255 53 50 30 42 10 11 31 27 24 49 39 29 51 41 2 23 255 255 255 255 255 35 18 255 19 13 3 7 255 9 46 255
255 13 4 17 19 47 41 20 255 7 27 255 34 255 45 29 255 9 16 255 25 255 31 36 255 255 11 0 255 21 255 255 255 255 255 255 38 48 37 53 49 50 40 28 8 2 255 23 255 39 255 32 255 12 15 30 26 42 24 51 43 22 1 255 255 255 35 255 255 44 33 14 255 10 5 18 3 46 52 6 255
255 13 5 7 10 255 1 12 255 17 255 34 27 255 255 22 255 6 15 255 26 255 30 255 33 32 14 47 36 45 255 40 255 28 255 8 20 255 255 255 42 255 44 43 52 255 255 255 255 50 255 255 21 0 19 255 31 24 51 35 255 25 16 41 29 49 39 53 48 23 37 38 255 9 11 3 46 18 2 4 255
255 13 47 3 20 12 52 255 255 7 27 255 255 36 255 44 33 14 17 34 45 255 255 32 43 255 255 19 255 255 255 255 255 255 35 18 11 31 37 24 255 255 30 42 10 38 255 48 255 53 40 50 51 46 16 25 21 39 49 255 26 255 15 2 23 255 29 255 28 255 22 6 255 4 0 9 41 8 5 1 255
255 2 4 38 255 46 47 18 255 16 255 25 23 255 35 36 255 20 9 255 37 48 255 255 45 34 17 0 255 21 50 255 51 31 255 19 41 29 49 53 39 255 24 255 3 8 255 28 40 255 42 255 255 11 1 33 22 255 255 255 255 27 13 52 44 43 32 255 30 26 255 15 255 14 6 12 255 10 5 7 255
255 11 1 3 255 17 47 13 255 6 255 22 255 255 255 36 255 20 19 31 39 24 255 34 45 27 7 8 255 28 40 255 255 44 43 52 41 29 49 255 255 255 255 32 12 9 255 53 50 255 255 33 255 14 16 25 48 21 37 255 26 255 5 2 255 23 51 42 35 30 255 10 255 4 38 0 255 46 15 18 255
255 17 20 13 7 0 38 16 255 47 45 36 255 37 21 255 25 4 19 34 255 27 48 255 23 255 2 11 31 255 255 255 255 255 255 255 3 24 49 39 53 255 255 26 15 52 44 43 255 50 255 255 255 5 9 33 29 255 51 42 35 30 10 12 255 32 255 40 28 255 22 1 255 14 41 255 46 8 18 6 255
255 15 10 17 20 47 19 13 255 1 255 255 34 255 45 255 27 7 5 26 30 255 36 255 31 255 11 6 22 42 255 255 255 255 255 255 46 40 51 50 255 53 24 39 3 8 28 255 255 255 37 21 255 0 18 35 33 44 255 48 25 49 4 255 32 255 43 255 23 255 29 9 255 12 14 52 2 38 16 41 255
255 13 20 47 14 52 16 12 255 17 34 255 45 33 44 25 255 4 7 27 255 36 255 43 21 32 0 46 255 51 255 255 255 37 255 255 18 35 42 255 255 255 23 255 2 10 255 30 255 50 53 48 255 38 1 22 255 28 40 39 24 255 3 15 255 26 255 255 49 31 29 19 255 6 5 8 255 41 11 9 255
255 38 15 12 255 52 13 9 255 2 23 255 255 255 44 33 255 14 5 255 26 32 255 43 27 29 7 10 48 30 53 255 255 49 255 41 0 21 42 255 255 255 34 255 17 46 37 51 50 255 255 39 36 20 16 25 255 255 255 255 45 255 47 18 35 255 40 31 28 24 22 1 255 4 11 255 19 8 3 6 255
255 9 14 3 52 19 11 5 255 255 255 33 255 44 255 255 26 15 1 255 255 24 43 31 32 255 12 6 22 255 255 255 255 42 30 10 41 29 49 39 53 255 255 255 255 8 28 255 40 50 255 51 35 46 7 27 45 34 48 37 21 25 16 20 255 36 255 23 255 255 255 18 255 13 47 17 38 2 0 4 255
255 13 46 255 38 10 2 15 255 18 255 35 255 48 37 23 21 0 7 27 51 42 255 30 255 26 5 41 255 49 255 53 255 255 25 16 17 34 39 255 50 255 255 255 4 9 255 29 255 40 255 255 33 14 3 45 24 255 255 255 32 43 12 19 255 31 36 28 255 22 44 1 255 47 11 20 8 255 6 52 255
255 15 18 11 19 3 41 4 255 5 26 255 31 255 24 29 255 9 46 255 35 255 255 39 49 25 16 10 30 51 42 50 255 53 255 255 12 32 255 255 255 255 255 21 0 52 43 44 255 40 255 48 37 38 255 45 33 34 255 27 255 255 13 20 36 255 255 28 255 22 23 6 255 47 14 17 8 7 1 2 255
255 5 17 20 13 255 19 1 255 47 255 45 36 255 255 255 22 6 15 26 34 255 27 255 255 255 7 10 30 42 255 255 255 255 28 8 14 33 255 255 255 255 31 255 11 46 255 51 50 39 255 24 40 3 52 44 43 53 49 48 29 37 9 12 35 32 23 255 255 25 21 16 255 18 255 2 41 38 4 0 255
255 20 1 8 41 9 255 11 255 255 255 255 255 49 255 39 24 3 6 255 22 28 29 255 255 31 19 52 255 44 255 43 255 32 255 12 47 36 45 40 255 255 255 255 4 14 255 33 50 53 255 255 25 16 7 27 34 51 42 30 23 26 15 18 255 35 255 48 255 37 21 0 255 13 17 46 38 10 2 5 255
255 13 20 7 255 3 6 11 255 47 45 36 255 255 24 255 31 19 17 34 255 27 255 255 22 255 1 12 255 32 255 255 255 255 30 10 52 44 43 255 255 39 28 42 8 14 33 37 255 255 255 255 26 15 41 29 48 53 49 50 40 51 5 0 255 21 23 25 255 255 35 18 255 9 38 2 16 255 4 46 255
255 15 10 9 0 41 16 18 255 13 255 255 255 21 255 25 255 4 5 26 30 29 42 49 51 35 46 7 27 255 255 37 48 255 255 38 255 255 255 255 255 53 50 23 2 17 34 255 255 255 255 40 28 8 14 255 33 44 255 39 255 22 6 47 45 36 43 32 24 31 255 19 255 255 20 52 12 3 11 1 255
255 15 10 20 255 47 17 7 255 19 255 255 36 255 255 23 255 2 5 26 30 255 255 45 34 27 13 11 31 42 255 53 255 48 255 38 3 24 255 39 49 255 255 33 14 46 255 51 255 50 255 37 32 12 6 35 22 255 255 29 21 44 0 8 255 28 255 40 255 25 43 16 255 18 1 255 41 9 4 52 255
