255 5 9 255 41 2 10 255 18 255 30 40 33 255 22 0 1 23 255 42 35 24 255 17 4 255 255 255 255 255 255 16 15 34 26 37 43 38 27 6 3 255 25 255 36 39 29 8 12 28 255 255 31 32 255 19 255 7 20 11 14 13 21 255
255 19 7 11 14 4 20 255 12 255 28 31 36 255 25 3 13 32 255 37 43 26 255 15 1 255 34 255 42 255 255 255 5 39 23 38 35 27 255 6 10 255 22 33 40 255 30 9 8 29 255 255 24 255 255 2 255 21 0 41 17 16 18 255
255 19 6 41 16 10 2 255 21 255 255 33 27 22 255 0 13 32 39 255 38 255 24 17 8 255 29 40 42 255 35 4 255 255 255 255 37 26 43 15 12 28 34 30 255 255 31 14 5 255 23 255 255 25 36 3 255 7 1 9 18 20 11 255
255 1 18 255 41 7 10 255 5 23 255 34 255 28 255 12 9 255 30 40 33 255 22 0 2 35 24 42 255 29 255 21 17 43 255 37 255 38 255 8 11 36 31 255 255 39 32 13 3 25 255 26 255 27 255 6 255 20 14 4 15 16 19 255
255 11 20 17 2 15 6 255 3 255 25 24 255 255 27 16 14 31 36 43 37 26 38 4 10 255 40 35 42 255 34 12 0 255 22 255 255 255 28 7 9 255 30 255 255 255 23 5 41 255 33 255 29 32 39 13 255 255 18 8 21 19 1 255
255 4 2 15 7 6 1 255 17 255 24 255 34 255 23 5 12 255 255 26 28 27 255 16 18 30 35 40 42 255 255 255 9 255 43 37 255 38 255 13 3 255 25 33 255 22 255 10 14 31 36 255 29 39 32 19 255 11 20 41 8 0 21 255
255 10 1 41 255 18 12 255 5 255 23 255 34 255 28 7 0 22 255 33 40 30 255 9 15 255 26 255 42 255 255 6 4 255 37 38 43 27 255 16 8 29 255 39 35 255 24 17 14 255 31 32 36 25 255 3 255 21 11 13 19 20 2 255
255 4 10 0 17 16 2 255 15 26 22 37 24 255 255 13 41 255 33 38 35 27 255 6 21 255 29 39 43 32 255 19 8 255 40 34 42 23 255 5 9 255 30 255 36 255 25 3 7 255 255 28 31 255 255 1 255 255 18 12 11 14 20 255
255 18 3 10 41 11 6 255 20 255 25 255 36 31 255 14 9 30 255 40 33 22 255 0 17 24 255 35 43 255 27 16 255 255 34 42 37 26 38 4 1 255 23 255 255 255 29 8 7 255 28 255 255 32 39 13 255 2 12 19 5 15 21 255
255 11 5 2 17 13 0 255 14 31 255 255 255 255 22 10 1 255 23 24 255 32 33 41 3 36 25 43 255 39 29 8 20 255 34 35 42 255 40 19 4 26 255 37 255 38 30 21 7 255 28 255 255 27 255 6 255 15 12 255 9 16 18 255
255 8 19 18 9 7 0 255 21 29 255 255 255 255 22 10 13 39 32 255 30 28 255 12 6 27 255 255 40 255 33 41 16 38 255 37 42 34 255 255 11 255 31 26 255 23 255 5 3 25 36 43 35 255 24 2 255 20 14 4 15 1 17 255
255 15 3 7 12 2 14 255 20 255 25 43 36 255 31 11 4 26 255 37 28 255 255 5 0 255 255 35 42 24 255 17 255 255 255 38 34 23 255 1 41 22 33 27 40 255 30 9 8 255 29 39 255 32 255 19 255 10 21 6 16 13 18 255
255 3 9 6 16 11 17 255 20 25 255 36 43 31 255 14 18 255 30 27 35 255 24 2 15 255 26 38 37 255 255 5 4 255 40 255 42 23 34 1 21 29 255 39 255 32 255 19 255 255 33 255 22 255 28 12 255 8 41 10 0 13 7 255
255 11 2 9 18 10 1 255 17 255 24 35 42 34 23 5 14 31 255 30 40 22 33 0 4 36 26 43 37 28 255 7 15 255 255 255 255 255 255 41 3 25 255 255 38 27 255 6 19 255 32 255 39 255 29 8 255 20 13 255 16 12 21 255
255 13 8 9 41 18 10 255 21 255 29 30 255 255 255 255 19 32 39 40 33 255 22 0 5 255 23 34 255 255 255 4 1 255 38 42 37 26 255 15 6 255 27 28 255 25 255 3 2 24 255 35 43 36 31 11 255 17 16 7 12 20 14 255
255 1 10 11 14 9 2 255 0 33 22 40 31 30 255 18 5 23 34 42 35 255 24 17 41 255 255 255 36 32 255 13 7 255 28 255 43 255 255 255 12 255 255 29 25 39 255 20 15 255 26 255 37 38 27 6 255 8 4 21 3 19 16 255
255 10 8 9 255 11 3 255 0 22 255 255 255 31 255 14 18 255 255 30 255 36 25 20 41 33 255 40 255 43 255 17 21 255 29 42 255 35 24 2 13 32 39 38 255 37 26 15 16 255 27 34 28 23 255 1 255 19 6 7 12 5 4 255
255 255 12 41 9 0 21 255 7 255 28 33 40 22 255 10 18 255 255 255 30 255 29 8 1 23 34 255 42 255 255 17 5 255 255 255 35 24 39 2 4 255 26 25 37 27 38 16 11 31 255 36 43 255 32 19 255 14 15 3 20 6 13 255
255 10 3 41 14 9 255 255 20 255 25 36 31 255 255 11 0 22 255 33 40 30 255 18 2 255 255 43 255 255 255 12 17 24 255 35 42 28 34 7 4 26 255 37 29 255 23 1 13 255 32 38 39 27 255 6 255 15 19 8 21 16 5 255
255 8 15 255 11 3 14 255 4 255 26 255 255 255 255 10 21 29 255 255 36 25 31 20 13 39 37 38 43 255 22 0 19 32 255 255 35 255 24 2 1 255 23 27 40 30 33 9 7 28 34 255 42 255 255 17 255 12 5 16 6 18 41 255
255 11 3 6 9 2 18 255 14 31 36 27 255 255 255 16 20 255 25 35 30 24 255 17 4 37 43 38 255 28 255 7 15 26 255 42 40 34 255 12 8 29 255 39 255 32 255 13 10 255 22 255 33 23 255 1 255 21 0 255 41 5 19 255
255 21 10 255 41 13 18 255 8 29 255 39 255 32 255 19 0 255 22 255 33 40 30 9 4 37 38 43 255 35 23 5 15 26 255 255 255 42 34 1 11 31 27 36 255 24 255 17 6 255 255 25 255 255 28 7 255 14 16 20 3 2 12 255
255 10 18 11 14 3 19 255 0 22 255 255 255 255 32 13 9 255 30 31 36 25 39 20 41 33 40 255 255 255 29 8 255 255 42 35 43 37 38 21 5 255 23 255 255 255 27 6 12 28 34 24 255 26 255 4 255 7 1 17 2 15 16 255
255 41 3 10 0 7 14 255 5 255 23 34 255 28 255 12 20 33 25 22 36 255 31 11 1 40 255 42 43 35 255 17 255 255 255 38 37 24 255 2 18 30 255 27 26 255 255 6 13 255 32 39 255 29 255 21 255 9 19 16 15 8 4 255
255 0 8 18 21 4 6 255 41 33 29 255 255 26 255 15 10 22 39 255 38 37 27 16 13 40 32 30 255 255 255 9 19 35 255 255 255 43 255 255 12 42 28 255 34 31 255 14 17 24 255 255 23 36 25 3 255 2 7 5 1 11 20 255
255 19 8 6 14 11 4 255 21 39 29 38 37 255 26 15 13 32 255 27 31 255 255 16 17 255 24 35 43 255 255 255 7 34 255 42 36 40 33 41 5 23 255 255 255 255 22 10 12 28 255 255 25 30 255 9 255 1 2 3 20 18 0 255
255 0 17 8 2 21 9 255 13 255 255 29 24 255 30 18 10 22 255 255 255 33 40 41 19 255 32 39 35 255 42 12 3 255 25 36 43 28 34 7 4 255 26 38 37 27 255 6 20 255 255 31 255 255 23 5 255 11 15 14 255 16 1 255
255 13 17 8 21 7 4 255 19 32 255 39 37 38 26 15 2 255 24 29 35 28 255 12 3 25 255 36 43 31 255 11 20 255 255 255 42 255 34 14 9 255 255 255 30 27 255 16 0 22 33 255 40 255 23 1 255 10 41 255 18 6 5 255
255 9 4 18 255 11 3 255 17 255 255 255 255 36 25 20 15 255 26 30 37 31 255 14 2 24 255 35 43 255 255 7 13 32 39 40 38 28 255 12 6 255 255 42 27 34 23 1 8 255 29 33 255 22 255 10 255 19 21 41 16 0 5 255
255 11 20 17 2 255 0 255 14 31 255 255 24 255 22 10 3 36 25 43 35 255 33 41 1 255 23 255 34 255 28 7 5 38 255 37 42 255 40 12 8 39 29 32 255 26 255 4 16 27 255 255 255 255 30 9 255 6 21 13 19 15 18 255
255 5 7 4 15 6 0 255 1 23 28 34 255 255 255 16 12 255 255 255 26 27 22 10 9 255 30 42 40 255 33 41 18 255 255 255 37 38 255 255 14 31 36 35 43 24 255 2 20 255 25 32 255 39 29 8 255 11 3 19 13 17 21 255
255 3 9 41 18 10 13 255 255 255 255 33 255 22 255 0 20 25 30 40 255 255 32 19 11 31 37 255 38 27 39 6 14 36 43 42 35 24 255 2 15 255 26 255 255 255 29 21 5 23 255 34 28 255 255 17 255 1 4 7 12 16 8 255
255 12 10 17 2 1 4 255 0 255 22 24 255 255 26 15 7 28 255 34 255 23 255 5 20 25 36 35 43 255 37 9 41 255 33 42 40 30 255 18 11 255 31 255 255 27 38 6 21 255 255 29 39 255 32 19 255 3 14 8 255 16 13 255
255 18 3 7 12 5 8 255 9 30 255 255 255 23 255 1 20 255 25 28 255 34 29 21 19 255 32 40 39 42 255 255 13 255 36 255 43 35 255 6 10 22 255 33 38 27 255 16 14 255 31 255 37 24 26 2 255 0 11 41 4 17 15 255
255 0 6 9 18 2 8 255 10 22 255 255 35 24 255 17 16 255 27 30 255 255 29 21 41 33 255 40 42 34 23 5 255 255 255 255 38 255 39 1 20 25 36 255 43 28 255 7 11 255 31 26 37 255 32 13 255 3 14 4 15 12 19 255
255 14 7 255 41 3 10 255 12 255 28 255 255 255 255 8 11 31 255 36 255 25 255 20 6 27 34 38 255 29 255 21 16 35 42 43 33 255 22 0 5 255 23 37 255 39 32 19 2 24 255 26 40 30 255 18 255 17 1 4 15 9 13 255
255 13 12 8 21 5 10 255 7 255 28 29 34 23 255 1 19 32 255 39 42 255 22 0 18 255 30 38 40 255 33 41 9 255 43 37 35 255 255 255 14 255 31 27 255 26 255 4 3 25 36 255 255 255 24 17 255 20 11 6 16 15 2 255
255 13 8 3 6 4 16 255 19 32 255 37 255 26 255 15 21 39 29 38 27 25 255 20 2 255 255 43 255 36 255 255 17 24 42 35 40 255 33 41 12 255 28 255 255 31 255 11 5 23 34 255 30 255 22 10 255 1 7 9 18 14 0 255
255 7 255 17 41 0 6 255 12 28 255 255 33 22 255 10 2 255 255 24 255 255 27 16 4 34 255 42 40 30 255 9 15 255 26 35 37 43 38 18 1 23 255 255 29 32 39 13 3 255 255 25 255 36 31 14 255 5 8 20 21 19 11 255
255 10 15 5 1 11 20 255 0 22 255 255 255 31 255 14 41 33 255 23 36 255 25 3 255 42 35 34 43 28 255 7 4 40 26 255 37 255 255 12 2 255 24 255 38 255 27 6 9 30 255 32 39 29 255 21 255 18 17 13 19 8 16 255
255 11 0 14 255 8 19 255 3 255 255 31 255 29 255 21 10 255 22 255 255 255 32 13 20 255 25 36 255 39 255 5 41 255 33 43 40 255 23 1 4 26 255 37 30 38 28 7 2 255 24 35 42 27 34 6 255 15 17 18 9 16 12 255
255 20 14 19 13 18 5 255 11 36 31 255 255 255 23 1 3 25 255 255 32 30 255 9 4 43 35 255 42 40 34 255 15 37 26 38 39 33 255 41 2 255 24 27 255 255 28 7 8 255 29 255 255 22 255 10 255 17 21 6 16 0 12 255
255 20 4 16 6 19 8 255 3 25 255 255 255 32 255 13 15 37 26 38 27 39 29 21 14 36 31 255 255 255 255 7 11 43 255 35 42 34 28 12 10 255 22 255 33 23 255 5 17 24 255 255 40 255 30 9 255 2 0 255 41 1 18 255
255 8 13 4 7 6 12 255 19 255 32 26 255 255 255 15 21 29 39 38 28 27 255 16 11 255 31 37 255 255 255 5 14 255 255 42 34 40 23 1 3 25 36 43 255 33 22 0 2 255 24 35 255 30 255 9 255 20 17 255 18 41 10 255
255 5 17 9 18 11 10 255 2 255 24 255 30 255 22 0 1 23 35 255 255 31 255 14 8 34 42 255 40 255 33 41 21 29 43 39 36 255 25 3 7 28 255 32 255 255 255 13 4 255 37 38 26 27 255 6 255 12 255 19 15 16 20 255
255 2 15 255 41 9 0 255 4 255 26 255 255 30 255 18 17 24 35 42 33 40 22 10 7 28 37 255 255 255 255 8 12 34 43 255 255 255 29 21 11 255 31 255 38 27 39 6 5 23 36 25 255 255 32 19 255 1 14 3 20 16 13 255
255 4 9 255 41 13 10 255 18 255 30 255 255 32 255 19 15 26 40 255 33 255 22 0 6 37 27 38 255 39 255 7 16 43 42 35 34 28 255 12 20 25 255 24 255 29 255 21 11 36 31 255 255 255 23 5 255 3 14 2 17 8 1 255
255 0 9 41 255 15 14 255 18 255 30 255 255 255 31 11 10 22 40 33 255 26 255 4 1 23 42 34 255 28 255 7 5 255 35 38 43 37 36 12 17 255 24 27 255 255 25 3 8 29 255 39 255 32 255 13 255 21 2 6 16 19 20 255
255 7 10 9 18 3 11 255 12 28 255 255 30 25 255 20 0 255 22 255 255 36 31 14 255 34 40 42 35 43 255 4 41 255 33 255 255 37 26 15 5 23 255 32 24 255 255 13 8 255 29 39 255 38 27 6 255 1 21 19 2 17 16 255
255 3 9 255 41 7 10 255 20 25 255 255 255 28 255 12 18 255 30 40 33 42 22 0 11 36 31 43 255 35 24 2 14 255 255 255 255 34 255 17 15 26 255 37 38 255 27 6 8 255 29 32 39 23 255 1 255 4 21 13 19 5 16 255
255 17 3 0 10 8 9 255 2 24 255 35 22 33 255 41 20 255 25 42 255 40 30 18 7 255 36 43 37 29 255 21 12 255 28 34 38 39 27 6 11 255 31 255 26 32 255 13 5 255 255 23 255 255 255 16 255 255 14 1 15 19 4 255
255 10 7 41 12 4 9 255 0 22 28 33 40 255 30 18 11 31 255 37 255 26 255 15 14 36 34 43 42 35 255 255 16 255 27 38 255 39 29 8 5 25 23 255 255 24 255 17 6 255 255 255 255 32 255 13 255 3 1 20 2 19 21 255
255 10 9 0 41 20 12 255 18 255 30 255 40 255 28 7 4 255 255 22 33 25 255 3 17 24 255 35 42 23 34 1 15 255 26 43 37 36 255 5 6 255 255 27 38 31 255 14 19 255 32 255 39 255 29 21 255 2 13 16 255 11 8 255
255 7 3 255 13 5 19 255 20 255 25 255 255 255 255 17 12 28 255 34 32 23 255 1 14 255 36 42 43 35 24 2 11 255 31 40 255 33 255 41 4 255 26 255 37 22 255 0 16 27 38 30 39 255 29 8 255 6 15 9 18 10 21 255
255 18 11 4 15 41 10 255 9 30 255 40 26 33 22 0 14 255 31 42 35 255 24 2 7 255 255 255 37 255 255 17 12 28 36 34 43 255 255 255 6 255 27 23 38 39 32 13 20 255 25 255 255 29 255 8 255 5 3 1 16 21 19 255
255 10 2 41 21 5 13 255 8 22 29 33 39 255 32 19 17 255 24 255 35 23 255 1 0 255 255 40 42 34 255 11 255 255 255 255 43 31 36 14 7 28 255 30 38 27 255 6 15 255 26 255 37 255 25 20 255 12 4 9 18 16 3 255
255 14 19 15 4 2 8 255 13 255 32 255 39 255 29 21 11 31 255 35 26 24 255 17 20 36 25 43 37 255 255 255 3 255 255 42 255 40 30 9 6 255 27 255 38 22 255 0 1 23 255 34 28 33 255 41 255 5 16 7 12 10 18 255
255 8 0 4 9 15 3 255 10 255 22 26 30 255 255 18 21 29 255 255 255 255 25 20 41 255 33 37 40 43 36 2 16 39 27 38 255 24 255 17 13 32 255 255 42 35 31 14 6 255 255 23 34 28 255 7 255 19 5 1 255 12 11 255
255 10 8 41 255 17 3 255 0 22 255 33 255 255 25 20 21 255 29 255 35 24 43 2 9 30 255 40 42 31 36 11 18 255 39 255 38 255 37 14 13 255 32 28 34 23 255 1 6 255 255 255 27 255 26 4 255 7 19 12 16 5 15 255
255 13 6 8 11 2 14 255 19 32 255 39 255 29 255 21 16 255 27 38 31 24 255 17 7 28 255 37 36 43 255 9 12 34 255 42 40 35 30 18 3 255 25 26 255 255 255 15 5 23 255 255 33 22 255 10 255 1 20 4 41 0 255 255
255 1 11 17 2 12 3 255 5 23 255 34 255 28 255 7 14 255 31 24 36 255 25 20 18 255 30 42 40 255 26 4 9 39 255 35 43 38 37 15 21 29 255 255 33 255 22 10 13 32 255 255 255 27 255 6 255 19 8 255 41 16 0 255
255 2 13 8 21 9 10 255 19 255 32 255 39 30 255 18 17 24 255 35 29 255 22 0 12 28 34 42 38 40 33 41 7 255 255 43 37 26 255 4 1 255 23 255 27 255 255 15 11 31 255 36 255 25 255 3 255 14 5 255 16 20 6 255
255 1 4 41 6 10 16 255 15 255 26 33 255 22 255 0 5 23 255 255 27 255 29 8 7 28 37 40 38 255 39 21 12 34 43 42 35 255 255 255 11 255 31 30 255 255 32 13 3 25 36 255 24 255 255 17 255 20 14 9 2 18 19 255
255 11 4 13 19 6 8 255 15 255 26 37 38 27 255 16 14 31 255 32 39 255 29 21 17 36 24 43 35 255 255 7 2 255 255 34 42 28 255 12 3 25 255 255 40 255 30 18 5 255 255 23 33 22 255 10 255 20 255 1 41 0 9 255
255 8 13 6 16 255 1 255 19 255 32 255 27 255 255 2 21 29 39 255 38 255 23 5 15 255 255 255 255 255 24 17 4 255 26 255 37 28 34 7 3 255 25 36 43 31 35 14 0 22 255 33 30 40 42 12 255 10 20 41 9 11 18 255
255 9 255 1 41 11 0 255 18 30 40 255 33 255 22 10 5 255 255 23 255 31 255 14 12 28 42 34 255 255 255 4 7 255 35 43 37 36 26 15 21 29 39 32 38 255 27 16 2 255 24 255 255 25 255 20 255 8 17 13 19 3 6 255
255 14 5 9 18 7 0 255 1 255 23 255 30 255 22 10 11 31 255 255 34 28 255 12 20 255 255 255 40 255 33 41 3 36 25 43 42 35 255 255 4 26 255 37 38 255 27 6 13 255 32 29 39 24 255 2 255 15 19 21 8 17 16 255
255 21 2 13 19 4 6 255 8 29 39 32 38 255 27 16 17 255 24 255 37 26 255 15 1 34 42 255 255 255 255 255 5 23 35 255 43 255 255 3 7 28 40 255 33 22 255 10 9 255 30 255 36 31 25 14 255 12 18 11 41 0 20 255
255 5 2 17 8 7 19 255 10 255 255 24 39 255 32 13 1 23 255 34 29 28 255 12 0 22 255 42 38 37 31 11 16 255 27 35 255 43 36 14 18 33 30 40 255 26 255 4 6 255 255 255 255 255 25 20 255 41 9 255 21 15 3 255
255 12 8 5 1 11 10 255 7 28 255 34 23 255 22 0 21 39 29 255 255 31 255 14 19 32 255 42 35 40 33 41 13 38 37 255 43 36 255 255 6 27 255 255 24 30 255 9 15 255 26 255 255 25 255 20 255 16 4 2 17 18 3 255
255 14 3 15 4 16 13 255 11 31 255 26 255 255 32 19 20 36 25 43 255 27 255 6 2 255 255 37 255 38 39 8 17 24 255 35 255 255 29 21 12 255 28 34 255 23 255 5 9 30 40 42 33 255 22 10 255 18 7 255 41 1 0 255
255 14 6 0 10 2 41 255 11 31 255 36 255 25 255 3 16 255 27 255 22 24 33 17 1 255 255 43 37 35 255 20 5 23 255 34 38 42 40 255 15 255 255 255 26 255 30 9 13 255 32 28 39 29 255 8 255 7 19 12 4 21 18 255
255 6 11 10 0 19 8 255 16 27 255 38 255 39 29 21 14 255 31 255 22 32 255 13 4 26 255 37 255 255 23 1 15 255 36 43 33 255 255 5 2 24 255 35 42 28 34 7 20 255 25 255 40 255 30 9 255 17 3 255 41 12 18 255
255 11 5 4 15 17 12 255 1 255 23 26 34 255 28 7 14 31 255 37 255 24 255 2 3 36 25 43 42 35 255 6 20 255 255 38 255 27 255 16 18 255 30 29 40 255 255 8 13 32 255 39 33 22 255 10 255 19 9 21 41 0 255 255
255 2 13 255 41 18 0 255 19 255 32 42 40 30 255 9 17 24 255 35 33 255 22 10 5 23 39 34 38 27 255 6 1 255 255 43 37 255 255 16 8 255 29 28 26 255 255 7 20 25 255 36 255 31 255 11 255 3 21 12 4 14 15 255
255 6 3 13 19 2 21 255 16 27 38 32 39 255 29 8 4 26 37 255 255 24 255 17 20 255 25 255 255 255 255 255 15 255 43 255 35 255 255 9 11 31 36 34 42 28 255 7 5 255 33 23 40 30 22 0 255 14 41 1 12 18 10 255
255 4 2 9 18 11 20 255 15 26 255 43 30 36 25 3 17 255 24 35 42 31 255 14 12 255 255 37 40 255 255 5 7 255 28 255 34 23 255 1 6 27 255 38 33 255 22 0 19 255 32 39 255 29 255 8 255 16 13 255 41 21 10 255
255 10 1 41 5 15 7 255 6 255 255 255 255 26 255 4 0 22 23 33 34 255 28 12 16 255 27 38 255 37 24 17 255 255 255 40 42 43 35 2 13 255 32 39 255 29 255 8 9 30 255 31 255 36 25 3 255 18 19 11 14 21 20 255
255 5 9 41 7 10 6 255 1 23 34 33 28 22 255 12 18 255 30 40 255 255 27 16 3 255 42 255 255 255 255 0 20 25 255 255 37 255 38 255 14 31 35 36 43 255 32 13 17 255 24 255 26 29 39 21 255 11 2 4 15 8 19 255
255 10 41 7 12 2 1 255 0 22 33 28 34 255 23 5 255 255 255 255 35 24 255 17 16 255 40 255 42 255 31 14 6 255 27 38 43 37 36 11 9 255 30 255 255 255 25 3 8 29 255 39 32 26 255 4 255 21 18 13 19 15 20 255
255 4 12 3 20 19 6 255 15 26 255 37 255 38 27 16 7 255 28 255 25 32 255 13 17 255 255 43 36 39 29 8 2 24 255 35 255 255 255 21 5 23 34 42 31 255 255 255 9 255 30 40 255 33 22 0 255 1 18 11 14 41 10 255
255 9 2 18 255 4 20 255 17 255 24 255 255 255 25 3 41 33 40 30 255 26 255 15 10 255 35 255 43 37 36 21 0 22 42 255 39 38 29 8 12 28 34 255 255 255 31 11 5 255 23 255 32 27 255 16 255 7 1 13 19 6 14 255
255 5 7 2 17 9 11 255 12 255 28 255 24 30 255 18 1 23 34 42 35 40 31 14 8 29 255 255 255 255 255 255 21 39 38 37 43 33 36 41 13 32 255 26 255 22 255 10 16 255 27 255 255 255 25 20 255 19 6 15 4 0 3 255
255 0 11 41 255 3 13 255 14 255 31 255 36 25 255 20 10 22 255 33 255 255 32 19 9 30 255 40 43 27 255 16 18 255 255 42 37 38 39 6 2 24 255 35 26 255 29 8 5 255 23 34 255 28 255 7 255 17 1 4 15 12 21 255
255 7 21 6 16 19 15 255 8 255 29 255 39 32 255 13 12 28 255 27 38 37 26 4 9 34 255 42 255 35 24 17 18 255 30 40 255 43 255 2 1 23 255 255 255 31 255 14 0 255 22 33 255 36 25 3 255 5 10 41 255 11 20 255
255 0 16 255 6 5 7 255 8 255 29 255 255 23 255 1 10 22 27 255 42 34 28 12 21 255 39 255 35 255 24 17 41 33 38 255 40 255 255 2 19 255 32 36 43 25 255 20 15 26 37 31 255 255 30 9 255 4 13 14 11 3 18 255
255 8 3 14 11 15 1 255 21 29 255 255 255 26 255 4 20 255 25 36 31 43 23 5 6 39 27 38 255 37 28 12 16 255 255 255 42 35 34 7 13 32 255 255 255 24 255 17 10 22 33 255 40 255 30 9 255 19 41 0 255 2 18 255
255 6 20 14 11 5 8 255 3 255 25 255 36 255 29 21 16 27 38 255 31 23 39 1 255 255 37 255 43 28 255 7 9 30 255 40 42 34 255 12 4 255 26 33 35 22 255 10 2 255 255 255 24 255 32 13 255 18 15 41 17 0 19 255
255 9 21 16 6 7 13 255 8 255 29 255 39 255 32 19 18 30 255 255 27 28 255 12 2 40 255 42 38 34 23 5 17 24 255 35 37 43 255 1 0 33 22 255 255 31 255 11 255 255 255 255 26 36 25 3 255 41 10 4 15 14 20 255
255 4 13 255 6 3 9 255 19 255 32 255 255 25 255 20 16 255 255 43 27 36 30 18 15 26 39 37 38 31 255 14 41 255 33 35 255 42 40 11 8 29 255 255 255 34 23 5 0 255 22 24 255 28 255 7 255 21 10 2 17 12 1 255
255 2 5 255 8 14 6 255 17 24 255 35 255 31 255 11 1 34 23 42 255 43 27 16 41 255 33 40 255 36 25 3 12 28 255 255 255 37 38 20 0 255 22 30 29 26 39 4 7 255 255 255 255 255 32 13 255 18 10 9 21 15 19 255
255 15 11 4 17 6 5 255 14 255 31 255 255 255 23 1 2 255 255 26 24 27 255 16 20 25 36 255 34 28 255 7 3 255 43 37 35 38 255 12 9 30 255 40 42 39 29 8 10 255 22 33 255 32 255 13 255 18 0 41 255 19 21 255
255 7 4 1 5 6 11 255 12 28 255 255 255 27 255 16 15 34 26 23 37 38 31 14 2 42 24 35 43 255 36 13 17 255 255 255 255 39 32 19 9 40 30 255 255 255 25 3 10 33 22 255 255 29 255 21 255 41 18 255 0 8 20 255
255 10 17 15 4 14 3 255 0 22 255 255 26 255 25 20 2 255 24 35 43 31 36 11 41 33 255 40 37 30 255 9 255 255 255 42 38 255 255 18 7 28 255 34 27 23 255 5 8 255 29 255 39 255 32 19 255 12 21 16 6 1 13 255
255 12 5 8 21 6 2 255 1 255 23 255 29 255 24 17 7 28 34 255 42 27 255 16 4 26 43 37 35 38 39 255 15 255 255 255 40 33 255 41 14 31 36 255 255 255 32 19 3 255 25 255 30 22 255 0 255 11 20 18 9 10 13 255
255 11 15 19 13 6 8 255 14 31 255 255 32 27 255 16 4 255 26 37 39 38 29 21 255 36 255 43 255 255 255 9 41 255 33 255 40 255 30 18 3 25 255 35 42 34 28 7 10 255 22 24 255 23 255 1 255 20 0 17 2 5 12 255
255 12 6 5 1 41 10 255 16 255 27 255 255 255 255 2 7 28 255 34 23 33 22 0 21 255 38 35 255 24 255 17 8 29 39 42 255 40 255 255 15 26 37 43 36 255 31 11 13 255 32 255 25 30 255 9 255 4 19 3 20 18 14 255
255 4 6 17 2 3 11 255 15 26 255 37 43 36 31 14 16 255 27 38 24 25 255 20 8 255 255 255 35 255 255 5 21 29 255 39 255 255 23 1 9 30 255 40 42 32 34 13 10 255 22 33 255 255 28 7 255 18 0 41 255 19 12 255
255 7 9 255 41 10 17 255 18 255 30 40 33 22 255 0 12 28 34 42 35 255 24 2 1 255 255 255 37 26 255 4 5 255 23 255 43 255 255 15 6 255 27 32 38 39 29 8 14 255 31 255 36 25 255 3 255 16 11 13 19 20 21 255
255 10 21 41 255 13 9 255 0 22 255 33 255 40 30 18 8 255 29 39 255 32 255 19 15 255 255 255 255 42 28 7 4 26 37 38 43 35 34 12 3 255 25 27 36 24 255 2 11 255 255 255 31 255 23 5 255 6 20 16 14 17 1 255
