255 1 8 5 15 3 255 0 16 24 32 23 31 14 4 18 20 25 255 17 2 9 26 30 33 37 38 39 7 19 28 35 36 29 255 13 27 22 34 255 21 10 255 6 12 255 255 11 255
255 13 6 255 3 255 255 12 22 19 27 25 255 7 39 30 38 37 17 255 2 15 23 31 34 32 33 255 10 21 29 36 16 26 1 8 28 20 35 24 18 4 255 14 9 11 0 5 255
255 6 39 13 14 4 255 7 19 38 27 31 18 5 12 22 30 33 23 26 15 255 29 37 34 36 35 255 10 21 255 255 16 28 0 2 25 17 32 24 20 9 255 11 3 255 1 8 255
255 9 15 0 4 1 255 14 255 23 16 18 26 5 8 20 31 24 25 32 255 3 35 36 34 17 33 2 255 28 38 27 19 255 7 11 21 37 29 30 22 12 255 10 39 255 6 13 255
255 6 3 255 14 1 255 2 19 17 27 23 31 15 7 255 33 34 24 16 0 255 30 25 37 32 38 39 13 22 26 35 28 20 9 5 255 18 36 21 29 10 255 12 4 255 11 8 255
255 7 12 255 3 1 255 6 19 27 255 24 16 0 13 30 22 37 17 255 2 255 35 34 36 32 33 255 8 20 31 38 25 18 5 14 28 23 29 21 26 10 255 9 15 39 11 4 255
255 9 255 15 12 4 255 8 20 37 30 22 255 13 39 28 38 23 31 18 5 255 35 36 34 33 26 11 3 255 17 25 32 24 255 7 19 29 27 21 16 0 255 6 2 14 10 1 255
255 11 7 255 0 5 255 10 21 255 33 26 18 4 6 27 19 34 16 24 1 3 29 17 36 25 32 2 39 38 31 37 23 30 15 8 20 28 35 255 22 13 255 9 255 255 14 12 255
255 0 8 255 7 3 255 1 16 24 32 25 17 2 9 28 20 27 19 255 6 5 26 18 33 31 255 13 10 35 21 34 23 22 15 4 36 29 37 38 30 39 255 255 11 255 14 12 255
255 4 2 39 1 14 255 5 18 26 38 16 31 0 3 30 17 37 25 23 15 9 20 33 28 32 24 255 12 22 27 36 19 29 7 8 255 34 35 255 21 10 255 13 255 255 6 11 255
255 5 6 255 14 13 255 7 26 19 33 23 31 15 4 18 27 34 255 22 12 9 20 24 32 25 38 39 0 28 16 35 255 30 1 10 29 21 36 17 37 3 255 8 11 255 2 255 255
255 12 2 255 1 10 255 255 32 25 24 16 255 0 3 22 17 30 28 21 11 13 33 34 37 35 36 255 6 19 27 255 20 29 8 5 26 18 38 31 23 15 255 7 4 39 9 14 255
255 0 8 9 2 5 255 1 16 24 32 17 25 3 10 21 20 33 26 18 4 255 35 28 34 255 27 255 13 29 22 38 23 31 14 255 36 30 37 255 19 7 255 11 12 39 15 6 255
255 0 8 255 39 14 255 9 255 20 28 31 23 15 1 16 24 35 38 255 255 255 33 32 34 27 22 12 5 26 18 36 37 30 13 2 17 25 29 19 21 7 255 3 4 10 6 11 255
255 255 8 1 0 7 255 255 32 33 27 34 19 6 9 24 20 16 28 22 13 255 25 26 36 35 37 12 2 17 255 29 21 30 11 5 255 18 23 31 38 15 255 3 4 14 10 39 255
255 255 5 255 7 10 255 3 33 17 34 27 21 11 4 26 18 35 19 255 6 2 32 25 36 255 29 255 8 24 20 28 23 31 15 1 16 30 37 22 38 13 255 0 9 14 12 39 255
255 5 8 2 3 6 255 9 26 20 33 25 32 255 4 18 28 27 17 19 7 255 31 35 34 255 24 255 39 38 36 37 22 30 13 14 23 29 21 255 16 0 255 15 11 10 12 1 255
255 2 15 39 255 10 255 14 255 23 38 31 29 255 3 17 24 25 32 21 11 0 30 16 37 33 36 1 12 22 28 34 20 35 9 4 255 18 27 26 19 6 255 13 5 255 8 7 255
255 7 255 255 5 0 255 9 27 34 33 18 26 4 6 19 35 36 29 16 1 8 20 28 32 255 24 255 2 17 30 37 21 255 11 12 25 22 38 31 23 14 255 3 13 39 10 15 255
255 6 1 14 2 39 255 7 19 27 31 23 38 15 0 24 16 32 17 25 3 255 29 34 36 30 37 255 11 21 26 33 255 20 8 5 255 18 35 22 28 12 255 10 4 255 13 9 255
255 255 4 7 14 0 255 5 26 18 255 255 16 1 255 34 27 19 23 24 15 11 33 21 29 31 32 255 10 35 28 36 20 17 3 13 22 30 37 38 25 39 255 12 9 6 8 2 255
255 0 8 15 13 2 255 9 31 20 23 25 17 3 1 16 24 30 22 255 12 39 38 32 37 27 19 6 11 21 33 26 34 18 4 255 29 28 36 35 255 7 255 10 255 14 255 5 255
255 0 10 255 7 13 255 1 16 29 255 19 255 6 11 24 21 34 27 22 12 255 25 36 35 37 30 255 2 32 31 33 38 26 39 15 17 23 28 20 18 9 255 3 14 5 8 4 255
255 1 2 255 10 14 255 3 255 17 25 21 255 11 0 16 27 33 34 23 15 7 24 19 32 29 31 6 9 20 28 26 35 18 4 13 30 22 37 36 38 39 255 8 12 255 255 5 255
255 0 11 6 3 8 255 10 16 21 24 17 255 2 255 34 29 35 36 28 255 1 33 26 32 25 20 9 4 27 18 19 37 30 255 15 23 31 255 38 22 12 255 14 5 7 39 13 255
255 13 11 255 4 8 255 10 255 21 33 18 26 5 12 22 29 30 36 20 9 255 24 32 34 35 28 255 0 16 25 37 17 27 2 15 255 23 38 31 19 7 255 1 14 39 3 6 255
255 14 1 39 6 11 255 15 23 24 255 19 29 7 0 31 16 38 27 21 10 13 22 30 37 255 36 255 2 17 20 28 34 35 9 12 25 32 26 33 18 4 255 3 8 255 255 5 255
255 14 8 5 39 1 255 9 28 20 35 24 16 0 15 23 31 36 38 37 255 255 27 25 34 32 29 255 3 255 17 18 22 30 12 6 19 255 26 33 21 10 255 7 2 4 13 11 255
255 11 8 255 15 6 255 10 21 255 29 23 31 14 9 26 20 35 28 19 7 5 18 255 36 37 38 39 2 33 17 34 22 27 13 4 32 25 24 30 16 0 255 255 3 255 12 1 255
255 11 12 255 7 14 255 13 255 22 30 19 31 6 10 21 255 29 27 23 15 255 26 33 37 34 38 39 5 18 32 36 25 17 2 1 16 24 35 20 28 8 255 0 255 4 9 3 255
255 4 0 255 15 3 255 1 24 16 32 23 25 14 5 18 26 33 255 17 2 39 255 38 34 31 27 255 255 36 37 35 30 19 7 11 29 21 20 22 28 13 255 8 10 9 12 6 255
255 12 10 255 255 0 255 11 30 21 24 255 16 1 13 22 29 36 26 18 4 39 37 38 32 33 34 5 14 23 31 35 28 19 6 2 255 17 25 20 27 9 255 15 3 255 8 7 255
255 39 10 255 1 6 255 9 20 29 28 255 19 7 11 38 21 31 16 27 0 8 37 36 35 24 34 255 13 30 22 23 18 26 4 2 17 25 255 32 33 255 255 3 12 14 5 15 255
255 8 7 255 1 11 255 9 20 27 34 24 21 10 6 35 19 36 16 29 0 255 28 255 33 32 22 13 15 23 31 37 38 30 12 4 255 18 26 25 17 2 255 14 5 255 39 3 255
255 14 39 255 7 11 255 15 23 38 31 19 255 6 255 35 28 34 27 21 10 5 30 37 36 18 29 4 8 255 20 33 26 17 2 13 22 24 32 16 25 0 255 12 9 255 1 3 255
255 15 1 39 9 255 255 14 23 24 255 28 255 255 0 31 16 38 20 37 8 10 29 32 25 35 36 255 11 21 26 17 18 30 4 7 19 33 27 34 22 12 255 6 2 3 5 13 255
255 7 13 255 2 5 255 12 255 22 30 17 25 3 6 19 27 37 26 18 4 255 28 34 35 33 32 255 8 20 31 38 16 24 0 14 255 23 36 29 21 10 255 9 15 39 1 11 255
255 10 13 255 6 14 255 12 30 22 37 255 38 39 11 21 255 29 19 31 7 255 24 32 36 25 23 15 1 16 33 34 27 20 9 4 18 26 35 17 28 2 255 0 255 5 3 8 255
255 4 0 255 10 8 255 5 18 29 26 21 255 11 1 36 16 35 28 20 9 255 37 24 33 32 255 255 15 30 23 34 17 27 2 13 22 31 38 25 19 7 255 12 14 39 3 6 255
255 1 5 255 6 9 255 0 33 16 34 19 27 7 4 26 18 35 28 20 8 255 32 24 37 255 30 255 11 21 29 36 23 255 14 3 25 17 38 31 22 13 255 10 2 39 15 12 255
255 8 4 255 7 0 255 255 28 35 34 27 16 1 5 26 18 33 19 32 6 9 20 36 29 255 24 255 13 22 37 30 17 25 3 10 255 38 21 31 23 14 255 12 39 11 2 15 255
255 12 8 255 9 0 255 13 22 30 28 20 16 1 255 255 36 35 29 19 7 39 38 37 33 32 24 6 14 31 23 34 21 27 11 5 18 255 26 25 17 2 255 4 15 255 10 3 255
255 12 2 255 4 7 255 13 22 25 30 18 255 5 3 255 17 34 27 19 6 255 29 32 33 26 31 255 1 36 16 35 28 23 15 11 21 24 37 20 38 8 255 10 0 39 9 14 255
255 4 14 255 7 8 255 15 31 23 28 255 20 9 39 38 37 36 19 27 6 5 18 26 35 33 34 255 10 21 30 29 24 16 0 12 255 22 25 32 17 3 255 11 13 255 2 1 255
255 0 9 8 6 10 255 1 16 255 20 27 21 11 255 24 32 28 19 29 7 255 30 33 34 26 37 5 13 22 25 35 17 36 3 14 255 23 31 18 38 4 255 12 15 255 2 39 255
255 9 12 13 4 3 255 8 20 28 22 18 25 5 11 29 35 36 26 17 2 10 21 34 30 33 32 255 6 19 27 37 31 38 39 0 255 16 24 23 255 15 255 7 1 255 14 255 255
255 5 9 39 14 13 255 4 18 26 38 23 31 15 8 25 20 28 255 22 12 255 32 33 37 255 30 255 2 17 34 35 27 21 10 0 24 16 36 19 29 7 255 3 1 255 6 11 255
255 10 9 255 2 4 255 11 21 255 26 25 18 5 8 29 20 28 17 255 3 255 35 34 33 32 24 255 14 36 23 37 31 38 39 6 19 27 30 22 16 0 255 7 15 13 12 1 255
255 4 255 255 9 7 255 39 255 38 35 28 19 6 5 18 37 36 20 27 8 15 26 31 33 23 34 14 13 22 30 29 255 21 10 0 24 16 32 17 25 2 255 12 1 255 3 11 255
255 9 5 255 11 3 255 4 28 18 35 29 36 10 8 20 26 33 21 17 2 255 30 255 34 38 37 39 13 22 24 32 16 25 1 15 255 23 27 31 19 6 255 12 14 255 0 7 255
255 5 10 12 7 13 255 11 26 21 27 19 22 6 4 18 29 36 37 30 255 255 33 255 34 38 31 39 8 20 28 35 17 255 2 0 24 16 32 25 23 14 255 9 1 255 3 15 255
255 6 15 255 4 1 255 7 19 27 34 18 255 5 14 31 23 33 26 16 0 39 38 37 36 29 21 10 3 255 17 32 25 24 11 13 22 30 35 20 28 8 255 12 2 255 9 255 255
255 1 13 255 5 8 255 12 32 22 33 18 26 4 0 16 35 28 30 20 9 255 25 36 34 37 38 39 255 24 255 27 255 19 6 3 17 29 23 21 31 10 255 2 15 14 11 7 255
255 255 10 3 255 12 255 11 29 21 36 37 38 39 255 35 28 17 30 22 13 0 27 16 32 24 31 1 9 34 20 25 18 255 5 7 19 255 33 26 23 15 255 6 8 2 4 14 255
255 6 8 255 4 12 255 7 19 255 27 255 22 13 9 25 20 34 18 30 5 10 32 24 33 26 38 39 2 17 28 35 36 37 255 11 21 16 29 23 31 15 255 3 1 0 14 255 255
255 14 1 39 5 255 255 15 23 31 38 255 255 255 0 30 16 37 18 26 4 12 22 24 34 32 33 255 13 29 20 36 17 27 3 11 21 28 35 25 19 7 255 10 8 9 2 6 255
255 4 11 2 255 8 255 5 18 26 35 28 20 9 10 29 21 36 37 30 255 255 32 33 34 38 255 39 0 25 16 17 31 22 12 7 19 24 27 23 255 14 255 6 1 3 15 13 255
255 15 9 39 7 255 255 8 255 20 28 19 35 6 14 23 31 38 37 36 255 5 26 18 33 27 34 4 0 255 16 24 22 29 13 2 17 25 32 30 21 11 255 3 1 255 12 10 255
255 15 4 255 0 3 255 5 26 18 24 16 17 2 14 23 31 32 38 25 39 255 33 255 34 36 35 1 12 22 30 20 37 28 255 7 255 19 27 29 21 10 255 13 6 8 9 11 255
255 4 14 255 11 9 255 15 31 23 28 29 20 8 5 18 255 26 21 255 10 39 38 37 35 36 24 255 6 19 30 33 25 32 3 13 27 22 34 17 16 1 255 7 12 255 2 0 255
255 8 0 255 255 10 255 1 28 16 35 36 29 13 9 20 24 32 37 21 11 255 33 255 34 30 22 12 15 23 31 25 38 17 2 5 26 18 27 19 255 7 255 14 4 6 39 3 255
255 39 14 7 9 4 255 6 255 255 19 20 27 8 15 38 23 31 24 18 5 255 37 36 35 28 34 255 12 30 22 32 16 26 0 3 17 29 25 21 33 10 255 2 13 11 1 255 255
255 1 15 255 5 11 255 14 24 23 32 18 255 4 0 16 31 33 26 21 10 39 25 38 37 30 36 255 3 17 27 34 22 29 12 6 255 19 35 28 20 9 255 2 7 255 13 8 255
255 10 7 39 14 5 255 6 27 19 26 255 18 4 11 21 31 38 23 255 15 255 34 35 33 32 25 3 255 29 36 37 24 17 2 9 20 28 30 16 22 12 255 8 1 255 0 13 255
255 10 1 255 15 9 255 11 21 255 35 28 20 8 0 29 16 36 23 31 14 255 33 26 34 27 38 39 12 22 24 30 19 37 6 4 32 18 25 255 17 2 255 13 5 255 7 3 255
255 6 0 255 10 15 255 1 27 16 29 21 255 11 7 19 255 36 31 23 14 255 34 24 35 32 33 9 13 30 22 37 38 18 5 2 17 25 28 20 26 8 255 3 12 255 39 4 255
255 4 15 14 255 13 255 5 18 26 23 38 31 39 1 24 32 255 25 22 12 0 16 33 255 37 30 10 8 20 34 27 17 21 3 7 28 35 19 36 29 255 255 9 255 6 2 11 255
255 0 9 1 10 2 255 255 24 29 16 21 255 11 8 32 20 25 28 17 3 255 33 36 34 35 255 255 13 26 30 18 22 23 14 7 19 37 27 38 31 39 255 6 4 5 12 15 255
255 8 11 255 2 0 255 9 20 28 25 17 255 3 10 255 21 32 24 16 1 5 34 35 33 18 26 4 6 19 29 37 36 38 255 14 27 23 30 22 31 12 255 7 15 255 13 39 255
255 0 2 3 11 9 255 1 16 35 36 28 20 8 255 25 17 29 21 255 10 255 24 34 37 255 30 255 5 32 18 33 26 22 12 6 19 27 38 23 31 14 255 7 4 39 15 13 255
255 1 9 13 12 2 255 0 16 20 25 28 17 3 255 30 37 22 38 31 39 8 24 36 32 35 34 255 4 18 29 26 255 23 15 11 255 21 33 19 27 7 255 5 10 255 6 14 255
255 0 11 255 8 3 255 10 255 21 29 20 28 9 1 16 24 32 25 17 2 39 37 38 36 255 35 255 14 23 31 33 26 34 255 12 30 22 19 18 27 5 255 15 13 7 4 6 255
255 5 13 11 2 14 255 4 18 30 26 17 25 3 12 29 22 21 31 23 15 255 36 37 33 38 32 39 255 35 27 34 19 24 7 9 28 20 255 255 16 1 255 255 8 10 6 0 255
255 255 8 0 6 11 255 3 25 17 27 19 21 7 9 32 20 24 16 29 1 2 33 28 34 35 36 10 4 18 255 31 23 255 14 12 26 22 38 30 37 255 255 5 13 39 15 255 255
255 255 14 255 7 2 255 15 32 23 25 255 17 3 255 33 31 34 19 27 6 39 24 38 37 255 30 8 4 26 18 35 28 20 9 0 16 29 36 21 22 13 255 1 5 10 11 12 255
255 2 11 10 1 13 255 3 17 25 21 16 29 0 39 38 32 30 24 22 12 255 255 33 34 28 35 255 14 31 23 37 20 36 8 5 18 26 27 255 19 6 255 4 15 255 9 7 255
255 14 8 255 13 7 255 39 31 38 37 22 30 12 9 23 20 28 27 19 6 15 255 25 36 21 29 11 3 255 17 35 34 18 5 0 16 32 24 33 26 10 255 1 2 255 255 4 255
255 12 15 4 6 255 255 13 22 27 30 19 37 7 14 25 23 31 255 38 39 255 32 34 33 35 36 255 3 17 255 18 20 29 8 0 24 16 26 28 21 10 255 2 1 5 9 11 255
255 12 15 8 9 1 255 14 31 23 24 255 16 0 13 22 255 20 35 28 255 39 38 27 32 34 33 255 10 21 29 25 36 17 3 6 30 19 37 18 26 5 255 11 7 255 4 2 255
255 14 12 255 2 1 255 13 255 22 24 17 16 0 15 23 30 31 37 38 39 255 27 29 32 25 255 3 6 19 36 35 18 28 4 11 34 21 33 26 20 8 255 7 10 255 5 9 255
255 255 8 255 10 2 255 4 26 18 36 29 17 3 9 33 20 32 21 25 11 5 34 28 35 38 37 39 0 16 255 24 31 23 15 6 27 19 255 22 30 13 255 1 7 255 12 14 255
255 12 255 2 3 11 255 13 22 30 31 17 23 14 255 36 37 29 25 21 10 39 35 38 34 24 27 15 9 20 255 33 32 19 6 5 28 18 26 16 255 0 255 8 4 255 1 7 255
255 1 255 39 12 15 255 0 16 24 30 22 255 13 5 26 33 38 31 23 14 255 25 32 37 36 29 9 4 18 34 28 35 20 8 2 17 27 255 19 21 6 255 3 255 10 7 11 255
255 14 6 255 11 5 255 15 255 33 26 34 18 4 7 23 19 27 21 29 10 255 24 32 37 35 36 255 2 31 17 38 28 20 9 0 16 25 30 22 255 12 255 1 3 39 13 8 255
255 11 5 39 8 7 255 10 21 37 38 28 19 6 4 31 18 26 20 27 9 255 29 36 33 35 34 255 15 23 30 32 22 24 13 2 255 17 25 255 16 0 255 14 3 255 12 1 255
255 0 12 255 7 39 255 1 16 30 37 19 38 6 13 255 22 34 27 31 255 255 24 32 33 25 26 14 8 28 20 35 255 23 15 11 21 29 36 17 18 2 255 10 9 5 3 4 255
255 9 3 255 1 6 255 2 28 17 25 32 19 7 8 20 255 255 24 16 0 10 35 21 34 33 27 11 255 36 29 37 22 30 13 14 23 31 38 26 18 4 255 15 255 39 12 5 255
255 2 7 39 8 15 255 6 27 19 31 255 23 14 3 17 25 38 20 37 9 0 34 33 35 28 36 255 1 16 32 24 22 30 13 5 18 26 255 21 29 10 255 4 11 255 12 255 255
255 5 8 9 14 11 255 4 18 26 255 31 21 10 255 25 20 28 23 29 15 255 32 33 34 38 27 39 2 17 255 35 37 36 255 1 24 16 22 30 19 7 255 3 0 13 12 6 255
255 5 2 39 14 0 255 4 32 25 24 255 16 1 3 18 17 38 23 31 15 255 33 36 34 35 27 255 10 26 21 37 20 255 9 12 22 29 30 28 19 7 255 13 11 255 8 6 255
255 11 255 1 9 2 255 255 255 36 35 20 28 8 10 21 29 25 32 17 3 14 23 37 34 33 26 255 13 22 30 16 24 18 5 15 31 38 27 19 255 7 255 12 39 0 6 4 255
255 8 10 15 12 14 255 11 29 21 36 30 37 255 9 20 27 255 22 23 13 255 28 34 35 33 38 39 6 255 19 25 17 31 2 1 16 24 32 26 18 4 255 0 7 255 3 5 255
255 255 10 13 0 2 255 11 29 21 25 17 32 3 39 37 38 255 16 24 1 255 36 31 35 34 33 255 14 30 23 22 27 19 7 9 20 255 28 18 26 5 255 8 15 12 4 6 255
255 5 8 255 1 3 255 4 18 255 26 16 25 0 9 31 20 33 24 32 255 39 38 28 35 34 17 2 15 23 21 29 27 19 6 255 37 30 36 22 255 13 255 14 11 10 12 7 255
255 11 14 255 5 3 255 10 21 255 255 26 17 2 15 29 23 31 18 25 4 255 36 35 34 33 32 255 13 37 22 38 30 16 1 9 20 28 27 19 24 6 255 8 12 39 7 0 255
255 12 14 39 0 5 255 15 31 23 38 255 18 4 13 22 24 33 16 26 1 255 30 34 37 35 36 255 3 25 17 32 28 20 8 7 19 27 255 21 29 10 255 6 2 255 11 9 255
255 13 0 255 7 255 255 1 22 16 30 18 26 5 39 31 38 37 19 27 6 12 255 24 36 32 33 4 14 23 28 35 20 34 8 11 255 21 29 25 17 3 255 15 10 255 9 2 255
255 2 7 255 8 255 255 6 255 19 27 20 28 9 3 17 33 34 16 35 0 5 18 26 37 30 36 1 4 25 32 255 24 21 10 15 31 23 38 22 29 13 255 255 14 39 12 11 255
255 13 2 255 8 5 255 12 22 30 33 26 18 4 3 25 17 32 20 28 9 39 38 37 34 36 35 255 11 31 21 24 29 16 1 15 23 255 27 19 255 7 255 14 10 255 6 0 255
255 15 6 255 3 13 255 14 23 27 30 255 22 12 7 31 19 25 17 255 2 39 38 34 37 35 36 255 4 26 33 32 28 20 9 1 18 16 24 21 29 11 255 5 0 255 10 8 255
