255 10 255 255 60 255 255 14 255 15 26 31 40 51 45 54 255 255 5 35 21 36 57 39 43 30 255 2 18 255 34 52 44 49 50 255 4 20 42 255 47 48 55 58 255 255 38 41 37 46 53 29 56 13 3 19 32 33 27 17 25 255 9 7 28 16 22 23 61 24 59 255 255 12 0 6 11 1 8 255 255
255 7 1 13 11 6 15 12 255 9 25 17 29 33 38 255 28 255 8 23 24 255 27 22 31 20 4 0 16 255 55 49 37 34 35 255 255 48 255 58 54 43 18 39 2 3 19 41 32 44 42 40 26 10 255 53 46 52 51 57 45 30 255 255 61 56 59 50 47 21 36 5 255 255 255 255 255 60 255 14 255
255 8 0 7 2 6 255 15 255 255 24 16 23 255 22 37 31 255 3 19 32 41 18 255 34 40 255 255 47 42 52 28 51 38 45 12 4 43 20 46 55 54 49 44 255 255 48 35 53 58 56 33 50 255 255 39 36 61 21 59 27 255 11 14 30 26 57 255 29 17 25 1 255 255 10 60 5 13 255 9 255
255 8 255 255 255 60 255 255 255 255 24 42 52 47 57 255 255 255 0 16 32 49 55 54 255 43 255 7 23 41 46 51 53 58 48 255 3 255 19 44 50 56 27 39 11 15 34 31 40 45 61 35 36 255 6 37 22 38 33 59 26 30 10 2 18 29 28 17 25 20 21 5 255 255 13 12 1 9 4 14 255
255 9 1 13 10 255 11 255 255 255 25 17 29 33 255 27 30 14 4 20 255 35 26 36 21 39 5 255 52 46 47 38 55 28 49 12 60 57 53 42 48 58 31 43 15 0 16 41 32 37 50 44 54 255 255 255 61 59 34 56 40 45 255 255 23 24 19 18 255 22 51 6 255 7 8 3 2 255 255 255 255
255 255 13 4 2 255 3 255 255 12 28 38 20 255 47 42 255 255 11 27 33 29 18 52 19 57 60 10 26 37 35 34 255 32 16 0 5 21 22 36 255 46 41 23 7 255 45 40 39 44 61 59 30 14 6 51 17 25 50 53 56 24 255 15 54 31 43 49 48 55 58 255 255 255 1 9 255 255 255 8 255
255 3 255 255 60 0 15 255 255 255 47 52 42 57 255 255 255 255 10 19 26 32 41 16 31 23 7 14 39 30 43 46 54 51 24 8 255 36 35 55 34 49 40 44 255 4 255 20 48 18 53 45 56 2 5 21 27 58 37 22 29 50 13 255 28 33 38 17 61 25 59 255 255 12 11 255 1 6 9 255 255
255 0 7 8 13 255 9 255 255 255 16 23 24 29 255 25 17 1 255 41 46 53 55 48 58 27 11 3 32 19 255 49 43 54 33 255 10 26 52 61 50 59 56 28 12 255 42 47 40 44 45 51 38 255 60 35 57 20 255 36 21 39 255 15 31 18 34 22 37 255 30 14 255 255 2 4 6 255 5 255 255
255 4 255 1 9 255 255 11 255 255 255 255 17 25 33 29 27 13 5 20 21 48 58 255 55 31 15 10 26 46 53 41 38 49 28 12 255 35 36 43 39 54 44 40 255 60 57 52 61 59 37 56 34 255 255 23 16 255 30 51 50 45 255 8 24 47 42 32 22 19 18 2 255 7 0 255 14 6 3 255 255
255 60 12 255 0 7 9 8 255 3 19 255 32 16 23 29 24 13 255 57 28 41 38 37 25 22 6 255 47 43 42 54 34 255 18 2 11 52 27 46 33 51 17 255 1 4 20 48 53 49 40 44 31 15 255 35 39 36 30 45 255 21 255 255 26 58 61 55 59 50 56 255 255 10 255 255 14 255 255 5 255
255 255 14 255 255 255 4 10 255 2 18 30 36 39 35 20 26 255 5 34 21 55 255 58 37 22 6 255 45 51 54 43 48 38 28 12 255 40 44 49 255 52 47 57 60 15 31 56 61 59 53 33 27 11 255 255 50 255 19 46 17 25 1 0 23 16 24 32 41 42 29 13 255 7 255 8 3 255 255 9 255
255 255 255 6 11 60 8 255 255 12 255 28 22 27 57 24 52 255 13 29 38 37 59 61 42 47 255 2 18 33 34 255 53 23 46 7 1 25 17 44 56 50 32 19 3 9 58 45 40 43 48 16 41 0 5 255 21 31 36 39 35 20 255 255 55 51 49 54 30 26 255 10 255 255 255 15 255 14 255 4 255
255 14 13 1 0 7 10 8 255 5 30 21 39 36 35 26 20 4 9 25 29 17 16 23 31 24 15 255 55 49 43 54 51 45 18 2 255 58 44 48 255 33 40 34 255 255 59 61 53 46 52 47 57 60 255 56 50 27 41 38 28 37 255 3 255 19 255 32 255 42 22 255 255 255 255 11 255 255 12 6 255
255 7 255 255 255 255 60 11 255 0 23 16 255 47 42 32 27 255 10 35 26 48 52 58 57 28 12 8 24 61 53 46 55 41 38 255 4 36 20 54 51 49 22 37 6 5 21 59 56 45 50 19 33 3 15 39 31 43 40 44 34 18 2 13 30 29 255 25 255 255 17 255 255 14 255 255 9 255 255 1 255
255 11 255 255 9 1 13 255 255 255 27 40 49 45 43 51 54 255 15 33 31 44 25 17 29 19 3 10 26 34 55 58 48 57 42 60 2 38 18 50 56 47 52 32 255 4 20 37 35 61 53 46 41 255 12 28 21 36 59 39 30 16 14 6 255 22 255 255 24 255 23 7 255 255 5 255 255 8 255 0 255
255 255 255 255 255 60 255 255 255 13 29 55 58 49 54 51 255 255 9 25 56 50 44 57 255 30 14 15 255 31 48 40 43 45 42 255 1 17 59 61 52 39 47 16 0 255 33 38 53 46 36 41 32 255 11 27 28 26 20 35 24 23 8 255 22 37 255 34 21 18 19 3 255 6 12 10 4 5 2 7 255
255 255 11 2 9 13 255 255 255 1 255 17 255 25 29 255 50 255 12 28 27 18 54 49 51 44 255 255 38 33 58 48 55 59 56 255 4 20 39 34 43 255 45 40 255 60 37 57 35 53 42 61 31 15 5 21 30 36 52 47 24 23 8 10 22 26 41 46 32 19 16 0 255 6 14 255 255 255 3 7 255
255 255 13 255 3 255 255 255 255 60 52 57 46 53 61 59 56 255 0 42 29 32 19 255 28 50 12 9 47 25 41 48 55 58 31 15 1 16 17 54 33 49 38 44 255 11 255 27 51 43 45 255 40 255 4 23 20 26 35 18 37 34 255 8 24 21 255 36 39 22 30 255 255 7 5 10 255 2 6 14 255
255 255 8 255 11 4 9 255 255 7 23 24 59 56 20 26 35 10 3 19 255 61 27 255 25 29 13 0 16 46 53 50 44 21 36 5 255 32 41 48 33 43 17 39 1 255 255 52 55 38 49 45 30 14 255 42 47 58 28 54 51 255 255 2 18 57 34 37 40 22 31 255 255 255 60 255 12 255 6 15 255
255 4 255 1 255 9 60 255 255 255 20 255 17 52 25 57 29 13 14 36 30 39 255 51 18 255 2 11 35 27 33 46 45 34 40 255 5 21 48 43 53 54 61 31 15 10 26 255 47 41 38 37 44 255 8 24 58 55 19 49 59 56 255 7 23 16 42 32 28 22 50 255 255 255 0 255 3 12 6 255 255
255 255 6 11 255 13 12 9 255 255 51 22 45 37 29 19 25 3 14 255 30 27 38 33 28 17 1 15 54 31 40 34 42 32 18 2 255 49 43 55 255 52 41 46 255 10 26 39 44 255 47 16 255 0 255 20 48 58 24 57 23 53 7 255 35 36 50 56 59 21 61 255 255 4 255 255 8 60 5 255 255
255 14 255 4 255 10 13 9 255 255 39 36 20 35 26 29 25 255 5 30 21 61 255 255 47 17 1 255 43 48 53 46 255 52 27 11 12 28 58 59 56 38 42 33 255 255 54 55 49 41 37 32 57 60 8 45 24 40 31 34 19 18 3 7 51 23 44 50 22 16 255 255 255 255 255 255 15 6 0 2 255
255 7 5 8 6 2 255 4 255 255 23 21 24 36 35 26 20 10 0 16 56 59 50 18 34 31 15 255 32 41 61 39 44 30 40 14 255 42 52 47 22 49 37 45 255 3 19 46 53 33 54 38 51 255 60 255 57 58 27 55 28 255 12 13 255 29 48 17 43 25 255 9 255 255 255 11 1 255 255 255 255
255 7 60 4 255 3 14 9 255 255 255 57 47 52 39 30 17 1 0 23 16 42 32 19 29 25 13 10 26 255 35 46 36 53 21 5 8 24 45 20 41 56 61 59 255 6 22 51 255 54 43 48 33 255 15 31 40 255 44 50 58 27 11 255 37 34 18 49 38 55 28 12 255 255 255 2 255 255 255 255 255
255 255 2 255 1 12 6 13 255 255 56 18 34 37 38 22 57 60 255 50 55 58 17 28 25 29 9 255 59 61 48 53 46 33 52 255 255 44 49 40 45 41 31 255 15 255 255 54 43 51 42 27 47 11 10 26 30 39 255 32 24 19 8 4 35 20 36 21 16 23 255 255 255 255 14 255 5 0 7 3 255
255 0 3 14 255 6 60 11 255 8 24 19 42 46 47 52 28 12 255 16 32 30 41 22 57 27 255 7 23 53 43 48 37 58 38 255 5 36 21 39 44 40 31 33 15 255 35 61 54 49 34 55 17 1 10 26 56 51 50 45 255 255 255 4 20 59 255 255 18 29 25 13 255 255 255 255 255 2 255 9 255
255 13 11 255 255 60 3 7 255 255 29 61 53 59 56 19 24 8 9 25 27 58 48 57 16 23 0 1 17 33 46 41 52 32 47 255 12 255 28 55 43 49 54 42 255 10 26 38 37 45 50 51 255 255 255 35 36 22 39 44 30 255 14 5 20 21 34 40 18 31 255 255 255 4 255 6 255 2 15 255 255
255 9 0 10 11 4 8 255 255 13 29 16 26 35 20 23 255 7 1 25 17 33 27 38 24 28 12 6 42 32 22 36 37 21 34 5 255 52 41 46 39 51 30 45 14 3 47 19 255 58 55 31 40 15 255 57 61 53 48 54 43 18 255 255 255 59 255 56 49 50 44 255 255 60 255 255 255 255 255 2 255
255 4 255 255 8 5 7 12 255 10 20 26 35 24 21 23 28 255 255 55 58 49 54 51 255 22 6 14 30 48 39 43 36 16 38 0 255 59 56 44 50 45 33 37 255 255 61 53 46 42 41 32 19 3 13 255 29 25 17 40 27 34 11 255 255 255 52 47 31 57 18 255 255 255 255 9 1 15 60 2 255
255 255 9 255 60 14 3 10 255 13 29 25 52 57 47 42 21 5 255 255 255 61 255 30 19 26 255 1 33 17 46 41 39 32 36 255 11 27 55 53 58 48 31 35 15 255 38 49 59 54 43 16 255 0 255 50 44 56 40 45 51 20 4 255 28 22 37 34 18 23 24 7 255 12 6 255 255 2 255 8 255
255 255 6 14 12 255 1 255 255 2 18 22 37 38 52 33 57 60 15 34 31 30 28 47 17 25 9 255 54 49 43 255 46 27 41 11 255 40 44 39 59 61 42 29 13 255 51 55 48 58 53 32 19 3 255 45 50 36 56 21 16 23 0 4 26 20 35 255 255 255 24 8 255 10 255 255 255 5 255 7 255
255 2 12 15 255 10 255 255 255 5 18 21 31 36 26 39 43 255 255 34 28 40 55 49 58 48 255 255 37 38 45 35 54 30 46 14 11 255 27 44 20 50 56 53 4 6 22 33 51 255 47 57 52 60 1 25 17 29 255 42 59 61 255 8 24 23 255 16 32 19 41 3 255 9 7 13 0 255 255 255 255
255 255 9 255 11 255 7 5 255 13 29 25 42 27 32 23 19 3 1 52 17 47 33 46 24 21 8 60 57 255 39 255 41 16 36 0 255 56 255 59 61 53 38 28 12 14 30 45 43 255 48 20 35 4 255 50 51 54 34 58 37 22 6 255 44 40 49 31 55 18 26 255 255 255 255 255 15 255 2 10 255
255 12 255 10 15 255 255 2 255 6 38 22 26 37 51 34 18 255 5 28 21 35 31 45 40 20 4 255 33 56 36 48 54 43 39 255 1 17 50 42 55 49 44 30 14 11 27 59 32 58 41 255 255 255 13 25 29 47 16 52 23 57 60 255 255 61 19 53 46 24 255 8 255 9 255 3 0 255 7 255 255
255 60 255 15 3 6 7 11 255 255 57 50 31 56 59 255 27 255 255 45 44 40 19 22 23 28 12 255 52 46 53 41 61 24 33 8 255 51 42 34 32 37 16 38 0 255 43 47 48 58 255 255 17 1 255 54 49 18 55 26 255 29 255 14 39 30 36 21 35 20 25 9 255 255 255 2 5 10 4 13 255
255 9 11 0 255 7 3 255 255 1 25 17 255 61 50 59 56 255 13 29 27 16 32 23 19 24 8 12 28 33 38 41 34 18 37 2 255 54 51 45 42 40 47 31 15 255 43 48 49 53 44 46 22 6 14 30 58 55 26 255 52 255 255 4 39 20 36 35 21 57 255 255 255 255 255 255 10 5 60 255 255
255 12 10 6 7 5 255 14 255 4 20 35 36 23 39 24 30 8 255 28 26 22 255 21 19 255 3 255 38 33 37 16 43 32 42 0 11 56 27 50 51 54 41 47 255 15 31 40 34 45 48 55 58 255 255 59 61 44 53 49 46 52 255 255 255 17 18 25 29 255 57 60 255 255 1 2 9 13 255 255 255
255 9 60 255 11 12 255 255 255 13 29 57 255 52 28 47 42 255 1 25 17 33 27 38 255 19 3 4 255 20 255 46 41 59 32 255 255 48 58 55 53 37 61 22 6 255 43 35 54 50 34 56 18 2 10 30 26 49 44 40 24 31 15 255 39 36 51 21 45 23 16 7 255 14 255 255 5 255 8 0 255
255 255 255 255 11 3 255 1 255 12 28 38 58 33 55 25 17 9 6 22 37 48 27 19 29 255 13 255 43 34 54 40 49 31 255 15 2 41 18 51 45 32 255 24 8 14 30 47 42 44 50 56 23 7 255 46 52 53 61 20 59 16 0 60 39 57 36 26 35 255 21 5 255 255 255 255 10 4 255 255 255
255 3 4 60 2 6 255 12 255 255 19 20 57 35 255 26 28 10 255 41 46 52 18 22 27 33 11 255 32 42 47 36 37 34 38 255 8 24 53 50 48 44 40 31 15 7 23 61 255 43 49 54 17 1 255 255 59 56 58 55 45 25 9 0 16 21 255 39 30 51 29 13 255 255 5 255 255 14 255 255 255
255 4 7 255 60 10 255 14 255 0 20 16 35 57 26 36 21 5 8 24 23 46 52 53 39 30 255 3 19 32 41 255 61 255 59 255 6 22 42 255 47 48 43 56 255 11 37 27 34 51 58 54 50 255 12 28 17 18 31 25 255 29 255 255 38 33 40 45 55 49 44 255 255 255 1 2 15 9 255 13 255
255 0 255 60 3 7 11 8 255 255 16 32 57 19 23 27 24 255 6 22 42 37 255 38 33 28 12 255 255 47 52 59 61 56 50 255 15 31 41 46 255 53 17 58 1 14 40 30 34 39 43 25 44 9 4 255 20 18 21 48 29 55 255 255 45 35 51 36 54 26 49 10 255 255 255 2 5 255 13 255 255
255 255 8 14 7 255 0 10 255 4 20 24 30 23 35 16 26 255 255 255 43 39 48 36 41 21 5 255 255 55 255 58 42 32 19 3 11 27 54 51 53 47 46 52 255 12 28 49 38 61 44 59 56 255 1 33 17 45 37 40 34 57 255 9 29 25 255 22 31 18 50 2 255 13 255 255 6 15 255 60 255
255 255 255 2 5 255 14 255 255 255 255 255 18 21 36 20 35 4 11 27 40 34 45 51 30 39 255 12 28 50 44 47 49 52 26 10 15 38 31 37 42 54 57 43 60 255 59 56 61 41 53 46 48 255 13 33 29 22 32 55 16 58 0 1 17 25 255 19 255 23 24 7 255 255 9 6 3 255 255 8 255
255 4 12 14 255 11 255 2 255 15 31 45 40 37 34 22 18 6 255 20 28 33 38 27 255 255 255 5 21 51 44 50 56 59 255 255 255 35 49 30 48 53 61 255 255 255 36 54 39 43 46 52 57 60 255 26 55 17 58 16 24 23 7 9 25 29 41 42 32 47 19 255 255 10 13 1 255 0 8 3 255
255 255 7 8 15 4 2 10 255 255 255 23 24 31 20 255 35 255 0 255 16 45 40 34 18 26 255 14 30 50 39 44 37 22 36 6 255 59 56 54 49 51 255 21 5 255 61 41 43 32 38 19 33 3 255 53 46 48 55 58 25 17 1 60 57 52 47 42 28 29 27 13 255 255 255 255 255 12 9 11 255
255 3 255 2 255 255 15 11 255 255 255 255 18 40 34 31 29 13 60 19 57 52 50 255 56 27 255 10 41 26 46 45 53 51 25 9 255 32 42 47 44 61 59 33 255 5 21 35 36 55 48 58 17 1 0 16 23 22 24 37 28 38 12 4 30 20 39 49 43 54 255 255 255 14 7 6 8 255 255 255 255
255 0 255 8 255 13 9 14 255 7 23 48 24 58 29 25 30 255 255 16 43 54 55 49 27 39 11 255 32 41 255 56 50 17 36 1 3 19 53 51 61 44 33 21 5 255 42 46 45 59 40 28 35 12 255 18 22 34 37 255 38 20 255 255 47 52 57 255 31 255 26 10 255 2 6 60 255 15 255 4 255
255 3 13 14 1 255 255 11 255 255 32 29 41 42 46 47 52 12 9 19 25 30 17 33 38 27 255 255 48 43 39 61 53 28 57 60 5 21 54 36 51 45 37 22 6 255 55 49 44 59 40 34 18 2 0 16 23 24 255 35 20 26 10 255 58 255 50 56 31 255 255 255 255 255 7 8 255 15 4 255 255
255 12 13 2 11 6 60 255 255 9 25 29 38 37 22 57 19 3 14 28 30 18 27 34 47 42 255 1 17 255 33 46 41 52 32 255 5 21 39 36 50 45 44 40 255 255 61 53 59 56 255 255 31 15 255 20 43 35 54 51 49 16 255 255 255 48 26 58 24 55 23 7 255 4 255 10 255 8 255 0 255
255 10 255 255 15 255 60 255 255 5 21 56 50 59 61 57 18 2 14 26 30 44 31 40 45 34 255 255 36 39 48 43 53 52 47 255 4 35 20 49 54 37 51 22 6 255 255 55 58 255 46 24 42 8 13 29 27 33 28 38 23 16 0 255 25 255 17 255 41 19 32 3 255 9 11 1 12 255 7 255 255
255 60 14 255 255 10 13 1 255 255 57 48 43 58 26 255 27 11 255 47 30 39 55 36 21 17 5 255 52 46 54 49 35 20 33 4 255 42 53 51 45 255 29 25 9 0 16 41 32 44 50 22 38 6 7 23 61 59 40 56 34 37 255 255 24 255 19 31 255 18 28 2 255 8 255 3 15 255 255 12 255
255 10 14 255 255 5 2 3 255 255 26 35 36 255 21 255 255 255 255 39 30 41 46 32 18 19 255 4 43 20 48 53 42 61 22 6 255 51 44 45 40 34 31 37 15 255 54 49 50 56 47 59 29 13 7 23 255 16 52 38 33 17 255 8 24 55 58 57 28 27 25 9 255 255 255 0 60 12 11 1 255
255 255 255 60 255 3 255 13 255 8 56 24 57 52 42 47 20 4 255 59 255 61 53 19 26 29 10 7 50 23 41 46 32 16 35 0 255 44 49 55 48 58 255 25 9 255 45 54 51 43 39 21 36 5 15 40 31 28 38 33 27 17 11 255 255 18 34 37 30 22 255 255 255 255 2 12 255 14 6 1 255
255 255 14 255 15 255 4 255 255 5 21 255 36 31 35 20 26 10 255 255 30 39 48 43 58 255 255 255 255 45 51 40 54 18 34 2 255 59 61 44 53 49 55 22 6 7 56 23 50 41 32 16 37 0 8 25 24 29 46 57 52 28 255 1 17 27 33 19 42 47 38 255 255 9 11 13 3 60 255 12 255
255 0 60 255 8 255 1 255 255 3 19 57 47 52 255 25 255 9 7 16 23 50 24 56 17 59 255 255 32 41 42 46 53 29 61 13 10 255 26 44 54 49 33 55 255 15 31 45 40 51 48 27 58 11 4 20 35 18 43 255 38 28 12 255 21 36 34 39 37 30 22 255 255 5 255 2 255 255 14 6 255
255 15 1 13 255 12 6 255 255 9 25 17 29 38 28 22 19 3 2 31 18 34 37 47 42 32 255 60 51 57 52 33 46 27 41 11 255 45 44 40 50 255 56 16 0 255 54 49 43 48 53 59 61 255 14 255 30 39 26 36 35 23 7 255 255 55 255 58 21 20 24 255 255 255 255 255 10 5 4 8 255
255 1 255 13 255 4 5 10 255 9 25 255 29 255 20 35 26 255 255 17 58 55 48 53 21 61 255 11 27 54 49 43 39 36 30 14 8 33 24 44 41 50 46 56 255 6 22 51 45 32 42 19 255 3 7 38 23 28 16 47 52 59 255 2 37 18 40 34 31 57 255 255 255 255 255 12 0 15 60 255 255
255 6 255 2 10 4 60 255 255 12 22 28 18 255 20 255 42 255 11 27 55 58 26 52 57 47 255 255 37 38 34 35 46 41 32 255 255 33 49 51 54 48 43 19 3 15 31 44 40 36 53 39 16 0 255 17 50 45 56 59 24 23 8 9 25 29 255 21 61 30 255 14 255 1 13 255 5 255 255 7 255
255 255 8 5 255 10 255 13 255 4 20 255 35 255 26 59 29 255 2 18 24 21 255 55 56 50 255 7 255 23 36 58 39 61 30 14 11 34 27 45 40 49 57 44 60 255 37 33 17 48 43 53 25 9 255 28 38 51 31 54 52 47 255 6 22 16 32 41 19 46 42 255 255 12 0 1 15 3 255 255 255
255 8 255 14 4 0 3 60 255 7 24 23 30 255 16 255 255 255 255 36 35 39 20 32 19 57 255 5 21 45 54 51 42 255 47 255 10 26 48 43 53 41 46 52 255 255 44 40 49 34 38 37 28 12 255 50 58 55 61 17 25 29 13 255 56 31 59 18 33 22 27 6 255 255 15 255 2 1 9 11 255
255 255 13 255 5 255 255 10 255 255 55 29 43 21 39 36 30 14 255 58 59 48 61 53 35 26 255 9 49 25 54 255 255 20 57 4 255 44 56 50 255 46 41 52 60 1 45 17 51 33 255 19 47 3 6 40 22 34 37 18 32 42 255 15 31 27 28 38 24 16 23 0 255 255 11 12 255 8 2 7 255
255 9 14 13 10 11 255 255 255 5 25 21 29 48 58 55 255 255 1 17 30 33 26 27 53 61 255 255 36 39 35 43 54 49 59 255 3 32 19 41 46 50 44 56 255 4 42 20 47 52 51 57 255 60 0 16 22 38 37 28 255 255 255 2 23 18 24 34 45 40 31 15 255 7 6 8 255 12 255 255 255
255 4 11 255 255 255 15 255 255 5 21 27 36 255 39 31 30 14 10 20 26 35 59 56 40 50 255 1 38 33 43 61 37 34 22 6 9 25 17 54 51 49 45 44 255 12 28 52 48 46 53 18 255 2 60 29 57 58 24 55 23 255 7 255 255 47 42 41 32 16 19 255 255 13 255 255 8 255 0 3 255
255 255 255 14 255 5 13 255 255 255 58 49 55 45 21 20 255 4 255 43 54 30 51 39 29 25 9 255 48 44 40 50 36 35 19 3 12 28 61 53 52 46 47 42 255 255 37 59 34 56 41 26 32 10 11 38 27 33 57 255 24 17 1 255 22 255 18 255 31 23 16 7 255 6 255 2 60 15 8 0 255
255 255 255 6 15 255 13 255 255 255 55 45 58 40 34 29 18 2 60 57 51 22 31 37 25 255 9 255 49 54 48 44 43 50 24 8 0 52 16 47 255 38 56 23 7 255 46 41 53 61 39 59 30 14 255 19 32 42 26 28 17 33 1 255 255 20 255 35 36 21 27 11 255 3 4 255 10 12 5 255 255
255 255 255 4 10 15 255 255 255 255 255 35 20 26 31 22 37 6 5 21 36 255 48 45 58 18 2 14 30 39 255 43 40 55 34 255 255 255 41 46 53 51 54 28 12 0 16 32 52 61 44 49 38 255 8 24 42 47 29 50 25 27 255 7 23 19 57 59 56 17 33 1 255 255 3 60 13 255 9 11 255
255 9 5 11 255 1 3 8 255 13 29 255 27 255 255 19 24 255 255 25 21 33 49 17 55 23 7 12 28 36 51 54 41 32 16 0 15 38 31 40 44 50 58 255 255 14 30 39 45 43 46 48 53 255 10 37 26 34 18 56 59 61 255 6 22 35 20 47 52 42 57 255 255 255 255 4 2 255 255 60 255
255 7 10 8 3 255 9 11 255 4 20 26 35 19 33 17 27 1 0 23 16 24 32 42 25 59 255 5 21 255 36 39 41 30 61 14 6 22 51 255 54 47 29 56 13 255 37 255 38 43 46 48 53 255 15 31 45 40 49 44 255 50 255 2 34 18 28 55 52 58 57 60 255 255 255 12 255 255 255 255 255
255 2 6 255 15 255 255 255 255 8 24 45 40 31 255 255 255 255 255 18 22 34 49 44 55 50 255 7 23 51 47 54 59 58 56 255 60 57 37 52 46 61 53 20 4 0 16 255 42 43 39 48 30 14 255 28 38 32 41 19 26 35 255 1 17 33 25 27 36 29 21 13 255 12 255 9 11 3 10 5 255
255 255 3 255 4 15 2 13 255 60 57 19 255 20 31 50 29 255 5 21 36 39 35 45 18 25 9 255 42 32 41 44 40 56 59 255 14 47 30 43 54 51 34 17 1 0 52 16 46 49 53 37 61 255 255 24 23 48 26 28 38 33 255 255 255 255 58 55 255 22 27 6 255 8 7 255 10 12 255 11 255
255 255 6 255 255 2 255 255 255 255 37 22 34 56 18 57 255 60 12 38 28 58 50 55 52 46 255 9 255 25 48 59 43 61 53 255 1 33 17 44 39 49 47 41 255 13 255 29 40 30 54 20 42 4 5 27 21 31 36 16 23 32 255 255 255 26 45 35 51 24 19 8 255 11 10 15 14 0 7 3 255
255 6 255 255 4 60 15 14 255 5 21 35 36 20 39 18 30 2 1 22 37 34 40 57 31 45 255 10 17 26 255 44 43 49 54 255 9 25 38 48 58 52 55 51 255 11 33 27 61 50 47 24 42 8 13 29 28 53 255 46 23 19 255 255 255 255 59 56 41 16 32 0 255 255 12 255 255 255 7 3 255
255 6 255 2 60 15 0 7 255 12 22 28 46 52 41 32 19 3 11 255 27 18 57 31 16 23 255 255 37 38 34 47 40 42 24 8 10 26 33 58 55 49 44 50 255 4 20 255 53 61 45 59 56 255 1 35 17 48 36 54 21 255 5 9 29 25 43 39 51 30 255 255 255 13 255 255 255 255 14 255 255
255 8 7 255 0 2 255 255 255 255 255 61 53 59 18 19 255 3 255 24 23 46 16 41 32 25 9 15 31 45 40 56 34 37 29 13 255 52 47 44 50 49 42 17 1 60 57 51 43 54 48 38 33 255 255 21 20 36 35 55 28 27 11 14 30 255 39 26 58 22 255 6 255 5 4 255 10 255 12 255 255
255 3 8 7 11 4 1 9 255 0 16 24 23 27 255 255 29 13 15 19 31 255 33 20 17 25 255 255 32 40 41 44 35 50 26 10 12 47 28 52 38 59 56 61 255 255 42 45 46 51 36 255 53 255 6 22 37 57 49 21 55 58 255 2 18 34 30 54 39 43 48 255 255 60 255 14 255 5 255 255 255
255 255 255 5 12 1 6 255 255 11 58 27 21 33 17 22 25 9 4 48 20 53 28 61 255 255 255 255 55 35 36 38 59 37 29 13 10 43 26 39 42 32 30 19 3 255 54 49 46 56 41 24 255 8 255 51 50 52 47 16 23 57 14 255 45 44 31 40 255 34 18 2 255 255 255 15 255 0 7 60 255
255 15 2 255 6 13 8 1 255 255 31 255 40 45 29 255 25 9 255 55 18 34 22 37 24 17 255 255 49 54 44 51 38 23 33 7 255 58 43 48 59 53 61 27 11 10 26 39 50 56 46 41 28 12 14 20 30 255 42 47 32 19 3 255 35 36 21 57 52 16 255 0 255 4 255 5 60 255 255 255 255
255 5 255 14 255 255 255 255 255 3 21 19 255 51 54 49 55 255 10 35 26 30 45 48 40 58 255 255 36 32 39 42 43 44 50 255 4 20 41 46 255 53 34 31 15 0 57 16 52 47 61 59 56 255 7 24 23 28 38 37 18 22 6 60 255 27 255 33 17 25 29 9 255 8 11 12 255 1 2 13 255
255 255 5 255 4 15 12 1 255 14 30 21 39 36 255 255 25 9 10 26 58 35 20 31 28 17 255 0 16 48 43 54 45 51 29 13 255 42 32 41 55 40 38 33 255 7 23 53 46 49 44 22 50 6 255 47 19 52 255 34 37 27 11 255 24 61 57 59 18 255 56 255 255 8 3 60 255 2 255 255 255
255 255 60 12 255 15 10 2 255 255 255 57 28 38 34 37 18 255 4 59 20 56 35 31 26 50 255 255 61 52 47 33 40 27 44 11 255 48 58 43 36 54 55 49 8 255 53 46 42 39 45 30 24 14 3 19 41 32 21 51 16 23 7 255 255 255 255 17 25 22 29 6 255 255 255 1 5 9 0 13 255
255 255 4 255 5 255 14 15 255 60 57 20 53 255 48 30 58 255 6 22 36 52 21 43 39 31 255 10 26 35 46 41 49 255 55 255 8 37 24 47 42 54 51 34 255 3 255 19 61 32 44 45 40 255 7 38 23 33 16 27 17 18 2 255 28 29 59 56 50 25 255 9 255 12 13 255 0 11 1 255 255
255 13 11 2 255 60 15 255 255 255 29 45 51 40 57 31 19 3 9 25 27 18 34 42 41 32 255 255 55 49 54 44 47 52 16 0 1 17 33 43 37 53 46 24 8 255 58 38 48 50 56 255 23 7 14 255 30 39 20 61 22 255 6 255 21 28 36 35 59 26 255 255 255 5 12 255 4 255 10 255 255
255 255 255 12 9 1 255 4 255 13 255 29 28 25 17 255 30 14 255 59 56 61 50 33 27 20 11 255 46 58 53 48 38 43 39 255 255 52 55 49 44 26 54 35 10 3 41 19 32 45 37 51 36 255 60 47 57 42 40 34 31 18 255 0 16 24 23 255 22 255 21 5 255 255 8 7 255 6 15 2 255
255 8 6 2 255 255 255 15 255 255 38 37 18 34 40 255 31 255 255 24 22 51 58 45 255 19 3 12 28 255 49 55 44 41 32 255 7 23 255 54 48 43 53 16 0 11 33 27 50 56 36 46 42 255 1 17 25 20 59 39 61 30 255 13 26 29 35 57 21 52 47 255 255 10 9 4 60 5 255 14 255
255 255 11 2 12 255 255 255 255 6 255 22 18 37 34 40 31 15 255 61 27 59 28 56 44 50 255 3 46 19 52 38 33 45 255 255 60 53 57 48 58 49 55 255 255 255 41 32 47 42 54 51 29 13 255 20 21 35 36 43 39 30 14 0 255 16 26 23 17 24 25 9 255 4 5 10 7 1 8 255 255
255 0 255 1 14 7 2 6 255 4 16 20 255 255 23 18 24 8 13 29 35 17 30 33 27 22 11 10 47 26 52 57 38 34 37 60 9 25 36 43 39 54 45 51 255 255 32 42 48 58 28 40 255 12 255 41 21 46 49 50 44 56 255 3 19 255 53 55 61 31 59 255 255 255 5 255 255 255 15 255 255
255 255 9 255 255 10 1 255 255 13 255 29 45 51 26 21 36 5 255 255 25 255 54 43 17 39 255 15 31 47 40 44 48 28 35 12 255 255 42 55 49 58 33 27 11 8 24 52 46 50 53 38 20 4 3 19 32 41 57 34 18 30 255 7 23 16 59 56 61 37 22 6 255 255 0 255 60 255 2 14 255
255 60 5 8 7 255 14 255 255 255 57 21 52 39 47 30 18 2 10 26 43 24 23 54 29 51 13 0 35 36 32 16 42 25 34 9 4 20 48 41 58 49 55 45 255 3 19 53 46 33 38 17 37 1 255 255 255 50 27 44 31 40 255 255 59 61 56 255 28 255 22 6 255 255 255 255 11 12 15 255 255
255 60 255 255 8 7 0 15 255 255 57 52 47 41 42 32 19 3 255 61 46 53 24 23 16 31 255 255 59 56 48 50 44 45 40 255 5 255 21 58 55 49 255 22 6 255 39 36 43 35 54 51 34 255 1 27 17 33 255 38 255 37 255 14 30 25 29 26 28 20 18 255 255 11 9 13 10 12 4 2 255
255 255 9 255 255 0 60 7 255 3 19 25 32 41 16 17 23 1 255 255 47 42 52 255 57 22 6 13 59 29 61 46 53 33 24 8 10 56 26 40 31 34 18 37 2 255 50 35 44 43 48 27 38 11 255 255 20 49 54 45 51 28 12 5 21 36 55 39 58 30 255 14 255 255 4 255 15 255 255 255 255
255 255 255 255 60 0 8 3 255 13 29 46 41 52 32 42 19 255 255 59 61 56 57 16 24 23 7 9 25 53 48 43 54 47 51 255 6 255 22 50 36 35 21 26 5 1 17 255 58 39 20 18 45 2 12 33 28 38 37 44 34 40 10 11 27 255 55 30 49 255 31 255 255 255 255 255 14 4 255 15 255
255 2 255 255 255 12 13 11 255 255 255 59 61 53 29 47 25 9 255 18 56 255 46 28 52 27 255 15 34 31 40 48 45 42 17 1 255 37 50 44 41 38 32 33 255 10 26 58 54 43 51 19 255 3 255 22 55 49 30 255 16 23 7 255 35 20 36 39 21 57 24 60 255 6 4 255 14 5 0 8 255
255 3 8 0 15 2 11 12 255 7 19 23 16 34 18 27 255 255 6 22 24 37 31 38 33 28 255 255 41 42 32 40 45 255 20 4 255 46 52 50 44 51 26 35 10 255 255 47 56 49 54 21 36 5 60 53 57 48 58 29 17 25 1 255 61 255 59 55 43 30 39 14 255 255 255 255 255 13 255 9 255
255 0 11 5 4 255 10 14 255 8 24 47 42 20 35 26 30 255 255 16 27 21 33 36 17 39 1 3 19 46 32 41 55 25 255 9 7 23 53 48 38 58 28 43 12 255 56 52 50 44 49 29 54 13 255 59 61 18 34 255 37 22 6 60 255 57 255 40 31 45 51 255 255 255 255 2 255 15 255 255 255
255 10 9 4 7 0 255 255 255 8 255 24 20 23 16 32 42 255 1 26 25 35 255 61 41 57 60 14 30 17 39 56 59 19 47 3 5 21 29 36 50 53 46 52 255 11 27 33 43 44 48 40 58 255 255 255 37 22 34 18 31 255 255 12 28 38 54 51 49 45 55 255 255 255 13 6 255 2 15 255 255
255 7 14 5 255 255 10 255 255 8 24 30 255 39 255 26 255 255 0 23 16 21 36 58 35 20 4 3 41 19 32 43 55 54 49 255 255 46 53 61 48 59 56 50 255 15 255 31 42 40 45 51 44 255 13 52 29 47 34 37 18 22 6 9 57 25 28 17 38 33 27 255 255 60 255 12 1 255 2 11 255
255 255 7 255 3 2 11 1 255 60 52 57 47 42 33 27 17 10 8 24 23 255 19 18 30 255 14 0 46 16 41 32 38 26 28 12 255 48 43 54 39 37 34 22 6 4 53 20 49 35 44 40 25 9 255 58 255 55 36 51 21 45 5 255 61 255 59 56 50 31 29 15 255 255 255 255 255 255 255 13 255
255 255 3 255 255 255 255 2 255 7 23 19 42 52 47 57 255 60 8 24 41 59 46 56 22 18 6 0 16 32 61 53 44 31 40 15 10 35 26 58 48 50 37 34 255 4 20 255 55 255 49 28 45 12 5 36 21 39 43 54 38 51 255 13 255 29 30 25 17 33 27 255 255 255 255 14 9 1 255 11 255
255 2 6 3 10 11 255 255 255 12 18 28 19 26 27 35 20 4 255 34 22 37 38 33 36 21 5 0 16 255 32 42 41 47 255 255 8 24 58 48 55 43 39 30 14 7 23 61 53 59 46 52 57 60 255 40 44 45 49 54 51 17 1 255 31 50 255 56 29 255 25 255 255 15 255 255 255 13 255 9 255
