255 255 255 2 1 255 3 255 7 11 5 255 255 255 255 6 9 255 255 4 255 10 13 14 255 8 12 16 15 255 255 0 255 255 255 255
255 1 0 255 14 255 255 5 4 9 13 255 255 255 255 255 10 255 255 12 8 15 16 255 3 255 7 11 6 2 255 255 255 255 255 255
255 255 0 255 255 255 255 8 4 255 7 3 1 12 5 255 11 255 255 15 9 13 255 255 255 16 255 10 6 255 255 255 255 14 2 255
255 3 255 0 255 255 255 11 16 4 15 255 255 7 255 8 12 255 255 6 10 255 255 255 255 9 13 5 255 1 255 2 14 255 255 255
255 255 3 1 255 255 255 255 7 255 255 255 2 6 11 5 9 255 0 16 4 15 255 255 255 10 8 12 13 14 255 255 255 255 255 255
255 2 255 14 255 255 255 6 8 10 12 255 3 7 9 13 255 255 0 11 4 16 15 255 1 255 5 255 255 255 255 255 255 255 255 255
255 0 255 255 255 255 14 13 10 16 255 255 255 4 11 8 7 3 255 9 6 15 255 255 1 5 255 12 255 255 255 255 2 255 255 255
255 255 1 255 255 255 255 8 255 12 15 255 0 4 5 255 16 255 3 7 11 255 6 2 255 255 9 13 10 14 255 255 255 255 255 255
255 0 255 255 2 255 255 4 255 8 255 255 14 13 10 16 6 255 255 9 7 12 11 255 255 5 255 15 255 255 255 1 3 255 255 255
255 255 255 255 255 255 255 12 255 255 255 255 3 15 7 16 255 255 255 8 11 13 9 255 255 4 6 10 5 255 255 0 2 14 1 255
255 255 0 2 255 255 14 10 13 6 9 255 255 255 4 255 255 255 3 16 7 11 5 1 255 15 8 12 255 255 255 255 255 255 255 255
255 255 255 255 255 255 0 255 4 255 255 255 255 12 8 6 11 2 255 15 9 13 5 1 255 16 255 10 7 3 255 255 255 14 255 255
255 255 255 255 255 255 255 255 255 255 255 255 255 9 15 11 12 255 255 5 16 7 4 3 14 13 10 6 8 2 255 1 255 255 0 255
255 255 255 255 255 255 255 8 12 11 6 2 255 255 15 5 255 1 0 4 16 7 10 3 255 255 255 9 13 255 255 255 255 255 14 255
255 255 255 255 0 255 255 12 8 255 4 255 255 255 255 9 5 1 255 15 16 13 10 14 255 255 11 7 6 255 255 255 255 3 2 255
255 255 0 255 255 255 255 255 4 12 8 255 2 255 6 11 255 255 14 13 10 15 16 255 1 9 5 7 255 255 255 255 255 3 255 255
255 255 255 2 255 255 1 9 5 255 255 255 14 13 10 6 16 255 255 255 8 12 15 255 0 7 4 11 255 255 255 3 255 255 255 255
255 255 255 1 255 255 3 11 7 5 255 255 0 13 4 9 255 255 2 6 8 12 255 255 14 10 16 15 255 255 255 255 255 255 255 255
255 255 255 14 255 255 3 7 11 13 255 255 2 16 6 10 255 255 1 255 5 9 255 255 255 15 12 8 4 255 255 255 255 255 0 255
255 1 255 255 255 255 3 5 7 255 255 255 14 13 10 4 16 0 255 9 11 12 15 255 2 255 6 8 255 255 255 255 255 255 255 255
255 255 255 14 255 255 2 6 15 10 16 255 255 11 255 13 255 255 0 4 12 8 255 255 255 7 5 9 255 255 255 3 1 255 255 255
255 3 0 255 255 255 255 7 16 15 255 255 255 11 4 12 8 255 255 6 10 255 5 1 255 255 13 255 9 255 255 2 14 255 255 255
255 255 255 1 255 255 2 255 6 13 10 14 0 4 11 5 255 255 255 12 15 9 16 255 255 8 7 255 255 255 255 255 3 255 255 255
255 255 3 14 255 255 255 11 7 13 9 255 2 6 16 10 255 255 255 12 15 8 5 1 255 255 255 4 255 0 255 255 255 255 255 255
255 0 255 255 255 255 255 4 255 8 16 255 255 9 255 13 10 14 255 255 255 12 15 255 255 5 11 7 6 255 255 1 255 3 2 255
255 255 3 255 255 255 1 255 5 9 255 255 255 11 7 4 8 0 255 255 255 13 12 255 2 6 16 10 15 255 255 255 255 14 255 255
255 255 255 14 1 255 255 255 9 13 5 255 255 15 16 10 7 3 255 12 8 255 4 0 255 255 255 6 11 255 255 255 255 2 255 255
255 255 255 255 255 255 255 255 12 8 7 3 14 13 10 255 6 2 255 5 15 4 11 255 255 9 16 255 255 255 255 1 255 0 255 255
255 0 3 255 255 255 255 4 7 11 6 2 255 12 15 255 16 255 255 8 255 13 10 14 255 5 255 9 255 255 255 1 255 255 255 255
255 1 255 255 3 255 255 9 255 255 7 255 255 5 255 12 11 255 0 13 4 8 255 255 255 16 10 15 6 255 255 14 255 255 2 255
255 255 255 255 255 255 14 13 10 255 16 255 0 4 12 8 15 255 255 9 6 5 255 1 255 255 11 7 255 255 255 255 2 3 255 255
255 255 14 255 255 255 1 5 13 9 7 3 255 16 10 6 11 2 0 255 4 255 255 255 255 15 8 12 255 255 255 255 255 255 255 255
255 255 1 14 255 255 3 7 5 10 16 255 255 255 9 13 15 255 0 11 4 6 255 255 255 255 8 255 12 255 255 255 255 2 255 255
255 1 255 14 255 255 255 9 255 13 255 255 255 5 15 10 16 255 255 8 12 4 255 255 255 11 7 6 255 2 255 255 3 0 255 255
255 3 255 255 255 255 1 7 5 255 9 255 2 11 6 10 13 14 255 15 255 16 255 255 255 12 8 255 4 0 255 255 255 255 255 255
255 1 255 3 255 255 255 5 255 9 255 255 255 15 255 7 11 255 255 12 8 13 255 255 0 16 4 10 6 255 255 255 255 14 2 255
255 255 255 14 1 255 255 255 255 13 9 255 0 8 4 10 5 255 255 255 7 6 11 2 255 12 15 16 255 255 255 255 3 255 255 255
255 255 255 3 255 255 14 13 10 6 16 2 255 255 255 7 15 255 255 9 4 11 255 255 255 5 8 255 12 255 255 1 0 255 255 255
255 2 255 14 255 255 3 7 9 13 255 255 1 6 5 10 16 255 255 11 8 255 12 255 0 255 4 255 15 255 255 255 255 255 255 255
255 0 255 255 14 255 1 255 5 9 13 255 2 4 6 255 10 255 255 8 255 12 15 255 255 255 11 7 16 3 255 255 255 255 255 255
255 255 255 14 255 255 255 9 12 13 255 255 255 255 15 10 16 255 255 5 8 6 4 0 255 255 7 11 255 255 255 1 3 2 255 255
255 255 255 0 255 255 1 255 5 4 255 255 255 12 255 8 7 3 255 255 9 13 11 255 255 15 16 10 6 255 255 255 255 14 2 255
255 255 14 0 255 255 2 6 10 4 8 255 255 11 13 7 255 3 255 255 16 15 12 255 255 255 9 5 255 1 255 255 255 255 255 255
255 255 255 255 255 255 14 10 13 16 255 255 2 6 11 15 12 255 255 255 9 5 255 1 255 255 7 4 8 255 255 255 3 0 255 255
255 255 255 255 255 255 255 255 8 4 12 0 255 255 255 16 15 255 2 255 6 10 5 255 3 7 11 13 9 255 255 255 255 14 1 255
255 3 255 255 1 255 255 255 16 12 15 255 255 7 9 8 5 255 2 6 10 255 255 255 255 11 13 4 255 255 255 255 14 0 255 255
255 255 255 255 0 255 1 9 5 12 15 255 255 255 255 8 4 255 14 13 10 6 16 2 255 255 255 11 7 3 255 255 255 255 255 255
255 255 255 14 0 255 1 9 5 13 4 255 2 255 6 10 8 255 255 255 11 15 12 255 3 255 7 16 255 255 255 255 255 255 255 255
255 255 255 255 255 255 255 16 255 10 13 14 3 255 7 11 9 255 255 15 12 6 5 1 255 255 8 255 4 0 255 255 255 2 255 255
255 255 255 255 255 255 255 12 15 16 255 255 255 8 9 10 13 14 255 255 7 6 11 255 1 4 5 255 255 255 255 0 3 2 255 255
255 2 255 255 255 255 0 16 4 15 255 255 3 6 7 11 255 255 255 10 8 12 255 255 255 13 255 9 5 255 255 14 255 255 1 255
255 255 255 255 2 255 255 255 8 4 255 0 14 13 10 16 6 255 255 255 12 15 255 255 1 9 5 7 11 255 255 255 255 3 255 255
255 3 1 255 255 255 255 7 11 255 6 2 255 9 5 13 10 14 255 8 4 12 255 255 255 255 255 15 16 255 255 255 0 255 255 255
255 255 255 255 255 255 255 255 15 7 11 3 255 255 16 13 10 14 255 255 12 9 6 2 0 4 8 5 255 1 255 255 255 255 255 255
255 1 255 255 255 255 3 255 7 255 12 255 255 5 11 255 8 255 14 13 10 16 15 255 2 9 6 255 4 255 255 255 255 255 0 255
255 255 255 0 14 255 2 15 6 16 10 255 255 8 255 4 13 255 255 12 11 255 5 1 3 255 7 255 9 255 255 255 255 255 255 255
255 255 255 14 255 255 255 9 12 13 8 255 255 16 15 10 4 0 1 5 11 6 255 2 3 255 7 255 255 255 255 255 255 255 255 255
255 255 255 14 255 255 255 16 15 10 6 2 255 255 12 13 7 3 255 255 255 5 11 1 0 4 8 9 255 255 255 255 255 255 255 255
255 255 255 255 255 255 255 16 255 15 255 255 14 10 13 12 8 255 255 6 11 255 7 255 1 5 9 255 4 0 255 2 255 255 3 255
255 255 255 255 255 255 255 255 15 16 12 255 1 255 5 255 8 255 255 6 9 10 13 14 255 11 255 7 4 255 255 2 255 3 0 255
255 255 14 255 2 255 255 255 10 16 6 255 255 255 13 255 11 255 255 12 9 15 255 255 1 8 5 4 7 3 255 255 255 0 255 255
255 0 255 255 255 255 255 4 9 8 5 1 255 255 16 15 7 3 255 255 13 12 11 255 255 255 10 255 6 2 255 255 14 255 255 255
255 255 0 255 255 255 255 255 4 255 255 255 255 255 12 15 16 255 3 7 8 11 6 255 1 5 9 13 10 14 255 255 255 255 2 255
255 255 2 1 255 255 14 13 10 9 16 255 255 255 6 5 15 255 255 255 11 7 255 3 255 255 8 4 12 255 255 255 255 0 255 255
255 2 255 255 255 255 255 6 255 11 7 3 255 255 255 12 8 255 14 10 13 16 255 255 255 5 9 15 4 0 255 1 255 255 255 255
255 255 255 255 255 255 255 12 15 8 16 255 255 9 255 13 10 14 3 255 7 4 11 255 255 5 255 255 6 255 255 1 255 0 2 255
255 1 255 255 255 255 0 4 12 8 255 255 255 5 15 16 255 255 255 9 7 13 255 255 255 255 11 10 6 255 255 255 3 14 2 255
255 255 255 14 2 255 1 5 9 13 255 255 0 4 255 10 6 255 255 8 12 16 15 255 255 255 7 255 11 255 255 255 3 255 255 255
255 255 255 255 1 255 2 11 6 13 10 14 255 255 8 9 5 255 3 7 12 15 16 255 0 255 4 255 255 255 255 255 255 255 255 255
255 1 255 255 255 255 255 5 255 4 255 0 3 7 11 12 255 255 2 9 6 8 255 255 14 13 10 15 16 255 255 255 255 255 255 255
255 255 0 255 255 255 255 255 4 255 16 255 1 5 9 13 10 14 255 255 8 12 15 255 255 255 11 7 6 255 255 255 255 3 2 255
255 255 255 14 255 255 1 5 9 13 12 255 255 255 16 10 15 255 255 255 11 6 8 255 3 255 7 255 4 255 255 255 255 2 0 255
255 255 255 255 1 255 255 255 255 255 5 255 255 15 255 12 8 255 255 7 11 13 9 255 2 16 6 10 4 255 255 3 255 14 0 255
255 2 255 3 255 255 255 15 8 12 4 0 255 6 11 7 255 255 255 16 9 255 5 1 14 10 13 255 255 255 255 255 255 255 255 255
255 14 255 2 255 255 255 10 16 6 255 255 255 13 15 11 255 255 255 5 255 7 255 255 255 9 12 8 4 255 255 1 255 3 0 255
255 255 255 255 255 255 0 4 15 8 12 255 255 255 16 10 13 14 255 11 255 6 9 2 3 7 255 255 5 255 255 255 255 255 1 255
255 255 255 2 255 255 14 13 10 6 16 255 255 9 8 11 7 3 255 255 12 255 15 255 1 5 4 255 255 255 255 255 0 255 255 255
255 255 2 255 255 255 0 4 12 8 255 255 255 255 6 13 10 14 255 255 15 9 16 255 3 7 11 5 255 255 255 255 255 1 255 255
255 255 255 1 255 255 255 9 255 5 255 255 14 13 10 255 7 3 255 255 16 12 15 255 2 4 6 8 11 255 255 0 255 255 255 255
255 1 255 0 255 255 255 5 255 255 15 255 14 13 10 4 16 255 2 9 6 8 12 255 255 255 11 7 255 255 255 255 255 3 255 255
255 255 3 255 255 255 255 255 11 6 12 2 255 255 7 16 15 255 1 255 5 10 8 255 255 255 9 13 4 255 255 255 255 14 0 255
255 255 255 255 0 255 255 255 255 255 4 255 14 13 10 16 6 2 255 255 12 15 8 255 255 9 5 7 11 255 255 255 1 3 255 255
255 255 255 255 14 255 255 11 255 6 10 2 255 255 9 255 13 255 3 7 5 15 16 255 0 255 4 12 8 255 255 255 1 255 255 255
255 255 255 255 255 255 3 7 255 255 255 255 1 11 5 15 12 255 2 6 9 255 8 255 14 10 13 16 4 255 255 255 255 255 0 255
255 255 255 2 255 255 255 16 9 10 13 14 255 15 12 6 11 255 1 255 5 255 255 255 255 4 8 255 7 3 255 0 255 255 255 255
255 255 255 0 255 255 14 13 10 16 15 255 3 9 7 4 255 255 2 255 6 8 12 255 1 5 11 255 255 255 255 255 255 255 255 255
255 255 255 255 2 255 255 8 255 9 5 1 255 12 15 255 6 255 0 4 16 13 10 14 255 255 255 7 11 3 255 255 255 255 255 255
255 255 1 0 3 255 255 9 5 8 7 255 14 13 10 4 6 2 255 255 15 12 11 255 255 255 16 255 255 255 255 255 255 255 255 255
255 14 1 2 255 255 255 13 5 9 255 255 255 10 12 6 255 255 0 4 8 255 255 255 255 16 15 11 7 255 255 255 255 255 3 255
255 255 255 14 0 255 255 255 255 255 4 255 1 5 9 13 8 255 255 255 15 16 12 255 255 7 11 10 6 2 255 3 255 255 255 255
255 255 255 255 255 255 255 8 12 255 255 255 3 7 15 11 6 2 0 4 16 13 10 14 1 255 5 9 255 255 255 255 255 255 255 255
255 255 2 255 255 255 255 255 16 15 255 255 255 11 6 12 8 255 255 255 10 5 4 0 3 7 13 9 255 255 255 255 14 1 255 255
255 255 255 14 2 255 255 255 9 13 5 1 255 16 11 10 6 255 255 255 255 8 4 255 3 15 7 12 255 255 255 255 255 255 0 255
255 255 14 2 255 255 255 16 10 6 11 255 255 8 13 4 255 0 255 15 9 5 7 1 255 12 255 255 255 255 255 255 255 255 3 255
255 255 14 255 255 255 255 255 10 255 6 2 0 4 13 9 11 255 255 8 16 5 255 255 255 12 15 255 7 3 255 255 255 1 255 255
255 255 255 255 0 255 255 255 12 15 8 255 3 7 255 16 4 255 255 11 255 6 255 2 255 5 9 10 13 14 255 1 255 255 255 255
255 255 255 14 2 255 1 255 5 13 9 255 255 16 255 10 6 255 3 15 7 4 11 0 255 12 255 8 255 255 255 255 255 255 255 255
255 255 255 255 3 255 2 6 11 255 7 255 255 16 15 8 12 255 255 10 255 4 255 0 255 13 9 255 5 255 255 14 255 255 1 255
255 255 255 255 0 255 2 6 11 255 4 255 255 255 12 255 8 255 255 10 7 13 255 255 255 16 15 9 5 255 255 255 3 14 1 255
255 255 0 255 3 255 255 8 4 255 255 255 2 6 11 255 7 255 255 12 255 15 5 1 14 10 13 16 9 255 255 255 255 255 255 255
