255 17 8 16 13 1 52 255 9 33 32 22 55 23 47 0 12 44 30 31 54 57 56 58 5 27 43 45 50 39 38 21 4 41 26 49 51 53 48 20 15 36 37 34 46 35 255 18 11 29 25 42 40 28 24 6 255 7 3 14 19 10 2 255
255 18 15 14 6 0 12 255 7 46 36 51 44 54 31 16 10 35 28 34 45 22 30 8 11 37 29 55 50 57 43 58 2 24 42 39 49 53 26 4 3 25 23 47 33 56 32 17 5 40 27 48 41 38 255 21 255 19 1 52 9 20 13 255
255 1 58 5 13 6 10 255 17 33 54 255 50 45 34 14 9 23 57 27 32 28 35 18 52 44 56 51 43 29 46 7 16 31 53 41 49 42 24 2 21 47 38 55 30 36 37 11 8 22 39 26 48 25 40 3 255 0 20 4 12 15 19 255
255 14 21 20 52 3 11 255 18 35 55 46 51 25 37 19 7 34 29 38 47 45 36 15 10 24 28 40 54 50 44 12 2 39 42 48 56 43 33 17 0 22 41 26 57 30 31 8 1 23 49 27 53 32 255 9 255 4 6 5 58 13 16 255
255 15 9 3 5 14 6 255 13 43 32 45 50 34 28 10 11 36 27 25 40 24 29 2 19 37 41 46 49 35 42 18 17 255 33 44 48 47 53 7 12 30 26 51 54 55 56 52 0 22 23 31 39 38 57 21 255 8 1 16 4 20 58 255
255 14 2 20 52 21 9 255 10 34 24 38 47 55 32 13 6 46 28 51 54 44 33 17 18 35 40 48 56 39 23 1 19 37 42 49 50 30 43 12 3 45 25 53 57 22 255 0 11 36 29 26 41 31 27 16 255 15 7 4 58 8 5 255
255 58 11 52 7 5 17 255 19 57 37 54 51 47 55 21 3 50 25 56 29 27 33 9 13 43 32 53 46 38 44 20 15 45 36 49 42 41 23 1 12 30 40 48 39 22 31 8 10 34 24 28 35 26 255 4 255 14 2 6 18 0 16 255
255 19 7 18 15 10 2 255 11 37 29 25 36 40 24 3 6 46 28 35 45 34 255 14 1 23 42 39 49 48 53 21 17 44 33 51 50 55 54 20 9 31 32 22 43 38 57 0 5 27 41 26 30 47 56 52 255 16 13 8 12 4 58 255
255 14 6 18 2 3 19 255 11 36 37 46 255 25 57 58 10 34 28 35 24 40 48 21 15 45 50 51 54 56 53 52 7 29 42 55 49 47 38 20 13 32 43 44 23 33 39 17 8 26 30 31 41 27 22 5 255 4 12 16 1 9 0 255
255 21 58 3 15 11 14 255 20 38 57 25 36 35 255 18 52 47 56 55 45 37 34 19 2 48 53 40 24 46 28 10 16 31 54 51 50 29 42 7 12 39 30 44 43 23 49 1 8 22 26 33 32 27 41 5 255 0 4 17 13 9 6 255
255 10 20 2 21 9 1 255 18 35 50 28 255 32 43 13 14 34 45 24 38 33 23 17 15 46 36 51 55 44 30 12 3 25 54 40 48 27 39 5 11 37 29 42 47 31 22 0 58 57 56 49 53 41 26 4 255 19 7 6 52 16 8 255
255 13 1 18 17 10 20 255 0 22 39 35 40 24 48 2 9 32 23 28 33 34 38 21 16 41 31 49 44 53 47 6 5 27 43 42 50 54 45 14 8 26 37 46 51 56 55 52 12 255 30 29 25 57 36 3 255 4 19 7 11 58 15 255
255 4 0 1 58 52 21 255 16 31 255 55 56 47 38 20 8 26 22 23 57 39 48 18 12 44 30 51 54 25 40 3 2 41 49 46 53 35 24 10 17 33 43 28 50 36 45 15 5 27 32 42 29 37 34 19 255 9 13 6 7 11 14 255
255 8 4 6 20 18 14 255 16 31 44 51 55 46 47 52 12 30 26 28 38 35 34 10 58 43 57 54 53 56 37 19 17 50 41 42 49 45 24 2 13 32 33 29 255 36 25 11 5 22 27 39 48 23 40 1 255 0 9 7 21 15 3 255
255 8 4 0 20 21 58 255 16 31 255 55 38 47 56 52 12 30 26 22 39 23 57 1 17 44 33 51 48 54 53 9 19 43 37 50 41 32 49 13 3 46 25 34 40 24 27 2 15 35 36 45 29 28 42 6 255 18 11 14 7 10 5 255
255 1 9 5 16 0 8 255 17 255 33 27 31 41 26 4 13 23 32 39 44 22 30 12 6 53 28 48 42 49 29 7 58 57 56 54 51 50 43 21 2 24 47 40 55 38 25 3 18 35 46 34 37 45 36 15 255 10 52 14 19 20 11 255
255 13 4 0 5 1 58 255 9 32 27 23 43 47 56 52 8 22 26 39 30 48 57 12 17 33 41 55 49 38 53 21 16 44 31 51 50 40 54 20 14 255 34 37 45 25 36 11 6 35 28 46 42 24 29 7 255 18 10 19 3 2 15 255
255 0 21 20 52 1 4 255 16 31 47 54 53 56 57 58 8 22 38 39 48 23 26 13 15 36 55 51 49 44 41 17 12 45 30 50 43 33 32 9 18 35 28 46 42 37 27 19 14 34 24 29 40 25 255 3 255 10 2 7 6 11 5 255
255 7 3 6 2 18 14 255 19 46 37 28 24 35 34 10 11 29 25 42 40 30 255 12 16 51 55 44 41 31 26 8 15 54 36 49 50 43 45 4 52 56 47 33 27 32 22 13 20 57 38 53 48 23 39 1 255 58 21 17 5 9 0 255
255 20 0 52 21 10 6 255 1 23 39 38 48 24 40 2 13 32 22 47 55 34 28 14 9 255 27 56 53 57 25 58 5 43 50 54 51 45 42 3 17 33 41 44 49 36 29 15 8 30 26 31 46 35 37 19 255 12 4 16 7 18 11 255
255 13 21 58 15 11 52 255 5 27 41 49 36 29 42 7 20 53 38 57 56 25 47 3 4 43 26 50 45 37 28 19 9 32 48 54 40 51 55 6 0 30 39 22 34 46 35 18 17 33 23 31 255 44 24 2 255 12 1 8 14 16 10 255
255 2 52 5 20 9 1 255 21 24 47 55 38 32 23 13 58 53 56 49 27 33 41 17 6 28 40 42 48 22 39 0 3 57 54 51 50 44 26 4 18 35 25 29 43 31 30 8 14 34 45 46 36 37 255 19 255 10 11 7 15 16 12 255
255 13 1 18 5 52 20 255 0 255 39 55 48 47 38 21 9 32 23 35 27 34 40 14 17 33 22 54 53 56 57 58 12 43 30 50 41 45 24 10 7 44 29 51 49 42 28 6 8 31 26 46 37 36 25 2 255 16 4 19 11 15 3 255
255 8 12 3 7 15 19 255 16 31 255 51 55 47 46 52 4 26 30 25 29 36 37 11 58 44 57 54 56 38 35 18 17 33 43 50 42 45 28 6 13 22 32 39 53 48 34 21 5 41 27 23 49 40 24 2 255 0 9 1 14 20 10 255
255 3 19 15 7 5 17 255 6 255 28 49 42 41 32 13 11 25 37 36 29 27 33 9 10 34 35 45 50 26 43 4 14 40 46 53 51 23 44 1 58 24 57 56 54 22 30 8 20 48 38 47 55 39 31 16 255 2 18 52 21 0 12 255
255 17 1 58 52 21 15 255 0 22 39 57 48 38 40 20 9 33 23 56 47 55 25 3 5 44 27 54 53 51 24 2 13 43 32 50 45 37 36 11 16 31 41 26 49 46 35 19 12 30 34 255 42 29 28 6 255 8 14 4 18 7 10 255
255 10 7 19 11 4 0 255 2 24 29 40 25 26 22 8 18 35 48 46 37 31 39 16 6 28 42 49 36 41 30 12 14 34 53 51 45 44 23 1 58 56 57 54 50 27 43 5 21 47 38 55 255 33 32 9 255 52 20 3 15 17 13 255
255 58 21 52 2 14 18 255 20 57 38 47 24 34 35 10 17 56 53 55 49 28 42 6 0 22 48 39 40 45 25 3 1 54 23 51 46 50 37 19 16 31 33 44 255 36 29 11 12 30 27 26 41 43 32 13 255 8 9 4 5 15 7 255
255 52 21 6 13 14 18 255 58 56 57 54 50 45 36 15 20 47 38 55 28 34 35 10 12 30 48 53 43 24 40 2 16 31 44 51 32 46 37 19 0 22 39 49 23 255 25 3 4 26 33 41 42 27 29 7 255 8 17 1 9 5 11 255
255 10 7 3 14 11 13 255 2 24 40 25 34 36 45 15 18 35 255 46 29 37 50 19 6 28 53 49 42 41 26 4 5 55 57 51 54 27 32 9 58 56 48 31 39 22 30 8 20 47 38 44 23 33 43 17 255 52 21 16 1 0 12 255
255 5 13 21 12 8 1 255 17 55 33 44 30 31 255 16 9 27 32 41 43 26 23 4 52 47 51 38 56 53 48 20 14 34 45 49 50 22 39 0 19 37 46 35 54 24 40 2 11 29 36 42 57 28 25 6 255 7 15 18 58 10 3 255
255 17 9 18 5 16 8 255 13 33 32 44 43 31 30 12 1 255 23 55 27 47 26 4 3 25 50 51 54 56 41 52 2 40 45 48 39 38 22 20 11 37 36 46 57 53 49 58 14 24 34 35 29 28 42 6 255 19 15 10 7 21 0 255
255 11 19 7 0 1 20 255 3 25 42 29 22 39 38 21 15 36 37 45 55 23 47 52 18 40 35 48 53 57 56 58 14 34 46 50 51 54 44 9 10 24 28 43 49 32 33 13 4 255 26 30 41 27 31 16 255 2 6 12 8 5 17 255
255 4 0 14 6 10 58 255 12 30 39 34 28 35 57 18 8 26 22 50 255 54 56 52 1 43 23 40 48 24 53 2 16 41 31 45 49 37 47 19 9 32 33 25 42 46 38 21 5 27 44 36 29 51 55 15 255 13 17 3 7 11 20 255
255 1 17 12 0 8 4 255 5 39 27 22 41 57 26 58 9 23 33 30 44 54 31 16 13 48 32 43 49 53 56 52 14 40 34 50 45 51 36 15 20 38 28 47 42 55 29 7 10 24 255 25 35 46 37 19 255 21 6 3 18 2 11 255
255 15 19 10 0 18 8 255 6 36 28 45 22 34 255 14 2 24 37 55 46 35 31 16 11 40 48 50 39 43 30 12 7 29 42 54 51 32 44 13 20 25 38 47 23 33 26 17 58 57 53 56 49 27 41 5 255 3 21 52 1 9 4 255
255 16 20 1 9 5 4 255 15 31 36 45 23 27 26 8 17 44 33 50 32 43 30 12 19 51 37 46 39 41 22 0 21 47 38 53 48 49 255 13 3 55 25 35 40 34 24 10 58 56 57 54 29 42 28 6 255 52 11 18 7 14 2 255
255 6 2 4 12 8 5 255 18 35 255 26 41 31 27 16 10 28 24 42 49 30 22 0 7 46 29 51 44 32 33 9 14 34 45 50 48 43 39 13 11 37 36 55 38 47 23 1 3 25 40 54 53 56 57 58 255 19 15 20 21 52 17 255
255 11 14 15 5 52 21 255 19 37 46 57 51 56 54 58 3 25 34 36 45 38 50 20 18 255 35 53 55 47 32 13 10 40 28 48 39 22 43 0 6 29 42 49 27 41 26 4 2 24 33 23 44 31 30 8 255 7 17 1 9 16 12 255
255 6 10 2 12 52 16 255 19 37 46 24 54 56 57 58 18 28 35 55 51 47 31 13 14 49 34 40 50 53 44 21 8 42 30 48 43 38 32 20 11 29 41 25 45 27 33 9 0 22 26 39 36 23 255 1 255 7 4 3 15 5 17 255
255 1 5 52 18 21 6 255 4 26 41 47 55 38 255 20 9 23 27 56 35 24 28 10 17 39 33 53 49 48 42 2 58 57 32 54 46 40 25 3 0 22 44 31 51 34 29 7 12 30 43 50 37 45 36 15 255 8 13 16 19 14 11 255
255 21 11 2 7 10 18 255 20 38 37 47 46 56 35 52 3 40 25 24 29 28 42 6 19 48 55 50 54 53 57 58 15 39 36 45 51 34 49 14 0 22 255 43 44 30 31 8 9 23 27 32 33 26 41 4 255 1 5 13 17 12 16 255
255 11 7 3 2 5 13 255 19 37 29 40 24 27 32 9 15 36 45 25 50 33 43 17 6 255 42 46 49 23 41 1 14 55 34 51 54 44 31 16 20 38 28 48 53 39 26 4 52 47 56 35 57 22 30 12 255 21 10 18 58 0 8 255
255 1 13 2 15 10 11 255 17 255 33 45 36 34 37 14 9 23 32 24 40 35 25 3 16 31 44 54 51 46 55 18 4 39 43 50 48 28 38 21 0 22 30 57 53 56 47 52 5 26 27 41 49 42 29 20 255 8 12 58 19 6 7 255
255 17 12 13 4 10 5 255 8 31 30 43 26 28 255 6 9 33 27 32 41 49 35 18 16 44 51 50 54 34 46 14 1 23 55 45 24 42 37 19 0 39 22 48 56 53 57 58 21 38 47 36 40 29 25 11 255 20 52 15 2 7 3 255
255 15 7 14 3 18 2 255 11 36 29 45 25 34 24 10 19 37 42 46 49 35 28 6 13 43 39 50 48 38 40 21 1 32 23 51 55 47 41 52 12 30 22 54 53 57 56 58 9 33 255 44 26 31 27 16 255 17 0 8 4 20 5 255
255 13 14 15 10 11 58 255 2 255 45 36 24 25 40 3 18 32 34 46 35 37 57 19 17 43 50 51 54 47 56 52 9 33 39 44 48 38 53 21 5 30 27 26 41 55 49 20 0 22 23 31 28 29 42 16 255 12 1 8 6 7 4 255
255 12 14 2 10 11 6 255 18 30 34 45 35 36 255 15 4 43 50 40 24 25 28 3 8 31 26 44 46 37 41 19 16 55 54 51 49 29 42 7 21 38 57 48 53 39 22 0 52 47 56 32 33 23 27 9 255 20 58 13 17 1 5 255
255 20 8 16 12 17 5 255 0 55 22 44 30 33 27 9 4 47 26 31 43 32 41 13 52 51 56 39 53 23 49 1 21 38 54 48 50 40 29 7 58 46 57 37 36 25 42 11 10 35 34 255 45 24 28 2 255 18 14 19 15 3 6 255
255 5 13 17 1 10 6 255 9 27 32 33 23 24 28 2 16 41 31 44 255 35 34 14 8 26 22 49 39 40 42 18 4 54 43 51 50 46 45 19 12 57 30 53 48 25 29 7 52 56 47 55 38 37 36 15 255 58 0 20 21 3 11 255
255 14 18 58 16 17 8 255 12 45 30 43 44 33 22 0 10 34 35 57 31 56 47 52 15 36 46 50 51 54 55 20 6 28 255 53 48 38 39 21 11 29 37 32 25 27 23 9 2 42 24 49 40 41 26 4 255 7 19 13 3 5 1 255
255 1 58 20 52 10 18 255 13 32 255 38 47 34 55 21 9 23 57 54 56 24 35 2 17 43 33 50 44 45 51 14 0 39 22 48 53 40 25 3 8 30 26 29 31 36 46 11 5 27 41 42 49 28 37 6 255 12 4 7 16 15 19 255
255 5 6 2 10 1 13 255 14 27 34 45 50 23 32 9 20 38 28 48 24 39 35 18 52 47 56 53 54 57 43 58 21 41 42 49 46 255 30 12 7 55 29 36 51 33 44 17 3 26 25 40 37 22 31 8 255 4 11 15 19 0 16 255
255 12 0 16 17 15 3 255 13 32 33 44 55 51 37 19 8 30 22 31 255 36 25 11 4 43 26 50 47 54 46 52 1 23 39 45 48 29 40 7 9 27 41 34 38 56 35 18 6 28 49 42 53 57 24 10 255 5 20 14 21 58 2 255
255 3 15 17 13 9 16 255 7 29 45 43 32 30 50 12 11 25 36 33 44 27 31 5 14 255 34 42 49 41 26 8 19 37 46 55 51 23 54 1 10 24 35 28 53 22 57 4 20 40 38 47 48 39 56 52 255 2 18 6 21 0 58 255
255 10 2 6 7 17 21 255 14 34 29 28 42 44 31 16 18 35 24 45 49 33 38 20 15 46 36 51 56 55 47 52 9 32 40 50 53 43 48 13 11 37 25 54 57 30 22 8 1 255 23 27 41 26 39 4 255 19 3 5 58 12 0 255
255 3 11 6 19 10 14 255 15 25 36 40 45 24 34 2 7 42 29 28 37 35 46 18 13 255 32 48 50 30 43 12 52 49 56 53 54 57 51 58 5 41 27 38 47 26 55 4 17 23 33 39 44 22 31 0 255 1 9 20 21 8 16 255
255 7 15 11 3 16 4 255 18 44 35 36 25 31 26 8 14 51 46 29 37 22 41 0 10 34 24 45 40 43 30 12 6 28 55 42 48 39 49 19 2 33 47 50 38 32 27 9 58 255 56 54 57 23 53 1 255 17 52 20 21 13 5 255
255 2 21 52 58 9 17 255 5 40 48 27 56 23 39 1 20 24 38 47 57 32 33 13 14 49 53 41 54 26 22 4 10 28 34 55 51 43 44 0 3 25 45 36 50 30 31 8 6 42 35 29 46 37 255 19 255 15 18 11 7 12 16 255
255 20 18 1 9 11 3 255 21 38 35 48 40 36 25 15 19 37 46 23 33 29 255 7 52 47 54 39 50 45 32 13 17 55 51 49 44 42 31 16 0 22 56 53 24 34 43 14 8 26 57 41 27 28 30 6 255 4 58 2 5 10 12 255
255 1 9 58 3 52 11 255 17 255 33 57 55 47 29 7 13 23 32 53 25 56 36 15 16 31 44 38 51 54 46 21 5 41 27 49 42 45 37 19 12 30 43 48 40 50 35 18 4 26 22 39 28 34 24 10 255 8 0 20 6 14 2 255
255 17 0 9 6 14 2 255 12 30 22 33 255 23 39 1 13 43 26 32 28 34 24 10 8 31 49 44 42 25 40 3 4 50 41 51 46 45 35 18 19 57 53 27 37 29 48 7 52 54 56 55 47 36 38 15 255 16 58 5 20 11 21 255
255 12 0 3 16 58 21 255 4 26 41 57 49 53 38 20 8 30 22 54 31 56 47 52 17 33 39 44 42 48 28 6 5 255 27 51 55 46 35 18 9 32 23 25 29 40 24 2 15 43 36 50 45 37 34 14 255 13 1 11 7 19 10 255
255 21 19 52 5 9 12 255 20 38 255 47 27 32 43 13 58 53 57 56 54 33 50 17 2 48 24 39 55 23 30 1 3 25 46 49 51 44 45 16 18 40 35 22 41 26 34 8 11 29 37 42 28 31 36 15 255 7 10 0 6 4 14 255
255 21 1 0 13 8 9 255 20 38 23 39 32 22 26 4 52 47 56 44 43 31 33 16 58 48 57 53 49 30 41 12 17 55 54 51 50 46 27 5 7 40 29 34 42 24 28 2 15 25 36 45 37 35 255 18 255 3 11 14 19 10 6 255
255 58 21 19 15 7 3 255 20 255 38 37 36 29 25 11 52 56 47 55 45 42 34 14 1 39 48 51 46 28 40 6 12 57 53 54 50 49 35 10 9 23 33 44 32 27 24 2 8 22 30 31 43 41 26 4 255 0 17 16 13 5 18 255
255 8 12 16 1 5 9 255 0 22 39 31 23 44 33 17 4 26 30 41 43 27 32 13 2 45 24 49 50 51 55 3 15 36 40 42 54 29 25 11 14 34 48 53 56 46 37 19 21 255 38 28 57 35 47 7 255 6 20 10 58 18 52 255
255 7 15 10 14 2 8 255 6 42 28 49 34 41 26 4 11 29 25 40 36 24 31 16 52 47 56 53 45 27 255 5 3 55 51 48 44 39 22 0 21 38 54 57 50 23 30 1 19 37 46 35 33 32 43 13 255 20 58 18 17 9 12 255
255 0 9 5 13 16 4 255 1 23 32 27 43 41 30 12 17 22 33 51 44 31 26 8 14 39 34 54 50 57 45 58 21 38 255 55 46 49 36 15 20 48 40 56 25 53 37 19 2 28 24 47 35 42 29 7 255 6 10 52 3 18 11 255
255 17 1 13 52 58 18 255 5 44 27 51 56 46 35 6 9 33 23 32 47 55 24 2 16 31 41 54 53 57 28 10 20 43 39 50 48 29 40 7 8 30 26 34 49 37 42 19 0 255 22 45 38 36 25 11 255 12 4 14 21 15 3 255
255 52 8 17 0 21 13 255 16 47 31 44 22 38 255 20 12 56 30 33 43 27 32 9 4 50 26 55 48 39 23 1 58 54 57 51 53 41 49 5 15 45 36 25 40 24 28 2 19 34 37 46 29 35 42 18 255 14 11 3 7 10 6 255
255 14 2 15 11 7 16 255 19 34 37 45 36 25 255 3 10 28 24 42 29 40 31 0 18 35 46 50 43 22 30 12 6 41 53 49 51 48 44 8 58 57 56 54 32 39 23 1 5 26 27 47 55 38 33 17 255 4 52 20 13 21 9 255
255 21 2 52 9 0 17 255 1 47 23 55 39 22 27 5 20 38 24 40 48 25 33 3 10 28 34 46 35 51 44 18 6 42 49 56 53 54 57 58 15 36 45 37 41 26 31 8 7 29 255 50 32 43 30 12 255 11 14 19 13 4 16 255
255 16 12 13 0 9 1 255 8 31 30 44 22 33 255 17 4 26 43 41 32 27 23 5 20 54 50 51 39 46 37 19 21 53 38 49 48 28 42 6 52 56 47 55 40 35 25 18 15 57 36 45 24 34 29 7 255 58 3 14 2 10 11 255
255 6 11 15 3 20 58 255 2 24 25 40 48 38 57 21 7 42 29 36 53 47 56 52 10 28 46 35 39 55 51 18 14 34 49 45 50 22 54 0 19 255 37 33 23 31 44 16 5 27 41 32 43 30 26 8 255 13 17 9 1 12 4 255
255 8 5 16 9 12 17 255 0 22 27 31 43 30 32 13 4 26 41 44 33 57 255 58 1 39 23 48 53 56 38 20 6 28 49 51 50 54 55 21 10 24 35 46 34 40 47 52 7 42 29 37 45 36 25 11 255 2 18 19 14 15 3 255
255 3 7 58 5 1 13 255 15 36 45 56 50 30 43 12 11 25 29 57 27 23 32 9 14 40 34 53 54 48 33 17 6 28 42 49 41 39 26 4 10 24 35 46 51 38 44 20 19 37 255 47 55 22 31 8 255 2 18 52 21 0 16 255
255 1 3 19 11 10 6 255 17 255 33 44 46 35 28 18 9 23 25 40 37 24 29 2 5 27 41 49 51 53 42 7 13 39 32 48 55 34 47 52 8 22 26 31 54 57 56 58 12 30 43 50 36 45 38 20 255 0 4 16 15 14 21 255
255 4 8 5 12 13 52 255 0 41 22 27 53 57 56 58 16 26 31 44 30 32 33 9 6 42 28 49 39 54 23 1 7 29 255 51 55 43 47 17 14 45 34 37 48 50 38 21 18 36 35 46 40 25 24 2 255 15 10 11 19 3 20 255
255 3 6 10 13 9 19 255 11 25 45 34 50 23 37 1 2 24 28 255 32 35 46 18 15 40 36 39 43 22 54 0 7 29 42 49 44 33 51 17 4 48 26 41 30 27 57 5 21 38 31 53 55 47 56 52 255 20 16 14 8 12 58 255
255 4 0 8 2 19 10 255 1 26 23 22 39 34 24 14 16 44 51 31 46 37 35 18 17 41 53 49 48 45 40 15 9 33 54 50 55 42 28 6 5 27 57 30 38 36 25 21 52 32 56 43 47 29 255 7 255 13 58 12 20 11 3 255
255 7 19 5 9 4 0 255 6 42 28 49 255 23 39 1 11 29 37 41 27 26 22 8 3 25 40 43 32 30 48 12 15 36 46 51 44 53 31 16 2 45 24 50 33 57 38 20 18 34 35 54 55 56 47 52 255 14 10 13 17 58 21 255
255 4 12 13 20 9 17 255 21 41 255 32 38 27 33 5 8 26 30 43 39 23 31 16 52 49 53 50 47 55 44 1 0 42 22 45 48 34 40 14 58 57 56 54 46 51 35 18 11 29 37 36 25 28 24 10 255 7 19 15 3 6 2 255
255 11 52 58 20 21 5 255 19 37 47 56 38 29 255 7 3 25 40 57 48 53 27 17 15 46 55 51 42 49 41 1 2 36 24 54 39 33 23 9 6 35 28 31 22 44 26 4 14 45 34 50 43 32 30 12 255 18 10 16 0 13 8 255
255 11 15 2 6 18 14 255 3 25 40 24 28 35 34 10 19 37 36 46 45 50 43 58 7 29 42 49 53 57 30 12 52 47 55 51 56 54 32 13 21 38 48 26 22 41 27 5 16 255 31 44 39 33 23 9 255 20 0 4 8 17 1 255
255 0 12 2 9 17 4 255 8 22 30 255 43 32 26 13 16 31 44 24 33 28 41 6 1 39 23 40 50 48 27 5 18 46 51 35 54 42 49 10 3 25 36 45 56 34 53 14 19 37 55 29 47 38 57 21 255 11 15 7 52 20 58 255
255 14 18 15 7 3 19 255 2 40 24 36 29 25 37 11 10 34 35 45 50 43 46 12 6 53 28 49 42 32 255 13 58 57 56 55 54 30 51 1 20 48 38 27 41 33 44 17 52 22 47 39 26 23 31 8 255 0 21 5 4 9 16 255
255 7 11 10 18 0 8 255 3 40 25 24 35 22 26 4 19 29 37 42 46 28 31 16 15 48 36 53 49 39 41 6 14 34 45 50 51 33 44 17 58 57 56 54 55 23 27 9 20 38 47 43 30 32 255 13 255 21 52 2 12 1 5 255
255 16 4 7 11 5 2 255 12 30 37 43 36 255 24 15 8 31 26 41 29 27 25 3 19 51 46 50 45 54 40 21 6 44 28 49 42 53 57 58 10 55 35 47 34 56 38 52 0 33 22 32 39 23 48 1 255 17 18 13 14 9 20 255
255 19 7 3 4 16 8 255 15 36 45 44 255 31 30 12 11 37 29 25 26 40 22 0 14 46 54 51 50 24 43 2 58 57 56 53 49 48 39 52 18 35 34 55 38 47 32 13 6 28 42 33 41 27 23 9 255 10 20 17 21 5 1 255
255 12 4 52 58 20 18 255 0 39 22 48 56 38 255 21 8 30 26 53 57 47 55 6 16 31 44 40 51 37 46 19 13 32 41 49 54 28 35 10 9 23 33 24 36 25 29 11 5 43 27 50 45 42 34 14 255 1 17 2 15 3 7 255
255 0 20 4 52 2 18 255 21 39 38 48 47 40 25 3 58 22 57 53 56 24 35 10 8 26 31 42 55 28 255 6 12 41 30 49 54 29 46 7 5 27 44 33 51 36 37 11 1 23 43 32 50 45 34 14 255 9 16 17 13 15 19 255
255 52 3 17 15 9 13 255 58 56 57 53 33 27 32 5 7 47 54 55 51 23 50 1 21 38 40 48 44 31 43 16 11 29 25 39 36 22 45 0 2 42 28 49 24 41 30 8 19 255 37 35 46 26 34 14 255 20 6 18 10 4 12 255
255 14 11 16 0 1 8 255 3 255 25 44 22 31 30 12 15 34 36 45 39 23 26 4 2 24 40 33 48 32 27 9 19 37 42 50 49 43 41 5 6 46 28 51 53 55 38 20 18 35 29 54 57 56 47 52 255 10 7 17 58 13 21 255
255 5 9 12 16 8 1 255 13 43 32 30 31 22 255 0 17 27 33 41 44 26 23 4 15 50 54 45 36 39 28 6 7 55 51 49 29 42 35 18 58 56 57 53 40 48 24 10 3 47 37 34 25 38 46 20 255 52 19 14 11 21 2 255
255 10 5 14 18 11 19 255 6 28 35 42 46 29 37 7 2 24 27 34 45 36 50 15 17 33 44 40 51 25 55 3 9 23 41 49 43 32 54 13 16 39 31 48 30 38 47 20 4 22 26 53 255 57 56 58 255 1 8 0 12 21 52 255
255 16 4 52 20 7 21 255 0 44 22 56 53 54 57 58 8 31 26 47 38 29 37 11 17 33 39 55 48 51 46 19 12 30 41 50 49 42 28 6 9 32 23 34 40 24 35 10 5 43 27 45 25 36 255 15 255 13 1 14 3 2 18 255
255 2 11 15 52 58 20 255 3 24 25 40 47 48 38 21 19 37 36 54 56 57 53 5 14 34 45 50 55 39 23 1 7 46 29 51 44 31 49 16 18 35 255 43 32 22 27 0 6 28 42 30 33 26 41 4 255 10 17 12 13 8 9 255
255 1 5 4 58 8 52 255 9 23 27 33 56 44 55 17 12 30 43 26 57 31 47 16 13 255 32 41 54 51 46 21 6 28 50 39 48 22 38 0 7 42 29 49 53 35 37 20 14 34 45 24 36 40 25 3 255 10 15 2 11 18 19 255
255 14 18 2 6 12 8 255 10 34 35 24 28 30 26 4 3 25 46 51 44 40 31 16 7 50 29 54 42 57 41 58 11 45 37 55 39 48 22 0 13 43 32 56 49 53 27 5 19 36 255 47 33 38 23 21 255 15 17 52 9 20 1 255
