255 31 12 6 255 1 255 3 29 17 255 19 255 5 11 25 26 20 255 15 23 2 16 255 255 27 255 13 0 22 14 255 255 18 9 7 21 30 24 255 255 255 255 8 28 10 255 4 255
255 1 255 5 13 0 255 9 255 255 255 255 14 28 23 15 255 19 27 20 6 4 18 255 255 30 26 12 255 255 29 17 21 16 7 11 22 25 255 24 255 255 255 8 31 3 10 2 255
255 255 31 4 255 7 255 11 255 25 18 22 255 8 255 255 29 255 16 21 2 3 255 17 255 26 255 12 1 15 19 255 20 24 6 13 255 27 255 14 30 28 255 23 5 9 0 10 255
255 9 23 4 11 255 255 6 20 255 255 255 17 3 1 255 15 18 25 29 31 12 26 255 255 255 19 5 7 30 21 24 22 27 8 0 14 16 255 255 255 255 255 28 2 10 255 13 255
255 6 13 255 3 31 255 5 20 19 255 17 29 255 255 255 27 255 255 25 11 12 26 255 255 255 22 8 10 30 24 21 255 15 1 0 14 16 255 255 18 4 255 28 2 7 9 23 255
255 4 31 8 3 5 255 11 18 25 22 255 27 13 7 21 29 255 17 19 9 10 24 255 255 20 255 6 2 16 255 255 15 255 23 28 30 14 255 26 255 12 255 255 0 255 1 255 255
255 12 6 5 23 9 255 0 26 20 255 255 255 255 255 255 255 255 15 255 1 28 14 30 19 27 255 13 7 16 21 255 24 255 10 4 18 22 17 25 29 31 255 2 8 3 11 255 255
255 255 0 12 255 6 255 28 30 14 26 255 20 255 10 24 255 255 255 255 9 8 255 22 255 18 255 4 7 21 29 17 19 15 23 11 16 25 255 27 255 13 255 2 31 3 5 1 255
255 13 5 7 23 9 255 255 27 19 255 255 255 255 2 255 16 21 24 255 10 3 255 17 255 255 20 6 31 25 29 255 15 26 12 8 22 255 18 30 14 28 255 11 255 4 1 0 255
255 0 255 3 13 31 255 255 255 255 17 19 29 5 28 14 30 255 27 25 11 12 26 255 255 255 255 255 6 20 24 255 21 22 7 1 15 255 255 16 18 4 255 23 10 9 2 8 255
255 12 11 6 31 3 255 255 255 25 255 29 17 255 4 26 18 20 255 27 13 8 255 22 255 255 19 5 0 14 255 255 255 15 1 255 30 16 24 21 255 7 255 28 2 10 9 23 255
255 1 0 3 11 8 255 23 15 255 255 20 255 6 9 255 29 17 25 22 31 28 30 14 255 26 255 12 13 27 255 19 255 18 255 255 24 21 255 16 255 2 255 10 7 5 255 4 255
255 6 31 23 9 7 255 11 255 25 255 22 255 8 1 20 29 15 24 21 10 3 255 17 255 18 255 4 5 26 19 14 30 16 28 13 255 27 255 255 255 255 255 12 255 0 255 2 255
255 255 6 5 0 255 255 12 255 26 255 14 30 28 3 17 20 19 255 27 13 255 255 255 255 255 24 10 23 29 15 25 22 21 7 9 255 255 255 18 16 4 255 31 1 11 8 2 255
255 10 7 6 28 255 255 12 255 26 20 14 255 0 255 24 21 30 255 255 255 2 255 16 255 29 255 31 9 18 255 22 25 27 13 23 255 15 255 17 19 3 255 4 1 8 11 5 255
255 5 255 9 23 7 255 3 19 17 255 15 255 1 255 255 29 255 16 21 2 13 27 255 255 255 20 6 31 25 22 255 30 24 10 4 255 18 255 14 26 0 255 11 8 255 28 12 255
255 31 5 11 255 255 255 3 17 19 255 255 18 4 13 29 27 25 255 22 8 9 255 255 255 255 24 10 23 255 15 16 255 21 7 12 20 26 255 14 30 28 255 6 1 2 0 255 255
255 255 255 4 10 11 255 2 255 16 18 255 22 8 7 255 21 255 24 25 31 3 255 17 255 29 19 5 1 15 255 255 30 255 255 6 20 255 26 14 27 0 255 23 9 12 28 13 255
255 1 0 4 5 255 255 12 255 26 255 19 27 13 23 15 14 18 255 22 8 6 255 20 255 17 255 3 9 255 30 255 29 25 31 10 255 24 16 21 255 7 255 255 28 2 255 11 255
255 13 255 7 23 9 255 255 255 255 255 15 255 1 2 27 16 21 255 24 10 4 255 18 255 255 30 28 8 19 22 17 25 29 31 6 255 20 255 26 14 12 255 5 255 3 11 0 255
255 255 0 31 1 11 255 8 255 22 25 18 255 4 28 30 14 29 15 255 23 6 255 20 255 255 255 9 12 24 26 17 19 255 5 7 21 16 255 27 255 255 255 10 2 3 13 255 255
255 255 8 255 10 0 255 4 255 18 255 30 14 28 11 25 22 255 24 26 12 9 255 255 255 255 27 13 23 255 15 255 21 20 7 255 29 255 17 16 19 5 255 31 1 3 2 6 255
255 255 0 3 28 31 255 5 255 19 17 18 29 4 255 255 255 30 14 24 10 13 255 27 255 22 25 8 255 255 255 16 26 21 12 1 15 255 255 20 255 11 255 23 9 2 6 7 255
255 1 6 7 12 10 255 2 16 255 21 255 24 255 23 15 20 255 26 255 0 9 255 255 255 14 30 28 8 255 22 255 25 29 31 4 27 18 19 255 17 3 255 13 255 5 11 255 255
255 31 4 11 8 0 255 10 29 24 255 30 14 28 3 17 18 25 22 26 12 7 255 21 255 16 255 2 255 19 27 255 255 20 6 255 255 255 255 15 255 1 255 5 13 255 23 9 255
255 0 2 28 1 8 255 255 255 255 255 255 18 4 255 14 16 30 15 22 23 13 255 27 255 255 255 9 7 26 21 24 29 25 31 6 20 19 255 17 255 3 255 12 5 10 255 11 255
255 255 10 2 13 3 255 255 255 255 255 27 19 5 7 21 24 16 255 17 9 12 26 255 255 255 29 31 28 14 30 255 15 255 23 6 20 255 18 22 25 8 255 0 255 4 1 11 255
255 13 31 7 28 2 255 10 255 24 21 30 16 255 255 27 29 255 14 255 0 11 255 25 255 18 255 4 3 19 17 255 26 20 12 255 255 22 255 15 255 1 255 5 8 9 23 6 255
255 28 1 13 7 12 255 10 30 24 255 21 255 255 0 14 255 27 255 26 255 23 255 15 255 16 255 2 9 255 29 19 17 20 3 11 255 25 255 22 18 4 255 255 31 5 8 6 255
255 13 1 0 10 2 255 6 255 20 255 24 21 7 23 27 15 255 255 16 255 12 255 26 14 30 255 28 9 19 17 255 29 25 31 255 255 255 18 255 22 8 255 5 3 4 255 11 255
255 1 4 255 5 255 255 23 15 255 255 19 27 13 8 22 18 255 255 24 10 9 255 29 255 17 255 3 31 25 16 255 21 30 255 6 20 255 26 255 14 0 255 11 2 12 7 28 255
255 2 7 255 255 0 255 255 16 21 255 26 255 12 10 255 24 255 30 14 28 3 255 17 255 20 255 6 13 255 27 25 29 22 8 5 255 19 255 15 18 1 255 9 23 11 31 4 255
255 28 12 4 31 5 255 0 14 26 255 29 17 3 8 30 22 18 25 19 11 6 255 20 255 255 255 255 2 21 16 24 255 27 9 255 255 255 255 15 255 23 255 7 255 10 1 13 255
255 28 255 7 2 1 255 10 30 24 21 16 255 9 0 14 255 255 255 15 23 4 255 18 255 22 255 8 3 26 17 255 29 255 255 6 20 19 27 25 255 11 255 12 5 13 31 255 255
255 7 11 2 8 4 255 10 21 24 16 255 255 255 31 29 25 255 22 18 255 0 255 14 255 30 255 28 3 17 20 255 255 255 9 12 19 26 27 255 15 23 255 5 6 13 255 1 255
255 6 255 12 255 0 255 10 20 24 26 30 14 28 2 255 16 255 255 19 5 7 255 21 255 255 27 13 1 15 255 18 22 17 8 255 255 255 255 25 29 31 255 23 9 4 11 3 255
255 1 28 7 255 255 255 10 24 30 21 16 255 2 23 15 255 255 255 255 255 0 255 14 255 255 18 4 9 27 19 29 17 255 3 12 255 26 20 25 22 11 255 13 5 6 31 8 255
255 1 12 4 6 8 255 23 15 255 26 20 14 0 9 255 255 18 17 22 3 255 255 255 255 29 255 31 2 16 27 255 19 25 255 7 21 255 24 255 30 28 255 255 13 10 5 11 255
255 23 28 9 0 255 255 1 15 255 255 255 20 6 5 19 30 255 14 26 12 3 17 255 255 255 255 255 255 27 24 255 21 16 7 31 29 255 18 25 22 8 255 13 10 4 11 2 255
255 12 1 0 13 5 255 2 255 16 255 21 255 7 23 26 15 14 27 19 255 28 255 30 255 24 255 10 9 20 255 255 255 17 3 255 255 18 22 25 29 31 255 6 4 8 11 255 255
255 1 255 13 3 8 255 5 255 19 27 17 25 11 23 15 255 255 18 22 4 255 255 255 255 29 255 31 9 255 30 255 24 255 10 0 20 14 26 21 16 2 255 6 28 12 7 255 255
255 4 23 9 0 10 255 6 18 20 255 26 24 12 8 22 255 255 14 30 28 2 255 16 255 255 21 7 11 25 15 255 255 27 13 255 29 255 17 255 19 5 255 31 1 3 255 255 255
255 12 0 28 3 13 255 255 26 255 14 19 27 5 6 20 255 30 17 24 10 255 255 255 255 255 21 7 4 255 18 22 29 25 31 1 255 15 255 255 16 2 255 9 23 8 255 11 255
255 3 255 255 1 6 255 13 255 27 255 15 255 23 5 17 19 255 255 20 9 31 29 255 255 255 26 12 255 21 24 16 30 14 28 11 255 25 255 22 18 4 255 7 10 2 8 0 255
255 13 7 8 3 31 255 5 27 19 255 17 29 255 2 16 21 22 255 25 11 10 255 24 255 30 255 28 255 255 255 18 255 255 9 6 20 26 255 14 15 23 255 255 12 4 0 1 255
255 7 28 3 12 5 255 0 21 14 255 26 20 6 10 24 30 17 255 19 9 2 16 255 255 255 27 13 255 255 29 255 15 255 23 11 255 25 18 22 255 8 255 255 31 4 1 255 255
255 8 31 3 255 5 255 4 18 255 29 255 255 255 11 22 25 17 20 19 6 9 255 255 255 255 255 255 10 24 255 30 26 27 12 23 21 15 16 14 255 0 255 7 1 2 28 13 255
255 28 6 12 7 255 255 10 30 24 255 21 255 255 0 14 20 26 16 255 2 13 255 27 255 18 255 4 3 29 17 255 255 15 1 255 255 19 25 22 255 8 255 31 5 11 9 23 255
255 7 255 9 23 5 255 255 21 255 255 27 19 13 10 24 255 255 15 255 1 2 16 255 255 255 17 3 6 30 20 18 22 25 11 0 14 26 255 255 29 255 255 28 12 4 8 31 255
255 8 10 11 7 31 255 4 22 18 25 16 29 2 255 255 24 255 21 17 3 12 255 26 255 20 255 6 255 255 30 255 27 19 5 0 255 14 255 255 15 1 255 255 28 9 13 23 255
255 12 1 4 11 3 255 9 255 255 255 25 29 31 23 26 15 18 22 17 8 6 20 255 255 255 255 255 255 14 255 255 255 19 5 2 16 21 30 24 27 255 255 0 7 28 10 13 255
255 255 0 6 255 8 255 12 255 26 20 255 18 4 255 255 14 255 16 22 2 13 255 27 255 19 255 5 28 255 30 24 21 25 11 1 255 15 255 17 29 3 255 9 23 10 7 31 255
255 9 23 6 4 8 255 1 255 15 255 255 16 2 12 26 255 20 18 22 255 13 255 27 255 255 21 7 0 14 17 255 29 25 31 5 30 19 255 255 24 10 255 28 3 255 255 11 255
255 11 255 8 1 4 255 3 255 17 255 20 255 6 31 25 29 22 15 18 23 5 255 19 255 26 255 12 255 16 255 21 255 24 9 13 255 27 255 14 30 28 255 2 255 7 0 10 255
255 255 11 12 8 255 255 31 29 25 255 22 18 4 6 20 255 26 14 255 0 3 17 255 255 255 255 9 13 27 24 255 30 255 28 7 19 21 16 255 15 23 255 5 10 2 255 1 255
255 255 255 2 12 28 255 6 255 20 255 26 14 0 255 255 255 16 18 30 4 9 255 255 255 22 255 8 23 15 255 21 25 24 11 13 27 19 17 29 255 3 255 1 5 7 31 10 255
255 6 0 1 4 5 255 12 20 26 255 18 255 255 28 30 14 255 27 19 13 7 21 255 255 22 255 8 255 24 255 15 29 17 3 2 16 255 255 25 255 11 255 10 255 23 31 9 255
255 10 0 255 12 7 255 28 30 14 255 26 16 2 4 24 18 255 255 21 255 9 255 255 255 20 255 6 23 15 22 255 25 29 31 13 255 27 19 255 17 255 255 1 8 5 11 3 255
255 2 7 10 4 1 255 255 255 255 255 255 15 23 255 16 21 24 18 255 255 3 255 17 255 29 255 9 5 27 19 30 22 255 8 0 255 14 26 25 20 11 255 13 28 12 31 6 255
255 7 1 2 11 4 255 23 21 15 16 22 18 8 9 255 255 255 25 29 31 10 24 255 255 255 19 5 255 255 255 255 20 17 3 28 30 14 255 26 27 12 255 255 0 255 6 13 255
255 7 5 3 4 11 255 13 21 27 255 18 22 8 2 16 19 17 29 25 31 10 24 255 255 255 255 9 12 20 26 255 255 15 23 28 30 14 255 255 255 255 255 6 0 255 255 1 255
255 255 1 3 13 31 255 9 255 255 17 19 29 5 23 255 15 255 27 25 11 255 255 255 255 255 255 255 10 21 24 30 255 22 8 2 16 26 14 20 18 0 255 7 12 28 6 4 255
255 23 9 255 11 3 255 2 16 255 255 25 29 31 1 15 255 255 22 17 8 7 21 255 255 18 255 4 28 30 14 255 27 19 5 12 24 26 20 255 255 255 255 10 0 6 13 255 255
255 8 6 10 28 2 255 4 18 20 24 30 21 7 12 22 26 255 14 16 0 3 255 17 255 255 255 255 31 25 29 255 15 255 1 255 255 19 255 27 255 13 255 11 5 255 23 9 255
255 2 23 7 9 13 255 1 255 15 255 255 27 255 10 16 24 21 255 19 5 255 255 255 255 255 17 3 28 14 30 255 26 29 12 4 18 22 25 20 255 6 255 0 8 11 255 31 255
255 9 23 7 10 255 255 255 255 255 21 24 16 2 1 255 15 255 255 27 13 0 255 14 255 30 255 28 8 255 22 25 18 19 4 12 20 26 255 29 17 3 255 6 255 11 31 5 255
255 13 1 255 8 31 255 9 255 255 255 22 25 11 23 27 15 255 18 29 4 5 19 255 255 255 17 3 255 255 30 255 24 21 10 0 20 14 26 255 16 2 255 6 28 12 255 7 255
255 0 7 255 23 9 255 6 20 255 255 15 255 1 28 14 21 30 24 255 10 12 26 255 255 27 255 13 2 18 16 22 25 29 31 255 255 255 255 19 17 5 255 4 255 8 11 3 255
255 12 255 6 8 4 255 0 26 14 20 255 255 255 2 16 255 255 22 18 11 28 30 255 255 25 29 31 7 21 27 19 15 17 23 255 24 255 255 255 255 9 255 10 13 5 1 3 255
255 255 23 9 7 0 255 1 255 15 255 30 14 28 8 22 255 255 21 26 12 4 18 255 255 24 255 10 31 25 29 255 16 20 2 13 27 17 19 255 255 255 255 11 3 5 255 6 255
255 13 12 5 31 255 255 255 27 26 19 29 17 3 6 255 20 255 25 255 11 4 255 18 255 14 255 0 8 255 22 255 24 21 7 1 15 255 255 30 16 28 255 23 255 9 10 2 255
255 4 2 12 6 28 255 7 18 21 255 24 30 10 8 22 16 26 20 14 0 13 255 27 255 255 255 255 11 25 255 255 255 255 255 255 29 19 17 255 15 1 255 31 5 3 9 23 255
255 2 31 3 13 255 255 255 255 29 17 19 255 5 11 16 25 255 27 255 255 8 255 22 255 18 255 4 7 21 26 255 14 255 0 6 24 20 30 255 15 1 255 10 12 9 28 23 255
255 5 1 13 10 7 255 9 255 255 255 24 21 255 23 19 15 27 255 16 2 3 17 255 255 30 255 255 12 255 26 20 14 255 28 31 29 25 255 22 18 8 255 255 11 6 0 4 255
255 255 31 12 3 13 255 255 255 29 255 17 19 5 11 255 25 26 20 27 6 8 255 22 255 18 255 4 0 14 255 255 15 255 1 10 30 24 21 255 16 2 255 28 255 7 23 9 255
255 255 23 2 9 4 255 7 255 21 16 255 255 255 1 255 15 255 27 18 13 10 255 24 255 17 255 3 6 20 30 255 19 22 8 0 26 14 255 29 25 31 255 12 28 255 5 11 255
255 13 0 5 2 1 255 12 255 26 255 255 15 23 255 27 14 19 16 17 3 6 255 20 255 255 255 9 255 255 30 24 21 29 7 4 255 18 255 22 25 11 255 255 28 10 8 31 255
255 1 4 7 0 10 255 9 255 255 21 16 24 2 23 15 18 255 14 30 28 8 255 22 255 26 255 12 255 255 255 255 255 27 255 31 29 25 17 20 19 5 255 255 11 3 6 13 255
255 10 28 9 13 23 255 0 255 14 255 27 15 1 255 24 30 255 19 255 5 12 255 26 255 20 255 6 7 21 29 255 17 255 3 11 16 25 255 22 18 8 255 2 31 255 255 4 255
255 1 7 11 31 8 255 2 16 21 255 255 255 255 23 15 255 25 29 22 255 10 255 24 255 255 18 4 9 255 30 27 17 19 3 0 255 14 255 26 20 6 255 255 28 13 12 5 255
255 4 31 5 255 2 255 255 255 29 255 21 16 7 3 18 17 19 255 27 13 28 255 30 255 24 255 10 11 22 25 255 255 15 1 0 14 26 255 20 255 6 255 8 12 255 9 23 255
255 3 31 8 4 7 255 255 17 29 255 16 21 2 11 255 25 22 18 24 10 5 19 255 255 255 255 255 23 27 15 255 255 30 255 9 255 255 26 20 14 0 255 13 1 12 6 28 255
255 31 4 8 3 1 255 11 25 18 22 255 15 23 2 29 16 255 17 19 5 255 255 255 255 255 255 9 7 24 21 255 20 27 13 28 30 14 255 26 255 12 255 10 0 255 6 255 255
255 10 23 4 9 255 255 1 255 15 255 255 255 255 7 24 21 18 16 255 2 5 255 19 255 17 29 3 13 255 27 22 20 25 31 28 30 14 255 26 255 12 255 255 0 8 6 11 255
255 255 10 28 12 8 255 7 21 24 30 26 14 0 9 255 255 255 20 255 6 2 16 255 255 27 22 13 23 255 15 255 19 25 5 255 255 255 29 17 18 4 255 255 1 31 3 11 255
255 4 255 8 31 3 255 5 255 19 17 29 255 9 13 18 27 22 25 255 11 1 255 15 255 255 255 23 12 16 26 20 14 255 0 7 21 24 255 30 255 255 255 2 10 6 28 255 255
255 0 12 28 11 13 255 6 20 26 14 25 29 31 10 255 24 30 22 27 8 2 255 16 255 255 17 3 23 15 21 255 18 19 5 9 255 255 255 255 255 255 255 1 7 255 4 255 255
255 10 0 7 12 2 255 28 30 14 255 26 255 255 255 24 255 21 20 16 6 255 255 255 255 18 255 4 13 17 27 19 255 15 23 31 29 25 255 22 255 9 255 3 11 5 8 1 255
255 255 3 12 6 28 255 31 255 29 255 25 30 11 5 19 17 26 20 14 0 255 255 255 255 22 24 8 9 27 255 255 18 21 7 23 255 15 255 255 16 10 255 13 1 255 4 2 255
255 11 3 8 4 28 255 31 25 29 22 18 255 255 2 16 17 30 255 14 0 13 255 27 255 255 255 9 5 21 19 24 255 26 12 255 255 255 255 15 20 23 255 7 255 10 1 6 255
255 13 10 7 255 0 255 4 27 18 21 255 16 2 5 19 24 255 30 14 28 8 255 22 255 255 255 9 3 17 29 20 255 26 12 11 255 25 255 15 255 23 255 255 31 6 1 255 255
255 8 4 7 12 28 255 255 22 18 255 26 14 0 2 255 16 21 20 30 6 11 25 255 255 255 255 9 255 29 17 24 255 15 23 5 255 19 255 27 255 13 255 31 3 10 255 1 255
255 8 11 4 6 0 255 255 255 255 255 26 14 12 31 22 25 18 20 255 9 255 29 255 255 30 255 28 3 17 255 255 255 15 23 13 19 27 21 24 16 2 255 5 255 7 10 1 255
255 5 11 13 0 255 255 255 19 255 27 255 255 255 31 29 25 255 14 30 28 3 17 255 255 255 24 10 8 255 22 18 26 16 2 1 15 255 255 20 21 6 255 23 9 4 12 7 255
255 12 28 255 2 1 255 0 26 14 255 255 255 9 6 20 30 255 16 15 23 10 255 24 255 21 255 7 255 255 255 255 29 25 31 255 27 19 18 17 22 8 255 13 5 4 3 11 255
255 12 9 6 23 255 255 255 26 255 20 255 255 255 13 255 27 255 15 255 1 4 255 18 255 22 255 8 3 255 19 17 29 16 2 28 14 30 24 25 21 11 255 0 5 10 31 7 255
255 11 13 4 3 8 255 255 255 27 255 19 255 5 31 25 29 18 17 22 255 9 255 255 255 255 255 255 7 16 21 255 24 30 10 23 255 15 20 26 14 0 255 2 1 6 12 28 255
255 10 4 8 2 11 255 7 24 21 255 16 255 255 255 255 18 22 29 25 31 6 30 20 255 17 255 3 28 14 26 27 19 15 23 255 255 255 255 255 255 9 255 0 12 13 5 1 255
255 255 2 6 0 10 255 255 255 16 20 26 255 12 7 255 21 24 14 30 28 9 255 255 255 255 255 255 3 255 17 29 25 22 8 23 15 19 255 27 18 13 255 1 5 31 11 4 255
255 7 28 0 12 6 255 10 24 30 14 26 20 255 2 21 16 255 255 255 9 31 255 29 255 17 255 3 255 22 255 18 255 15 23 11 25 27 255 19 255 5 255 8 13 4 255 1 255
