255 255 255 22 255 255 255 255 23 17 18 21 6 255 255 12 8 14 4 10 255 255 20 13 255 19 2 255 255 16 5 7 1 3 0 255 255 9 11 15 255 255 255 255 255 255 255 255 255
255 255 255 255 255 255 255 255 19 12 15 8 11 255 255 20 16 255 255 7 255 255 21 17 13 4 3 0 255 23 10 9 6 5 255 22 18 14 255 2 1 255 255 255 255 255 255 255 255
255 255 22 255 255 255 255 255 255 9 13 5 1 255 255 15 18 14 10 255 255 255 19 21 17 2 4 0 255 11 23 7 6 3 255 255 16 20 12 255 8 255 255 255 255 255 255 255 255
255 255 255 255 255 255 255 255 255 2 255 6 255 255 255 7 11 15 10 19 255 0 3 4 23 14 18 22 255 16 12 20 17 21 255 255 1 8 5 13 9 255 255 255 255 255 255 255 255
255 255 255 0 255 255 255 255 1 5 3 11 7 255 255 8 9 4 15 2 255 255 12 255 16 20 23 255 255 255 13 10 19 6 255 255 255 17 14 21 18 255 255 255 255 255 255 22 255
255 255 255 255 255 255 255 255 4 8 12 16 20 255 255 2 6 255 10 23 255 0 1 3 7 14 18 22 255 255 13 255 17 21 255 255 5 9 11 15 19 255 255 255 255 255 255 255 255
255 255 255 22 255 255 255 255 15 16 11 12 7 255 255 23 20 18 8 3 255 255 19 5 21 1 2 0 255 255 255 14 4 10 255 255 13 9 17 255 6 255 255 255 255 255 255 255 255
255 255 255 255 255 255 255 255 1 19 5 15 11 255 255 255 21 9 17 13 255 0 4 2 3 6 7 255 22 8 18 23 14 255 255 255 12 16 20 10 255 255 255 255 255 255 255 255 255
255 255 255 255 255 0 255 255 20 8 4 255 1 255 255 16 12 255 2 3 255 255 23 255 15 6 5 255 22 18 14 11 10 7 255 255 21 17 19 13 9 255 255 255 255 255 255 255 255
255 255 255 255 255 255 255 255 255 8 255 12 16 255 255 5 9 13 255 20 255 255 1 4 17 21 19 255 255 6 10 14 18 23 255 0 2 3 7 11 15 255 255 255 255 255 22 255 255
255 255 22 255 255 255 255 255 10 14 17 13 15 255 255 6 18 21 9 19 255 0 2 3 7 1 11 255 255 20 23 16 5 255 255 255 255 4 12 8 255 255 255 255 255 255 255 255 255
255 255 255 255 255 255 255 255 255 5 255 9 13 255 255 16 1 12 19 21 255 0 4 3 8 2 17 255 255 20 11 23 15 18 255 255 255 7 10 6 14 255 255 255 255 255 255 22 255
255 255 255 255 0 255 255 255 255 1 255 2 6 255 255 8 5 4 3 10 255 255 13 9 17 7 14 255 255 12 16 255 20 23 255 255 19 15 21 11 18 22 255 255 255 255 255 255 255
255 255 255 255 22 255 255 255 20 23 21 18 19 255 255 16 13 17 14 11 255 255 12 255 255 255 15 255 255 5 9 1 10 7 255 255 8 4 2 6 3 255 255 255 255 0 255 255 255
255 0 255 255 255 255 255 255 2 6 4 8 12 255 255 1 13 11 17 15 255 255 3 10 7 14 16 255 255 5 9 255 21 19 255 255 255 255 23 18 20 255 255 255 255 255 22 255 255
255 255 255 255 255 255 255 255 15 19 11 255 7 255 255 17 21 13 9 5 255 255 255 12 20 16 3 255 255 14 18 23 255 1 255 255 10 8 6 4 2 0 255 255 22 255 255 255 255
255 255 255 255 255 255 255 255 9 13 255 255 255 255 0 1 4 8 2 12 255 255 5 17 21 14 16 255 255 15 3 19 6 20 255 255 11 7 18 10 23 255 255 255 255 22 255 255 255
255 255 255 255 255 255 255 255 20 16 12 6 255 255 255 9 14 5 10 1 255 22 23 18 8 2 4 0 255 13 17 7 255 3 255 255 255 21 11 19 15 255 255 255 255 255 255 255 255
255 255 255 255 255 255 255 255 6 3 10 7 255 255 255 2 8 17 11 21 255 0 1 4 14 255 18 22 255 9 12 13 15 19 255 255 5 16 255 20 23 255 255 255 255 255 255 255 255
255 255 255 255 255 255 255 255 9 13 17 12 21 255 255 5 4 255 8 19 255 255 255 10 14 16 18 22 0 1 2 11 255 15 255 255 3 6 7 20 23 255 255 255 255 255 255 255 255
255 255 255 0 255 255 255 255 255 15 3 11 7 255 255 1 255 4 23 8 255 255 5 19 6 20 16 255 255 9 21 2 18 12 22 255 13 17 10 14 255 255 255 255 255 255 255 255 255
255 255 255 0 255 255 255 255 255 11 2 15 4 255 255 5 7 1 3 8 255 255 9 10 6 19 16 255 255 13 17 255 21 12 255 255 255 14 23 18 20 22 255 255 255 255 255 255 255
255 255 255 255 255 255 255 255 5 9 13 17 21 255 255 4 6 15 10 19 255 0 1 2 11 14 18 22 255 8 12 16 255 20 255 255 3 255 7 255 23 255 255 255 255 255 255 255 255
255 255 255 22 255 255 255 255 255 20 255 16 12 255 255 14 23 18 4 8 255 255 10 9 6 2 11 255 255 17 13 21 3 7 255 255 255 5 19 1 15 255 255 255 255 255 0 255 255
255 255 22 255 255 255 255 255 21 18 23 255 20 255 255 19 15 7 11 16 255 255 17 14 13 5 9 255 255 255 6 3 2 12 255 255 255 10 4 1 8 255 255 255 255 255 0 255 255
255 255 255 0 255 255 255 255 255 255 4 5 8 255 255 2 7 3 1 12 255 255 255 11 13 9 16 255 255 6 19 17 21 20 255 255 10 15 14 18 23 22 255 255 255 255 255 255 255
255 255 255 255 255 255 255 255 13 255 17 255 21 255 255 4 8 14 23 18 22 255 9 12 16 20 19 255 0 1 3 10 2 6 255 255 5 7 255 11 15 255 255 255 255 255 255 255 255
255 255 255 255 255 255 255 255 6 23 10 18 14 22 255 7 20 11 21 17 255 255 2 12 15 19 13 255 255 3 16 255 255 9 255 255 4 8 1 255 5 255 255 0 255 255 255 255 255
255 255 255 255 255 22 255 255 13 16 17 20 21 255 255 9 10 14 23 18 255 255 255 12 15 255 19 255 255 5 6 1 2 3 255 255 255 8 11 4 7 255 255 255 255 255 0 255 255
255 255 255 255 255 22 255 255 6 12 10 255 14 255 255 2 8 17 21 18 255 255 5 16 9 20 23 255 0 1 4 13 19 15 255 255 3 255 7 255 11 255 255 255 255 255 255 255 255
255 255 255 255 255 255 255 22 255 18 23 21 255 255 255 7 10 11 19 15 255 255 16 14 20 17 13 255 255 3 6 2 1 5 255 255 12 8 4 255 9 255 255 255 255 0 255 255 255
255 255 255 255 255 0 255 255 21 19 1 7 3 255 255 17 6 13 2 4 255 22 18 15 5 11 8 255 255 14 10 9 255 255 255 255 23 20 255 16 12 255 255 255 255 255 255 255 255
255 255 255 255 255 22 255 255 6 10 14 23 18 255 255 12 8 16 20 255 255 255 2 15 17 19 21 255 0 3 4 255 1 255 255 255 7 11 13 5 9 255 255 255 255 255 255 255 255
255 255 255 255 255 255 255 255 13 17 21 14 18 22 255 9 5 255 6 255 255 255 11 15 19 10 23 255 255 255 1 16 2 20 255 255 7 3 12 4 8 255 255 255 255 255 0 255 255
255 255 255 255 255 255 255 255 6 10 23 16 20 255 255 2 4 8 12 255 255 22 255 14 18 17 21 255 0 1 3 7 11 15 255 255 5 9 255 13 19 255 255 255 255 255 255 255 255
255 255 0 255 255 255 255 255 3 2 7 11 255 255 255 255 1 4 15 8 255 255 17 6 21 19 255 255 255 13 5 9 16 12 255 255 14 10 18 20 23 255 255 255 255 22 255 255 255
255 255 255 22 255 255 255 255 23 20 18 14 255 255 255 19 16 21 17 13 255 255 11 12 8 10 6 255 255 15 1 4 5 9 255 255 7 255 3 255 2 255 255 255 255 0 255 255 255
255 255 255 255 255 255 255 255 15 14 17 10 255 255 22 19 18 21 6 1 255 255 11 23 13 9 5 255 255 7 255 3 2 4 0 255 255 20 12 16 8 255 255 255 255 255 255 255 255
255 255 22 255 255 255 255 255 15 21 19 17 13 255 255 255 18 3 14 10 255 255 11 23 7 8 9 255 255 255 20 2 4 6 255 255 255 16 1 12 5 255 255 255 255 0 255 255 255
255 255 255 255 255 255 255 255 9 20 14 23 18 22 255 5 16 10 15 6 255 255 13 12 17 19 21 255 255 1 7 3 11 2 255 255 255 8 4 255 255 255 255 255 255 0 255 255 255
255 255 255 22 255 255 255 255 16 12 18 21 19 255 255 20 8 23 255 255 255 255 255 13 14 17 15 255 0 2 4 3 1 7 255 255 6 9 10 5 11 255 255 255 255 255 255 255 255
255 255 255 255 255 255 255 255 13 9 255 5 2 255 255 17 255 14 10 6 255 255 19 3 15 1 4 0 255 21 23 18 20 8 255 255 255 7 11 16 12 255 255 255 255 22 255 255 255
255 255 255 255 255 255 255 255 7 11 255 15 255 255 255 3 13 17 19 21 255 255 5 9 14 16 10 255 255 1 23 18 20 255 255 255 4 8 2 12 6 255 255 0 255 22 255 255 255
255 255 255 255 255 255 255 255 11 15 20 19 16 255 255 4 17 8 21 12 255 255 7 14 23 18 255 22 255 3 13 1 9 5 255 255 2 10 6 255 255 255 255 0 255 255 255 255 255
255 0 255 255 255 255 255 255 2 9 6 13 10 255 255 1 5 3 17 14 255 255 4 8 7 21 18 22 255 255 15 11 19 255 255 255 255 12 16 20 23 255 255 255 255 255 255 255 255
255 255 255 255 255 255 255 255 3 11 7 15 19 255 0 2 4 6 13 17 255 255 16 1 5 9 21 255 255 12 8 10 255 14 255 255 20 255 23 255 18 255 255 255 255 255 255 22 255
255 255 255 255 255 22 255 255 2 10 6 14 18 255 255 12 16 20 13 23 255 0 4 3 19 17 21 255 255 8 1 5 9 255 255 255 255 7 15 11 255 255 255 255 255 255 255 255 255
255 255 255 255 0 255 255 255 8 4 5 1 9 255 255 12 3 6 2 13 255 255 16 255 10 14 17 255 255 20 7 23 18 21 255 255 255 11 15 255 19 255 255 255 255 255 22 255 255
255 255 255 0 255 255 255 255 5 8 4 2 255 255 255 1 10 3 6 7 255 255 9 12 16 23 20 255 255 255 14 255 18 11 255 255 13 17 19 21 15 255 255 255 255 255 22 255 255
255 255 255 255 255 255 255 255 4 8 11 15 255 255 0 1 3 7 2 6 255 255 5 12 255 19 10 255 255 20 16 23 18 14 255 255 9 255 13 21 17 255 255 255 255 255 22 255 255
255 255 0 255 255 255 255 255 3 1 9 5 255 255 255 6 2 255 4 8 255 255 7 11 13 15 12 255 22 10 18 14 23 20 255 255 255 21 17 19 16 255 255 255 255 255 255 255 255
255 255 255 255 255 22 255 255 255 7 11 15 19 255 255 1 5 14 9 18 255 0 4 3 17 13 21 255 255 255 2 10 6 23 255 255 8 12 16 255 20 255 255 255 255 255 255 255 255
255 255 0 255 255 255 255 255 7 1 12 5 9 255 255 3 4 8 23 255 255 255 11 255 16 20 13 255 255 6 2 10 18 14 255 255 15 19 255 21 17 255 255 255 255 255 22 255 255
255 255 255 255 255 255 255 255 20 23 16 255 12 255 22 255 18 21 19 255 255 255 13 14 17 15 8 255 255 5 10 1 6 2 255 255 9 7 3 11 4 255 255 255 255 255 255 0 255
255 255 255 255 255 255 255 255 3 7 9 5 255 255 0 4 2 8 1 255 255 255 255 11 13 15 20 255 255 10 6 12 19 16 255 22 14 18 17 21 23 255 255 255 255 255 255 255 255
255 255 255 255 255 255 255 255 7 255 11 255 15 255 255 12 16 9 20 13 255 255 3 6 255 23 19 255 255 8 10 5 14 17 255 0 4 2 1 18 21 22 255 255 255 255 255 255 255
255 255 0 255 255 255 255 255 7 3 2 255 6 255 255 11 4 8 14 10 255 255 15 19 12 21 16 255 255 5 1 23 18 20 255 255 9 13 255 17 255 255 255 255 255 255 22 255 255
255 255 22 255 255 255 255 255 19 21 15 17 13 255 255 20 18 23 14 9 255 255 16 255 11 10 7 255 255 12 255 1 255 5 255 255 8 4 2 6 3 255 255 255 255 0 255 255 255
255 255 255 255 255 0 255 255 255 11 1 7 3 255 255 13 9 5 6 2 255 255 255 15 12 16 8 255 255 17 255 14 10 4 255 255 21 19 18 20 23 255 255 255 255 22 255 255 255
255 255 255 255 255 255 255 255 3 7 15 11 255 255 255 20 16 19 12 13 255 0 1 4 5 8 9 255 255 23 18 21 14 17 255 255 255 2 6 10 255 255 255 255 22 255 255 255 255
255 22 255 255 255 255 255 255 23 255 20 255 255 255 255 18 21 19 5 15 255 255 14 17 16 1 7 255 255 10 13 12 9 11 255 255 6 2 8 4 3 0 255 255 255 255 255 255 255
255 255 255 255 255 255 255 255 5 255 14 18 23 22 255 9 13 17 21 20 255 0 1 3 10 4 16 255 255 255 7 11 19 15 255 255 2 255 6 8 12 255 255 255 255 255 255 255 255
255 0 255 255 255 255 255 255 4 8 3 12 7 255 255 1 255 15 19 11 255 255 5 9 255 16 255 255 255 2 17 14 21 18 22 255 6 13 10 20 23 255 255 255 255 255 255 255 255
255 255 255 0 255 255 255 255 3 9 1 5 255 255 255 7 6 2 10 16 255 255 15 13 8 255 12 255 255 11 17 4 14 20 255 255 19 21 255 18 23 22 255 255 255 255 255 255 255
255 22 255 255 255 255 255 255 21 17 19 13 9 255 255 18 14 15 2 255 255 255 23 10 255 6 5 255 255 20 8 11 4 1 0 255 16 12 7 3 255 255 255 255 255 255 255 255 255
255 255 255 22 255 255 255 255 11 10 15 255 19 255 255 3 14 18 17 21 255 255 7 6 20 13 16 255 255 1 5 23 9 255 255 255 4 2 8 255 12 255 255 0 255 255 255 255 255
255 255 255 255 255 255 255 255 255 21 19 18 15 22 255 13 17 16 12 11 255 255 9 14 20 23 7 255 255 2 6 4 8 255 255 255 5 10 1 255 3 255 255 255 255 0 255 255 255
255 255 255 255 22 255 255 255 11 23 20 18 16 255 255 15 255 19 21 255 255 255 7 10 6 14 12 255 255 1 5 2 17 255 255 255 3 9 4 13 8 255 255 0 255 255 255 255 255
255 255 255 255 255 0 255 255 255 11 7 12 3 255 255 6 2 10 16 1 255 255 17 15 14 8 4 255 255 13 255 9 20 5 255 255 21 19 18 23 255 255 255 255 255 22 255 255 255
255 255 255 255 255 255 255 0 2 1 6 18 23 22 255 3 9 10 14 20 255 255 4 5 8 21 12 255 255 7 13 255 17 16 255 255 11 255 15 19 255 255 255 255 255 255 255 255 255
255 255 22 255 255 255 255 255 14 18 10 23 255 255 255 17 21 19 20 16 255 255 13 255 6 2 12 255 255 9 5 15 1 8 255 255 255 7 11 3 4 255 255 255 255 255 0 255 255
255 255 255 255 22 255 255 255 13 255 17 21 19 255 255 9 5 14 18 255 255 0 4 1 6 2 15 255 255 8 12 10 23 255 255 255 3 16 7 20 11 255 255 255 255 255 255 255 255
255 255 255 255 255 255 255 0 3 1 12 16 20 255 255 4 2 8 13 255 255 255 7 5 255 9 23 255 255 11 6 10 17 14 255 255 15 255 19 21 18 255 255 255 255 255 255 22 255
255 255 0 255 255 255 255 255 6 2 5 9 255 255 255 10 4 1 3 7 255 255 14 17 21 13 19 255 255 12 8 18 255 11 255 255 16 20 23 255 15 255 255 255 255 22 255 255 255
255 255 255 255 255 22 255 255 255 15 23 11 18 255 255 9 19 13 21 17 255 255 255 3 20 7 14 255 255 5 4 12 8 255 255 0 1 2 16 6 10 255 255 255 255 255 255 255 255
255 255 255 0 255 255 255 255 3 2 1 255 12 255 255 7 6 4 10 8 255 255 11 9 5 255 16 255 255 255 13 17 14 20 255 255 15 19 21 18 23 22 255 255 255 255 255 255 255
255 255 255 255 255 0 255 255 255 12 8 3 4 255 255 20 16 6 11 2 255 22 23 18 14 7 1 255 255 255 19 10 15 5 255 255 255 21 17 13 9 255 255 255 255 255 255 255 255
255 255 255 255 255 255 255 22 255 18 21 16 12 255 255 13 14 17 255 8 255 255 255 23 19 20 15 255 255 9 10 2 6 4 255 255 5 3 1 7 11 255 255 255 255 0 255 255 255
255 255 22 255 255 255 255 255 23 18 21 19 9 255 255 255 14 17 11 13 255 255 20 10 255 15 5 255 255 16 6 12 7 3 255 255 255 2 8 4 1 0 255 255 255 255 255 255 255
255 22 255 255 255 255 255 255 255 20 255 16 12 255 255 18 23 14 10 8 255 255 21 13 17 6 3 255 255 5 9 1 2 4 0 255 19 15 11 255 7 255 255 255 255 255 255 255 255
255 255 255 255 255 255 255 255 255 255 12 4 8 255 255 255 9 5 1 3 0 22 18 21 16 19 15 255 255 23 13 20 2 7 255 255 14 17 10 6 11 255 255 255 255 255 255 255 255
255 255 255 255 0 255 255 255 255 16 12 4 8 255 22 18 20 23 1 2 255 255 14 9 10 5 6 255 255 21 255 19 3 15 255 255 17 13 255 7 11 255 255 255 255 255 255 255 255
255 255 255 255 0 255 255 255 8 4 12 3 16 255 255 255 5 9 1 2 255 22 21 18 23 7 20 255 255 17 14 13 10 6 255 255 19 255 15 11 255 255 255 255 255 255 255 255 255
255 255 0 255 255 255 255 255 255 4 2 6 10 255 255 255 3 5 1 9 255 255 19 8 21 18 14 22 255 15 7 11 23 13 255 255 255 12 16 20 17 255 255 255 255 255 255 255 255
255 255 255 255 255 255 255 255 15 12 8 16 13 255 22 19 18 21 14 17 255 255 11 23 4 20 9 255 255 255 6 1 10 5 255 255 7 2 3 255 255 255 255 255 255 0 255 255 255
255 255 255 255 255 255 255 255 11 255 15 19 255 255 255 9 13 5 17 255 255 255 7 16 1 21 6 255 255 8 12 4 14 10 255 255 3 20 23 18 2 255 255 255 255 0 22 255 255
255 255 255 0 255 255 255 255 255 255 4 8 9 255 255 2 6 1 10 5 255 255 7 23 3 12 13 255 255 11 18 21 14 17 255 255 15 20 19 16 255 255 255 255 22 255 255 255 255
255 255 255 255 255 255 255 255 255 11 19 15 21 255 255 16 255 20 23 18 22 255 12 7 6 13 17 255 255 8 3 10 9 14 255 0 4 1 2 5 255 255 255 255 255 255 255 255 255
255 255 22 255 255 255 255 255 255 18 23 21 20 255 255 2 14 9 17 13 255 255 6 10 255 19 16 255 0 3 1 5 4 8 255 255 7 255 11 15 12 255 255 255 255 255 255 255 255
255 255 0 255 255 255 255 255 2 4 13 9 255 255 255 6 1 3 5 7 255 22 18 8 23 12 255 255 255 10 255 20 16 11 255 255 14 21 17 19 15 255 255 255 255 255 255 255 255
255 255 255 255 255 255 255 255 255 21 20 19 16 255 22 255 18 23 15 12 255 255 9 17 13 7 8 255 255 10 14 6 11 2 255 255 5 1 255 3 4 0 255 255 255 255 255 255 255
255 255 0 255 255 255 255 255 12 4 8 2 255 255 255 16 3 20 6 255 255 255 11 7 15 10 255 255 255 5 1 23 14 18 255 255 9 13 19 17 21 255 255 255 255 255 255 22 255
255 0 255 255 255 255 255 255 1 5 4 9 8 255 255 2 10 6 13 12 255 22 3 18 23 21 20 255 255 7 14 255 17 16 255 255 11 15 255 19 255 255 255 255 255 255 255 255 255
255 255 255 255 255 255 255 255 255 255 6 10 7 255 255 255 8 2 4 3 0 255 13 12 17 14 11 255 255 9 5 19 1 15 255 255 20 16 21 18 23 22 255 255 255 255 255 255 255
255 255 255 255 255 255 255 255 255 255 17 13 9 255 255 19 20 21 16 12 255 255 15 10 14 6 5 255 255 255 23 18 4 8 255 255 11 7 3 2 1 255 255 255 255 22 0 255 255
255 255 255 255 255 255 255 255 255 255 4 1 2 0 255 11 9 7 5 3 255 255 15 13 8 12 6 255 255 19 21 18 20 23 255 255 255 17 14 16 10 255 255 255 255 22 255 255 255
255 255 255 255 255 255 255 255 255 23 12 20 16 255 255 255 5 8 9 13 255 22 10 18 14 21 17 255 255 255 1 4 19 15 255 255 6 2 3 7 11 255 255 255 0 255 255 255 255
255 255 255 255 255 255 255 255 5 7 9 11 15 255 0 1 3 17 21 19 255 255 4 2 13 23 255 255 255 10 6 14 18 255 255 255 8 16 12 20 255 255 255 255 255 255 22 255 255
255 0 255 255 255 255 255 255 4 255 8 12 16 255 255 2 1 6 255 10 255 255 11 15 255 23 20 255 255 3 5 9 18 14 22 255 7 19 13 21 17 255 255 255 255 255 255 255 255
255 255 255 255 255 255 255 22 18 21 14 17 2 255 255 15 19 10 13 6 255 255 23 3 255 4 1 0 255 11 7 255 9 5 255 255 20 12 16 8 255 255 255 255 255 255 255 255 255
