255 255 255 255 255 3 7 4 8 0 255 10 5 12 1 2 6 9 11 255 255 255 255 13 255
255 255 255 3 255 2 6 10 7 255 255 8 11 9 255 0 4 12 5 1 255 255 13 255 255
255 255 3 255 255 0 4 7 6 2 255 8 9 11 255 255 12 5 10 1 255 13 255 255 255
255 255 1 0 255 2 6 7 4 3 255 12 5 10 255 255 11 9 8 255 255 13 255 255 255
255 255 2 13 255 255 10 6 12 255 255 8 4 11 0 255 5 7 9 255 255 1 3 255 255
255 3 0 2 255 255 7 4 6 255 255 9 11 12 13 255 5 8 10 255 255 1 255 255 255
255 2 255 13 255 255 6 10 12 255 255 5 9 11 255 3 7 4 8 0 255 1 255 255 255
255 255 255 13 255 0 4 8 11 255 2 6 10 12 255 3 7 5 9 1 255 255 255 255 255
255 255 255 255 255 255 9 12 11 13 3 7 6 4 255 255 5 10 8 255 255 1 2 0 255
255 255 0 2 255 3 7 4 6 255 255 9 11 12 13 1 5 8 10 255 255 255 255 255 255
255 255 3 255 255 2 6 7 8 255 255 10 4 12 255 255 9 5 11 1 255 255 0 13 255
255 1 255 13 255 255 9 6 11 2 255 5 10 12 255 3 7 4 8 255 255 255 0 255 255
255 13 255 2 255 255 12 10 6 255 255 11 9 5 1 0 8 4 7 3 255 255 255 255 255
255 1 255 0 255 13 12 11 8 255 255 5 9 4 255 2 10 6 7 255 255 255 255 3 255
255 1 0 255 255 3 7 4 8 255 255 5 9 11 255 255 6 10 12 255 255 2 255 13 255
255 255 13 1 255 255 10 12 5 255 2 6 11 9 255 255 4 8 7 3 255 0 255 255 255
255 255 255 255 255 2 6 11 9 255 255 7 4 5 0 255 10 8 12 13 255 3 255 1 255
255 255 2 255 255 255 10 6 9 255 255 11 4 8 0 255 12 7 5 3 255 13 255 1 255
255 3 1 255 255 0 4 9 10 255 255 7 5 6 2 255 8 11 12 13 255 255 255 255 255
255 2 255 255 255 255 6 11 9 255 255 10 8 12 13 3 7 4 5 0 255 255 255 1 255
255 13 255 255 255 1 8 5 12 255 255 11 9 10 255 3 4 7 6 255 255 0 255 2 255
255 255 2 255 255 255 11 6 7 3 255 9 10 5 255 13 8 12 4 0 255 255 255 1 255
255 0 255 255 255 255 4 10 9 255 3 7 6 5 1 255 8 12 11 13 255 255 2 255 255
255 255 255 0 255 13 12 8 4 255 255 9 11 5 1 255 10 6 7 2 255 255 255 3 255
255 13 255 255 255 255 12 6 10 2 255 11 5 9 1 255 8 7 4 3 255 255 255 0 255
255 255 255 0 255 1 5 8 4 255 255 7 6 10 2 255 9 11 12 13 255 3 255 255 255
255 255 3 255 255 255 9 7 5 1 255 11 4 8 0 255 12 6 10 255 255 13 2 255 255
255 3 255 255 255 0 7 4 8 255 1 5 9 11 255 255 6 10 12 255 255 2 255 13 255
255 1 2 3 255 255 5 6 7 255 255 9 10 4 255 13 11 12 8 255 255 255 255 0 255
255 255 0 2 255 255 10 7 6 3 255 8 4 11 255 255 12 5 9 1 255 255 255 13 255
255 13 255 255 255 255 11 9 5 1 255 12 10 6 2 0 8 4 7 3 255 255 255 255 255
255 255 255 255 255 255 9 12 11 13 1 5 10 8 255 2 7 6 4 255 255 3 255 0 255
255 3 255 255 255 13 11 12 9 255 255 7 6 5 2 255 8 10 4 0 255 255 255 1 255
255 1 13 255 255 3 7 6 11 2 255 5 12 9 255 255 4 10 8 255 255 0 255 255 255
255 1 255 0 255 255 10 8 4 255 255 5 9 7 255 13 12 11 6 2 255 255 255 3 255
255 255 13 2 255 255 9 11 5 1 255 10 12 6 255 255 4 8 7 255 255 0 255 3 255
255 255 255 255 255 255 8 12 11 13 255 4 10 9 255 3 7 6 5 2 255 0 255 1 255
255 255 255 13 255 255 10 6 12 2 1 9 5 11 255 0 4 7 8 255 255 255 3 255 255
255 0 255 3 255 2 4 6 7 255 13 11 12 9 255 255 8 10 5 255 255 255 255 1 255
255 0 2 255 255 255 4 6 7 3 255 8 10 5 255 13 11 12 9 255 255 255 255 1 255
255 255 255 255 255 255 8 11 12 13 0 4 9 5 255 3 7 6 10 2 255 255 255 1 255
255 2 255 255 255 1 6 5 7 3 255 10 9 4 255 13 12 11 8 255 255 255 255 0 255
255 255 255 0 255 13 12 11 8 255 255 10 9 4 255 255 6 5 7 1 255 2 255 3 255
255 3 255 255 255 1 7 5 9 255 2 6 10 12 255 0 4 8 11 255 255 255 255 13 255
255 13 255 255 255 1 12 5 10 255 255 11 9 8 255 255 4 7 6 2 255 0 3 255 255
255 255 255 255 255 255 9 12 11 13 255 7 6 4 255 1 5 10 8 255 255 3 2 0 255
255 255 255 255 255 13 12 8 11 255 255 10 4 9 255 3 6 7 5 1 255 2 0 255 255
255 255 255 2 255 255 10 8 6 255 0 12 4 7 255 255 9 11 5 1 255 255 13 3 255
255 3 255 255 255 0 7 4 8 255 1 5 9 11 255 2 6 10 12 255 255 255 255 13 255
255 255 255 255 255 255 8 11 12 13 1 7 5 6 2 0 4 9 10 255 255 3 255 255 255
255 1 255 255 255 2 5 6 7 3 13 11 12 8 255 255 9 10 4 0 255 255 255 255 255
255 255 255 255 255 0 4 10 9 255 255 8 12 11 13 2 7 6 5 1 255 3 255 255 255
255 255 255 13 255 255 10 6 12 2 3 5 7 9 255 255 8 4 11 255 255 1 0 255 255
255 3 255 2 255 1 7 5 6 255 255 4 9 10 255 255 8 11 12 13 255 0 255 255 255
255 255 255 2 255 3 7 4 6 0 255 9 8 11 255 1 5 12 10 255 255 255 255 13 255
255 255 255 255 255 1 9 5 7 3 255 12 10 6 255 255 11 8 4 0 255 13 255 2 255
255 1 255 255 255 3 5 7 9 255 255 10 6 12 2 0 8 4 11 255 255 255 255 13 255
255 1 255 255 255 255 5 9 10 255 0 4 8 6 255 3 7 11 12 13 255 255 255 2 255
255 255 255 255 255 3 7 4 8 0 255 6 10 12 255 1 5 9 11 255 255 2 255 13 255
255 13 255 255 255 255 12 10 6 2 255 11 8 4 255 255 9 5 7 3 255 255 1 0 255
255 255 0 3 255 255 8 4 7 255 255 12 10 6 2 255 11 9 5 1 255 13 255 255 255
255 0 255 1 255 255 4 8 11 13 3 7 12 5 255 255 6 10 9 255 255 2 255 255 255
255 255 0 2 255 1 5 8 10 255 255 7 4 6 255 255 9 11 12 13 255 3 255 255 255
255 2 255 3 255 255 6 4 7 0 255 10 11 12 13 255 9 8 5 255 255 255 255 1 255
255 13 255 255 255 255 12 4 10 0 255 11 8 9 255 255 6 7 5 255 255 2 3 1 255
255 1 255 3 255 255 9 10 4 0 2 5 6 7 255 13 11 12 8 255 255 255 255 255 255
255 0 255 2 255 255 4 8 7 3 255 10 12 6 255 255 9 11 5 1 255 255 13 255 255
255 255 2 1 255 3 7 6 5 255 255 4 10 9 255 255 8 12 11 13 255 0 255 255 255
255 2 255 255 255 255 10 9 4 0 255 6 5 7 255 13 12 11 8 255 255 255 1 3 255
255 255 255 13 255 2 10 6 12 255 255 5 7 9 255 255 8 4 11 0 255 1 3 255 255
255 255 0 255 255 255 9 5 10 1 255 11 4 8 255 255 12 7 6 255 255 13 3 2 255
255 255 2 255 255 255 12 6 10 255 255 9 7 5 1 0 11 4 8 255 255 13 3 255 255
255 0 2 255 255 255 4 10 9 255 255 7 6 5 255 255 8 12 11 13 255 3 255 1 255
255 255 2 1 255 0 8 4 5 255 255 12 6 10 255 255 11 7 9 3 255 13 255 255 255
255 255 255 255 255 255 8 11 12 13 1 7 5 6 255 0 4 9 10 255 255 3 255 2 255
255 255 255 255 255 13 11 12 10 255 255 9 8 6 2 1 5 4 7 0 255 255 255 3 255
255 255 0 255 255 3 7 4 6 2 255 9 11 12 13 1 5 8 10 255 255 255 255 255 255
255 13 255 255 255 255 12 6 10 2 3 11 7 5 255 255 8 4 9 0 255 255 255 1 255
255 2 255 13 255 255 6 10 12 255 1 5 9 11 255 3 7 4 8 255 255 255 0 255 255
255 2 3 1 255 255 6 7 5 255 255 11 8 9 255 0 10 4 12 255 255 255 255 13 255
255 255 0 13 255 255 9 5 11 1 255 8 4 12 255 255 6 7 10 255 255 2 3 255 255
255 255 1 2 255 0 4 7 6 3 255 12 5 10 255 255 8 9 11 255 255 13 255 255 255
255 255 13 2 255 255 10 12 6 255 255 9 11 5 255 255 4 8 7 3 255 0 255 1 255
255 3 0 255 255 255 10 8 12 255 255 7 4 5 255 2 6 11 9 13 255 255 255 1 255
255 3 1 255 255 255 10 12 11 13 255 7 5 9 255 0 6 4 8 255 255 2 255 255 255
255 255 3 1 255 255 9 7 5 255 255 11 4 8 255 255 12 6 10 2 255 13 0 255 255
255 255 255 1 255 13 10 12 5 255 255 6 4 7 255 255 11 8 9 255 255 2 0 3 255
255 3 255 255 255 255 9 11 12 13 0 7 4 6 2 255 5 8 10 255 255 1 255 255 255
255 0 3 255 255 255 4 7 8 255 255 10 6 12 2 255 9 5 11 255 255 255 1 13 255
255 0 255 255 255 255 4 8 7 3 255 9 11 5 255 255 10 12 6 2 255 255 13 1 255
255 3 255 255 255 1 7 5 12 13 255 4 11 8 255 2 6 9 10 255 255 0 255 255 255
255 255 255 255 255 255 10 11 12 13 2 6 8 9 255 255 7 4 5 0 255 3 255 1 255
255 13 1 255 255 3 12 7 6 2 255 11 5 9 255 0 8 4 10 255 255 255 255 255 255
255 255 255 255 255 0 8 4 11 255 3 5 7 9 255 2 10 6 12 13 255 1 255 255 255
255 3 0 255 255 255 7 4 5 1 13 12 11 9 255 2 6 8 10 255 255 255 255 255 255
255 255 255 255 255 1 5 10 8 255 255 9 12 11 13 3 7 6 4 0 255 255 2 255 255
255 1 3 255 255 255 5 7 9 255 255 8 4 11 255 2 10 6 12 255 255 255 0 13 255
255 13 2 255 255 0 11 4 8 255 255 12 6 10 255 255 9 7 5 3 255 255 255 1 255
255 2 1 0 255 255 10 5 8 255 255 6 7 4 3 255 12 9 11 13 255 255 255 255 255
255 255 1 3 255 255 9 5 7 255 255 11 8 4 0 255 12 10 6 2 255 13 255 255 255
