255 10 2 255 255 255 9 6 8 255 255 255 5 4 255 255 255 3 7 0 255 255 255 1 255
255 255 255 255 255 1 4 255 7 255 0 3 6 8 255 255 5 255 9 255 255 2 255 10 255
255 0 10 2 255 255 3 9 5 255 255 255 7 4 1 255 6 8 255 255 255 255 255 255 255
255 1 255 255 255 2 4 5 255 255 255 7 6 8 255 255 255 3 9 10 255 255 0 255 255
255 0 1 255 255 255 255 4 9 10 2 3 5 6 255 255 255 7 8 255 255 255 255 255 255
255 0 255 2 255 255 3 255 5 255 255 6 255 4 255 10 8 9 7 255 255 255 255 1 255
255 255 255 255 255 1 4 7 5 2 255 255 8 9 10 255 255 6 3 0 255 255 255 255 255
255 0 1 255 255 255 6 255 255 255 255 3 4 5 2 255 8 7 9 255 255 255 255 10 255
255 255 1 0 255 255 6 5 3 2 255 8 4 7 255 10 9 255 255 255 255 255 255 255 255
255 10 255 0 255 1 9 4 5 2 255 6 255 3 255 255 8 7 255 255 255 255 255 255 255
255 2 255 255 255 1 5 4 9 10 255 6 7 8 255 255 3 255 255 255 255 0 255 255 255
255 255 255 255 255 255 8 9 7 10 0 6 3 255 255 2 255 5 4 255 255 255 255 1 255
255 255 2 10 255 255 8 255 9 255 255 7 5 4 255 255 6 3 255 255 255 255 0 1 255
255 255 255 255 255 2 5 7 4 1 0 3 6 255 255 10 9 8 255 255 255 255 255 255 255
255 1 255 255 255 255 4 5 7 2 10 9 6 8 255 255 255 3 255 255 255 255 0 255 255
255 10 255 1 255 0 9 3 255 255 255 7 5 4 2 255 8 6 255 255 255 255 255 255 255
255 10 255 255 255 255 9 4 255 1 255 255 5 3 0 255 8 7 6 255 255 255 2 255 255
255 0 2 255 255 10 6 9 8 255 255 3 5 4 1 255 255 255 7 255 255 255 255 255 255
255 2 1 255 255 255 5 4 7 255 255 6 9 8 10 0 3 255 255 255 255 255 255 255 255
255 0 255 255 255 2 3 5 6 255 1 255 4 7 255 255 255 9 8 255 255 255 10 255 255
255 1 10 255 255 255 255 9 8 255 255 4 255 7 255 255 5 3 6 0 255 2 255 255 255
255 255 255 255 255 0 3 255 255 255 255 6 8 7 255 255 5 9 4 10 255 2 255 1 255
255 255 255 255 255 2 5 4 7 1 255 255 9 8 255 0 3 255 6 255 255 255 10 255 255
255 255 10 1 255 255 8 9 255 255 2 7 5 4 255 255 6 3 255 0 255 255 255 255 255
255 10 1 255 255 255 9 4 255 255 255 8 7 255 255 255 6 5 3 2 255 255 255 0 255
255 255 255 255 255 255 6 8 9 10 255 3 4 5 255 255 255 7 255 255 255 0 1 2 255
255 255 255 255 255 255 6 9 8 10 255 5 4 7 1 0 3 255 255 255 255 2 255 255 255
255 255 2 255 255 255 8 7 9 10 255 6 5 3 255 255 255 4 255 1 255 255 255 0 255
255 255 255 255 255 255 6 255 3 0 10 8 9 255 255 255 7 4 5 1 255 255 255 2 255
255 255 0 255 255 255 255 3 6 255 1 7 4 8 255 255 255 5 9 2 255 255 255 10 255
255 255 255 1 255 2 5 7 4 255 255 3 9 255 10 255 6 8 255 255 255 0 255 255 255
255 1 255 255 255 255 4 6 255 255 255 5 3 255 255 255 7 8 9 10 255 2 0 255 255
255 255 255 0 255 10 255 9 3 255 255 255 8 6 255 255 4 7 5 255 255 1 255 2 255
255 255 255 255 255 10 8 9 6 255 255 255 255 3 0 255 7 4 5 1 255 255 255 2 255
255 1 255 255 255 255 4 255 255 255 255 7 9 8 10 255 5 3 6 255 255 2 0 255 255
255 255 255 1 255 10 6 9 8 255 0 3 5 4 255 255 255 255 7 255 255 255 2 255 255
255 255 255 255 255 255 255 3 6 0 2 9 5 8 255 1 255 4 7 255 255 10 255 255 255
255 1 255 255 255 255 4 255 255 255 255 5 9 3 10 255 7 8 6 255 255 2 255 0 255
255 255 255 255 255 255 255 4 255 1 10 9 7 8 255 255 3 5 6 255 255 0 2 255 255
255 1 255 255 255 255 4 7 255 255 2 5 8 9 255 0 3 6 255 255 255 255 255 10 255
255 255 1 255 255 10 9 4 255 255 2 255 5 3 0 255 8 7 6 255 255 255 255 255 255
255 255 255 255 255 255 7 8 9 10 255 255 6 255 255 255 4 3 5 255 255 1 0 2 255
255 255 255 255 255 0 6 3 5 2 10 9 255 4 1 255 8 255 7 255 255 255 255 255 255
255 255 255 10 255 2 8 5 9 255 1 7 4 255 255 0 6 3 255 255 255 255 255 255 255
255 255 255 255 255 255 8 9 255 10 255 6 255 3 0 255 7 4 5 1 255 255 255 2 255
255 255 255 0 255 255 255 8 6 255 255 255 9 3 255 1 4 7 5 255 255 255 10 2 255
255 255 255 1 255 2 5 7 4 255 0 3 6 255 255 255 255 8 9 10 255 255 255 255 255
255 255 255 255 255 255 7 8 6 255 255 255 9 3 0 255 4 255 5 255 255 1 10 2 255
255 255 2 1 255 255 255 5 4 255 10 9 6 8 255 255 255 3 7 0 255 255 255 255 255
255 0 255 255 255 255 3 6 255 255 1 4 8 7 255 2 5 9 255 255 255 255 10 255 255
255 255 255 0 255 255 255 9 3 10 255 7 8 6 255 255 4 255 5 2 255 1 255 255 255
255 255 0 255 255 1 4 255 7 255 255 5 3 9 255 255 255 6 8 255 255 2 255 10 255
255 2 255 255 255 255 7 8 9 10 255 5 6 3 0 1 4 255 255 255 255 255 255 255 255
255 255 255 255 255 255 8 6 7 255 255 255 3 255 255 2 9 5 4 1 255 10 0 255 255
255 1 255 255 255 2 4 5 7 255 255 9 255 8 255 255 255 3 6 0 255 10 255 255 255
255 1 255 255 255 255 7 8 9 10 255 4 6 255 255 255 5 3 255 0 255 2 255 255 255
255 255 255 0 255 2 255 5 3 255 255 8 9 6 255 255 7 4 255 1 255 255 10 255 255
255 255 2 255 255 0 3 5 6 255 255 255 7 8 255 1 255 4 9 255 255 255 255 10 255
255 255 2 10 255 255 255 5 9 255 255 7 4 8 1 0 255 3 6 255 255 255 255 255 255
255 10 255 255 255 255 9 255 8 255 0 255 3 6 255 255 4 5 7 2 255 1 255 255 255
255 255 255 255 255 10 9 8 6 255 1 4 7 5 2 255 255 255 3 0 255 255 255 255 255
255 255 255 255 255 1 7 4 255 255 2 6 5 3 0 255 8 9 255 10 255 255 255 255 255
255 0 255 255 255 1 255 4 255 255 255 3 5 6 2 10 9 7 8 255 255 255 255 255 255
255 255 0 10 255 255 255 3 9 255 255 4 5 7 2 255 255 6 8 255 255 1 255 255 255
255 2 255 255 255 255 5 4 7 1 255 3 255 9 255 255 6 255 8 255 255 0 255 10 255
255 255 10 255 255 0 3 5 6 2 255 255 9 8 255 1 255 4 7 255 255 255 255 255 255
255 255 255 255 255 255 7 8 9 10 255 255 6 255 255 255 4 3 5 0 255 1 255 2 255
255 255 255 1 255 255 255 255 4 255 255 8 6 7 255 0 9 3 5 255 255 10 255 2 255
255 255 255 255 255 1 255 4 7 255 10 9 255 8 255 0 3 5 6 2 255 255 255 255 255
255 255 10 255 255 1 7 4 255 255 255 8 9 6 255 255 255 5 3 255 255 255 2 0 255
255 255 255 255 255 0 6 3 255 255 2 7 5 4 1 255 8 255 9 255 255 255 255 10 255
255 2 0 255 255 255 5 3 255 255 255 7 8 9 10 255 4 6 255 255 255 1 255 255 255
255 1 255 255 255 255 4 255 9 10 255 7 6 8 255 255 5 3 255 255 255 2 0 255 255
255 255 255 255 255 2 5 4 7 1 255 6 255 8 255 0 3 255 9 255 255 255 255 10 255
255 255 255 10 255 255 7 8 9 255 255 255 6 255 255 0 4 3 5 2 255 1 255 255 255
255 255 255 1 255 0 255 3 255 255 2 9 5 4 255 255 8 6 7 255 255 10 255 255 255
255 1 255 10 255 2 5 255 9 255 255 4 7 8 255 255 3 255 6 255 255 0 255 255 255
255 2 255 1 255 255 5 9 4 10 255 6 8 7 255 255 3 255 255 255 255 0 255 255 255
255 255 255 255 255 1 7 4 255 255 10 8 9 6 255 255 255 5 3 2 255 255 255 0 255
255 1 255 255 255 2 4 5 7 255 255 255 3 6 0 255 9 255 8 255 255 10 255 255 255
255 255 255 255 255 2 7 5 4 1 255 6 3 255 0 10 8 9 255 255 255 255 255 255 255
255 255 0 255 255 10 255 9 8 255 255 255 3 6 255 255 4 5 7 2 255 1 255 255 255
255 255 2 10 255 0 3 5 9 255 255 6 7 8 255 255 255 4 255 1 255 255 255 255 255
255 255 2 10 255 255 8 255 9 255 255 6 5 3 0 255 7 4 255 1 255 255 255 255 255
255 255 10 255 255 0 3 8 6 255 2 5 9 255 255 1 4 7 255 255 255 255 255 255 255
255 255 255 255 255 0 3 255 6 255 2 5 4 7 1 255 9 255 8 255 255 10 255 255 255
255 255 255 255 255 255 8 255 6 255 10 9 255 3 0 255 7 4 5 1 255 255 255 2 255
255 255 255 255 255 255 255 7 4 1 255 6 8 3 0 10 255 9 5 255 255 255 255 2 255
255 10 255 255 255 255 255 255 4 1 255 9 8 7 255 0 3 6 5 255 255 255 255 2 255
255 0 255 255 255 2 5 9 8 10 255 3 255 6 255 1 4 255 7 255 255 255 255 255 255
255 255 255 2 255 1 7 4 5 255 255 6 255 3 255 10 8 9 255 255 255 255 255 0 255
255 255 255 255 255 255 6 9 8 10 255 5 255 4 255 0 3 255 7 255 255 2 255 1 255
255 255 255 255 255 255 255 6 3 0 255 9 8 5 255 255 255 7 4 1 255 10 255 2 255
255 255 255 255 255 0 255 3 6 255 2 255 5 9 255 255 7 4 8 1 255 255 255 10 255
255 255 2 255 255 10 9 255 255 255 255 6 5 3 0 1 8 4 7 255 255 255 255 255 255
255 10 255 255 255 255 8 6 7 255 255 9 3 255 0 255 255 5 4 1 255 255 2 255 255
255 255 255 1 255 2 5 255 4 255 10 9 8 7 255 0 3 6 255 255 255 255 255 255 255
255 255 10 255 255 255 8 9 7 255 255 6 3 255 0 2 255 5 4 255 255 255 255 1 255
255 255 255 255 255 1 255 4 7 255 10 9 5 8 2 0 255 3 6 255 255 255 255 255 255
255 10 2 255 255 255 255 4 255 1 255 9 5 3 0 255 8 7 6 255 255 255 255 255 255
255 255 1 255 255 255 255 4 6 255 2 255 5 3 255 255 9 7 8 255 255 10 255 0 255
255 255 255 2 255 10 9 8 255 255 1 4 7 5 255 255 255 6 3 255 255 255 255 0 255
255 255 255 255 255 2 255 5 3 0 255 8 7 6 255 1 9 4 255 255 255 10 255 255 255
255 10 255 255 255 255 9 8 255 255 1 4 7 255 255 2 5 6 3 0 255 255 255 255 255
255 255 10 0 255 255 255 5 3 2 255 8 9 6 255 1 7 4 255 255 255 255 255 255 255
255 255 255 10 255 255 255 6 8 255 255 255 3 9 0 2 4 5 7 255 255 1 255 255 255
255 10 0 255 255 255 255 3 7 255 255 9 6 8 255 255 255 5 4 1 255 255 2 255 255
255 1 255 255 255 255 255 255 3 0 255 4 9 5 10 255 7 8 6 255 255 255 255 2 255
255 255 255 0 255 255 7 9 8 10 255 4 5 3 2 255 255 255 6 255 255 1 255 255 255
255 255 255 255 255 255 255 7 4 1 255 6 8 9 10 255 3 255 5 255 255 0 255 2 255
255 255 255 10 255 255 6 8 9 255 0 3 255 255 255 2 5 7 4 255 255 255 255 1 255
255 255 255 1 255 255 255 5 4 2 255 8 6 7 255 255 9 3 255 0 255 10 255 255 255
255 255 255 255 255 255 255 7 4 1 255 255 9 5 255 255 6 8 3 0 255 255 10 2 255
255 1 255 2 255 255 4 3 5 0 255 7 8 9 10 255 255 6 255 255 255 255 255 255 255
255 255 255 255 255 10 255 9 255 255 255 3 8 6 255 2 5 7 4 1 255 0 255 255 255
255 2 1 0 255 255 5 4 3 255 255 8 7 6 255 10 9 255 255 255 255 255 255 255 255
255 1 2 0 255 255 4 5 3 255 255 7 8 6 255 255 255 9 255 255 255 255 10 255 255
255 1 255 0 255 255 255 9 255 10 255 4 5 3 2 255 7 8 6 255 255 255 255 255 255
255 255 255 255 255 2 6 5 3 0 255 255 4 255 255 255 8 7 9 255 255 255 1 10 255
255 255 0 255 255 10 8 9 7 255 255 6 3 5 2 255 255 255 4 255 255 255 255 1 255
255 255 255 255 255 255 8 6 255 255 255 9 3 255 0 2 7 5 4 255 255 10 255 1 255
255 255 255 255 255 255 8 7 255 255 10 9 4 5 2 255 6 255 3 255 255 255 1 0 255
255 10 1 0 255 255 7 4 255 255 255 9 5 3 2 255 8 255 6 255 255 255 255 255 255
255 255 255 255 255 255 255 7 3 0 1 255 4 5 255 10 9 8 6 255 255 255 255 2 255
255 10 255 2 255 255 255 4 5 1 255 9 8 6 255 255 255 7 3 0 255 255 255 255 255
255 255 255 0 255 255 6 255 3 255 10 9 255 5 2 255 8 7 4 1 255 255 255 255 255
255 255 255 1 255 255 255 255 4 255 255 6 3 5 0 255 8 9 7 255 255 255 10 2 255
255 10 255 255 255 255 8 6 7 255 255 9 255 4 1 255 255 3 5 0 255 255 255 2 255
255 255 255 255 255 10 255 9 3 0 1 4 255 5 2 255 7 8 6 255 255 255 255 255 255
255 10 0 255 255 255 9 255 255 255 255 5 3 4 1 255 8 6 7 255 255 2 255 255 255
255 1 255 255 255 255 4 255 7 255 2 5 3 6 0 255 9 255 8 255 255 10 255 255 255
255 255 255 255 255 1 4 5 7 2 255 255 9 8 255 0 255 3 6 255 255 255 10 255 255
255 255 255 255 255 255 255 255 4 1 255 6 3 5 0 255 8 9 7 10 255 255 255 2 255
255 255 255 255 255 255 255 3 7 0 10 9 6 8 255 255 255 5 4 1 255 255 2 255 255
255 255 255 0 255 255 6 5 3 2 255 7 4 255 1 255 8 255 9 255 255 255 255 10 255
255 255 10 255 255 255 255 9 8 255 255 255 4 7 1 255 3 5 6 255 255 0 2 255 255
255 255 255 255 255 255 255 8 6 255 255 4 7 5 255 255 255 9 3 0 255 1 10 2 255
255 10 255 1 255 255 9 255 255 255 2 7 5 4 255 255 8 3 6 0 255 255 255 255 255
255 255 255 2 255 255 255 6 3 0 255 4 7 5 255 255 255 8 9 10 255 1 255 255 255
255 255 255 1 255 255 6 255 255 255 0 3 5 4 255 10 8 9 7 255 255 255 2 255 255
255 255 255 1 255 255 255 255 4 255 255 9 3 5 255 255 8 6 7 255 255 10 0 2 255
255 1 0 255 255 255 4 6 255 255 255 5 3 255 255 255 7 8 9 255 255 2 255 10 255
255 255 10 255 255 255 8 9 7 255 255 6 3 255 0 2 255 5 4 1 255 255 255 255 255
255 2 0 10 255 255 5 3 255 255 1 4 255 9 255 255 7 6 8 255 255 255 255 255 255
255 255 10 2 255 1 7 4 5 255 255 8 9 6 255 255 255 255 3 0 255 255 255 255 255
255 10 1 255 255 255 9 5 255 2 255 7 4 255 255 255 8 3 6 255 255 255 0 255 255
255 255 255 255 255 255 8 6 7 255 255 255 3 5 2 255 9 255 4 255 255 10 0 1 255
255 255 255 255 255 0 3 255 255 255 255 6 8 7 255 2 5 9 4 1 255 255 10 255 255
255 255 1 2 255 255 7 4 5 255 255 8 9 6 255 255 255 255 3 255 255 255 10 0 255
255 255 2 255 255 255 7 4 8 1 255 255 5 9 255 255 255 3 6 0 255 255 255 10 255
255 255 255 255 255 0 255 3 255 255 255 4 5 9 2 255 7 6 8 255 255 1 255 10 255
255 255 255 10 255 255 8 6 9 255 0 4 3 5 255 255 7 255 255 255 255 1 255 2 255
255 255 10 255 255 2 5 7 4 1 255 255 9 255 255 255 3 8 6 255 255 0 255 255 255
255 255 255 255 255 255 255 7 8 255 255 3 255 6 255 2 5 4 9 255 255 0 1 10 255
255 2 255 255 255 255 5 7 4 1 255 6 8 255 255 255 3 9 255 10 255 0 255 255 255
255 255 255 2 255 255 8 9 6 10 255 7 4 5 255 255 255 255 3 0 255 255 1 255 255
255 255 255 255 255 255 255 7 8 255 0 3 5 6 2 1 255 4 9 255 255 255 255 10 255
255 2 255 255 255 1 4 255 7 255 255 5 9 8 10 0 3 255 6 255 255 255 255 255 255
255 10 255 255 255 255 9 5 255 2 255 6 3 255 0 1 8 4 7 255 255 255 255 255 255
255 255 10 2 255 255 7 255 4 1 255 8 9 5 255 255 6 255 3 255 255 255 255 0 255
255 1 255 255 255 255 4 255 7 255 255 255 9 8 10 0 5 3 6 255 255 2 255 255 255
255 0 255 10 255 255 6 255 8 255 255 3 255 9 255 255 5 4 7 1 255 2 255 255 255
255 255 1 255 255 255 8 7 6 255 10 9 4 5 2 255 255 255 3 255 255 255 255 0 255
255 255 2 255 255 255 255 4 7 1 10 9 5 8 255 255 255 3 6 255 255 255 0 255 255
255 0 255 255 255 255 3 5 255 2 255 6 7 8 255 1 255 4 9 10 255 255 255 255 255
255 0 255 255 255 255 3 9 255 10 255 6 8 7 255 255 5 255 4 1 255 2 255 255 255
255 255 255 2 255 0 3 9 5 10 255 255 255 4 1 255 6 8 7 255 255 255 255 255 255
255 255 255 255 255 2 5 4 255 1 255 3 255 6 255 10 9 7 8 255 255 0 255 255 255
255 255 2 1 255 0 6 3 255 255 255 9 5 4 255 255 8 255 7 255 255 10 255 255 255
255 10 255 255 255 1 4 255 7 255 255 9 255 8 255 255 5 3 6 255 255 2 0 255 255
255 2 10 1 255 255 6 8 7 255 255 5 9 4 255 0 3 255 255 255 255 255 255 255 255
255 255 0 1 255 255 8 6 7 255 2 5 3 4 255 255 9 255 255 255 255 10 255 255 255
255 10 255 255 255 255 9 255 8 255 255 255 3 6 255 1 4 5 7 2 255 255 0 255 255
255 255 1 2 255 255 8 7 6 255 255 9 4 5 255 255 255 255 3 0 255 10 255 255 255
255 255 255 1 255 255 6 8 7 255 10 255 9 4 255 0 3 255 5 2 255 255 255 255 255
255 255 255 255 255 255 7 255 4 1 10 9 3 5 0 255 8 6 255 255 255 255 255 2 255
255 10 255 2 255 1 4 7 5 255 255 9 8 255 255 255 255 6 3 0 255 255 255 255 255
255 255 255 0 255 2 5 6 3 255 1 4 9 255 255 255 7 8 255 255 255 255 10 255 255
255 255 0 255 255 255 8 3 6 255 1 7 4 255 255 10 9 5 255 255 255 255 2 255 255
255 255 10 255 255 255 255 9 8 255 255 255 3 6 0 255 4 5 7 255 255 1 2 255 255
255 0 255 255 255 1 7 4 8 255 255 3 5 6 255 255 255 255 9 10 255 255 2 255 255
255 2 255 1 255 0 3 255 7 255 255 5 255 4 255 255 6 9 8 10 255 255 255 255 255
255 255 10 255 255 255 6 9 8 255 255 3 5 255 2 255 255 4 7 1 255 0 255 255 255
255 255 255 255 255 255 8 9 6 10 2 4 5 3 255 255 7 255 255 255 255 1 255 0 255
255 255 0 255 255 255 8 6 7 255 255 255 3 5 2 10 9 255 4 255 255 255 255 1 255
255 255 255 255 255 0 255 3 6 255 255 4 5 255 255 255 7 9 8 10 255 1 2 255 255
255 255 255 255 255 10 8 9 6 255 255 7 255 255 255 2 4 5 3 255 255 1 255 0 255
255 255 2 255 255 1 7 4 8 255 255 3 5 6 255 255 255 255 9 10 255 0 255 255 255
255 255 255 1 255 255 255 7 4 255 255 3 6 5 255 10 9 8 255 255 255 0 255 2 255
255 255 10 255 255 255 7 9 8 255 1 4 5 255 255 255 255 3 6 0 255 255 2 255 255
255 0 2 255 255 255 6 255 255 255 255 3 5 4 1 255 8 9 7 10 255 255 255 255 255
255 0 255 255 255 255 3 255 255 255 255 6 7 8 255 255 5 4 9 1 255 2 255 10 255
255 1 255 255 255 255 4 7 255 255 255 255 8 6 255 255 5 9 3 255 255 2 10 0 255
255 255 10 255 255 255 255 9 255 255 255 4 8 7 255 2 5 6 3 0 255 1 255 255 255
255 2 255 0 255 10 9 8 6 255 255 5 4 3 1 255 255 7 255 255 255 255 255 255 255
255 10 2 255 255 255 6 5 3 0 255 9 4 255 1 255 8 7 255 255 255 255 255 255 255
255 0 255 255 255 255 3 255 6 255 2 5 4 9 10 255 255 7 8 255 255 255 1 255 255
255 255 255 255 255 1 4 255 6 255 2 5 255 3 0 255 7 9 8 10 255 255 255 255 255
255 255 255 2 255 255 255 7 4 1 255 9 8 5 255 255 255 6 3 255 255 10 255 0 255
255 1 255 255 255 255 4 255 255 255 255 5 6 3 0 255 7 8 9 10 255 2 255 255 255
255 2 1 255 255 255 5 4 7 255 255 6 255 8 255 255 3 255 9 255 255 0 255 10 255
255 10 255 255 255 1 7 4 255 255 255 9 5 255 255 255 8 3 6 0 255 255 2 255 255
255 1 255 255 255 0 7 3 255 255 255 4 5 255 255 255 8 6 9 255 255 255 2 10 255
255 255 2 255 255 255 255 3 255 0 1 4 5 7 255 10 9 6 8 255 255 255 255 255 255
255 255 255 255 255 255 255 6 8 255 1 4 5 7 255 0 255 3 9 10 255 255 2 255 255
255 255 255 255 255 10 8 9 6 255 1 7 4 255 255 2 255 5 3 255 255 255 255 0 255
255 255 255 0 255 255 255 8 9 10 255 255 6 3 255 1 4 7 5 255 255 255 255 2 255
255 255 10 255 255 255 255 9 255 255 255 3 6 5 2 255 7 8 4 255 255 0 255 1 255
255 255 255 0 255 255 7 255 4 1 255 6 255 3 255 255 8 9 5 255 255 255 10 2 255
255 255 255 1 255 255 255 7 4 255 255 255 9 5 255 255 6 8 3 0 255 255 10 2 255
255 255 255 0 255 255 255 255 3 255 255 7 4 5 1 10 8 9 6 255 255 255 255 2 255
255 255 255 255 255 10 9 5 8 2 0 255 3 6 255 1 255 4 7 255 255 255 255 255 255
255 255 255 10 255 255 8 255 9 255 2 6 5 3 255 255 7 4 255 1 255 255 255 0 255
255 10 255 255 255 1 255 4 6 255 255 9 7 8 255 255 255 5 3 0 255 255 2 255 255
255 255 2 255 255 1 4 5 255 255 255 255 3 6 0 10 7 9 8 255 255 255 255 255 255
255 255 0 255 255 2 5 3 6 255 1 4 255 7 255 255 9 255 8 255 255 10 255 255 255
255 0 255 255 255 255 255 8 7 255 255 3 6 5 255 10 255 9 4 1 255 255 255 2 255
255 255 255 255 255 0 255 3 5 2 255 7 255 4 1 255 8 6 9 255 255 255 255 10 255
255 255 10 2 255 1 4 255 5 255 255 8 9 6 255 255 7 255 3 0 255 255 255 255 255
255 255 255 255 255 2 5 6 3 0 255 7 8 255 255 10 4 9 255 255 255 1 255 255 255
255 255 255 10 255 255 255 8 9 255 2 5 7 4 255 255 3 6 255 255 255 0 255 1 255
255 255 255 255 255 255 255 8 9 10 0 3 6 255 255 255 5 7 4 1 255 2 255 255 255
255 10 0 255 255 255 9 6 8 255 255 255 3 255 255 2 4 5 7 255 255 1 255 255 255
255 255 1 255 255 255 255 4 7 255 255 6 9 8 10 255 3 5 255 2 255 0 255 255 255
255 0 255 255 255 255 3 6 255 255 2 5 7 4 255 255 9 8 255 255 255 10 255 1 255
255 1 10 255 255 255 4 255 6 255 255 7 9 8 255 255 5 255 3 255 255 2 255 0 255
255 255 2 255 255 0 3 5 255 255 255 6 7 8 255 255 255 4 9 255 255 255 1 10 255
255 255 255 255 255 255 7 8 6 255 255 255 255 3 0 255 4 9 5 255 255 1 10 2 255
255 2 255 1 255 255 5 7 4 255 255 3 8 6 255 255 255 9 255 255 255 0 10 255 255
255 255 255 2 255 1 4 7 5 255 255 255 8 9 10 255 255 6 3 0 255 255 255 255 255
255 255 2 255 255 255 255 3 6 0 1 4 5 7 255 255 9 255 8 255 255 10 255 255 255
255 0 255 255 255 255 3 6 255 255 255 5 7 4 255 255 255 8 9 10 255 2 255 1 255
255 255 2 255 255 255 255 5 4 1 10 9 6 8 255 255 255 3 7 255 255 255 0 255 255
255 255 2 1 255 255 255 3 255 0 255 7 5 4 255 255 8 6 9 255 255 255 255 10 255
255 10 255 2 255 255 255 4 5 1 255 9 255 3 255 255 8 7 6 255 255 255 255 0 255
255 1 255 10 255 255 7 255 8 255 2 4 5 9 255 255 255 3 6 255 255 255 0 255 255
255 10 255 255 255 255 9 4 255 1 255 255 5 3 0 255 8 7 6 255 255 255 2 255 255
255 10 255 255 255 255 9 255 255 255 255 8 6 7 255 2 5 3 4 0 255 255 255 1 255
255 255 255 255 255 1 4 255 6 255 255 5 255 3 255 255 7 9 8 255 255 2 10 0 255
255 255 255 255 255 255 7 8 6 255 255 255 9 255 10 2 4 5 3 255 255 1 255 0 255
255 255 2 255 255 255 8 9 6 10 255 255 5 3 0 255 7 4 255 1 255 255 255 255 255
255 255 10 2 255 255 7 4 5 1 255 8 9 255 255 255 6 255 3 0 255 255 255 255 255
255 255 255 255 255 255 255 8 6 255 1 4 7 5 2 255 255 9 3 10 255 255 255 0 255
255 2 255 255 255 0 3 8 6 255 10 5 9 255 255 255 4 7 255 255 255 1 255 255 255
255 255 255 255 255 255 6 8 3 0 255 255 9 255 10 255 4 7 5 255 255 1 255 2 255
255 255 255 255 255 255 255 8 6 255 1 4 7 255 255 255 5 9 3 10 255 2 255 0 255
255 10 255 255 255 255 8 7 6 255 1 9 4 255 255 255 255 5 3 0 255 255 2 255 255
255 255 2 10 255 255 7 255 8 255 255 4 5 9 255 255 255 3 6 0 255 1 255 255 255
255 255 10 255 255 2 5 9 4 1 255 3 6 255 255 255 255 8 7 255 255 0 255 255 255
255 255 1 2 255 255 6 255 3 0 255 7 4 5 255 255 8 9 255 10 255 255 255 255 255
255 10 255 0 255 255 9 5 3 2 1 7 4 255 255 255 8 255 6 255 255 255 255 255 255
255 255 2 255 255 255 8 255 7 255 10 9 5 4 1 0 6 3 255 255 255 255 255 255 255
255 255 255 2 255 255 255 4 5 1 10 9 8 6 255 255 255 7 3 255 255 255 255 0 255
255 255 10 1 255 255 7 255 4 255 255 8 9 255 255 255 6 3 5 2 255 255 0 255 255
255 255 255 255 255 255 255 255 4 1 255 8 9 7 10 255 6 3 5 0 255 255 255 2 255
255 255 2 1 255 255 255 5 4 255 255 8 9 7 255 0 6 3 255 255 255 255 10 255 255
255 2 255 10 255 0 5 3 9 255 255 7 6 8 255 255 4 255 255 255 255 1 255 255 255
255 255 255 255 255 2 7 5 4 1 255 8 255 9 10 255 6 3 255 0 255 255 255 255 255
255 255 255 1 255 0 255 3 5 2 255 7 255 4 255 255 8 6 9 255 255 255 255 10 255
255 2 1 255 255 255 5 4 7 255 255 3 255 255 255 10 6 9 8 255 255 0 255 255 255
255 255 255 255 255 255 6 255 255 255 0 3 4 5 1 255 8 7 9 10 255 255 255 2 255
255 255 255 255 255 10 9 255 255 255 255 8 4 7 1 2 6 5 3 255 255 255 255 0 255
255 1 10 2 255 255 4 255 5 255 255 255 9 3 255 255 7 8 6 255 255 255 255 0 255
255 255 255 255 255 2 8 5 9 10 0 6 3 255 255 1 7 4 255 255 255 255 255 255 255
255 255 10 2 255 255 7 4 5 1 255 8 9 6 255 255 255 255 3 0 255 255 255 255 255
255 10 2 255 255 255 8 255 7 255 255 9 5 4 255 0 6 3 255 255 255 255 255 1 255
255 255 2 255 255 10 9 255 8 255 255 3 5 6 255 255 255 4 7 255 255 0 1 255 255
255 255 0 1 255 255 7 255 4 255 255 255 3 5 2 255 8 6 9 255 255 255 255 10 255
255 255 255 10 255 1 4 5 9 2 255 7 6 8 255 255 255 3 255 0 255 255 255 255 255
255 0 255 255 255 2 3 5 6 255 255 255 9 8 10 255 255 4 7 1 255 255 255 255 255
255 0 255 255 255 255 255 4 7 1 2 3 5 255 255 255 6 9 8 10 255 255 255 255 255
255 1 255 255 255 2 4 5 7 255 10 255 9 8 255 255 255 3 6 255 255 255 0 255 255
255 0 2 255 255 255 3 5 6 255 255 255 4 7 255 10 9 255 8 255 255 255 1 255 255
255 255 10 255 255 255 255 9 255 255 255 4 7 5 2 255 6 8 3 255 255 1 255 0 255
255 255 255 255 255 0 3 8 6 255 255 255 9 255 10 255 5 7 4 1 255 2 255 255 255
255 255 255 255 255 10 9 255 4 1 255 8 6 7 255 0 255 3 5 2 255 255 255 255 255
255 255 255 255 255 10 9 255 3 0 1 7 4 5 255 255 8 255 6 255 255 255 255 2 255
255 255 255 10 255 255 255 5 9 2 1 255 4 7 255 255 6 3 8 0 255 255 255 255 255
255 255 255 255 255 0 6 3 255 255 2 255 5 4 1 255 8 9 7 255 255 255 10 255 255
255 255 255 10 255 255 8 5 9 2 1 7 4 255 255 255 6 3 255 0 255 255 255 255 255
255 255 0 255 255 255 8 255 9 10 255 6 3 5 2 255 7 255 4 1 255 255 255 255 255
255 10 255 255 255 255 9 8 7 255 0 5 3 4 255 255 255 6 255 255 255 2 255 1 255
255 2 1 10 255 255 5 4 255 255 255 6 8 9 255 255 3 7 255 255 255 0 255 255 255
255 255 255 255 255 1 255 4 7 255 255 6 255 8 255 2 3 5 9 10 255 0 255 255 255
255 255 1 2 255 255 255 7 3 0 255 255 4 5 255 255 9 8 6 255 255 10 255 255 255
255 255 255 255 255 255 8 255 6 255 10 9 255 3 0 255 7 4 5 255 255 255 1 2 255
255 255 0 255 255 10 9 6 8 255 255 255 3 7 255 255 255 5 4 2 255 255 255 1 255
255 2 10 255 255 255 255 9 8 255 255 5 3 6 255 1 4 255 7 255 255 255 0 255 255
255 1 10 255 255 2 5 9 8 255 255 4 255 7 255 255 3 255 6 255 255 0 255 255 255
255 255 255 255 255 255 8 6 9 10 255 7 3 255 0 2 4 5 255 255 255 1 255 255 255
255 255 255 255 255 0 6 3 255 255 10 9 5 255 2 1 8 4 7 255 255 255 255 255 255
255 255 255 255 255 255 255 255 3 0 255 4 7 5 2 10 9 8 6 255 255 1 255 255 255
255 255 255 255 255 255 7 4 255 1 255 6 3 255 0 2 8 5 9 255 255 255 255 10 255
255 2 255 0 255 255 5 255 3 255 255 7 9 8 10 255 4 255 6 255 255 1 255 255 255
255 255 255 0 255 1 255 4 255 255 255 6 5 3 2 255 8 7 9 10 255 255 255 255 255
255 255 255 255 255 10 9 255 4 1 255 8 255 7 255 255 6 3 5 0 255 255 255 2 255
255 255 255 2 255 10 255 9 5 255 255 6 8 3 255 255 255 7 4 1 255 255 255 0 255
255 255 255 255 255 255 255 255 4 1 255 9 8 7 255 0 3 6 5 255 255 10 255 2 255
255 10 1 255 255 255 9 4 5 2 255 6 255 3 255 255 8 7 255 255 255 255 255 0 255
255 255 255 0 255 2 5 9 3 10 255 7 8 6 255 255 4 255 255 255 255 1 255 255 255
255 255 255 10 255 2 255 5 9 255 255 7 4 8 255 255 255 3 6 0 255 255 1 255 255
255 255 2 255 255 255 255 5 3 0 255 7 4 255 1 255 8 9 6 10 255 255 255 255 255
255 0 255 10 255 255 6 7 8 255 255 3 255 9 255 255 5 4 255 1 255 2 255 255 255
255 255 255 255 255 255 8 6 3 0 255 7 255 4 1 10 9 255 5 255 255 255 255 2 255
255 2 255 1 255 255 5 255 4 255 255 3 9 255 255 255 6 8 7 255 255 0 10 255 255
255 1 255 255 255 255 7 6 8 255 255 4 3 5 2 255 255 255 9 255 255 255 0 10 255
255 10 255 1 255 255 9 6 8 255 255 5 3 4 0 255 255 255 7 255 255 2 255 255 255
255 255 255 255 255 255 255 8 9 10 0 3 6 255 255 2 5 7 4 255 255 255 255 1 255
255 255 255 255 255 10 9 8 7 255 255 255 6 255 255 0 5 3 4 1 255 2 255 255 255
255 0 2 255 255 255 3 5 6 255 255 9 255 8 255 255 255 4 7 255 255 10 1 255 255
255 10 0 2 255 255 9 3 5 255 255 8 6 7 255 255 255 255 4 1 255 255 255 255 255
255 255 255 0 255 10 8 9 255 255 2 6 5 3 255 255 7 4 255 255 255 255 1 255 255
255 255 10 2 255 255 255 9 255 255 0 3 6 5 255 255 7 8 4 255 255 255 255 1 255
255 255 2 0 255 1 4 5 3 255 10 7 9 8 255 255 255 255 6 255 255 255 255 255 255
255 0 1 255 255 255 8 7 9 10 255 3 4 5 2 255 6 255 255 255 255 255 255 255 255
255 255 10 0 255 255 255 6 3 255 1 4 9 5 255 255 7 8 255 255 255 255 255 2 255
255 255 255 255 255 10 9 255 255 255 255 6 5 3 255 255 8 4 7 1 255 255 2 0 255
255 1 255 255 255 255 4 255 255 255 255 7 8 6 255 255 5 9 3 10 255 2 255 0 255
255 255 10 0 255 255 255 9 255 255 255 4 5 3 255 255 7 8 6 255 255 1 2 255 255
255 255 255 255 255 1 4 7 5 2 255 255 6 3 255 10 9 8 255 255 255 255 255 0 255
255 0 255 1 255 2 5 7 4 255 255 3 6 255 255 255 255 8 9 10 255 255 255 255 255
255 255 255 255 255 10 255 9 255 255 255 6 8 3 0 1 4 7 5 255 255 255 255 2 255
255 10 255 255 255 2 255 5 3 0 1 9 4 255 255 255 8 7 6 255 255 255 255 255 255
255 0 1 255 255 255 3 6 8 255 255 5 4 7 255 255 255 255 9 255 255 2 255 10 255
255 255 255 255 255 255 6 255 3 0 255 9 255 5 2 255 8 7 4 255 255 10 255 1 255
255 255 255 255 255 10 255 9 255 255 1 4 7 5 2 255 6 8 3 255 255 255 255 0 255
255 10 255 0 255 255 8 6 3 255 255 9 255 5 255 255 7 255 4 1 255 255 255 2 255
255 10 255 255 255 255 9 5 255 2 255 8 4 7 255 255 6 3 255 0 255 255 1 255 255
255 255 10 255 255 255 255 9 255 255 2 5 7 4 255 255 3 8 6 255 255 0 255 1 255
255 1 255 255 255 255 4 7 255 255 255 5 8 9 255 0 3 6 255 255 255 2 255 10 255
255 0 255 255 255 255 3 6 5 2 10 255 9 255 255 255 7 8 4 255 255 255 255 1 255
255 255 255 255 255 255 255 7 255 255 1 3 4 5 255 255 6 8 9 10 255 0 255 2 255
255 255 255 255 255 255 6 7 8 255 0 3 4 5 1 255 255 255 9 10 255 255 255 2 255
255 255 255 255 255 2 6 5 3 0 255 8 7 9 10 255 255 4 255 255 255 255 1 255 255
255 255 255 0 255 255 6 255 3 255 255 7 4 5 255 255 8 9 255 10 255 255 1 2 255
255 0 10 2 255 255 3 9 5 255 255 255 7 4 255 255 6 8 255 255 255 255 255 1 255
255 2 255 255 255 10 7 9 8 255 255 5 255 3 0 1 4 255 6 255 255 255 255 255 255
255 255 255 255 255 10 9 7 8 255 255 255 255 6 255 2 5 4 3 255 255 255 1 0 255
255 255 10 255 255 255 8 9 7 255 255 6 255 255 255 2 3 5 4 1 255 0 255 255 255
255 10 1 255 255 255 255 4 7 255 255 9 255 8 255 0 3 5 6 2 255 255 255 255 255
255 1 255 255 255 255 4 255 7 255 10 255 9 8 255 2 5 3 6 255 255 255 0 255 255
255 255 255 255 255 10 8 9 7 255 255 255 5 4 255 255 6 3 255 0 255 255 2 1 255
255 255 255 255 255 1 4 5 7 2 255 255 3 9 255 255 255 6 8 255 255 255 0 10 255
255 255 255 255 255 2 255 5 3 0 255 8 9 6 255 1 7 4 255 255 255 255 10 255 255
255 255 255 255 255 255 255 255 7 255 255 6 9 8 255 0 3 5 4 2 255 255 10 1 255
255 255 255 1 255 255 6 9 8 10 255 3 5 4 2 255 255 255 7 255 255 0 255 255 255
255 255 255 255 255 0 6 3 255 255 255 7 5 4 1 10 8 9 255 255 255 255 2 255 255
255 255 1 255 255 255 7 4 255 255 255 6 3 255 0 255 8 5 9 10 255 255 2 255 255
255 0 255 1 255 255 6 255 255 255 255 3 5 4 2 10 8 9 7 255 255 255 255 255 255
255 0 255 2 255 255 3 6 5 255 255 255 7 4 1 255 255 8 9 255 255 255 255 10 255
255 255 255 255 255 255 7 8 9 10 1 4 3 5 2 255 255 6 255 255 255 255 0 255 255
255 255 255 255 255 2 255 5 3 0 1 7 4 255 255 10 8 9 6 255 255 255 255 255 255
255 255 255 255 255 255 255 6 3 0 255 7 8 9 10 255 4 255 5 2 255 1 255 255 255
255 255 255 255 255 255 6 255 8 255 255 3 5 9 10 255 255 4 7 1 255 0 2 255 255
255 255 10 255 255 255 255 9 255 255 255 7 8 6 255 2 4 5 3 255 255 1 255 0 255
255 255 255 2 255 0 3 6 5 255 10 9 8 7 255 255 255 255 4 1 255 255 255 255 255
255 255 0 255 255 1 255 4 7 255 255 6 3 8 255 255 255 5 9 2 255 255 255 10 255
255 255 255 255 255 255 8 6 255 255 255 9 3 255 0 255 7 5 4 255 255 10 2 1 255
255 255 0 10 255 255 6 3 8 255 255 255 255 9 255 1 4 5 7 255 255 255 2 255 255
255 0 255 255 255 255 255 4 255 1 2 3 5 6 255 10 9 7 8 255 255 255 255 255 255
255 10 0 255 255 255 255 3 255 255 255 9 6 8 255 255 4 5 7 2 255 1 255 255 255
255 255 2 255 255 1 8 4 7 255 255 6 5 3 0 255 9 255 255 255 255 10 255 255 255
255 255 255 0 255 2 255 5 3 255 255 9 7 8 255 255 255 4 6 255 255 10 1 255 255
255 255 255 10 255 255 8 7 9 255 255 6 255 255 255 0 3 4 5 2 255 255 1 255 255
255 10 255 255 255 255 9 8 255 255 1 4 7 255 255 2 5 6 3 255 255 255 255 0 255
255 255 255 255 255 0 3 255 255 255 255 6 9 8 10 255 5 4 7 1 255 2 255 255 255
255 0 1 255 255 255 3 4 5 2 255 255 7 255 255 255 6 8 9 10 255 255 255 255 255
255 255 255 255 255 0 3 255 255 255 2 5 4 9 255 255 6 7 8 255 255 255 1 10 255
255 255 10 255 255 0 3 255 6 255 2 5 9 8 255 1 4 255 7 255 255 255 255 255 255
255 255 255 255 255 1 8 4 7 255 2 6 5 3 255 255 9 255 255 255 255 10 255 0 255
255 10 255 255 255 255 9 8 255 255 0 3 6 5 2 255 255 7 4 1 255 255 255 255 255
255 10 255 2 255 255 9 255 5 255 255 8 6 3 255 255 7 255 4 1 255 255 255 0 255
255 255 1 255 255 255 6 3 255 0 255 8 4 7 255 10 9 5 255 2 255 255 255 255 255
255 255 255 255 255 10 8 9 255 255 255 6 5 3 0 1 7 4 255 255 255 255 2 255 255
255 1 255 255 255 255 255 255 6 255 255 4 5 3 2 255 7 9 8 10 255 255 255 0 255
255 0 255 2 255 255 3 6 5 255 255 255 8 9 255 255 255 7 4 1 255 255 255 10 255
255 1 255 0 255 255 7 255 3 255 255 4 255 5 255 255 8 9 6 255 255 255 10 2 255
255 255 0 255 255 255 8 3 6 255 255 9 5 255 2 1 7 4 255 255 255 10 255 255 255
255 0 10 255 255 255 8 9 7 255 255 3 255 5 2 255 6 255 4 255 255 255 255 1 255
255 255 255 255 255 255 8 7 6 255 255 255 5 3 2 1 9 4 255 255 255 10 255 0 255
255 255 1 255 255 255 7 4 255 255 255 8 255 9 10 2 6 5 3 0 255 255 255 255 255
255 2 255 255 255 255 5 3 6 0 255 4 255 7 255 255 255 9 8 255 255 1 10 255 255
255 2 255 1 255 255 5 7 4 255 255 3 6 255 255 255 255 8 9 255 255 0 255 10 255
255 255 0 255 255 255 255 9 8 10 255 255 3 6 255 1 4 5 7 2 255 255 255 255 255
255 0 255 2 255 255 6 8 255 255 10 3 9 5 255 255 255 7 4 255 255 255 255 1 255
255 255 255 2 255 255 255 255 4 1 255 6 3 5 0 255 8 9 7 255 255 255 10 255 255
255 255 255 2 255 255 8 6 9 10 0 255 3 5 255 255 7 255 4 1 255 255 255 255 255
255 255 10 255 255 0 3 255 255 255 255 5 9 4 255 255 6 8 7 255 255 2 255 1 255
255 0 255 255 255 2 3 5 6 255 255 255 4 7 1 255 255 9 8 255 255 255 10 255 255
255 255 255 255 255 255 255 4 255 1 2 9 5 3 255 255 8 7 6 255 255 10 255 0 255
255 255 0 255 255 255 255 9 8 10 2 5 3 6 255 255 4 255 7 255 255 1 255 255 255
255 255 2 0 255 255 8 255 6 255 255 9 5 3 255 255 7 4 255 1 255 10 255 255 255
255 255 255 10 255 0 3 5 9 2 255 255 4 255 255 255 6 7 8 255 255 255 1 255 255
255 255 255 2 255 255 255 7 3 0 255 255 4 5 1 10 9 8 6 255 255 255 255 255 255
255 255 10 255 255 255 7 9 8 255 255 255 255 6 255 255 4 5 3 0 255 1 2 255 255
255 2 255 10 255 0 3 255 6 255 1 5 4 9 255 255 255 7 8 255 255 255 255 255 255
255 255 10 1 255 255 7 255 4 255 255 8 9 255 255 255 6 3 5 0 255 255 255 2 255
255 255 255 255 255 10 255 9 255 255 255 3 5 4 2 255 6 8 7 255 255 0 255 1 255
255 10 1 2 255 255 9 255 3 0 255 255 4 5 255 255 8 7 6 255 255 255 255 255 255
255 255 255 255 255 0 3 255 7 255 255 5 255 4 1 10 6 9 8 255 255 2 255 255 255
255 1 2 0 255 255 4 5 3 255 255 255 9 255 255 255 7 8 6 255 255 255 10 255 255
255 255 255 255 255 1 4 255 7 255 2 5 3 9 0 255 255 6 8 255 255 255 255 10 255
255 2 1 255 255 255 5 4 7 255 255 6 255 8 255 255 3 255 9 255 255 0 255 10 255
255 1 255 255 255 255 4 7 5 2 255 6 8 3 255 255 255 9 255 10 255 255 255 0 255
255 255 255 255 255 1 4 255 7 255 10 9 6 8 255 255 5 3 255 0 255 2 255 255 255
255 255 2 255 255 255 255 5 4 1 255 8 9 7 10 0 6 3 255 255 255 255 255 255 255
255 1 255 0 255 2 5 255 3 255 255 4 255 6 255 10 7 9 8 255 255 255 255 255 255
255 255 255 10 255 0 3 5 9 2 255 6 7 8 255 255 255 4 255 255 255 255 1 255 255
255 255 255 10 255 255 8 7 9 255 255 6 255 3 255 1 255 4 5 2 255 255 255 0 255
255 255 255 0 255 2 6 5 3 255 1 9 4 255 255 255 8 7 255 255 255 10 255 255 255
255 2 255 255 255 255 5 7 4 1 10 9 8 255 255 255 3 6 255 255 255 0 255 255 255
255 255 255 0 255 2 5 9 3 10 255 4 7 255 255 255 255 8 6 255 255 1 255 255 255
255 10 255 255 255 255 9 6 8 255 2 5 3 255 0 255 4 255 7 255 255 1 255 255 255
255 255 10 255 255 255 255 9 8 255 255 5 3 6 0 1 4 255 7 255 255 2 255 255 255
255 255 10 255 255 1 4 9 255 255 255 7 8 6 255 2 5 255 3 255 255 255 255 0 255
255 255 255 255 255 10 9 7 8 255 255 3 5 6 255 255 255 4 255 1 255 0 2 255 255
255 255 255 255 255 2 5 4 7 1 10 255 9 8 255 0 3 255 6 255 255 255 255 255 255
255 255 255 255 255 255 255 255 9 10 255 4 3 5 255 255 7 6 8 255 255 1 0 2 255
255 255 255 255 255 1 4 5 255 2 255 255 3 6 255 255 7 9 8 10 255 255 0 255 255
255 2 10 255 255 1 4 9 255 255 255 5 6 3 255 255 7 8 255 255 255 255 255 0 255
255 255 255 1 255 255 255 255 4 255 255 8 9 7 10 255 6 3 5 255 255 255 0 2 255
255 255 2 255 255 255 255 9 255 10 1 4 5 3 255 255 7 8 6 255 255 255 255 0 255
255 255 255 1 255 255 7 5 4 2 255 8 255 9 255 255 6 3 255 0 255 255 255 10 255
255 255 255 2 255 255 8 9 255 10 0 6 3 5 255 255 7 255 4 1 255 255 255 255 255
255 0 2 255 255 1 255 4 7 255 255 3 5 6 255 10 255 9 8 255 255 255 255 255 255
255 255 255 255 255 255 255 9 255 10 2 5 6 3 0 1 4 8 7 255 255 255 255 255 255
255 255 1 255 255 2 5 4 7 255 0 3 255 9 10 255 6 255 8 255 255 255 255 255 255
255 255 10 255 255 2 5 9 4 1 255 255 8 7 255 0 3 6 255 255 255 255 255 255 255
255 1 10 0 255 2 4 5 3 255 255 8 9 6 255 255 7 255 255 255 255 255 255 255 255
255 255 255 0 255 2 255 5 3 255 255 9 4 255 255 255 8 7 6 255 255 10 1 255 255
255 255 1 10 255 2 5 4 255 255 255 3 255 9 255 255 6 7 8 255 255 0 255 255 255
255 2 1 255 255 255 5 4 7 255 255 6 9 8 255 255 3 255 255 255 255 0 10 255 255
255 255 255 2 255 255 255 6 3 0 255 4 255 5 255 255 7 8 9 10 255 1 255 255 255
255 255 255 0 255 255 7 255 255 255 255 4 5 3 2 255 8 9 6 255 255 1 10 255 255
255 255 255 255 255 0 3 255 255 255 255 6 8 7 255 2 5 9 4 1 255 255 10 255 255
255 255 1 0 255 255 6 255 3 255 255 7 4 5 255 255 8 9 255 10 255 255 255 2 255
255 255 255 10 255 255 6 8 9 255 2 5 7 4 255 0 3 255 255 255 255 255 255 1 255
255 255 255 0 255 255 255 6 3 255 255 4 7 5 255 255 255 8 9 10 255 1 255 2 255
255 255 255 10 255 255 8 7 9 255 255 6 5 3 0 1 255 4 255 255 255 255 2 255 255
255 255 255 2 255 255 8 255 7 255 255 6 3 5 255 255 9 255 4 255 255 10 0 1 255
255 255 255 255 255 10 9 7 8 255 255 255 4 255 255 0 3 5 6 2 255 255 1 255 255
255 255 1 255 255 0 3 6 8 255 255 5 4 7 255 255 255 255 9 10 255 2 255 255 255
255 1 255 255 255 2 5 6 3 0 255 4 7 255 255 255 9 8 255 255 255 10 255 255 255
255 1 255 255 255 255 7 9 8 10 255 4 255 6 255 255 5 255 3 255 255 2 255 0 255
255 255 255 1 255 255 7 5 4 2 10 9 3 255 0 255 8 6 255 255 255 255 255 255 255
255 255 0 1 255 255 8 3 6 255 255 7 5 4 255 255 9 255 255 255 255 10 2 255 255
255 255 255 10 255 255 255 255 9 255 0 3 6 8 255 2 5 4 7 255 255 255 1 255 255
255 0 1 255 255 255 3 255 6 255 2 5 4 7 255 255 255 9 8 255 255 255 10 255 255
255 255 255 10 255 255 7 4 255 1 255 8 255 9 255 255 6 5 3 0 255 255 2 255 255
255 255 255 255 255 255 8 255 6 255 10 9 255 3 0 255 7 4 5 1 255 255 255 2 255
255 255 255 0 255 255 8 255 6 255 10 9 5 3 255 255 7 4 255 1 255 255 2 255 255
255 1 0 2 255 255 4 3 5 255 255 8 6 9 10 255 7 255 255 255 255 255 255 255 255
255 255 255 255 255 1 4 255 5 2 10 8 9 6 255 255 7 255 3 0 255 255 255 255 255
255 255 1 255 255 255 6 4 255 255 255 8 7 9 10 0 3 5 255 2 255 255 255 255 255
255 10 0 255 255 255 6 3 5 2 255 9 255 255 255 255 8 7 4 255 255 255 255 1 255
255 255 255 255 255 10 9 255 8 255 255 255 3 6 0 2 4 5 7 255 255 1 255 255 255
255 255 255 255 255 255 7 6 8 255 255 255 3 255 0 2 4 5 9 255 255 1 255 10 255
255 255 255 255 255 10 9 3 255 0 255 8 6 255 255 255 7 5 4 2 255 255 255 1 255
255 255 255 255 255 255 255 3 255 0 10 9 5 4 255 255 8 6 7 255 255 255 2 1 255
255 255 255 1 255 0 6 3 255 255 255 255 5 4 255 10 8 9 7 255 255 255 2 255 255
255 255 255 255 255 2 5 3 6 0 255 4 255 7 255 255 255 9 8 10 255 1 255 255 255
255 10 0 255 255 255 9 255 255 255 255 5 3 4 1 255 8 6 7 255 255 2 255 255 255
255 255 255 1 255 255 7 255 4 255 10 8 9 5 2 255 6 255 3 255 255 255 255 0 255
255 1 255 0 255 255 4 255 5 2 10 255 9 3 255 255 7 8 6 255 255 255 255 255 255
255 255 10 255 255 255 8 9 255 255 255 7 255 4 1 255 6 3 5 255 255 255 0 2 255
255 1 255 255 255 2 5 255 3 0 255 4 7 255 255 10 9 8 6 255 255 255 255 255 255
255 2 255 255 255 1 4 255 255 255 0 5 3 6 255 255 7 9 8 10 255 255 255 255 255
255 255 2 255 255 255 6 5 3 0 10 9 255 255 255 255 8 4 7 1 255 255 255 255 255
255 0 255 255 255 255 3 255 6 255 2 5 4 7 1 255 9 255 8 255 255 10 255 255 255
255 2 10 1 255 255 5 255 4 255 255 6 9 8 255 255 3 255 7 255 255 0 255 255 255
255 1 255 0 255 255 4 7 255 255 255 5 9 3 10 255 255 8 6 255 255 2 255 255 255
255 10 255 255 255 255 9 255 255 255 2 5 3 4 255 255 8 6 7 255 255 255 0 1 255
255 255 255 255 255 10 8 9 7 255 2 255 5 4 255 255 6 3 255 255 255 255 0 1 255
255 255 255 0 255 2 6 5 3 255 255 7 4 255 255 255 8 255 9 255 255 255 1 10 255
255 2 255 255 255 0 5 3 255 255 255 9 6 8 255 1 4 255 7 255 255 10 255 255 255
255 255 255 255 255 2 5 255 3 0 1 4 9 255 255 255 7 8 6 255 255 255 10 255 255
255 255 255 2 255 1 4 255 5 255 255 8 9 6 255 255 7 255 3 0 255 255 10 255 255
255 255 10 255 255 2 5 255 4 1 255 6 9 8 255 0 3 255 7 255 255 255 255 255 255
255 10 255 255 255 255 255 255 4 1 255 9 8 7 255 0 3 6 5 2 255 255 255 255 255
255 255 10 255 255 255 8 9 255 255 255 6 5 3 2 1 7 4 255 255 255 255 255 0 255
255 255 255 255 255 255 7 8 6 255 2 5 255 3 255 1 4 9 255 10 255 255 255 0 255
255 0 2 1 255 255 6 9 8 10 255 3 5 4 255 255 255 255 7 255 255 255 255 255 255
255 255 255 255 255 1 7 4 255 255 10 8 9 6 255 255 255 5 3 0 255 255 2 255 255
255 2 10 255 255 1 4 7 255 255 255 5 9 3 255 255 255 8 6 255 255 255 255 0 255
255 255 255 2 255 0 3 255 5 255 255 8 9 7 255 255 6 255 4 255 255 255 10 1 255
255 1 10 2 255 255 255 9 255 255 255 4 7 5 255 255 6 8 3 255 255 255 255 0 255
255 255 255 255 255 1 4 255 7 255 2 5 3 6 0 255 255 9 8 10 255 255 255 255 255
255 255 255 255 255 255 8 6 255 255 0 9 3 255 255 255 7 5 4 255 255 10 2 1 255
255 1 255 255 255 10 9 8 255 255 255 4 7 255 255 2 5 6 3 0 255 255 255 255 255
255 1 255 255 255 255 4 8 7 255 255 255 9 255 255 2 5 6 3 255 255 255 10 0 255
255 255 255 10 255 255 255 6 3 0 255 7 8 9 255 255 4 255 5 2 255 1 255 255 255
255 255 10 255 255 255 8 9 6 255 255 4 255 5 255 255 7 255 3 0 255 1 255 2 255
255 2 255 255 255 255 5 255 3 0 10 9 8 6 255 1 4 7 255 255 255 255 255 255 255
255 255 255 255 255 255 255 4 7 1 255 6 3 8 0 255 255 5 9 10 255 255 2 255 255
255 255 255 255 255 255 6 255 8 255 1 255 4 7 255 0 3 5 9 10 255 255 2 255 255
255 255 255 0 255 2 5 6 3 255 255 4 9 255 10 255 7 8 255 255 255 1 255 255 255
255 255 1 10 255 255 255 255 9 255 0 3 4 5 2 255 6 7 8 255 255 255 255 255 255
255 1 0 255 255 255 4 3 5 2 255 255 6 255 255 255 7 8 9 255 255 255 255 10 255
255 255 2 255 255 10 9 5 4 1 255 8 255 7 255 255 6 3 255 255 255 255 0 255 255
255 255 10 255 255 255 8 9 7 255 0 3 5 4 255 255 6 255 255 255 255 255 2 1 255
255 10 255 1 255 255 8 255 7 255 255 9 5 4 2 255 6 3 255 0 255 255 255 255 255
255 255 255 2 255 255 7 4 5 1 255 8 6 3 255 10 9 255 255 255 255 255 255 0 255
255 255 2 0 255 1 255 4 255 255 255 9 5 3 255 255 8 7 6 255 255 10 255 255 255
255 255 0 10 255 2 255 5 9 255 255 6 3 8 255 255 255 4 7 255 255 255 1 255 255
255 2 255 255 255 255 7 6 8 255 0 5 3 255 255 1 4 255 9 10 255 255 255 255 255
255 255 255 10 255 255 8 6 9 255 0 7 3 255 255 1 4 5 255 255 255 255 2 255 255
255 2 1 255 255 255 5 4 9 10 0 3 255 6 255 255 255 7 8 255 255 255 255 255 255
255 255 255 10 255 0 6 3 8 255 255 255 255 9 255 2 4 5 7 255 255 1 255 255 255
255 10 255 255 255 255 8 7 255 255 255 9 4 5 2 255 6 255 3 0 255 255 1 255 255
255 255 255 255 255 2 7 5 4 1 255 8 6 9 10 0 255 3 255 255 255 255 255 255 255
255 255 255 2 255 255 8 6 9 10 255 255 3 5 0 255 7 255 4 1 255 255 255 255 255
255 255 255 10 255 1 255 4 9 255 255 6 7 8 255 2 3 5 255 255 255 0 255 255 255
255 255 2 255 255 255 255 4 7 1 255 9 5 8 255 255 255 3 6 255 255 10 0 255 255
255 255 255 1 255 2 7 5 4 255 255 6 3 255 255 255 8 9 255 10 255 255 0 255 255
255 2 255 255 255 1 5 4 7 255 255 6 255 8 255 255 3 255 9 255 255 0 255 10 255
255 255 255 2 255 0 6 3 5 255 10 8 9 7 255 255 255 255 4 1 255 255 255 255 255
255 1 255 255 255 255 4 8 7 255 2 5 6 3 255 255 255 9 255 255 255 255 10 0 255
255 1 10 0 255 255 4 255 255 255 2 5 9 3 255 255 7 8 6 255 255 255 255 255 255
255 0 10 255 255 255 8 9 7 255 255 3 255 5 2 255 6 255 4 1 255 255 255 255 255
255 255 255 255 255 255 8 7 6 255 2 255 5 3 255 10 9 4 255 1 255 255 255 0 255
255 255 2 255 255 1 255 4 7 255 255 255 5 9 255 0 6 3 8 255 255 255 255 10 255
255 255 2 10 255 255 8 6 9 255 1 4 5 255 255 0 7 3 255 255 255 255 255 255 255
255 255 2 1 255 255 255 5 4 255 10 8 9 7 255 255 6 3 255 255 255 255 0 255 255
255 10 255 255 255 2 5 7 4 1 255 9 8 255 255 255 3 6 255 255 255 0 255 255 255
255 255 255 255 255 2 5 255 3 0 10 7 9 8 255 1 4 255 6 255 255 255 255 255 255
255 0 255 1 255 255 6 255 4 255 255 3 255 5 255 255 8 9 7 255 255 255 10 2 255
255 255 255 255 255 255 255 6 8 255 0 5 3 9 10 1 4 255 7 255 255 2 255 255 255
255 255 255 255 255 0 3 5 6 2 255 9 7 8 255 255 255 4 255 1 255 10 255 255 255
255 255 10 0 255 255 7 255 3 255 255 8 9 6 255 1 4 255 5 255 255 255 255 2 255
255 2 255 255 255 255 6 255 8 255 255 5 4 7 255 255 3 255 9 10 255 0 1 255 255
255 2 255 255 255 1 4 7 255 255 255 5 8 9 10 255 3 6 255 255 255 0 255 255 255
255 1 255 255 255 255 4 8 7 255 0 3 6 255 255 2 5 9 255 255 255 255 10 255 255
255 255 255 255 255 255 6 8 7 255 2 3 5 4 1 10 255 9 255 255 255 0 255 255 255
255 255 10 255 255 255 255 9 255 255 255 3 5 4 1 255 6 8 7 255 255 0 2 255 255
255 10 255 255 255 255 255 4 255 1 255 9 5 3 0 255 8 7 6 255 255 255 2 255 255
255 255 255 10 255 2 8 5 9 255 0 6 3 255 255 255 7 4 255 1 255 255 255 255 255
255 255 10 255 255 2 255 5 4 1 255 8 9 7 255 255 6 3 255 255 255 255 0 255 255
255 255 255 0 255 255 8 9 255 10 255 6 5 3 2 1 7 4 255 255 255 255 255 255 255
255 255 255 10 255 2 5 7 4 1 255 255 8 9 255 255 3 6 255 255 255 0 255 255 255
255 10 2 0 255 255 9 7 8 255 255 255 5 3 255 255 255 4 6 255 255 255 1 255 255
255 255 255 255 255 255 6 7 8 255 255 255 4 255 255 255 3 5 9 2 255 0 1 10 255
255 255 1 10 255 255 7 4 5 2 255 8 255 9 255 255 6 255 3 0 255 255 255 255 255
255 255 255 255 255 1 7 4 5 2 10 8 9 6 255 255 255 255 3 255 255 255 255 0 255
255 255 255 1 255 2 7 5 4 255 255 6 3 255 0 255 8 255 9 10 255 255 255 255 255
255 10 0 255 255 255 6 3 255 255 2 9 5 255 255 255 8 4 7 255 255 255 1 255 255
255 255 255 255 255 10 9 255 255 255 255 8 6 7 255 2 5 3 4 255 255 255 0 1 255
255 255 2 10 255 255 6 5 3 0 255 8 7 9 255 1 255 4 255 255 255 255 255 255 255
255 2 255 255 255 255 5 3 6 0 1 4 255 7 255 255 9 255 8 255 255 10 255 255 255
255 255 255 255 255 255 255 3 255 0 255 8 6 7 255 255 9 5 4 2 255 10 255 1 255
255 255 2 10 255 1 255 4 7 255 255 255 5 9 255 0 6 3 8 255 255 255 255 255 255
255 255 255 255 255 0 255 3 6 255 255 4 5 255 2 10 7 9 8 255 255 1 255 255 255
255 1 255 255 255 2 5 3 6 0 255 4 7 8 255 255 255 255 9 255 255 255 255 10 255
255 0 255 255 255 2 3 5 255 255 255 255 4 9 255 255 6 7 8 255 255 255 1 10 255
255 255 2 255 255 0 255 3 255 255 1 4 5 9 10 255 7 6 8 255 255 255 255 255 255
255 255 255 255 255 255 6 8 9 10 0 3 7 255 255 255 5 4 255 1 255 2 255 255 255
255 2 10 255 255 255 6 9 8 255 255 5 255 4 255 0 3 255 7 255 255 255 255 1 255
255 255 255 255 255 255 8 6 7 255 255 255 5 4 1 10 9 3 255 0 255 255 2 255 255
255 2 10 0 255 255 5 255 3 255 255 4 9 255 255 255 7 8 6 255 255 1 255 255 255
255 255 0 255 255 10 9 5 255 2 255 8 3 6 255 255 7 4 255 255 255 255 1 255 255
255 0 255 2 255 255 6 255 255 255 1 3 4 5 255 255 8 7 9 10 255 255 255 255 255
255 255 255 10 255 2 255 5 9 255 0 6 3 8 255 255 255 4 7 255 255 255 1 255 255
255 2 255 255 255 0 5 3 6 255 255 7 9 8 10 255 4 255 255 255 255 1 255 255 255
255 255 255 2 255 255 7 6 8 255 1 4 3 5 0 255 255 255 9 255 255 255 255 10 255
255 255 2 255 255 255 8 255 7 255 255 9 5 4 255 255 6 3 255 255 255 10 0 1 255
255 255 255 255 255 255 255 7 255 255 0 3 4 5 1 255 6 8 9 10 255 255 255 2 255
255 2 255 10 255 255 7 8 9 255 255 5 3 255 0 1 4 6 255 255 255 255 255 255 255
255 255 255 255 255 0 3 6 5 2 255 9 8 255 255 255 255 7 4 255 255 10 255 1 255
255 255 255 255 255 255 6 7 8 255 255 5 4 255 1 0 3 255 9 255 255 2 255 10 255
255 255 1 255 255 255 6 255 255 255 255 3 4 5 2 255 8 7 9 255 255 0 255 10 255
255 255 255 255 255 255 7 8 6 255 2 5 255 3 255 255 4 9 255 10 255 1 255 0 255
255 255 2 0 255 255 255 5 3 255 255 8 9 6 255 1 7 4 255 255 255 255 10 255 255
255 0 255 255 255 255 3 255 255 255 1 5 4 7 255 10 6 9 8 255 255 2 255 255 255
255 255 255 255 255 255 8 3 6 0 1 7 4 255 255 255 9 5 255 255 255 10 2 255 255
255 255 255 0 255 255 255 255 3 255 255 7 8 6 255 1 4 9 5 10 255 255 255 2 255
255 255 2 255 255 10 6 9 8 255 0 3 5 4 255 255 255 255 7 255 255 255 255 1 255
255 255 1 255 255 255 6 7 8 255 255 255 4 9 255 255 3 5 255 2 255 0 255 10 255
255 2 10 1 255 255 6 9 8 255 255 5 255 4 255 255 3 255 7 255 255 0 255 255 255
255 255 0 1 255 255 6 3 255 255 2 7 5 4 255 255 8 9 255 255 255 255 10 255 255
255 255 255 0 255 2 5 255 3 255 1 4 255 6 255 255 7 9 8 10 255 255 255 255 255
255 255 255 255 255 0 255 3 6 255 255 7 9 8 255 1 4 5 255 2 255 255 10 255 255
255 1 255 255 255 255 7 8 6 255 255 4 5 3 255 10 255 9 255 255 255 255 2 0 255
255 255 2 255 255 255 8 255 9 10 255 6 5 3 255 255 7 4 255 255 255 255 1 0 255
255 255 255 255 255 255 255 4 7 1 0 3 5 255 255 10 6 9 8 255 255 255 2 255 255
255 0 255 255 255 255 3 6 255 255 10 9 8 7 255 2 5 255 4 255 255 255 255 1 255
255 255 255 2 255 255 255 8 7 255 255 3 6 5 255 255 255 9 4 255 255 0 10 1 255
255 10 255 255 255 255 8 255 7 255 2 9 5 4 255 255 6 3 255 255 255 255 0 1 255
255 255 255 255 255 255 8 4 7 1 2 9 5 255 255 0 6 3 255 255 255 10 255 255 255
255 255 255 2 255 0 3 6 5 255 255 255 9 4 1 255 255 8 7 255 255 255 10 255 255
255 255 255 255 255 0 3 5 6 2 255 255 255 9 255 255 7 4 8 255 255 255 1 10 255
255 255 2 1 255 10 9 5 4 255 255 8 6 7 255 255 255 3 255 0 255 255 255 255 255
255 2 1 255 255 255 255 7 8 255 255 5 4 9 10 0 3 255 6 255 255 255 255 255 255
255 255 1 255 255 255 6 3 255 0 255 7 4 255 255 255 8 5 9 255 255 255 2 10 255
255 255 1 255 255 2 5 4 255 255 255 6 7 8 255 255 3 255 9 10 255 0 255 255 255
255 255 255 255 255 255 255 7 8 255 255 3 5 6 2 1 255 4 9 10 255 0 255 255 255
255 255 255 0 255 255 6 255 3 255 255 7 4 5 1 255 8 9 255 10 255 255 255 2 255
255 0 255 255 255 255 3 255 255 255 255 6 7 8 255 2 5 4 9 10 255 255 1 255 255
255 2 255 10 255 1 4 255 7 255 255 5 3 9 255 255 255 6 8 255 255 255 0 255 255
255 255 255 255 255 255 8 6 7 255 10 9 255 255 255 255 5 3 4 1 255 2 0 255 255
255 10 255 1 255 255 8 255 7 255 255 9 5 4 2 255 6 3 255 255 255 255 0 255 255
255 1 255 255 255 2 5 3 255 0 255 4 255 7 255 10 9 6 8 255 255 255 255 255 255
255 2 255 0 255 255 5 6 3 255 255 255 8 9 10 255 4 7 255 255 255 1 255 255 255
255 2 255 255 255 255 5 255 3 0 1 4 7 255 255 10 9 8 6 255 255 255 255 255 255
255 255 255 255 255 255 6 3 255 0 255 8 4 7 255 255 9 5 255 2 255 10 1 255 255
255 255 255 1 255 2 5 9 4 10 255 3 6 255 255 255 255 8 7 255 255 0 255 255 255
255 255 0 1 255 255 8 3 6 255 255 7 5 4 2 10 9 255 255 255 255 255 255 255 255
255 0 2 1 255 10 6 9 8 255 255 3 5 4 255 255 255 255 7 255 255 255 255 255 255
255 255 1 255 255 2 6 5 3 0 255 255 4 255 255 255 8 7 9 255 255 255 255 10 255
255 255 255 10 255 1 255 4 9 255 2 3 5 6 255 255 255 7 8 255 255 0 255 255 255
255 10 255 255 255 255 8 6 7 255 255 9 3 255 0 255 255 5 4 2 255 255 255 1 255
255 255 255 255 255 255 6 8 7 255 255 5 255 4 255 0 3 9 255 255 255 2 10 1 255
255 255 255 10 255 255 8 255 9 255 255 7 4 255 1 2 6 5 3 0 255 255 255 255 255
255 10 2 255 255 255 9 5 3 0 255 255 4 255 1 255 8 7 6 255 255 255 255 255 255
255 0 255 255 255 255 3 255 5 2 255 255 7 4 1 255 6 8 9 10 255 255 255 255 255
255 1 0 255 255 255 4 5 255 2 255 255 3 9 10 255 7 6 8 255 255 255 255 255 255
255 255 1 255 255 255 255 7 8 255 2 5 4 9 255 255 3 255 6 255 255 0 255 10 255
255 255 255 255 255 0 255 3 6 255 255 7 4 8 255 2 255 5 9 255 255 255 1 10 255
255 255 255 255 255 10 9 8 7 255 2 5 3 4 1 255 255 6 255 255 255 255 0 255 255
255 10 255 1 255 255 9 5 4 2 255 6 3 255 0 255 8 255 7 255 255 255 255 255 255
255 255 10 255 255 255 8 9 255 255 255 6 3 255 0 2 7 5 4 255 255 255 255 1 255
255 255 255 1 255 255 7 8 4 255 0 3 6 5 2 255 255 9 255 10 255 255 255 255 255
255 255 255 10 255 0 6 3 8 255 255 255 5 9 255 1 255 4 7 255 255 255 2 255 255
255 10 255 255 255 255 6 3 255 0 255 9 5 255 255 1 8 4 7 255 255 255 2 255 255
255 1 255 2 255 255 4 9 5 10 255 255 6 3 0 255 7 8 255 255 255 255 255 255 255
255 255 255 2 255 0 3 255 5 255 255 8 9 7 255 255 6 255 4 1 255 255 10 255 255
255 255 255 255 255 255 255 4 7 1 255 255 3 6 0 2 9 5 8 255 255 10 255 255 255
255 1 0 255 255 255 8 6 9 10 255 4 3 5 2 255 7 255 255 255 255 255 255 255 255
255 255 0 255 255 255 255 3 6 255 255 255 5 9 10 255 7 4 8 1 255 255 2 255 255
255 255 2 1 255 255 255 255 7 255 0 3 5 4 255 10 6 9 8 255 255 255 255 255 255
255 255 255 2 255 0 3 9 5 10 255 6 8 255 255 255 255 7 4 255 255 255 255 1 255
255 255 10 255 255 1 255 4 7 255 255 255 9 8 255 255 3 5 6 255 255 0 2 255 255
255 10 255 255 255 255 8 7 6 255 255 9 255 255 255 2 5 4 3 1 255 255 255 0 255
255 255 255 255 255 2 5 3 6 0 255 255 9 8 255 255 4 255 7 255 255 1 10 255 255
255 1 255 255 255 255 4 255 7 255 10 9 6 8 255 255 5 3 255 0 255 2 255 255 255
255 255 2 255 255 255 7 6 8 255 1 4 5 9 255 255 255 3 255 0 255 255 255 10 255
255 255 1 255 255 255 255 4 7 255 10 9 5 8 255 255 255 3 6 0 255 255 2 255 255
255 255 255 255 255 2 7 5 4 1 255 6 3 255 255 255 8 9 255 10 255 255 0 255 255
255 0 255 10 255 255 255 8 9 255 255 3 6 5 2 255 255 7 4 1 255 255 255 255 255
255 255 255 255 255 10 9 255 8 255 2 5 4 7 255 0 3 255 6 255 255 255 1 255 255
255 255 2 255 255 0 3 5 6 255 255 9 7 8 255 1 255 4 255 255 255 10 255 255 255
255 255 10 255 255 255 255 9 255 255 2 4 5 3 0 255 7 8 6 255 255 1 255 255 255
255 255 255 0 255 255 255 7 255 255 255 5 4 3 1 10 9 8 6 255 255 2 255 255 255
255 255 255 255 255 255 7 3 255 0 255 8 6 9 255 2 4 5 255 255 255 1 255 10 255
255 2 255 255 255 0 3 255 255 255 255 5 7 4 1 255 6 8 9 255 255 255 255 10 255
255 0 255 2 255 255 6 8 7 255 255 3 9 5 10 255 255 255 4 1 255 255 255 255 255
255 255 255 255 255 255 255 6 8 255 1 4 5 7 255 0 255 3 9 10 255 255 2 255 255
255 255 255 255 255 255 8 255 7 255 255 6 3 5 0 10 9 255 4 1 255 255 255 2 255
255 0 255 255 255 255 3 255 7 255 255 6 9 8 10 255 5 255 4 1 255 2 255 255 255
255 255 255 1 255 0 3 9 255 10 2 5 255 4 255 255 6 8 7 255 255 255 255 255 255
255 255 255 255 255 255 6 8 9 10 0 3 7 255 255 255 5 4 255 1 255 2 255 255 255
255 0 10 1 255 255 6 9 8 255 255 3 5 4 2 255 255 255 7 255 255 255 255 255 255
255 2 255 255 255 1 4 255 7 255 255 5 3 6 255 255 255 9 8 10 255 255 0 255 255
255 255 255 255 255 255 7 6 8 255 255 4 3 5 2 255 255 255 9 255 255 1 0 10 255
255 255 255 2 255 255 7 255 4 1 255 8 9 5 255 255 6 255 3 255 255 255 10 0 255
255 2 255 255 255 255 5 4 7 1 0 3 6 8 255 255 255 255 9 255 255 255 255 10 255
255 255 255 2 255 255 6 255 3 0 255 8 9 5 10 255 7 255 4 255 255 255 255 1 255
255 0 255 255 255 255 6 9 8 10 255 3 255 255 255 255 5 4 7 1 255 2 255 255 255
255 0 255 10 255 255 6 8 9 255 255 3 255 5 2 255 255 7 4 255 255 255 255 1 255
255 1 255 2 255 255 4 9 5 10 255 255 6 3 255 255 7 8 255 255 255 255 255 0 255
255 255 0 1 255 10 9 8 7 255 255 5 3 4 255 255 255 6 255 255 255 2 255 255 255
255 1 255 10 255 255 255 255 9 255 255 4 5 7 2 255 6 3 8 255 255 255 0 255 255
255 255 255 2 255 0 6 3 5 255 10 9 255 255 255 255 8 7 4 255 255 255 255 1 255
255 255 255 255 255 10 255 9 255 255 255 7 8 6 255 2 4 5 3 255 255 1 255 0 255
255 255 255 2 255 255 255 255 4 1 0 3 6 5 255 10 9 8 7 255 255 255 255 255 255
255 2 10 255 255 255 7 9 8 255 255 5 3 6 255 1 4 255 255 255 255 255 0 255 255
255 255 255 255 255 255 8 255 7 255 255 6 3 5 2 10 9 255 4 255 255 255 0 1 255
255 255 255 255 255 255 8 6 7 255 255 9 3 255 255 255 255 5 4 2 255 10 0 1 255
255 255 255 10 255 255 7 255 4 1 255 8 255 9 255 0 6 3 5 255 255 255 255 2 255
255 255 255 2 255 1 7 4 5 255 10 8 9 255 255 255 6 255 3 0 255 255 255 255 255
255 1 255 255 255 255 8 9 6 10 255 4 5 3 255 255 7 255 255 255 255 255 2 0 255
255 255 0 255 255 1 4 5 7 2 255 255 3 9 255 255 255 6 8 255 255 255 255 10 255
255 2 0 1 255 255 5 3 4 255 10 9 8 7 255 255 255 6 255 255 255 255 255 255 255
255 1 255 255 255 255 7 255 255 255 255 4 5 3 0 255 8 9 6 10 255 255 2 255 255
255 10 255 255 255 2 9 5 8 255 0 255 3 6 255 255 255 4 7 255 255 255 1 255 255
255 255 255 255 255 0 3 6 8 255 255 5 4 7 1 255 255 255 9 10 255 2 255 255 255
255 255 255 1 255 255 7 255 4 255 255 6 3 5 2 255 8 255 9 10 255 255 0 255 255
255 255 10 255 255 255 8 9 255 255 255 6 5 3 255 255 7 4 255 1 255 255 2 0 255
255 255 255 2 255 255 6 255 3 0 255 9 4 5 255 255 8 7 255 255 255 10 1 255 255
255 1 255 2 255 255 4 7 5 255 255 255 6 3 255 255 255 8 9 10 255 255 255 0 255
255 255 255 255 255 2 5 7 4 1 0 3 6 255 255 255 255 8 9 10 255 255 255 255 255
255 255 2 255 255 255 7 9 8 10 1 4 5 255 255 255 255 3 6 255 255 255 0 255 255
255 255 255 255 255 1 255 4 7 255 255 6 255 8 255 255 3 5 9 255 255 0 2 10 255
255 1 255 2 255 0 4 3 5 255 255 7 6 8 255 255 255 255 9 255 255 255 255 10 255
255 255 255 0 255 1 7 4 5 2 255 6 255 3 255 10 8 9 255 255 255 255 255 255 255
255 255 255 255 255 1 255 4 5 2 255 8 7 6 255 10 9 255 3 0 255 255 255 255 255
255 255 1 255 255 0 3 4 5 2 255 6 7 8 255 255 255 255 9 255 255 255 255 10 255
255 2 255 255 255 10 255 9 255 255 255 5 6 3 0 255 4 8 7 255 255 1 255 255 255
255 255 1 10 255 255 255 4 5 2 255 8 7 9 255 255 6 255 3 0 255 255 255 255 255
255 2 0 255 255 255 255 255 9 10 255 5 3 6 255 255 4 7 8 255 255 1 255 255 255
255 255 255 255 255 255 255 255 3 0 255 8 7 6 255 255 9 4 5 1 255 10 255 2 255
255 255 0 255 255 255 6 3 5 2 255 8 9 255 255 255 7 255 4 1 255 255 10 255 255
255 255 255 255 255 0 3 255 9 10 2 5 4 255 255 255 6 7 8 255 255 255 1 255 255
255 255 255 10 255 255 7 6 8 255 2 4 5 9 255 255 255 3 255 0 255 1 255 255 255
255 255 255 255 255 255 255 7 4 1 0 3 6 5 2 255 9 8 255 255 255 10 255 255 255
255 255 0 255 255 255 255 3 5 2 255 8 6 9 10 255 7 255 4 255 255 255 255 1 255
255 2 255 0 255 255 7 8 6 255 255 5 255 3 255 1 4 9 255 10 255 255 255 255 255
255 255 255 255 255 255 6 7 8 255 255 5 4 9 10 0 3 255 255 255 255 2 1 255 255
255 10 0 255 255 255 9 255 255 255 255 6 3 5 2 255 8 7 4 255 255 255 255 1 255
255 255 255 255 255 10 8 9 6 255 2 255 5 3 255 255 7 4 255 255 255 255 1 0 255
255 255 255 0 255 255 7 9 8 10 1 4 5 3 2 255 255 255 6 255 255 255 255 255 255
255 0 255 255 255 255 3 8 6 255 1 4 7 255 255 255 5 9 255 10 255 2 255 255 255
255 255 255 255 255 255 255 8 7 255 255 255 9 4 1 255 3 6 5 2 255 0 10 255 255
255 255 255 255 255 255 7 9 8 10 255 255 255 6 255 1 4 5 3 255 255 255 2 0 255
255 255 1 255 255 255 255 4 255 255 255 6 5 3 255 255 8 7 9 10 255 255 2 0 255
255 1 10 255 255 255 4 8 7 255 255 255 9 255 255 2 5 6 3 0 255 255 255 255 255
255 255 1 255 255 255 6 255 8 255 2 5 4 7 255 0 3 255 9 255 255 255 255 10 255
255 255 255 255 255 255 255 7 3 0 10 9 8 6 255 1 255 4 5 2 255 255 255 255 255
255 10 255 0 255 255 8 255 6 255 255 9 255 3 255 255 7 4 5 255 255 255 1 2 255
255 255 255 2 255 255 8 7 255 255 10 9 4 5 1 255 6 255 3 255 255 255 255 0 255
255 1 10 255 255 255 255 9 3 0 255 4 255 5 2 255 7 8 6 255 255 255 255 255 255
255 255 255 255 255 255 8 7 6 255 10 9 255 3 255 1 255 4 5 2 255 255 255 0 255
255 255 1 2 255 255 7 4 5 255 255 8 9 255 255 255 6 255 3 0 255 255 10 255 255
255 255 255 2 255 255 6 3 5 0 255 7 255 4 1 255 8 9 255 255 255 255 10 255 255
255 255 255 255 255 10 9 255 255 255 1 5 4 3 255 255 8 7 6 255 255 2 255 0 255
255 0 1 2 255 255 6 8 9 10 255 3 4 5 255 255 255 7 255 255 255 255 255 255 255
255 255 2 10 255 255 255 3 255 0 255 4 5 9 255 255 7 6 8 255 255 1 255 255 255
255 255 255 255 255 0 3 6 8 255 255 255 255 9 255 255 5 4 7 255 255 2 1 10 255
255 255 0 255 255 255 7 4 8 1 255 255 3 6 255 255 255 5 9 10 255 255 2 255 255
255 10 255 255 255 255 255 6 4 1 255 9 8 7 255 255 255 3 5 2 255 255 0 255 255
255 2 0 255 255 255 5 3 6 255 1 4 255 7 255 255 255 9 8 10 255 255 255 255 255
255 255 255 255 255 255 7 255 8 255 1 4 255 9 10 2 5 3 6 0 255 255 255 255 255
255 10 0 255 255 255 8 3 6 255 2 9 5 255 255 1 7 4 255 255 255 255 255 255 255
255 255 255 255 255 255 255 3 7 0 255 255 5 4 255 10 9 6 8 255 255 255 2 1 255
255 255 1 255 255 255 6 7 8 255 255 255 4 9 10 0 3 5 255 2 255 255 255 255 255
255 255 255 255 255 255 255 255 9 10 0 3 4 5 2 255 6 7 8 255 255 255 1 255 255
255 0 10 1 255 255 3 5 4 2 255 255 9 255 255 255 6 8 7 255 255 255 255 255 255
255 255 255 255 255 255 6 8 7 255 0 3 255 5 2 10 255 9 4 1 255 255 255 255 255
255 10 255 255 255 255 8 4 7 1 255 9 5 255 2 255 6 3 255 0 255 255 255 255 255
255 255 1 255 255 255 6 7 8 255 255 255 4 9 10 0 3 5 255 2 255 255 255 255 255
255 1 255 255 255 255 4 5 7 2 255 255 9 8 10 255 255 3 6 0 255 255 255 255 255
255 255 255 255 255 10 8 9 7 255 255 255 255 4 255 0 6 3 5 2 255 255 255 1 255
255 0 255 1 255 255 3 6 255 255 2 5 255 4 255 10 9 8 7 255 255 255 255 255 255
255 2 10 255 255 255 5 9 255 255 1 4 7 255 255 255 3 8 6 255 255 0 255 255 255
255 10 255 255 255 255 6 3 255 0 2 9 5 255 255 255 8 4 7 1 255 255 255 255 255
255 2 255 255 255 10 9 255 255 255 255 5 3 4 255 255 8 6 7 255 255 255 0 1 255
255 255 2 255 255 10 9 5 255 255 0 6 3 255 255 255 8 4 7 255 255 255 1 255 255
255 10 0 255 255 255 8 6 255 255 255 9 3 255 255 2 7 5 4 1 255 255 255 255 255
255 255 0 255 255 255 255 3 255 255 255 7 6 8 255 1 4 5 9 2 255 255 255 10 255
255 255 255 2 255 255 7 255 4 1 255 6 3 5 0 255 8 255 9 255 255 255 255 10 255
255 10 255 1 255 255 8 7 4 255 255 9 255 5 2 255 6 255 3 255 255 255 255 0 255
255 255 255 255 255 255 255 6 3 0 1 4 7 5 2 255 255 8 9 10 255 255 255 255 255
255 255 0 255 255 255 7 6 8 255 2 5 3 255 255 1 4 255 9 10 255 255 255 255 255
255 255 2 10 255 255 8 6 9 255 255 7 5 4 255 255 255 3 255 255 255 255 0 1 255
255 10 255 255 255 255 8 4 7 1 2 9 5 255 255 255 6 3 255 0 255 255 255 255 255
255 255 255 10 255 1 4 5 9 2 255 7 255 8 255 0 255 3 6 255 255 255 255 255 255
255 255 255 255 255 255 255 3 6 0 2 255 5 9 255 255 7 4 8 1 255 255 255 10 255
255 2 10 255 255 255 255 9 255 255 255 5 7 4 255 0 3 8 6 255 255 255 255 1 255
255 2 255 255 255 255 5 255 3 0 255 7 8 6 255 1 4 9 255 255 255 255 10 255 255
255 255 2 10 255 255 255 3 255 0 1 4 5 9 255 255 7 6 8 255 255 255 255 255 255
255 10 255 1 255 255 8 255 7 255 255 9 255 4 255 255 6 3 5 255 255 255 0 2 255
255 255 1 0 255 255 7 4 255 255 255 6 5 3 2 255 8 9 255 10 255 255 255 255 255
255 255 255 1 255 255 8 9 7 10 255 6 255 4 255 255 3 255 5 2 255 0 255 255 255
255 255 255 255 255 255 255 255 7 255 255 3 5 4 255 255 6 9 8 10 255 0 2 1 255
255 255 255 1 255 255 8 9 255 10 255 7 255 4 255 0 6 3 5 255 255 255 255 2 255
255 2 255 10 255 255 5 255 9 255 1 4 255 7 255 255 3 6 8 255 255 0 255 255 255
255 255 255 255 255 10 9 255 8 255 255 5 3 6 255 1 4 255 7 255 255 2 0 255 255
255 0 1 255 255 255 3 255 9 10 2 5 4 255 255 255 6 7 8 255 255 255 255 255 255
255 255 255 255 255 0 255 3 6 255 2 4 5 255 255 10 7 9 8 255 255 1 255 255 255
255 255 255 255 255 255 7 4 255 1 2 9 5 3 0 255 8 255 6 255 255 10 255 255 255
255 0 255 255 255 255 255 255 9 10 255 3 6 8 255 2 5 4 7 1 255 255 255 255 255
255 255 2 255 255 255 7 5 4 1 255 9 255 255 255 0 8 3 6 255 255 10 255 255 255
255 1 255 2 255 255 4 7 5 255 255 255 6 3 0 10 9 8 255 255 255 255 255 255 255
255 255 10 255 255 255 6 9 8 255 1 255 4 7 255 0 3 5 255 2 255 255 255 255 255
255 255 255 255 255 2 5 255 9 10 255 4 7 8 255 0 3 255 6 255 255 1 255 255 255
255 255 255 255 255 255 6 255 3 0 255 8 255 9 255 255 7 4 5 2 255 255 1 10 255
255 255 1 10 255 255 6 7 8 255 255 255 4 9 255 2 3 5 255 255 255 0 255 255 255
255 10 255 0 255 255 8 7 6 255 255 9 255 3 255 255 255 4 5 2 255 255 1 255 255
255 255 1 255 255 255 7 4 5 2 255 9 255 3 255 255 8 255 6 255 255 10 255 0 255
255 255 255 255 255 1 4 7 255 255 2 5 9 3 10 255 255 8 6 255 255 255 255 0 255
255 255 10 255 255 255 8 9 7 255 0 3 255 5 255 255 6 255 4 1 255 255 255 2 255
255 255 255 10 255 255 7 4 8 1 255 255 255 9 255 0 3 5 6 255 255 255 2 255 255
255 2 255 255 255 255 5 4 7 1 10 6 9 8 255 255 3 255 255 255 255 0 255 255 255
255 0 255 10 255 255 3 255 9 255 255 6 255 8 255 2 5 4 7 255 255 255 1 255 255
255 1 255 255 255 255 8 9 6 10 2 4 5 3 255 255 7 255 255 255 255 255 255 0 255
255 1 255 255 255 255 4 255 255 255 2 5 3 6 0 255 7 9 8 255 255 255 10 255 255
255 1 255 255 255 10 8 9 6 255 255 4 5 3 255 255 7 255 255 255 255 255 2 0 255
255 0 255 255 255 2 3 5 6 255 255 255 4 255 255 255 9 7 8 255 255 10 1 255 255
255 0 255 255 255 255 3 5 255 2 255 6 4 255 1 255 8 7 9 255 255 255 255 10 255
255 255 0 2 255 10 9 3 5 255 255 8 6 7 255 255 255 255 4 1 255 255 255 255 255
255 255 255 255 255 255 7 8 6 255 1 4 255 255 255 10 5 9 3 255 255 2 255 0 255
255 1 255 2 255 255 4 7 5 255 255 255 255 3 255 10 9 8 6 255 255 255 255 0 255
255 255 255 255 255 0 6 3 255 255 2 7 5 4 1 255 8 255 9 255 255 255 255 10 255
255 255 2 1 255 255 7 5 4 255 255 8 6 9 255 255 255 3 255 0 255 255 255 10 255
255 255 255 1 255 10 9 255 4 255 0 255 3 5 255 255 8 6 7 255 255 255 255 2 255
255 255 255 255 255 255 8 7 255 255 255 9 4 255 1 255 6 5 3 0 255 10 2 255 255
255 255 255 10 255 255 7 8 9 255 255 255 6 255 255 0 4 3 5 255 255 1 255 2 255
255 255 1 255 255 0 3 4 5 2 255 255 7 255 255 255 6 8 9 255 255 255 255 10 255
255 255 255 1 255 0 3 6 255 255 2 5 7 4 255 10 9 8 255 255 255 255 255 255 255
255 255 255 255 255 255 8 7 255 255 2 6 5 3 255 255 9 4 255 1 255 10 255 0 255
255 255 255 255 255 10 9 4 255 1 255 6 5 3 255 255 8 7 255 255 255 255 2 0 255
255 255 255 255 255 10 9 255 4 1 0 6 3 5 2 255 8 255 7 255 255 255 255 255 255
255 255 255 255 255 1 255 4 7 255 10 9 5 8 2 255 255 3 6 0 255 255 255 255 255
255 255 2 255 255 255 6 5 3 0 255 8 7 9 10 255 255 4 255 1 255 255 255 255 255
255 1 255 255 255 255 255 255 6 255 2 4 5 3 255 255 7 9 8 10 255 255 255 0 255
255 0 10 255 255 255 3 255 255 255 255 6 9 8 255 2 5 4 7 1 255 255 255 255 255
255 2 255 1 255 10 5 9 4 255 255 3 6 255 255 255 255 8 7 255 255 0 255 255 255
255 1 255 255 255 255 4 255 255 255 255 7 8 9 10 255 5 6 3 255 255 2 255 0 255
255 1 2 255 255 255 4 5 3 0 255 8 9 6 255 255 7 255 255 255 255 255 10 255 255
255 255 255 255 255 255 6 8 9 10 0 3 255 255 255 2 5 7 4 1 255 255 255 255 255
255 255 255 255 255 255 255 255 3 0 1 4 7 5 255 10 9 8 6 255 255 255 255 2 255
255 255 255 0 255 1 4 255 5 2 10 255 9 3 255 255 7 8 6 255 255 255 255 255 255
255 1 255 2 255 255 255 6 255 255 255 4 3 5 255 255 7 8 9 10 255 255 0 255 255
255 2 255 255 255 0 5 3 6 255 255 4 255 7 255 10 9 255 8 255 255 1 255 255 255
255 255 2 255 255 255 7 4 255 1 10 9 5 3 0 255 8 255 6 255 255 255 255 255 255
255 255 0 255 255 255 8 6 7 255 255 9 3 5 2 255 255 255 4 1 255 10 255 255 255
255 255 255 0 255 255 8 255 6 255 10 9 5 3 2 255 7 4 255 255 255 255 1 255 255
255 1 255 2 255 0 4 3 5 255 255 7 255 255 255 255 8 6 9 10 255 255 255 255 255
255 255 255 255 255 10 9 7 8 255 255 5 4 3 255 255 255 255 6 255 255 2 1 0 255
255 255 255 255 255 255 8 255 6 255 255 9 255 3 0 1 7 4 5 255 255 10 255 2 255
255 255 255 0 255 2 255 5 3 255 255 8 7 6 255 255 9 4 255 255 255 10 1 255 255
255 255 2 10 255 0 6 3 8 255 255 255 5 9 255 255 255 4 7 255 255 255 1 255 255
255 2 255 10 255 255 255 8 9 255 255 5 6 3 0 255 4 7 255 255 255 1 255 255 255
255 0 255 10 255 255 3 5 9 2 255 255 4 255 1 255 6 7 8 255 255 255 255 255 255
255 0 255 255 255 255 255 8 7 255 255 3 6 255 255 2 5 9 4 10 255 255 255 1 255
255 0 255 1 255 255 3 5 4 2 255 255 9 255 10 255 6 8 7 255 255 255 255 255 255
255 255 255 255 255 255 8 6 7 255 255 9 5 4 2 255 255 3 255 0 255 10 255 1 255
255 255 255 255 255 1 4 7 255 255 2 5 8 9 10 0 3 6 255 255 255 255 255 255 255
255 255 255 1 255 10 255 9 255 255 255 7 8 4 255 255 3 6 5 255 255 0 255 2 255
255 0 255 10 255 255 6 255 8 255 255 3 5 9 255 1 255 4 7 255 255 255 2 255 255
255 2 255 0 255 255 5 6 3 255 255 255 8 9 255 1 4 7 255 255 255 255 255 10 255
255 255 0 255 255 255 7 4 255 1 255 6 3 255 255 255 8 5 9 2 255 255 255 10 255
255 255 255 255 255 255 7 4 255 1 0 8 3 6 255 2 9 5 255 255 255 10 255 255 255
255 255 255 255 255 255 255 9 255 10 255 3 8 6 255 2 5 7 4 255 255 0 255 1 255
255 10 2 255 255 255 9 5 8 255 255 255 3 6 0 1 255 4 7 255 255 255 255 255 255
255 10 255 255 255 255 9 255 255 255 255 8 4 7 1 2 6 5 3 0 255 255 255 255 255
255 255 255 255 255 0 6 3 8 255 255 255 255 9 255 2 4 5 7 255 255 1 255 10 255
255 255 255 0 255 2 5 6 3 255 255 255 8 9 255 255 4 7 255 255 255 1 255 10 255
255 2 255 0 255 10 9 255 255 255 1 5 4 3 255 255 8 7 6 255 255 255 255 255 255
255 255 1 255 255 0 3 4 5 2 255 6 7 8 255 255 255 255 9 10 255 255 255 255 255
255 10 255 1 255 255 9 255 4 255 255 8 6 7 255 255 255 3 5 0 255 255 255 2 255
255 1 255 0 255 2 4 5 3 255 255 7 9 8 10 255 255 255 6 255 255 255 255 255 255
255 1 255 10 255 255 4 255 9 255 0 5 3 255 255 255 7 6 8 255 255 2 255 255 255
255 1 255 255 255 255 4 8 7 255 255 255 9 255 255 2 5 6 3 0 255 255 10 255 255
255 255 255 1 255 255 7 255 4 255 10 9 3 5 255 255 8 6 255 255 255 255 0 2 255
255 1 255 2 255 255 4 3 5 0 255 255 6 255 255 255 7 8 9 10 255 255 255 255 255
255 255 255 255 255 255 255 7 255 255 10 9 8 6 255 2 5 4 3 255 255 255 1 0 255
255 255 0 255 255 255 255 3 6 255 255 255 5 9 10 255 7 4 8 1 255 255 2 255 255
255 0 255 255 255 10 3 9 5 2 255 6 8 7 255 255 255 255 4 255 255 255 255 1 255
255 255 10 255 255 255 255 9 255 255 0 3 6 5 255 255 7 8 4 1 255 255 255 2 255
255 255 255 1 255 2 255 5 4 255 10 8 9 7 255 0 6 3 255 255 255 255 255 255 255
255 10 255 1 255 255 7 5 4 2 255 9 3 255 255 255 8 6 255 255 255 255 0 255 255
255 2 1 255 255 0 3 255 255 255 255 5 4 7 255 255 6 9 8 10 255 255 255 255 255
255 1 255 255 255 255 4 255 255 255 255 5 3 9 0 255 7 6 8 255 255 2 255 10 255
255 255 255 255 255 255 6 3 8 0 255 255 255 9 10 255 4 5 7 2 255 1 255 255 255
255 0 255 255 255 2 3 5 4 1 10 8 9 7 255 255 6 255 255 255 255 255 255 255 255
255 255 0 255 255 255 6 3 8 255 1 4 5 7 2 255 255 255 9 10 255 255 255 255 255
255 255 255 10 255 255 8 7 9 255 255 6 255 255 255 255 3 4 5 255 255 0 1 2 255
255 255 10 255 255 255 8 9 255 255 255 6 255 3 255 1 7 4 5 2 255 255 255 0 255
255 2 1 255 255 255 5 4 7 255 255 255 255 9 255 255 3 6 8 255 255 0 255 10 255
255 2 1 255 255 0 3 6 8 255 255 5 4 7 255 255 255 255 9 10 255 255 255 255 255
255 255 255 10 255 255 255 255 9 255 2 4 5 7 255 255 6 3 8 255 255 1 0 255 255
255 255 255 255 255 255 8 9 255 10 255 7 255 4 1 0 6 3 5 2 255 255 255 255 255
255 255 255 1 255 255 8 6 255 255 255 7 5 4 255 0 9 3 255 255 255 10 2 255 255
255 2 0 255 255 255 5 3 6 255 255 7 255 8 255 1 4 255 9 10 255 255 255 255 255
255 255 255 255 255 10 9 7 8 255 2 3 5 6 255 255 255 4 255 255 255 0 1 255 255
255 10 255 2 255 255 9 255 4 1 255 6 3 5 0 255 8 255 7 255 255 255 255 255 255
255 255 255 0 255 255 8 9 6 10 255 4 5 3 2 255 7 255 255 255 255 1 255 255 255
255 255 255 10 255 255 7 4 8 1 2 255 5 9 255 255 255 3 6 255 255 255 0 255 255
255 0 255 1 255 255 255 7 4 255 255 3 255 5 255 255 6 8 9 10 255 255 255 2 255
255 255 255 255 255 10 9 8 6 255 1 4 7 255 255 2 5 255 3 0 255 255 255 255 255
255 255 255 0 255 255 255 8 9 10 255 255 6 3 255 1 4 7 5 2 255 255 255 255 255
255 255 255 255 255 255 255 6 255 255 1 4 3 5 2 255 7 8 9 255 255 255 0 10 255
255 1 255 255 255 2 4 5 7 255 255 6 3 8 0 255 255 255 9 255 255 255 255 10 255
255 10 2 255 255 255 9 7 8 255 255 3 5 6 255 255 255 4 255 255 255 0 1 255 255
255 1 2 0 255 255 7 255 255 255 255 4 5 3 255 10 8 9 6 255 255 255 255 255 255
255 255 2 255 255 255 255 255 6 255 1 4 5 3 0 10 7 9 8 255 255 255 255 255 255
255 2 255 10 255 0 3 255 9 255 255 5 4 255 1 255 6 7 8 255 255 255 255 255 255
255 255 255 255 255 255 7 255 8 255 1 4 255 9 255 255 5 3 6 255 255 2 0 10 255
255 255 255 255 255 255 6 8 3 0 1 4 7 5 255 255 255 9 255 10 255 255 255 2 255
255 2 255 1 255 10 255 9 255 255 255 5 7 4 255 255 3 8 6 255 255 0 255 255 255
255 255 255 10 255 255 7 4 8 1 255 255 255 9 255 2 3 5 6 255 255 0 255 255 255
255 255 10 255 255 255 6 8 255 255 0 3 9 255 255 2 5 7 4 255 255 255 255 1 255
255 255 255 255 255 255 255 7 4 1 0 3 6 5 255 255 255 8 9 10 255 255 255 2 255
255 255 255 255 255 255 8 7 6 255 1 9 4 5 255 255 255 255 3 0 255 10 255 2 255
255 255 1 255 255 255 7 4 255 255 255 6 3 255 0 255 8 5 9 255 255 255 2 10 255
255 255 255 255 255 255 6 7 8 255 0 3 255 9 255 255 5 4 255 255 255 2 1 10 255
255 255 255 255 255 1 255 4 7 255 0 6 3 8 255 255 255 5 9 255 255 255 2 10 255
255 255 255 10 255 255 8 6 9 255 255 255 3 255 0 255 7 5 4 255 255 255 2 1 255
255 255 2 255 255 255 8 6 7 255 255 255 5 4 255 255 9 3 255 0 255 10 255 1 255
255 255 255 255 255 255 7 8 4 1 0 3 6 5 2 10 255 9 255 255 255 255 255 255 255
255 0 255 1 255 10 255 9 255 255 255 3 5 4 255 255 6 8 7 255 255 255 2 255 255
255 255 255 255 255 255 6 255 8 255 255 3 255 9 255 2 5 4 7 1 255 0 255 10 255
255 0 255 255 255 2 5 7 4 1 255 3 255 255 255 255 6 8 9 10 255 255 255 255 255
255 1 255 255 255 2 5 3 255 0 255 4 255 7 255 255 9 6 8 255 255 10 255 255 255
255 255 255 255 255 0 3 5 6 2 255 255 4 7 255 10 9 255 8 255 255 255 1 255 255
255 0 255 1 255 255 255 7 4 255 255 3 9 5 2 255 6 8 255 255 255 255 10 255 255
255 1 255 255 255 255 4 5 255 2 255 8 6 9 10 255 7 3 255 0 255 255 255 255 255
255 255 255 1 255 255 255 6 3 0 255 255 7 4 255 10 9 8 5 255 255 255 255 2 255
255 10 1 255 255 255 8 7 6 255 255 9 4 5 2 255 255 255 3 255 255 255 255 0 255
255 255 255 255 255 255 8 7 6 255 255 255 4 5 2 10 9 255 3 0 255 255 1 255 255
255 255 1 0 255 255 255 7 3 255 255 255 4 5 255 10 9 8 6 255 255 255 255 2 255
255 255 2 0 255 255 255 5 3 255 255 255 4 6 1 10 9 7 8 255 255 255 255 255 255
255 255 255 255 255 10 9 255 3 0 255 8 255 6 255 1 7 4 5 255 255 255 255 2 255
255 255 2 255 255 10 255 9 255 255 255 4 5 3 0 255 7 8 6 255 255 1 255 255 255
255 255 2 0 255 1 4 5 3 255 255 7 255 255 255 255 8 9 6 255 255 255 10 255 255
255 255 1 255 255 0 6 3 8 255 255 255 4 7 255 255 255 5 9 10 255 255 2 255 255
255 255 255 255 255 255 7 8 6 255 2 5 255 3 255 255 4 9 255 10 255 1 255 0 255
255 255 255 255 255 255 6 255 255 255 255 8 9 7 10 255 3 5 4 255 255 0 2 1 255
255 255 1 255 255 10 6 9 8 255 2 5 4 7 255 255 3 255 255 255 255 0 255 255 255
255 255 255 255 255 10 9 255 255 255 255 5 4 3 0 255 8 7 6 255 255 2 1 255 255
255 2 255 10 255 1 5 4 9 255 255 3 255 255 255 255 6 7 8 255 255 0 255 255 255
255 255 255 255 255 255 255 6 3 0 255 255 7 4 1 255 9 8 5 2 255 10 255 255 255
255 0 255 255 255 255 3 5 6 2 10 9 7 8 255 255 255 4 255 255 255 255 1 255 255
255 1 255 255 255 10 9 255 8 255 255 4 5 7 2 255 255 3 6 255 255 255 0 255 255
255 255 1 255 255 255 6 4 255 255 255 8 7 9 255 0 3 5 255 255 255 255 2 10 255
255 255 2 255 255 255 8 255 9 10 255 6 5 3 255 255 7 4 255 255 255 255 1 0 255
255 0 255 255 255 1 3 4 5 2 255 6 7 8 255 255 255 255 9 10 255 255 255 255 255
255 255 2 0 255 1 4 5 3 255 255 255 9 255 10 255 7 8 6 255 255 255 255 255 255
255 255 0 255 255 255 255 3 7 255 2 255 5 4 1 255 9 6 8 255 255 10 255 255 255
255 255 10 255 255 255 255 9 8 255 2 5 4 7 255 0 3 255 6 255 255 255 1 255 255
255 255 255 255 255 0 6 3 255 255 2 255 5 4 255 255 8 9 7 255 255 255 10 1 255
255 255 2 1 255 255 7 5 4 255 255 6 3 255 255 255 8 255 9 255 255 255 0 10 255
255 255 255 2 255 10 8 9 255 255 1 7 4 5 255 255 6 255 3 0 255 255 255 255 255
255 255 2 10 255 255 6 3 8 0 255 255 5 9 255 1 255 4 7 255 255 255 255 255 255
255 255 255 255 255 10 9 6 8 255 1 4 255 7 255 255 5 3 255 0 255 2 255 255 255
255 0 255 255 255 255 3 255 9 10 255 6 7 8 255 255 5 4 255 1 255 2 255 255 255
255 255 10 255 255 0 3 8 6 255 255 255 9 255 255 2 5 7 4 255 255 255 255 1 255
255 255 0 255 255 1 255 4 7 255 255 255 3 6 255 2 9 5 8 255 255 10 255 255 255
255 255 255 2 255 255 255 255 4 1 255 6 3 5 0 10 8 9 7 255 255 255 255 255 255
255 255 255 255 255 255 7 8 255 255 1 4 9 255 10 255 5 6 3 0 255 2 255 255 255
255 255 255 255 255 0 6 3 255 255 2 9 5 4 1 255 8 255 7 255 255 10 255 255 255
255 255 255 255 255 255 255 9 255 10 2 3 5 4 255 255 6 8 7 255 255 0 255 1 255
255 1 255 2 255 255 4 7 5 255 255 6 8 3 0 255 255 9 255 255 255 255 10 255 255
255 2 255 1 255 255 255 255 7 255 255 5 3 4 255 10 9 6 8 255 255 255 0 255 255
255 255 255 0 255 10 9 8 6 255 255 255 7 3 255 255 255 4 5 2 255 255 1 255 255
255 255 255 255 255 1 255 4 7 255 0 3 5 6 255 10 9 255 8 255 255 255 2 255 255
255 255 1 255 255 255 255 4 255 255 255 6 7 8 255 255 3 5 9 10 255 0 2 255 255
255 255 255 2 255 255 7 255 4 1 255 6 3 5 255 255 8 9 255 10 255 255 0 255 255
255 255 255 2 255 255 6 8 3 0 10 255 9 5 255 255 255 7 4 1 255 255 255 255 255
255 255 255 255 255 0 3 255 255 255 2 5 9 4 1 255 6 8 7 255 255 255 10 255 255
255 255 1 10 255 0 3 255 255 255 2 5 4 9 255 255 6 7 8 255 255 255 255 255 255
255 255 255 2 255 255 8 6 7 255 10 9 3 5 0 255 255 255 4 255 255 255 255 1 255
255 0 255 10 255 255 255 4 9 1 2 3 5 6 255 255 255 7 8 255 255 255 255 255 255
255 10 1 2 255 255 7 4 5 255 255 9 255 3 255 255 8 255 6 255 255 255 255 0 255
255 255 255 2 255 255 8 7 6 255 255 255 4 5 1 10 9 255 3 0 255 255 255 255 255
255 255 1 0 255 255 8 6 3 255 255 7 4 5 255 10 9 255 255 255 255 255 255 2 255
255 255 0 255 255 10 9 8 7 255 2 5 3 4 255 255 255 6 255 255 255 255 255 1 255
255 255 255 255 255 2 255 5 4 1 255 8 9 7 10 255 6 3 255 0 255 255 255 255 255
255 2 255 0 255 255 5 6 3 255 255 255 8 9 10 255 4 7 255 255 255 1 255 255 255
255 10 255 1 255 255 9 3 255 0 2 7 5 4 255 255 8 6 255 255 255 255 255 255 255
255 255 0 255 255 1 4 255 7 255 2 5 3 9 10 255 255 6 8 255 255 255 255 255 255
255 0 255 2 255 255 6 8 7 255 255 3 255 5 255 10 255 9 4 255 255 255 255 1 255
255 255 255 255 255 1 4 255 255 255 255 7 8 9 10 2 5 6 3 255 255 255 255 0 255
255 255 2 255 255 0 3 5 4 1 255 6 255 255 255 255 8 9 7 255 255 255 10 255 255
255 255 2 255 255 255 7 4 255 1 255 6 5 3 255 255 8 9 255 10 255 255 255 0 255
255 1 0 255 255 2 4 5 7 255 255 255 3 9 255 255 255 6 8 255 255 255 255 10 255
255 0 255 255 255 255 3 255 6 255 2 5 4 255 1 255 9 7 8 255 255 10 255 255 255
255 255 255 2 255 10 255 9 255 255 1 4 7 5 255 255 6 8 3 0 255 255 255 255 255
255 255 255 255 255 255 8 255 6 255 255 7 4 5 1 255 9 255 3 0 255 10 255 2 255
255 255 255 255 255 255 6 8 9 10 255 255 7 255 255 0 3 4 5 1 255 255 255 2 255
255 255 255 255 255 255 7 8 6 255 255 255 9 3 10 1 4 255 5 2 255 255 255 0 255
255 255 0 2 255 10 9 3 5 255 255 8 6 7 255 255 255 255 4 1 255 255 255 255 255
255 255 0 10 255 255 255 3 5 2 255 8 6 9 255 255 7 255 4 255 255 255 255 1 255
255 2 255 255 255 255 5 7 4 1 0 3 6 255 255 255 255 8 9 10 255 255 255 255 255
255 255 255 255 255 0 8 3 6 255 255 7 4 255 1 2 9 5 255 255 255 10 255 255 255
255 255 255 255 255 255 255 4 7 1 255 6 3 8 0 255 255 5 9 10 255 255 2 255 255
255 255 10 255 255 255 8 9 7 255 255 6 255 4 1 255 3 255 5 2 255 0 255 255 255
255 255 255 255 255 255 255 6 255 255 2 5 3 4 0 255 9 8 7 255 255 10 255 1 255
255 255 255 255 255 255 7 8 4 1 0 3 6 5 2 255 255 9 255 10 255 255 255 255 255
255 255 255 255 255 255 7 6 8 255 255 255 255 9 255 1 4 3 5 2 255 255 0 10 255
255 255 255 0 255 255 8 7 6 255 255 255 255 3 255 1 9 4 5 255 255 10 255 2 255
255 0 255 255 255 255 6 7 8 255 2 3 5 255 255 255 255 4 9 1 255 255 255 10 255
255 2 255 1 255 0 5 3 4 255 255 8 6 7 255 255 9 255 255 255 255 10 255 255 255
255 255 2 10 255 0 3 5 255 255 1 255 4 9 255 255 6 7 8 255 255 255 255 255 255
255 255 255 255 255 255 255 6 3 0 1 4 9 5 2 255 7 8 255 255 255 255 10 255 255
255 255 0 255 255 255 6 3 8 255 255 255 255 9 10 255 4 5 7 2 255 1 255 255 255
255 255 255 1 255 255 7 8 4 255 255 255 9 255 255 0 3 6 5 255 255 255 10 2 255
255 1 255 255 255 2 4 5 3 0 255 7 9 8 10 255 255 255 6 255 255 255 255 255 255
255 255 1 255 255 10 6 9 8 255 2 5 4 7 255 0 3 255 255 255 255 255 255 255 255
255 255 255 0 255 255 8 255 6 255 10 9 5 3 255 1 7 4 255 255 255 255 2 255 255
255 255 255 255 255 255 8 7 9 10 255 6 255 3 0 255 255 4 5 2 255 255 1 255 255
255 10 255 255 255 255 9 255 255 255 2 5 3 4 1 255 8 6 7 255 255 255 0 255 255
255 1 10 255 255 255 7 9 8 255 255 4 255 255 255 255 5 3 6 255 255 2 0 255 255
255 1 255 255 255 255 4 8 7 255 2 5 6 3 255 10 255 9 255 255 255 255 255 0 255
255 1 255 2 255 255 4 7 5 255 255 9 8 255 255 255 255 6 3 255 255 10 255 0 255
255 10 255 255 255 255 255 4 6 1 255 9 7 8 255 255 255 5 3 255 255 255 2 0 255
255 255 1 255 255 255 7 4 255 255 255 9 5 255 255 255 8 3 6 0 255 10 2 255 255
255 1 2 10 255 255 4 5 9 255 255 255 3 255 0 255 7 6 8 255 255 255 255 255 255
255 2 255 255 255 1 5 4 7 255 255 6 255 8 255 255 3 255 9 255 255 0 255 10 255
255 255 255 255 255 10 255 9 5 2 255 255 7 4 255 255 6 8 3 0 255 255 255 1 255
255 10 255 255 255 255 8 255 6 255 2 9 5 3 255 255 7 4 255 1 255 255 255 0 255
255 255 2 0 255 1 4 5 3 255 255 255 9 255 255 255 7 8 6 255 255 255 10 255 255
255 255 255 1 255 255 8 6 255 255 255 7 5 4 2 255 9 3 255 0 255 10 255 255 255
255 255 255 255 255 255 255 3 6 0 1 255 4 7 255 10 9 5 8 255 255 255 2 255 255
255 255 255 0 255 2 6 5 3 255 255 8 7 9 255 255 255 4 255 255 255 255 1 10 255
255 255 255 255 255 255 7 8 9 10 2 5 3 255 255 255 4 6 255 255 255 1 0 255 255
255 255 255 255 255 10 9 255 3 0 255 7 4 5 255 255 8 255 6 255 255 255 1 2 255
255 255 255 255 255 0 3 255 255 255 2 5 9 4 1 255 6 8 7 255 255 255 10 255 255
255 1 2 255 255 255 7 8 6 255 255 4 5 3 0 10 255 9 255 255 255 255 255 255 255
255 0 255 255 255 255 3 255 5 2 255 6 8 7 255 255 255 9 4 1 255 255 10 255 255
255 1 255 255 255 255 4 7 5 2 255 255 6 3 255 10 9 8 255 255 255 255 255 0 255
255 0 255 1 255 255 3 255 7 255 2 5 255 4 255 10 6 9 8 255 255 255 255 255 255
255 255 255 255 255 2 5 9 8 10 255 4 255 7 255 0 3 255 6 255 255 1 255 255 255
255 255 2 0 255 255 255 5 3 255 255 8 7 6 255 1 9 4 255 255 255 10 255 255 255
255 255 255 0 255 1 4 255 255 255 255 5 9 3 10 255 7 8 6 255 255 2 255 255 255
255 255 10 255 255 255 255 9 5 2 255 255 6 3 255 255 7 8 4 1 255 255 255 0 255
255 2 255 10 255 0 3 255 6 255 255 5 4 9 255 255 255 7 8 255 255 255 1 255 255
255 2 255 0 255 255 5 6 3 255 255 255 8 9 255 255 4 7 255 255 255 1 255 10 255
255 10 255 255 255 255 9 7 8 255 255 255 255 6 255 1 5 4 3 0 255 2 255 255 255
255 1 255 255 255 255 255 9 255 10 255 4 5 3 255 255 7 8 6 255 255 255 2 0 255
255 255 255 2 255 255 255 8 6 255 1 4 7 5 255 255 255 9 3 0 255 255 10 255 255
